[2019-04-03 09:30:42][DEBUG] TunnelService [broadcast] => {
    "tunnelIds": [
        "c7a755cd-7c26-433a-961d-2a31222b4a20",
        "0de6bdc2-53af-4eb4-9635-4f5783af1e1f",
        "5efd6dfd-97e3-408d-aa61-a0ae78ec8e3f"
    ],
    "messageType": "order",
    "messageContent": {
        "who": "system",
        "order_info": {
            "order": {
                "order_id": "15542550422BXX0",
                "open_id": "omTXr4hIyW2RgQ3nzN_O8jeGb3wM",
                "address_id": "44",
                "timeStamp": "1554255042",
                "order_date": "2019-04-03 09:30:42",
                "pay_status": "OFFLINE",
                "logistics_status": "",
                "seller_act": "WAIT_PICK",
                "customer_act": "",
                "total_fee": "15.5",
                "user_words": "",
                "nonceStr": "",
                "paySign": "",
                "package": "",
                "out_refund_no": "",
                "picker_id": "",
                "postman_id": "",
                "refund_reason": "",
                "refund_status": ""
            },
            "address": {
                "address_id": "44",
                "open_id": "omTXr4hIyW2RgQ3nzN_O8jeGb3wM",
                "province": "贵州省",
                "city": "安顺市",
                "county": "西秀区",
                "detail": "6栋1单元502",
                "name": "刘老师",
                "telphone": "13985877756",
                "default_address": "1"
            },
            "goods_list": [
                {
                    "order_id": "15542550422BXX0",
                    "goods_id": "1448",
                    "count": "1",
                    "size": null,
                    "color": null,
                    "evaluation": null,
                    "name": "过桥米线",
                    "face_img": "https:\/\/img.alicdn.com\/imgextra\/i1\/2335284926\/TB24CyOtZj_B1NjSZFHXXaDWpXa_!!2335284926.jpg_430x430q90.jpg",
                    "price": "4.5",
                    "danwei": "桶"
                },
                {
                    "order_id": "15542550422BXX0",
                    "goods_id": "1449",
                    "count": "1",
                    "size": null,
                    "color": null,
                    "evaluation": null,
                    "name": "重庆小面",
                    "face_img": "https:\/\/img.alicdn.com\/imgextra\/i2\/2645124890\/TB2kNe4atfJ8KJjy0FeXXXKEXXa_!!2645124890.jpg_430x430q90.jpg",
                    "price": "5",
                    "danwei": "桶"
                },
                {
                    "order_id": "15542550422BXX0",
                    "goods_id": "1450",
                    "count": "1",
                    "size": null,
                    "color": null,
                    "evaluation": null,
                    "name": "火鸡面",
                    "face_img": "https:\/\/img.alicdn.com\/imgextra\/i4\/3904347384\/O1CN01xO00uF24Pv2qpPWxq_!!3904347384-0-scmitem6000.jpg",
                    "price": "6",
                    "danwei": "桶"
                }
            ]
        }
    }
}

[2019-04-03 09:30:43][DEBUG] POST https://tunnel.ws.qcloud.la/ws/push => [200] {
    "[请求]": {
        "data": "[{\"tunnelIds\":[\"c7a755cd-7c26-433a-961d-2a31222b4a20\",\"0de6bdc2-53af-4eb4-9635-4f5783af1e1f\",\"5efd6dfd-97e3-408d-aa61-a0ae78ec8e3f\"],\"type\":\"message\",\"content\":\"{\\\"type\\\":\\\"order\\\",\\\"content\\\":{\\\"who\\\":\\\"system\\\",\\\"order_info\\\":{\\\"order\\\":{\\\"order_id\\\":\\\"15542550422BXX0\\\",\\\"open_id\\\":\\\"omTXr4hIyW2RgQ3nzN_O8jeGb3wM\\\",\\\"address_id\\\":\\\"44\\\",\\\"timeStamp\\\":\\\"1554255042\\\",\\\"order_date\\\":\\\"2019-04-03 09:30:42\\\",\\\"pay_status\\\":\\\"OFFLINE\\\",\\\"logistics_status\\\":\\\"\\\",\\\"seller_act\\\":\\\"WAIT_PICK\\\",\\\"customer_act\\\":\\\"\\\",\\\"total_fee\\\":\\\"15.5\\\",\\\"user_words\\\":\\\"\\\",\\\"nonceStr\\\":\\\"\\\",\\\"paySign\\\":\\\"\\\",\\\"package\\\":\\\"\\\",\\\"out_refund_no\\\":\\\"\\\",\\\"picker_id\\\":\\\"\\\",\\\"postman_id\\\":\\\"\\\",\\\"refund_reason\\\":\\\"\\\",\\\"refund_status\\\":\\\"\\\"},\\\"address\\\":{\\\"address_id\\\":\\\"44\\\",\\\"open_id\\\":\\\"omTXr4hIyW2RgQ3nzN_O8jeGb3wM\\\",\\\"province\\\":\\\"贵州省\\\",\\\"city\\\":\\\"安顺市\\\",\\\"county\\\":\\\"西秀区\\\",\\\"detail\\\":\\\"6栋1单元502\\\",\\\"name\\\":\\\"刘老师\\\",\\\"telphone\\\":\\\"13985877756\\\",\\\"default_address\\\":\\\"1\\\"},\\\"goods_list\\\":[{\\\"order_id\\\":\\\"15542550422BXX0\\\",\\\"goods_id\\\":\\\"1448\\\",\\\"count\\\":\\\"1\\\",\\\"size\\\":null,\\\"color\\\":null,\\\"evaluation\\\":null,\\\"name\\\":\\\"过桥米线\\\",\\\"face_img\\\":\\\"https:\/\/img.alicdn.com\/imgextra\/i1\/2335284926\/TB24CyOtZj_B1NjSZFHXXaDWpXa_!!2335284926.jpg_430x430q90.jpg\\\",\\\"price\\\":\\\"4.5\\\",\\\"danwei\\\":\\\"桶\\\"},{\\\"order_id\\\":\\\"15542550422BXX0\\\",\\\"goods_id\\\":\\\"1449\\\",\\\"count\\\":\\\"1\\\",\\\"size\\\":null,\\\"color\\\":null,\\\"evaluation\\\":null,\\\"name\\\":\\\"重庆小面\\\",\\\"face_img\\\":\\\"https:\/\/img.alicdn.com\/imgextra\/i2\/2645124890\/TB2kNe4atfJ8KJjy0FeXXXKEXXa_!!2645124890.jpg_430x430q90.jpg\\\",\\\"price\\\":\\\"5\\\",\\\"danwei\\\":\\\"桶\\\"},{\\\"order_id\\\":\\\"15542550422BXX0\\\",\\\"goods_id\\\":\\\"1450\\\",\\\"count\\\":\\\"1\\\",\\\"size\\\":null,\\\"color\\\":null,\\\"evaluation\\\":null,\\\"name\\\":\\\"火鸡面\\\",\\\"face_img\\\":\\\"https:\/\/img.alicdn.com\/imgextra\/i4\/3904347384\/O1CN01xO00uF24Pv2qpPWxq_!!3904347384-0-scmitem6000.jpg\\\",\\\"price\\\":\\\"6\\\",\\\"danwei\\\":\\\"桶\\\"}]}}}\"}]",
        "tcId": "c6bf5fdd57d8548da5d53245151cf0e7",
        "signature": "46ed1bf050ca66754583822c5c7b55824df71080"
    },
    "[响应]": {
        "code": 0,
        "message": "OK",
        "data": {
            "invalidTunnelIds": [
                "5efd6dfd-97e3-408d-aa61-a0ae78ec8e3f",
                "c7a755cd-7c26-433a-961d-2a31222b4a20",
                "0de6bdc2-53af-4eb4-9635-4f5783af1e1f"
            ]
        }
    },
    "[耗时]": "405ms"
}

[2019-04-03 09:46:21][DEBUG] POST https://tunnel.ws.qcloud.la/get/wsurl => [200] {
    "[请求]": {
        "data": "{\"receiveUrl\":\"http:\/\/58.87.119.233\/bjks\/index.php\",\"protocolType\":\"wss\"}",
        "tcId": "c6bf5fdd57d8548da5d53245151cf0e7",
        "tcKey": "sdfsdfsdfsdfjk",
        "signature": "695405bf0a692ebd533649be4114f591aa6e94c8"
    },
    "[响应]": {
        "code": 0,
        "message": "OK",
        "data": "{\"tunnelId\":\"cc9bec13-e95c-4494-ab27-8c1dd63f746e\",\"connectUrl\":\"wss:\/\/tunnel.ws.qcloud.la\/qcloud\/ws?tunnelId=cc9bec13-e95c-4494-ab27-8c1dd63f746e&tcId=c6bf5fdd57d8548da5d53245151cf0e7\"}",
        "dataEncode": "json",
        "signature": "d379e4894869629d01d9fad8d5c25c20c39fc705"
    },
    "[耗时]": "255ms"
}

[2019-04-03 09:46:21][DEBUG] ITunnelHandler [onRequest] => {
    "tunnelId": "cc9bec13-e95c-4494-ab27-8c1dd63f746e"
}

[2019-04-03 09:49:04][DEBUG] TunnelService [broadcast] => {
    "tunnelIds": [
        "c7a755cd-7c26-433a-961d-2a31222b4a20",
        "cc9bec13-e95c-4494-ab27-8c1dd63f746e",
        "5efd6dfd-97e3-408d-aa61-a0ae78ec8e3f"
    ],
    "messageType": "order",
    "messageContent": {
        "who": "system",
        "order_info": {
            "order": {
                "order_id": "15542561442VExc",
                "open_id": "omTXr4hIyW2RgQ3nzN_O8jeGb3wM",
                "address_id": "44",
                "timeStamp": "1554256144",
                "order_date": "2019-04-03 09:49:04",
                "pay_status": "OFFLINE",
                "logistics_status": "",
                "seller_act": "WAIT_PICK",
                "customer_act": "",
                "total_fee": "60",
                "user_words": "",
                "nonceStr": "",
                "paySign": "",
                "package": "",
                "out_refund_no": "",
                "picker_id": "",
                "postman_id": "",
                "refund_reason": "",
                "refund_status": ""
            },
            "address": {
                "address_id": "44",
                "open_id": "omTXr4hIyW2RgQ3nzN_O8jeGb3wM",
                "province": "贵州省",
                "city": "安顺市",
                "county": "西秀区",
                "detail": "6栋1单元502",
                "name": "刘老师",
                "telphone": "13985877756",
                "default_address": "1"
            },
            "goods_list": [
                {
                    "order_id": "15542561442VExc",
                    "goods_id": "1613",
                    "count": "1",
                    "size": null,
                    "color": null,
                    "evaluation": null,
                    "name": "飘柔(家庭护理)400ml",
                    "face_img": "https:\/\/img.alicdn.com\/imgextra\/i2\/TB1hXkZFFXXXXalXXXXXXXXXXXX_!!0-item_pic.jpg_430x430q90.jpg",
                    "price": "20",
                    "danwei": "瓶"
                },
                {
                    "order_id": "15542561442VExc",
                    "goods_id": "1614",
                    "count": "1",
                    "size": null,
                    "color": null,
                    "evaluation": null,
                    "name": "飘柔(精华护理)400ml",
                    "face_img": "https:\/\/img.alicdn.com\/imgextra\/i1\/217101303\/TB2V1l8hnlYBeNjSszcXXbwhFXa_!!217101303.jpg_430x430q90.jpg",
                    "price": "32",
                    "danwei": "瓶"
                },
                {
                    "order_id": "15542561442VExc",
                    "goods_id": "1615",
                    "count": "1",
                    "size": null,
                    "color": null,
                    "evaluation": null,
                    "name": "飘柔(家庭护理)200ml",
                    "face_img": "https:\/\/img.alicdn.com\/imgextra\/i2\/TB1hXkZFFXXXXalXXXXXXXXXXXX_!!0-item_pic.jpg_430x430q90.jpg",
                    "price": "8",
                    "danwei": "瓶"
                }
            ]
        }
    }
}

[2019-04-03 09:49:04][DEBUG] POST https://tunnel.ws.qcloud.la/ws/push => [200] {
    "[请求]": {
        "data": "[{\"tunnelIds\":[\"c7a755cd-7c26-433a-961d-2a31222b4a20\",\"cc9bec13-e95c-4494-ab27-8c1dd63f746e\",\"5efd6dfd-97e3-408d-aa61-a0ae78ec8e3f\"],\"type\":\"message\",\"content\":\"{\\\"type\\\":\\\"order\\\",\\\"content\\\":{\\\"who\\\":\\\"system\\\",\\\"order_info\\\":{\\\"order\\\":{\\\"order_id\\\":\\\"15542561442VExc\\\",\\\"open_id\\\":\\\"omTXr4hIyW2RgQ3nzN_O8jeGb3wM\\\",\\\"address_id\\\":\\\"44\\\",\\\"timeStamp\\\":\\\"1554256144\\\",\\\"order_date\\\":\\\"2019-04-03 09:49:04\\\",\\\"pay_status\\\":\\\"OFFLINE\\\",\\\"logistics_status\\\":\\\"\\\",\\\"seller_act\\\":\\\"WAIT_PICK\\\",\\\"customer_act\\\":\\\"\\\",\\\"total_fee\\\":\\\"60\\\",\\\"user_words\\\":\\\"\\\",\\\"nonceStr\\\":\\\"\\\",\\\"paySign\\\":\\\"\\\",\\\"package\\\":\\\"\\\",\\\"out_refund_no\\\":\\\"\\\",\\\"picker_id\\\":\\\"\\\",\\\"postman_id\\\":\\\"\\\",\\\"refund_reason\\\":\\\"\\\",\\\"refund_status\\\":\\\"\\\"},\\\"address\\\":{\\\"address_id\\\":\\\"44\\\",\\\"open_id\\\":\\\"omTXr4hIyW2RgQ3nzN_O8jeGb3wM\\\",\\\"province\\\":\\\"贵州省\\\",\\\"city\\\":\\\"安顺市\\\",\\\"county\\\":\\\"西秀区\\\",\\\"detail\\\":\\\"6栋1单元502\\\",\\\"name\\\":\\\"刘老师\\\",\\\"telphone\\\":\\\"13985877756\\\",\\\"default_address\\\":\\\"1\\\"},\\\"goods_list\\\":[{\\\"order_id\\\":\\\"15542561442VExc\\\",\\\"goods_id\\\":\\\"1613\\\",\\\"count\\\":\\\"1\\\",\\\"size\\\":null,\\\"color\\\":null,\\\"evaluation\\\":null,\\\"name\\\":\\\"飘柔(家庭护理)400ml\\\",\\\"face_img\\\":\\\"https:\/\/img.alicdn.com\/imgextra\/i2\/TB1hXkZFFXXXXalXXXXXXXXXXXX_!!0-item_pic.jpg_430x430q90.jpg\\\",\\\"price\\\":\\\"20\\\",\\\"danwei\\\":\\\"瓶\\\"},{\\\"order_id\\\":\\\"15542561442VExc\\\",\\\"goods_id\\\":\\\"1614\\\",\\\"count\\\":\\\"1\\\",\\\"size\\\":null,\\\"color\\\":null,\\\"evaluation\\\":null,\\\"name\\\":\\\"飘柔(精华护理)400ml\\\",\\\"face_img\\\":\\\"https:\/\/img.alicdn.com\/imgextra\/i1\/217101303\/TB2V1l8hnlYBeNjSszcXXbwhFXa_!!217101303.jpg_430x430q90.jpg\\\",\\\"price\\\":\\\"32\\\",\\\"danwei\\\":\\\"瓶\\\"},{\\\"order_id\\\":\\\"15542561442VExc\\\",\\\"goods_id\\\":\\\"1615\\\",\\\"count\\\":\\\"1\\\",\\\"size\\\":null,\\\"color\\\":null,\\\"evaluation\\\":null,\\\"name\\\":\\\"飘柔(家庭护理)200ml\\\",\\\"face_img\\\":\\\"https:\/\/img.alicdn.com\/imgextra\/i2\/TB1hXkZFFXXXXalXXXXXXXXXXXX_!!0-item_pic.jpg_430x430q90.jpg\\\",\\\"price\\\":\\\"8\\\",\\\"danwei\\\":\\\"瓶\\\"}]}}}\"}]",
        "tcId": "c6bf5fdd57d8548da5d53245151cf0e7",
        "signature": "2783cae6e5ce7ab4484ae1d2779a5a3187ebe365"
    },
    "[响应]": {
        "code": 0,
        "message": "OK",
        "data": {
            "invalidTunnelIds": [
                "5efd6dfd-97e3-408d-aa61-a0ae78ec8e3f",
                "c7a755cd-7c26-433a-961d-2a31222b4a20",
                "cc9bec13-e95c-4494-ab27-8c1dd63f746e"
            ]
        }
    },
    "[耗时]": "337ms"
}

[2019-04-03 09:49:18][DEBUG] POST https://tunnel.ws.qcloud.la/get/wsurl => [200] {
    "[请求]": {
        "data": "{\"receiveUrl\":\"http:\/\/58.87.119.233\/bjks\/index.php\",\"protocolType\":\"wss\"}",
        "tcId": "c6bf5fdd57d8548da5d53245151cf0e7",
        "tcKey": "sdfsdfsdfsdfjk",
        "signature": "695405bf0a692ebd533649be4114f591aa6e94c8"
    },
    "[响应]": {
        "code": 0,
        "message": "OK",
        "data": "{\"tunnelId\":\"6c41f861-e263-4382-a718-99d8867e1392\",\"connectUrl\":\"wss:\/\/tunnel.ws.qcloud.la\/qcloud\/ws?tunnelId=6c41f861-e263-4382-a718-99d8867e1392&tcId=c6bf5fdd57d8548da5d53245151cf0e7\"}",
        "dataEncode": "json",
        "signature": "dabc08f32de1294965b80f18d05becf50f8ca997"
    },
    "[耗时]": "307ms"
}

[2019-04-03 09:49:18][DEBUG] ITunnelHandler [onRequest] => {
    "tunnelId": "6c41f861-e263-4382-a718-99d8867e1392"
}

[2019-04-03 09:49:19][DEBUG] TunnelService [broadcast] => {
    "tunnelIds": [
        "c7a755cd-7c26-433a-961d-2a31222b4a20",
        "6c41f861-e263-4382-a718-99d8867e1392",
        "5efd6dfd-97e3-408d-aa61-a0ae78ec8e3f"
    ],
    "messageType": "picked",
    "messageContent": {
        "order_id": "15542561442VExc"
    }
}

[2019-04-03 09:49:19][DEBUG] POST https://tunnel.ws.qcloud.la/ws/push => [200] {
    "[请求]": {
        "data": "[{\"tunnelIds\":[\"c7a755cd-7c26-433a-961d-2a31222b4a20\",\"6c41f861-e263-4382-a718-99d8867e1392\",\"5efd6dfd-97e3-408d-aa61-a0ae78ec8e3f\"],\"type\":\"message\",\"content\":\"{\\\"type\\\":\\\"picked\\\",\\\"content\\\":{\\\"order_id\\\":\\\"15542561442VExc\\\"}}\"}]",
        "tcId": "c6bf5fdd57d8548da5d53245151cf0e7",
        "signature": "1ce03d5ce0ca75772e4d90ed631337aa60b11850"
    },
    "[响应]": {
        "code": 0,
        "message": "OK",
        "data": {
            "invalidTunnelIds": [
                "6c41f861-e263-4382-a718-99d8867e1392",
                "5efd6dfd-97e3-408d-aa61-a0ae78ec8e3f",
                "c7a755cd-7c26-433a-961d-2a31222b4a20"
            ]
        }
    },
    "[耗时]": "218ms"
}

[2019-04-03 09:49:22][DEBUG] TunnelService [broadcast] => {
    "tunnelIds": [
        "c7a755cd-7c26-433a-961d-2a31222b4a20",
        "6c41f861-e263-4382-a718-99d8867e1392",
        "5efd6dfd-97e3-408d-aa61-a0ae78ec8e3f"
    ],
    "messageType": "delivery",
    "messageContent": {
        "order_info": {
            "order": {
                "order_id": "15542561442VExc",
                "open_id": "omTXr4hIyW2RgQ3nzN_O8jeGb3wM",
                "address_id": "44",
                "timeStamp": "1554256144",
                "order_date": "2019-04-03 09:49:04",
                "pay_status": "OFFLINE",
                "logistics_status": "",
                "seller_act": "DELIVERY",
                "customer_act": "",
                "total_fee": "60",
                "user_words": "",
                "nonceStr": "",
                "paySign": "",
                "package": "",
                "out_refund_no": "",
                "picker_id": "omTXr4hIyW2RgQ3nzN_O8jeGb3wM",
                "postman_id": "",
                "refund_reason": "",
                "refund_status": ""
            },
            "address": {
                "address_id": "44",
                "open_id": "omTXr4hIyW2RgQ3nzN_O8jeGb3wM",
                "province": "贵州省",
                "city": "安顺市",
                "county": "西秀区",
                "detail": "6栋1单元502",
                "name": "刘老师",
                "telphone": "13985877756",
                "default_address": "1"
            },
            "goods_list": [
                {
                    "order_id": "15542561442VExc",
                    "goods_id": "1613",
                    "count": "1",
                    "size": null,
                    "color": null,
                    "evaluation": null,
                    "name": "飘柔(家庭护理)400ml",
                    "face_img": "https:\/\/img.alicdn.com\/imgextra\/i2\/TB1hXkZFFXXXXalXXXXXXXXXXXX_!!0-item_pic.jpg_430x430q90.jpg",
                    "price": "20",
                    "danwei": "瓶"
                },
                {
                    "order_id": "15542561442VExc",
                    "goods_id": "1614",
                    "count": "1",
                    "size": null,
                    "color": null,
                    "evaluation": null,
                    "name": "飘柔(精华护理)400ml",
                    "face_img": "https:\/\/img.alicdn.com\/imgextra\/i1\/217101303\/TB2V1l8hnlYBeNjSszcXXbwhFXa_!!217101303.jpg_430x430q90.jpg",
                    "price": "32",
                    "danwei": "瓶"
                },
                {
                    "order_id": "15542561442VExc",
                    "goods_id": "1615",
                    "count": "1",
                    "size": null,
                    "color": null,
                    "evaluation": null,
                    "name": "飘柔(家庭护理)200ml",
                    "face_img": "https:\/\/img.alicdn.com\/imgextra\/i2\/TB1hXkZFFXXXXalXXXXXXXXXXXX_!!0-item_pic.jpg_430x430q90.jpg",
                    "price": "8",
                    "danwei": "瓶"
                }
            ]
        }
    }
}

[2019-04-03 09:49:22][DEBUG] POST https://tunnel.ws.qcloud.la/ws/push => [200] {
    "[请求]": {
        "data": "[{\"tunnelIds\":[\"c7a755cd-7c26-433a-961d-2a31222b4a20\",\"6c41f861-e263-4382-a718-99d8867e1392\",\"5efd6dfd-97e3-408d-aa61-a0ae78ec8e3f\"],\"type\":\"message\",\"content\":\"{\\\"type\\\":\\\"delivery\\\",\\\"content\\\":{\\\"order_info\\\":{\\\"order\\\":{\\\"order_id\\\":\\\"15542561442VExc\\\",\\\"open_id\\\":\\\"omTXr4hIyW2RgQ3nzN_O8jeGb3wM\\\",\\\"address_id\\\":\\\"44\\\",\\\"timeStamp\\\":\\\"1554256144\\\",\\\"order_date\\\":\\\"2019-04-03 09:49:04\\\",\\\"pay_status\\\":\\\"OFFLINE\\\",\\\"logistics_status\\\":\\\"\\\",\\\"seller_act\\\":\\\"DELIVERY\\\",\\\"customer_act\\\":\\\"\\\",\\\"total_fee\\\":\\\"60\\\",\\\"user_words\\\":\\\"\\\",\\\"nonceStr\\\":\\\"\\\",\\\"paySign\\\":\\\"\\\",\\\"package\\\":\\\"\\\",\\\"out_refund_no\\\":\\\"\\\",\\\"picker_id\\\":\\\"omTXr4hIyW2RgQ3nzN_O8jeGb3wM\\\",\\\"postman_id\\\":\\\"\\\",\\\"refund_reason\\\":\\\"\\\",\\\"refund_status\\\":\\\"\\\"},\\\"address\\\":{\\\"address_id\\\":\\\"44\\\",\\\"open_id\\\":\\\"omTXr4hIyW2RgQ3nzN_O8jeGb3wM\\\",\\\"province\\\":\\\"贵州省\\\",\\\"city\\\":\\\"安顺市\\\",\\\"county\\\":\\\"西秀区\\\",\\\"detail\\\":\\\"6栋1单元502\\\",\\\"name\\\":\\\"刘老师\\\",\\\"telphone\\\":\\\"13985877756\\\",\\\"default_address\\\":\\\"1\\\"},\\\"goods_list\\\":[{\\\"order_id\\\":\\\"15542561442VExc\\\",\\\"goods_id\\\":\\\"1613\\\",\\\"count\\\":\\\"1\\\",\\\"size\\\":null,\\\"color\\\":null,\\\"evaluation\\\":null,\\\"name\\\":\\\"飘柔(家庭护理)400ml\\\",\\\"face_img\\\":\\\"https:\/\/img.alicdn.com\/imgextra\/i2\/TB1hXkZFFXXXXalXXXXXXXXXXXX_!!0-item_pic.jpg_430x430q90.jpg\\\",\\\"price\\\":\\\"20\\\",\\\"danwei\\\":\\\"瓶\\\"},{\\\"order_id\\\":\\\"15542561442VExc\\\",\\\"goods_id\\\":\\\"1614\\\",\\\"count\\\":\\\"1\\\",\\\"size\\\":null,\\\"color\\\":null,\\\"evaluation\\\":null,\\\"name\\\":\\\"飘柔(精华护理)400ml\\\",\\\"face_img\\\":\\\"https:\/\/img.alicdn.com\/imgextra\/i1\/217101303\/TB2V1l8hnlYBeNjSszcXXbwhFXa_!!217101303.jpg_430x430q90.jpg\\\",\\\"price\\\":\\\"32\\\",\\\"danwei\\\":\\\"瓶\\\"},{\\\"order_id\\\":\\\"15542561442VExc\\\",\\\"goods_id\\\":\\\"1615\\\",\\\"count\\\":\\\"1\\\",\\\"size\\\":null,\\\"color\\\":null,\\\"evaluation\\\":null,\\\"name\\\":\\\"飘柔(家庭护理)200ml\\\",\\\"face_img\\\":\\\"https:\/\/img.alicdn.com\/imgextra\/i2\/TB1hXkZFFXXXXalXXXXXXXXXXXX_!!0-item_pic.jpg_430x430q90.jpg\\\",\\\"price\\\":\\\"8\\\",\\\"danwei\\\":\\\"瓶\\\"}]}}}\"}]",
        "tcId": "c6bf5fdd57d8548da5d53245151cf0e7",
        "signature": "cbb5e730477bdf30bd012db208fe3d4245e65893"
    },
    "[响应]": {
        "code": 0,
        "message": "OK",
        "data": {
            "invalidTunnelIds": [
                "5efd6dfd-97e3-408d-aa61-a0ae78ec8e3f",
                "c7a755cd-7c26-433a-961d-2a31222b4a20"
            ]
        }
    },
    "[耗时]": "268ms"
}

[2019-04-03 09:49:44][DEBUG] TunnelService [broadcast] => {
    "tunnelIds": [
        "c7a755cd-7c26-433a-961d-2a31222b4a20",
        "6c41f861-e263-4382-a718-99d8867e1392",
        "5efd6dfd-97e3-408d-aa61-a0ae78ec8e3f"
    ],
    "messageType": "user_signed",
    "messageContent": {
        "order_id": "15542561442VExc"
    }
}

[2019-04-03 09:49:44][DEBUG] POST https://tunnel.ws.qcloud.la/ws/push => [200] {
    "[请求]": {
        "data": "[{\"tunnelIds\":[\"c7a755cd-7c26-433a-961d-2a31222b4a20\",\"6c41f861-e263-4382-a718-99d8867e1392\",\"5efd6dfd-97e3-408d-aa61-a0ae78ec8e3f\"],\"type\":\"message\",\"content\":\"{\\\"type\\\":\\\"user_signed\\\",\\\"content\\\":{\\\"order_id\\\":\\\"15542561442VExc\\\"}}\"}]",
        "tcId": "c6bf5fdd57d8548da5d53245151cf0e7",
        "signature": "75a93d1f901466f8523a6feb51e08292da80f8ca"
    },
    "[响应]": {
        "code": 0,
        "message": "OK",
        "data": {
            "invalidTunnelIds": [
                "5efd6dfd-97e3-408d-aa61-a0ae78ec8e3f",
                "6c41f861-e263-4382-a718-99d8867e1392",
                "c7a755cd-7c26-433a-961d-2a31222b4a20"
            ]
        }
    },
    "[耗时]": "192ms"
}

[2019-04-03 10:51:57][DEBUG] TunnelService [broadcast] => {
    "tunnelIds": [
        "c7a755cd-7c26-433a-961d-2a31222b4a20",
        "6c41f861-e263-4382-a718-99d8867e1392",
        "5efd6dfd-97e3-408d-aa61-a0ae78ec8e3f"
    ],
    "messageType": "order",
    "messageContent": {
        "who": "system",
        "order_info": {
            "order": {
                "order_id": "1554259917VHKlQ",
                "open_id": "omTXr4hIyW2RgQ3nzN_O8jeGb3wM",
                "address_id": "44",
                "timeStamp": "1554259917",
                "order_date": "2019-04-03 10:51:57",
                "pay_status": "OFFLINE",
                "logistics_status": "",
                "seller_act": "WAIT_PICK",
                "customer_act": "",
                "total_fee": "9",
                "user_words": "",
                "nonceStr": "",
                "paySign": "",
                "package": "",
                "out_refund_no": "",
                "picker_id": "",
                "postman_id": "",
                "refund_reason": "",
                "refund_status": ""
            },
            "address": {
                "address_id": "44",
                "open_id": "omTXr4hIyW2RgQ3nzN_O8jeGb3wM",
                "province": "贵州省",
                "city": "安顺市",
                "county": "西秀区",
                "detail": "6栋1单元502",
                "name": "刘老师",
                "telphone": "13985877756",
                "default_address": "1"
            },
            "goods_list": [
                {
                    "order_id": "1554259917VHKlQ",
                    "goods_id": "1634",
                    "count": "1",
                    "size": null,
                    "color": null,
                    "evaluation": null,
                    "name": "立白500g",
                    "face_img": "https:\/\/gd1.alicdn.com\/imgextra\/i1\/2156076254\/O1CN01Kzbwwd1w4NV2FTWjK_!!2156076254.png",
                    "price": "5",
                    "danwei": "瓶"
                }
            ]
        }
    }
}

[2019-04-03 10:51:58][DEBUG] POST https://tunnel.ws.qcloud.la/ws/push => [200] {
    "[请求]": {
        "data": "[{\"tunnelIds\":[\"c7a755cd-7c26-433a-961d-2a31222b4a20\",\"6c41f861-e263-4382-a718-99d8867e1392\",\"5efd6dfd-97e3-408d-aa61-a0ae78ec8e3f\"],\"type\":\"message\",\"content\":\"{\\\"type\\\":\\\"order\\\",\\\"content\\\":{\\\"who\\\":\\\"system\\\",\\\"order_info\\\":{\\\"order\\\":{\\\"order_id\\\":\\\"1554259917VHKlQ\\\",\\\"open_id\\\":\\\"omTXr4hIyW2RgQ3nzN_O8jeGb3wM\\\",\\\"address_id\\\":\\\"44\\\",\\\"timeStamp\\\":\\\"1554259917\\\",\\\"order_date\\\":\\\"2019-04-03 10:51:57\\\",\\\"pay_status\\\":\\\"OFFLINE\\\",\\\"logistics_status\\\":\\\"\\\",\\\"seller_act\\\":\\\"WAIT_PICK\\\",\\\"customer_act\\\":\\\"\\\",\\\"total_fee\\\":\\\"9\\\",\\\"user_words\\\":\\\"\\\",\\\"nonceStr\\\":\\\"\\\",\\\"paySign\\\":\\\"\\\",\\\"package\\\":\\\"\\\",\\\"out_refund_no\\\":\\\"\\\",\\\"picker_id\\\":\\\"\\\",\\\"postman_id\\\":\\\"\\\",\\\"refund_reason\\\":\\\"\\\",\\\"refund_status\\\":\\\"\\\"},\\\"address\\\":{\\\"address_id\\\":\\\"44\\\",\\\"open_id\\\":\\\"omTXr4hIyW2RgQ3nzN_O8jeGb3wM\\\",\\\"province\\\":\\\"贵州省\\\",\\\"city\\\":\\\"安顺市\\\",\\\"county\\\":\\\"西秀区\\\",\\\"detail\\\":\\\"6栋1单元502\\\",\\\"name\\\":\\\"刘老师\\\",\\\"telphone\\\":\\\"13985877756\\\",\\\"default_address\\\":\\\"1\\\"},\\\"goods_list\\\":[{\\\"order_id\\\":\\\"1554259917VHKlQ\\\",\\\"goods_id\\\":\\\"1634\\\",\\\"count\\\":\\\"1\\\",\\\"size\\\":null,\\\"color\\\":null,\\\"evaluation\\\":null,\\\"name\\\":\\\"立白500g\\\",\\\"face_img\\\":\\\"https:\/\/gd1.alicdn.com\/imgextra\/i1\/2156076254\/O1CN01Kzbwwd1w4NV2FTWjK_!!2156076254.png\\\",\\\"price\\\":\\\"5\\\",\\\"danwei\\\":\\\"瓶\\\"}]}}}\"}]",
        "tcId": "c6bf5fdd57d8548da5d53245151cf0e7",
        "signature": "5e68344e290ebf73d16493128ba261d020d35be6"
    },
    "[响应]": {
        "code": 0,
        "message": "OK",
        "data": {
            "invalidTunnelIds": [
                "5efd6dfd-97e3-408d-aa61-a0ae78ec8e3f",
                "c7a755cd-7c26-433a-961d-2a31222b4a20",
                "6c41f861-e263-4382-a718-99d8867e1392"
            ]
        }
    },
    "[耗时]": "295ms"
}

[2019-04-03 10:52:44][DEBUG] TunnelService [broadcast] => {
    "tunnelIds": [
        "c7a755cd-7c26-433a-961d-2a31222b4a20",
        "6c41f861-e263-4382-a718-99d8867e1392",
        "5efd6dfd-97e3-408d-aa61-a0ae78ec8e3f"
    ],
    "messageType": "order",
    "messageContent": {
        "who": "system",
        "order_info": {
            "order": {
                "order_id": "1554259964cakIp",
                "open_id": "omTXr4hIyW2RgQ3nzN_O8jeGb3wM",
                "address_id": "44",
                "timeStamp": "1554259964",
                "order_date": "2019-04-03 10:52:44",
                "pay_status": "OFFLINE",
                "logistics_status": "",
                "seller_act": "WAIT_PICK",
                "customer_act": "",
                "total_fee": "80",
                "user_words": "",
                "nonceStr": "",
                "paySign": "",
                "package": "",
                "out_refund_no": "",
                "picker_id": "",
                "postman_id": "",
                "refund_reason": "",
                "refund_status": ""
            },
            "address": {
                "address_id": "44",
                "open_id": "omTXr4hIyW2RgQ3nzN_O8jeGb3wM",
                "province": "贵州省",
                "city": "安顺市",
                "county": "西秀区",
                "detail": "6栋1单元502",
                "name": "刘老师",
                "telphone": "13985877756",
                "default_address": "1"
            },
            "goods_list": [
                {
                    "order_id": "1554259964cakIp",
                    "goods_id": "1613",
                    "count": "4",
                    "size": null,
                    "color": null,
                    "evaluation": null,
                    "name": "飘柔(家庭护理)400ml",
                    "face_img": "https:\/\/img.alicdn.com\/imgextra\/i2\/TB1hXkZFFXXXXalXXXXXXXXXXXX_!!0-item_pic.jpg_430x430q90.jpg",
                    "price": "20",
                    "danwei": "瓶"
                }
            ]
        }
    }
}

[2019-04-03 10:52:45][DEBUG] POST https://tunnel.ws.qcloud.la/ws/push => [200] {
    "[请求]": {
        "data": "[{\"tunnelIds\":[\"c7a755cd-7c26-433a-961d-2a31222b4a20\",\"6c41f861-e263-4382-a718-99d8867e1392\",\"5efd6dfd-97e3-408d-aa61-a0ae78ec8e3f\"],\"type\":\"message\",\"content\":\"{\\\"type\\\":\\\"order\\\",\\\"content\\\":{\\\"who\\\":\\\"system\\\",\\\"order_info\\\":{\\\"order\\\":{\\\"order_id\\\":\\\"1554259964cakIp\\\",\\\"open_id\\\":\\\"omTXr4hIyW2RgQ3nzN_O8jeGb3wM\\\",\\\"address_id\\\":\\\"44\\\",\\\"timeStamp\\\":\\\"1554259964\\\",\\\"order_date\\\":\\\"2019-04-03 10:52:44\\\",\\\"pay_status\\\":\\\"OFFLINE\\\",\\\"logistics_status\\\":\\\"\\\",\\\"seller_act\\\":\\\"WAIT_PICK\\\",\\\"customer_act\\\":\\\"\\\",\\\"total_fee\\\":\\\"80\\\",\\\"user_words\\\":\\\"\\\",\\\"nonceStr\\\":\\\"\\\",\\\"paySign\\\":\\\"\\\",\\\"package\\\":\\\"\\\",\\\"out_refund_no\\\":\\\"\\\",\\\"picker_id\\\":\\\"\\\",\\\"postman_id\\\":\\\"\\\",\\\"refund_reason\\\":\\\"\\\",\\\"refund_status\\\":\\\"\\\"},\\\"address\\\":{\\\"address_id\\\":\\\"44\\\",\\\"open_id\\\":\\\"omTXr4hIyW2RgQ3nzN_O8jeGb3wM\\\",\\\"province\\\":\\\"贵州省\\\",\\\"city\\\":\\\"安顺市\\\",\\\"county\\\":\\\"西秀区\\\",\\\"detail\\\":\\\"6栋1单元502\\\",\\\"name\\\":\\\"刘老师\\\",\\\"telphone\\\":\\\"13985877756\\\",\\\"default_address\\\":\\\"1\\\"},\\\"goods_list\\\":[{\\\"order_id\\\":\\\"1554259964cakIp\\\",\\\"goods_id\\\":\\\"1613\\\",\\\"count\\\":\\\"4\\\",\\\"size\\\":null,\\\"color\\\":null,\\\"evaluation\\\":null,\\\"name\\\":\\\"飘柔(家庭护理)400ml\\\",\\\"face_img\\\":\\\"https:\/\/img.alicdn.com\/imgextra\/i2\/TB1hXkZFFXXXXalXXXXXXXXXXXX_!!0-item_pic.jpg_430x430q90.jpg\\\",\\\"price\\\":\\\"20\\\",\\\"danwei\\\":\\\"瓶\\\"}]}}}\"}]",
        "tcId": "c6bf5fdd57d8548da5d53245151cf0e7",
        "signature": "ec26f5bff966719b54ae2b9055f24d7b669af913"
    },
    "[响应]": {
        "code": 0,
        "message": "OK",
        "data": {
            "invalidTunnelIds": [
                "5efd6dfd-97e3-408d-aa61-a0ae78ec8e3f",
                "6c41f861-e263-4382-a718-99d8867e1392",
                "c7a755cd-7c26-433a-961d-2a31222b4a20"
            ]
        }
    },
    "[耗时]": "355ms"
}

[2019-04-03 10:55:44][DEBUG] TunnelService [broadcast] => {
    "tunnelIds": [
        "c7a755cd-7c26-433a-961d-2a31222b4a20",
        "6c41f861-e263-4382-a718-99d8867e1392",
        "5efd6dfd-97e3-408d-aa61-a0ae78ec8e3f"
    ],
    "messageType": "order",
    "messageContent": {
        "who": "system",
        "order_info": {
            "order": {
                "order_id": "1554260144iJNq1",
                "open_id": "omTXr4hIyW2RgQ3nzN_O8jeGb3wM",
                "address_id": "44",
                "timeStamp": "1554260144",
                "order_date": "2019-04-03 10:55:44",
                "pay_status": "OFFLINE",
                "logistics_status": "",
                "seller_act": "WAIT_PICK",
                "customer_act": "",
                "total_fee": "18",
                "user_words": "",
                "nonceStr": "",
                "paySign": "",
                "package": "",
                "out_refund_no": "",
                "picker_id": "",
                "postman_id": "",
                "refund_reason": "",
                "refund_status": ""
            },
            "address": {
                "address_id": "44",
                "open_id": "omTXr4hIyW2RgQ3nzN_O8jeGb3wM",
                "province": "贵州省",
                "city": "安顺市",
                "county": "西秀区",
                "detail": "6栋1单元502",
                "name": "刘老师",
                "telphone": "13985877756",
                "default_address": "1"
            },
            "goods_list": [
                {
                    "order_id": "1554260144iJNq1",
                    "goods_id": "1633",
                    "count": "1",
                    "size": null,
                    "color": null,
                    "evaluation": null,
                    "name": "立白1.18kg",
                    "face_img": "https:\/\/gd2.alicdn.com\/imgextra\/i4\/4058310138\/O1CN011CtF7qd1saG9utT_!!4058310138.jpg_400x400.jpg",
                    "price": "16",
                    "danwei": "瓶"
                }
            ]
        }
    }
}

[2019-04-03 10:55:44][DEBUG] POST https://tunnel.ws.qcloud.la/ws/push => [200] {
    "[请求]": {
        "data": "[{\"tunnelIds\":[\"c7a755cd-7c26-433a-961d-2a31222b4a20\",\"6c41f861-e263-4382-a718-99d8867e1392\",\"5efd6dfd-97e3-408d-aa61-a0ae78ec8e3f\"],\"type\":\"message\",\"content\":\"{\\\"type\\\":\\\"order\\\",\\\"content\\\":{\\\"who\\\":\\\"system\\\",\\\"order_info\\\":{\\\"order\\\":{\\\"order_id\\\":\\\"1554260144iJNq1\\\",\\\"open_id\\\":\\\"omTXr4hIyW2RgQ3nzN_O8jeGb3wM\\\",\\\"address_id\\\":\\\"44\\\",\\\"timeStamp\\\":\\\"1554260144\\\",\\\"order_date\\\":\\\"2019-04-03 10:55:44\\\",\\\"pay_status\\\":\\\"OFFLINE\\\",\\\"logistics_status\\\":\\\"\\\",\\\"seller_act\\\":\\\"WAIT_PICK\\\",\\\"customer_act\\\":\\\"\\\",\\\"total_fee\\\":\\\"18\\\",\\\"user_words\\\":\\\"\\\",\\\"nonceStr\\\":\\\"\\\",\\\"paySign\\\":\\\"\\\",\\\"package\\\":\\\"\\\",\\\"out_refund_no\\\":\\\"\\\",\\\"picker_id\\\":\\\"\\\",\\\"postman_id\\\":\\\"\\\",\\\"refund_reason\\\":\\\"\\\",\\\"refund_status\\\":\\\"\\\"},\\\"address\\\":{\\\"address_id\\\":\\\"44\\\",\\\"open_id\\\":\\\"omTXr4hIyW2RgQ3nzN_O8jeGb3wM\\\",\\\"province\\\":\\\"贵州省\\\",\\\"city\\\":\\\"安顺市\\\",\\\"county\\\":\\\"西秀区\\\",\\\"detail\\\":\\\"6栋1单元502\\\",\\\"name\\\":\\\"刘老师\\\",\\\"telphone\\\":\\\"13985877756\\\",\\\"default_address\\\":\\\"1\\\"},\\\"goods_list\\\":[{\\\"order_id\\\":\\\"1554260144iJNq1\\\",\\\"goods_id\\\":\\\"1633\\\",\\\"count\\\":\\\"1\\\",\\\"size\\\":null,\\\"color\\\":null,\\\"evaluation\\\":null,\\\"name\\\":\\\"立白1.18kg\\\",\\\"face_img\\\":\\\"https:\/\/gd2.alicdn.com\/imgextra\/i4\/4058310138\/O1CN011CtF7qd1saG9utT_!!4058310138.jpg_400x400.jpg\\\",\\\"price\\\":\\\"16\\\",\\\"danwei\\\":\\\"瓶\\\"}]}}}\"}]",
        "tcId": "c6bf5fdd57d8548da5d53245151cf0e7",
        "signature": "d0c20631105901581505bcff80f9f7339af330e8"
    },
    "[响应]": {
        "code": 0,
        "message": "OK",
        "data": {
            "invalidTunnelIds": [
                "6c41f861-e263-4382-a718-99d8867e1392",
                "5efd6dfd-97e3-408d-aa61-a0ae78ec8e3f",
                "c7a755cd-7c26-433a-961d-2a31222b4a20"
            ]
        }
    },
    "[耗时]": "330ms"
}

[2019-04-03 10:56:16][DEBUG] TunnelService [broadcast] => {
    "tunnelIds": [
        "c7a755cd-7c26-433a-961d-2a31222b4a20",
        "6c41f861-e263-4382-a718-99d8867e1392",
        "5efd6dfd-97e3-408d-aa61-a0ae78ec8e3f"
    ],
    "messageType": "order",
    "messageContent": {
        "who": "system",
        "order_info": {
            "order": {
                "order_id": "1554260176t32AW",
                "open_id": "omTXr4hIyW2RgQ3nzN_O8jeGb3wM",
                "address_id": "44",
                "timeStamp": "1554260176",
                "order_date": "2019-04-03 10:56:16",
                "pay_status": "OFFLINE",
                "logistics_status": "",
                "seller_act": "WAIT_PICK",
                "customer_act": "",
                "total_fee": "7",
                "user_words": "",
                "nonceStr": "",
                "paySign": "",
                "package": "",
                "out_refund_no": "",
                "picker_id": "",
                "postman_id": "",
                "refund_reason": "",
                "refund_status": ""
            },
            "address": {
                "address_id": "44",
                "open_id": "omTXr4hIyW2RgQ3nzN_O8jeGb3wM",
                "province": "贵州省",
                "city": "安顺市",
                "county": "西秀区",
                "detail": "6栋1单元502",
                "name": "刘老师",
                "telphone": "13985877756",
                "default_address": "1"
            },
            "goods_list": [
                {
                    "order_id": "1554260176t32AW",
                    "goods_id": "1634",
                    "count": "1",
                    "size": null,
                    "color": null,
                    "evaluation": null,
                    "name": "立白500g",
                    "face_img": "https:\/\/gd1.alicdn.com\/imgextra\/i1\/2156076254\/O1CN01Kzbwwd1w4NV2FTWjK_!!2156076254.png",
                    "price": "5",
                    "danwei": "瓶"
                }
            ]
        }
    }
}

[2019-04-03 10:56:17][DEBUG] POST https://tunnel.ws.qcloud.la/ws/push => [200] {
    "[请求]": {
        "data": "[{\"tunnelIds\":[\"c7a755cd-7c26-433a-961d-2a31222b4a20\",\"6c41f861-e263-4382-a718-99d8867e1392\",\"5efd6dfd-97e3-408d-aa61-a0ae78ec8e3f\"],\"type\":\"message\",\"content\":\"{\\\"type\\\":\\\"order\\\",\\\"content\\\":{\\\"who\\\":\\\"system\\\",\\\"order_info\\\":{\\\"order\\\":{\\\"order_id\\\":\\\"1554260176t32AW\\\",\\\"open_id\\\":\\\"omTXr4hIyW2RgQ3nzN_O8jeGb3wM\\\",\\\"address_id\\\":\\\"44\\\",\\\"timeStamp\\\":\\\"1554260176\\\",\\\"order_date\\\":\\\"2019-04-03 10:56:16\\\",\\\"pay_status\\\":\\\"OFFLINE\\\",\\\"logistics_status\\\":\\\"\\\",\\\"seller_act\\\":\\\"WAIT_PICK\\\",\\\"customer_act\\\":\\\"\\\",\\\"total_fee\\\":\\\"7\\\",\\\"user_words\\\":\\\"\\\",\\\"nonceStr\\\":\\\"\\\",\\\"paySign\\\":\\\"\\\",\\\"package\\\":\\\"\\\",\\\"out_refund_no\\\":\\\"\\\",\\\"picker_id\\\":\\\"\\\",\\\"postman_id\\\":\\\"\\\",\\\"refund_reason\\\":\\\"\\\",\\\"refund_status\\\":\\\"\\\"},\\\"address\\\":{\\\"address_id\\\":\\\"44\\\",\\\"open_id\\\":\\\"omTXr4hIyW2RgQ3nzN_O8jeGb3wM\\\",\\\"province\\\":\\\"贵州省\\\",\\\"city\\\":\\\"安顺市\\\",\\\"county\\\":\\\"西秀区\\\",\\\"detail\\\":\\\"6栋1单元502\\\",\\\"name\\\":\\\"刘老师\\\",\\\"telphone\\\":\\\"13985877756\\\",\\\"default_address\\\":\\\"1\\\"},\\\"goods_list\\\":[{\\\"order_id\\\":\\\"1554260176t32AW\\\",\\\"goods_id\\\":\\\"1634\\\",\\\"count\\\":\\\"1\\\",\\\"size\\\":null,\\\"color\\\":null,\\\"evaluation\\\":null,\\\"name\\\":\\\"立白500g\\\",\\\"face_img\\\":\\\"https:\/\/gd1.alicdn.com\/imgextra\/i1\/2156076254\/O1CN01Kzbwwd1w4NV2FTWjK_!!2156076254.png\\\",\\\"price\\\":\\\"5\\\",\\\"danwei\\\":\\\"瓶\\\"}]}}}\"}]",
        "tcId": "c6bf5fdd57d8548da5d53245151cf0e7",
        "signature": "ae0a71d412409b58a336169ae40f65064cb6af41"
    },
    "[响应]": {
        "code": 0,
        "message": "OK",
        "data": {
            "invalidTunnelIds": [
                "6c41f861-e263-4382-a718-99d8867e1392",
                "5efd6dfd-97e3-408d-aa61-a0ae78ec8e3f",
                "c7a755cd-7c26-433a-961d-2a31222b4a20"
            ]
        }
    },
    "[耗时]": "326ms"
}

[2019-04-03 10:56:46][DEBUG] POST https://tunnel.ws.qcloud.la/get/wsurl => [200] {
    "[请求]": {
        "data": "{\"receiveUrl\":\"http:\/\/58.87.119.233\/bjks\/index.php\",\"protocolType\":\"wss\"}",
        "tcId": "c6bf5fdd57d8548da5d53245151cf0e7",
        "tcKey": "sdfsdfsdfsdfjk",
        "signature": "695405bf0a692ebd533649be4114f591aa6e94c8"
    },
    "[响应]": {
        "code": 0,
        "message": "OK",
        "data": "{\"tunnelId\":\"f70935bc-1527-4258-952c-a6d301c8b6ea\",\"connectUrl\":\"wss:\/\/tunnel.ws.qcloud.la\/qcloud\/ws?tunnelId=f70935bc-1527-4258-952c-a6d301c8b6ea&tcId=c6bf5fdd57d8548da5d53245151cf0e7\"}",
        "dataEncode": "json",
        "signature": "9dc5933649f8696f5dfd5aed4b06f09de12caef7"
    },
    "[耗时]": "265ms"
}

[2019-04-03 10:56:46][DEBUG] ITunnelHandler [onRequest] => {
    "tunnelId": "f70935bc-1527-4258-952c-a6d301c8b6ea"
}

[2019-04-03 11:23:31][DEBUG] POST https://tunnel.ws.qcloud.la/get/wsurl => [200] {
    "[请求]": {
        "data": "{\"receiveUrl\":\"http:\/\/58.87.119.233\/bjks\/index.php\",\"protocolType\":\"wss\"}",
        "tcId": "c6bf5fdd57d8548da5d53245151cf0e7",
        "tcKey": "sdfsdfsdfsdfjk",
        "signature": "695405bf0a692ebd533649be4114f591aa6e94c8"
    },
    "[响应]": {
        "code": 0,
        "message": "OK",
        "data": "{\"tunnelId\":\"1898a6d0-972d-4e6a-93c5-e78e125b5c9a\",\"connectUrl\":\"wss:\/\/tunnel.ws.qcloud.la\/qcloud\/ws?tunnelId=1898a6d0-972d-4e6a-93c5-e78e125b5c9a&tcId=c6bf5fdd57d8548da5d53245151cf0e7\"}",
        "dataEncode": "json",
        "signature": "7425e94130f0f826897bd8431e77963adc15bbbb"
    },
    "[耗时]": "289ms"
}

[2019-04-03 11:23:31][DEBUG] ITunnelHandler [onRequest] => {
    "tunnelId": "1898a6d0-972d-4e6a-93c5-e78e125b5c9a"
}

[2019-04-03 11:32:03][DEBUG] POST https://tunnel.ws.qcloud.la/get/wsurl => [200] {
    "[请求]": {
        "data": "{\"receiveUrl\":\"http:\/\/58.87.119.233\/bjks\/index.php\",\"protocolType\":\"wss\"}",
        "tcId": "c6bf5fdd57d8548da5d53245151cf0e7",
        "tcKey": "sdfsdfsdfsdfjk",
        "signature": "695405bf0a692ebd533649be4114f591aa6e94c8"
    },
    "[响应]": {
        "code": 0,
        "message": "OK",
        "data": "{\"tunnelId\":\"ffe0352a-2214-40c3-a1ff-ba347d678035\",\"connectUrl\":\"wss:\/\/tunnel.ws.qcloud.la\/qcloud\/ws?tunnelId=ffe0352a-2214-40c3-a1ff-ba347d678035&tcId=c6bf5fdd57d8548da5d53245151cf0e7\"}",
        "dataEncode": "json",
        "signature": "0a652744ce780f8e5c437852665f995b8136af9d"
    },
    "[耗时]": "284ms"
}

[2019-04-03 11:32:03][DEBUG] ITunnelHandler [onRequest] => {
    "tunnelId": "ffe0352a-2214-40c3-a1ff-ba347d678035"
}

[2019-04-03 11:33:30][DEBUG] POST https://tunnel.ws.qcloud.la/get/wsurl => [200] {
    "[请求]": {
        "data": "{\"receiveUrl\":\"http:\/\/58.87.119.233\/bjks\/index.php\",\"protocolType\":\"wss\"}",
        "tcId": "c6bf5fdd57d8548da5d53245151cf0e7",
        "tcKey": "sdfsdfsdfsdfjk",
        "signature": "695405bf0a692ebd533649be4114f591aa6e94c8"
    },
    "[响应]": {
        "code": 0,
        "message": "OK",
        "data": "{\"tunnelId\":\"5d36bbbe-ca09-4ca7-93c6-b632a94ce2ef\",\"connectUrl\":\"wss:\/\/tunnel.ws.qcloud.la\/qcloud\/ws?tunnelId=5d36bbbe-ca09-4ca7-93c6-b632a94ce2ef&tcId=c6bf5fdd57d8548da5d53245151cf0e7\"}",
        "dataEncode": "json",
        "signature": "59221b2ac99e62e32e58f10c545c00cc2d846316"
    },
    "[耗时]": "294ms"
}

[2019-04-03 11:33:30][DEBUG] ITunnelHandler [onRequest] => {
    "tunnelId": "5d36bbbe-ca09-4ca7-93c6-b632a94ce2ef"
}

[2019-04-03 13:49:22][DEBUG] POST https://tunnel.ws.qcloud.la/get/wsurl => [200] {
    "[请求]": {
        "data": "{\"receiveUrl\":\"http:\/\/58.87.119.233\/bjks\/index.php\",\"protocolType\":\"wss\"}",
        "tcId": "c6bf5fdd57d8548da5d53245151cf0e7",
        "tcKey": "sdfsdfsdfsdfjk",
        "signature": "695405bf0a692ebd533649be4114f591aa6e94c8"
    },
    "[响应]": {
        "code": 0,
        "message": "OK",
        "data": "{\"tunnelId\":\"3e317cfc-fcf7-4c51-b4b9-efb4f2282760\",\"connectUrl\":\"wss:\/\/tunnel.ws.qcloud.la\/qcloud\/ws?tunnelId=3e317cfc-fcf7-4c51-b4b9-efb4f2282760&tcId=c6bf5fdd57d8548da5d53245151cf0e7\"}",
        "dataEncode": "json",
        "signature": "7975a14f03a75ab93f301b28d0317c7d6738db67"
    },
    "[耗时]": "277ms"
}

[2019-04-03 13:49:22][DEBUG] ITunnelHandler [onRequest] => {
    "tunnelId": "3e317cfc-fcf7-4c51-b4b9-efb4f2282760"
}

[2019-04-03 13:49:24][DEBUG] TunnelService [broadcast] => {
    "tunnelIds": [
        "3e317cfc-fcf7-4c51-b4b9-efb4f2282760",
        "5d36bbbe-ca09-4ca7-93c6-b632a94ce2ef",
        "5efd6dfd-97e3-408d-aa61-a0ae78ec8e3f"
    ],
    "messageType": "picked",
    "messageContent": {
        "order_id": "1554259917VHKlQ"
    }
}

[2019-04-03 13:49:24][DEBUG] POST https://tunnel.ws.qcloud.la/ws/push => [200] {
    "[请求]": {
        "data": "[{\"tunnelIds\":[\"3e317cfc-fcf7-4c51-b4b9-efb4f2282760\",\"5d36bbbe-ca09-4ca7-93c6-b632a94ce2ef\",\"5efd6dfd-97e3-408d-aa61-a0ae78ec8e3f\"],\"type\":\"message\",\"content\":\"{\\\"type\\\":\\\"picked\\\",\\\"content\\\":{\\\"order_id\\\":\\\"1554259917VHKlQ\\\"}}\"}]",
        "tcId": "c6bf5fdd57d8548da5d53245151cf0e7",
        "signature": "dea35119ad18a8a4057cfca8aa221674eefb1687"
    },
    "[响应]": {
        "code": 0,
        "message": "OK",
        "data": {
            "invalidTunnelIds": [
                "5efd6dfd-97e3-408d-aa61-a0ae78ec8e3f",
                "5d36bbbe-ca09-4ca7-93c6-b632a94ce2ef"
            ]
        }
    },
    "[耗时]": "220ms"
}

[2019-04-03 13:49:30][DEBUG] TunnelService [broadcast] => {
    "tunnelIds": [
        "3e317cfc-fcf7-4c51-b4b9-efb4f2282760",
        "5d36bbbe-ca09-4ca7-93c6-b632a94ce2ef",
        "5efd6dfd-97e3-408d-aa61-a0ae78ec8e3f"
    ],
    "messageType": "picked",
    "messageContent": {
        "order_id": "1554259917VHKlQ"
    }
}

[2019-04-03 13:49:30][DEBUG] POST https://tunnel.ws.qcloud.la/ws/push => [200] {
    "[请求]": {
        "data": "[{\"tunnelIds\":[\"3e317cfc-fcf7-4c51-b4b9-efb4f2282760\",\"5d36bbbe-ca09-4ca7-93c6-b632a94ce2ef\",\"5efd6dfd-97e3-408d-aa61-a0ae78ec8e3f\"],\"type\":\"message\",\"content\":\"{\\\"type\\\":\\\"picked\\\",\\\"content\\\":{\\\"order_id\\\":\\\"1554259917VHKlQ\\\"}}\"}]",
        "tcId": "c6bf5fdd57d8548da5d53245151cf0e7",
        "signature": "dea35119ad18a8a4057cfca8aa221674eefb1687"
    },
    "[响应]": {
        "code": 0,
        "message": "OK",
        "data": {
            "invalidTunnelIds": [
                "5efd6dfd-97e3-408d-aa61-a0ae78ec8e3f",
                "3e317cfc-fcf7-4c51-b4b9-efb4f2282760",
                "5d36bbbe-ca09-4ca7-93c6-b632a94ce2ef"
            ]
        }
    },
    "[耗时]": "214ms"
}

[2019-04-03 13:49:35][DEBUG] TunnelService [broadcast] => {
    "tunnelIds": [
        "3e317cfc-fcf7-4c51-b4b9-efb4f2282760",
        "5d36bbbe-ca09-4ca7-93c6-b632a94ce2ef",
        "5efd6dfd-97e3-408d-aa61-a0ae78ec8e3f"
    ],
    "messageType": "delivery",
    "messageContent": {
        "order_info": {
            "order": {
                "order_id": "1554259917VHKlQ",
                "open_id": "omTXr4hIyW2RgQ3nzN_O8jeGb3wM",
                "address_id": "44",
                "timeStamp": "1554259917",
                "order_date": "2019-04-03 10:51:57",
                "pay_status": "OFFLINE",
                "logistics_status": "",
                "seller_act": "DELIVERY",
                "customer_act": "",
                "total_fee": "9",
                "user_words": "",
                "nonceStr": "",
                "paySign": "",
                "package": "",
                "out_refund_no": "",
                "picker_id": "omTXr4gljmJuwwuQm3D1EiyYIOzc",
                "postman_id": "",
                "refund_reason": "",
                "refund_status": ""
            },
            "address": {
                "address_id": "44",
                "open_id": "omTXr4hIyW2RgQ3nzN_O8jeGb3wM",
                "province": "贵州省",
                "city": "安顺市",
                "county": "西秀区",
                "detail": "6栋1单元502",
                "name": "刘老师",
                "telphone": "13985877756",
                "default_address": "1"
            },
            "goods_list": [
                {
                    "order_id": "1554259917VHKlQ",
                    "goods_id": "1634",
                    "count": "1",
                    "size": null,
                    "color": null,
                    "evaluation": null,
                    "name": "立白500g",
                    "face_img": "https:\/\/gd1.alicdn.com\/imgextra\/i1\/2156076254\/O1CN01Kzbwwd1w4NV2FTWjK_!!2156076254.png",
                    "price": "5",
                    "danwei": "瓶"
                }
            ]
        }
    }
}

[2019-04-03 13:49:35][DEBUG] POST https://tunnel.ws.qcloud.la/ws/push => [200] {
    "[请求]": {
        "data": "[{\"tunnelIds\":[\"3e317cfc-fcf7-4c51-b4b9-efb4f2282760\",\"5d36bbbe-ca09-4ca7-93c6-b632a94ce2ef\",\"5efd6dfd-97e3-408d-aa61-a0ae78ec8e3f\"],\"type\":\"message\",\"content\":\"{\\\"type\\\":\\\"delivery\\\",\\\"content\\\":{\\\"order_info\\\":{\\\"order\\\":{\\\"order_id\\\":\\\"1554259917VHKlQ\\\",\\\"open_id\\\":\\\"omTXr4hIyW2RgQ3nzN_O8jeGb3wM\\\",\\\"address_id\\\":\\\"44\\\",\\\"timeStamp\\\":\\\"1554259917\\\",\\\"order_date\\\":\\\"2019-04-03 10:51:57\\\",\\\"pay_status\\\":\\\"OFFLINE\\\",\\\"logistics_status\\\":\\\"\\\",\\\"seller_act\\\":\\\"DELIVERY\\\",\\\"customer_act\\\":\\\"\\\",\\\"total_fee\\\":\\\"9\\\",\\\"user_words\\\":\\\"\\\",\\\"nonceStr\\\":\\\"\\\",\\\"paySign\\\":\\\"\\\",\\\"package\\\":\\\"\\\",\\\"out_refund_no\\\":\\\"\\\",\\\"picker_id\\\":\\\"omTXr4gljmJuwwuQm3D1EiyYIOzc\\\",\\\"postman_id\\\":\\\"\\\",\\\"refund_reason\\\":\\\"\\\",\\\"refund_status\\\":\\\"\\\"},\\\"address\\\":{\\\"address_id\\\":\\\"44\\\",\\\"open_id\\\":\\\"omTXr4hIyW2RgQ3nzN_O8jeGb3wM\\\",\\\"province\\\":\\\"贵州省\\\",\\\"city\\\":\\\"安顺市\\\",\\\"county\\\":\\\"西秀区\\\",\\\"detail\\\":\\\"6栋1单元502\\\",\\\"name\\\":\\\"刘老师\\\",\\\"telphone\\\":\\\"13985877756\\\",\\\"default_address\\\":\\\"1\\\"},\\\"goods_list\\\":[{\\\"order_id\\\":\\\"1554259917VHKlQ\\\",\\\"goods_id\\\":\\\"1634\\\",\\\"count\\\":\\\"1\\\",\\\"size\\\":null,\\\"color\\\":null,\\\"evaluation\\\":null,\\\"name\\\":\\\"立白500g\\\",\\\"face_img\\\":\\\"https:\/\/gd1.alicdn.com\/imgextra\/i1\/2156076254\/O1CN01Kzbwwd1w4NV2FTWjK_!!2156076254.png\\\",\\\"price\\\":\\\"5\\\",\\\"danwei\\\":\\\"瓶\\\"}]}}}\"}]",
        "tcId": "c6bf5fdd57d8548da5d53245151cf0e7",
        "signature": "43575be3e4591bfa25fab46c76b7b54bc6d5b00b"
    },
    "[响应]": {
        "code": 0,
        "message": "OK",
        "data": {
            "invalidTunnelIds": [
                "5d36bbbe-ca09-4ca7-93c6-b632a94ce2ef",
                "5efd6dfd-97e3-408d-aa61-a0ae78ec8e3f"
            ]
        }
    },
    "[耗时]": "258ms"
}

[2019-04-03 14:05:39][DEBUG] POST https://tunnel.ws.qcloud.la/get/wsurl => [200] {
    "[请求]": {
        "data": "{\"receiveUrl\":\"http:\/\/58.87.119.233\/bjks\/index.php\",\"protocolType\":\"wss\"}",
        "tcId": "c6bf5fdd57d8548da5d53245151cf0e7",
        "tcKey": "sdfsdfsdfsdfjk",
        "signature": "695405bf0a692ebd533649be4114f591aa6e94c8"
    },
    "[响应]": {
        "code": 0,
        "message": "OK",
        "data": "{\"tunnelId\":\"713f6e06-2bde-4179-8a67-9790e4e64753\",\"connectUrl\":\"wss:\/\/tunnel.ws.qcloud.la\/qcloud\/ws?tunnelId=713f6e06-2bde-4179-8a67-9790e4e64753&tcId=c6bf5fdd57d8548da5d53245151cf0e7\"}",
        "dataEncode": "json",
        "signature": "f6789fee6bbd5e7aca988eacf4791a8d1d83e9ee"
    },
    "[耗时]": "291ms"
}

[2019-04-03 14:05:39][DEBUG] ITunnelHandler [onRequest] => {
    "tunnelId": "713f6e06-2bde-4179-8a67-9790e4e64753"
}

[2019-04-03 14:05:41][DEBUG] TunnelService [broadcast] => {
    "tunnelIds": [
        "3e317cfc-fcf7-4c51-b4b9-efb4f2282760",
        "713f6e06-2bde-4179-8a67-9790e4e64753",
        "5efd6dfd-97e3-408d-aa61-a0ae78ec8e3f"
    ],
    "messageType": "picked",
    "messageContent": {
        "order_id": "1554259964cakIp"
    }
}

[2019-04-03 14:05:41][DEBUG] POST https://tunnel.ws.qcloud.la/ws/push => [200] {
    "[请求]": {
        "data": "[{\"tunnelIds\":[\"3e317cfc-fcf7-4c51-b4b9-efb4f2282760\",\"713f6e06-2bde-4179-8a67-9790e4e64753\",\"5efd6dfd-97e3-408d-aa61-a0ae78ec8e3f\"],\"type\":\"message\",\"content\":\"{\\\"type\\\":\\\"picked\\\",\\\"content\\\":{\\\"order_id\\\":\\\"1554259964cakIp\\\"}}\"}]",
        "tcId": "c6bf5fdd57d8548da5d53245151cf0e7",
        "signature": "3594ba00f7e160c45da3025993c3965086f8d226"
    },
    "[响应]": {
        "code": 0,
        "message": "OK",
        "data": {
            "invalidTunnelIds": [
                "5efd6dfd-97e3-408d-aa61-a0ae78ec8e3f",
                "3e317cfc-fcf7-4c51-b4b9-efb4f2282760"
            ]
        }
    },
    "[耗时]": "184ms"
}

[2019-04-03 14:05:42][DEBUG] TunnelService [broadcast] => {
    "tunnelIds": [
        "3e317cfc-fcf7-4c51-b4b9-efb4f2282760",
        "713f6e06-2bde-4179-8a67-9790e4e64753",
        "5efd6dfd-97e3-408d-aa61-a0ae78ec8e3f"
    ],
    "messageType": "picked",
    "messageContent": {
        "order_id": "1554260144iJNq1"
    }
}

[2019-04-03 14:05:43][DEBUG] POST https://tunnel.ws.qcloud.la/ws/push => [200] {
    "[请求]": {
        "data": "[{\"tunnelIds\":[\"3e317cfc-fcf7-4c51-b4b9-efb4f2282760\",\"713f6e06-2bde-4179-8a67-9790e4e64753\",\"5efd6dfd-97e3-408d-aa61-a0ae78ec8e3f\"],\"type\":\"message\",\"content\":\"{\\\"type\\\":\\\"picked\\\",\\\"content\\\":{\\\"order_id\\\":\\\"1554260144iJNq1\\\"}}\"}]",
        "tcId": "c6bf5fdd57d8548da5d53245151cf0e7",
        "signature": "990ca9e4ed76eed952ec30dc6b1708deb50cb121"
    },
    "[响应]": {
        "code": 0,
        "message": "OK",
        "data": {
            "invalidTunnelIds": [
                "3e317cfc-fcf7-4c51-b4b9-efb4f2282760",
                "5efd6dfd-97e3-408d-aa61-a0ae78ec8e3f"
            ]
        }
    },
    "[耗时]": "276ms"
}

[2019-04-03 14:05:44][DEBUG] TunnelService [broadcast] => {
    "tunnelIds": [
        "3e317cfc-fcf7-4c51-b4b9-efb4f2282760",
        "713f6e06-2bde-4179-8a67-9790e4e64753",
        "5efd6dfd-97e3-408d-aa61-a0ae78ec8e3f"
    ],
    "messageType": "picked",
    "messageContent": {
        "order_id": "1554260176t32AW"
    }
}

[2019-04-03 14:05:45][DEBUG] POST https://tunnel.ws.qcloud.la/ws/push => [200] {
    "[请求]": {
        "data": "[{\"tunnelIds\":[\"3e317cfc-fcf7-4c51-b4b9-efb4f2282760\",\"713f6e06-2bde-4179-8a67-9790e4e64753\",\"5efd6dfd-97e3-408d-aa61-a0ae78ec8e3f\"],\"type\":\"message\",\"content\":\"{\\\"type\\\":\\\"picked\\\",\\\"content\\\":{\\\"order_id\\\":\\\"1554260176t32AW\\\"}}\"}]",
        "tcId": "c6bf5fdd57d8548da5d53245151cf0e7",
        "signature": "044df1d05f822068ca8a61b48d15727490db131f"
    },
    "[响应]": {
        "code": 0,
        "message": "OK",
        "data": {
            "invalidTunnelIds": [
                "3e317cfc-fcf7-4c51-b4b9-efb4f2282760",
                "5efd6dfd-97e3-408d-aa61-a0ae78ec8e3f"
            ]
        }
    },
    "[耗时]": "210ms"
}

[2019-04-03 14:06:04][DEBUG] TunnelService [broadcast] => {
    "tunnelIds": [
        "3e317cfc-fcf7-4c51-b4b9-efb4f2282760",
        "713f6e06-2bde-4179-8a67-9790e4e64753",
        "5efd6dfd-97e3-408d-aa61-a0ae78ec8e3f"
    ],
    "messageType": "delivery",
    "messageContent": {
        "order_info": {
            "order": {
                "order_id": "1554259964cakIp",
                "open_id": "omTXr4hIyW2RgQ3nzN_O8jeGb3wM",
                "address_id": "44",
                "timeStamp": "1554259964",
                "order_date": "2019-04-03 10:52:44",
                "pay_status": "OFFLINE",
                "logistics_status": "",
                "seller_act": "DELIVERY",
                "customer_act": "",
                "total_fee": "80",
                "user_words": "",
                "nonceStr": "",
                "paySign": "",
                "package": "",
                "out_refund_no": "",
                "picker_id": "omTXr4hIyW2RgQ3nzN_O8jeGb3wM",
                "postman_id": "",
                "refund_reason": "",
                "refund_status": ""
            },
            "address": {
                "address_id": "44",
                "open_id": "omTXr4hIyW2RgQ3nzN_O8jeGb3wM",
                "province": "贵州省",
                "city": "安顺市",
                "county": "西秀区",
                "detail": "6栋1单元502",
                "name": "刘老师",
                "telphone": "13985877756",
                "default_address": "1"
            },
            "goods_list": [
                {
                    "order_id": "1554259964cakIp",
                    "goods_id": "1613",
                    "count": "4",
                    "size": null,
                    "color": null,
                    "evaluation": null,
                    "name": "飘柔(家庭护理)400ml",
                    "face_img": "https:\/\/img.alicdn.com\/imgextra\/i2\/TB1hXkZFFXXXXalXXXXXXXXXXXX_!!0-item_pic.jpg_430x430q90.jpg",
                    "price": "20",
                    "danwei": "瓶"
                }
            ]
        }
    }
}

[2019-04-03 14:06:05][DEBUG] POST https://tunnel.ws.qcloud.la/ws/push => [200] {
    "[请求]": {
        "data": "[{\"tunnelIds\":[\"3e317cfc-fcf7-4c51-b4b9-efb4f2282760\",\"713f6e06-2bde-4179-8a67-9790e4e64753\",\"5efd6dfd-97e3-408d-aa61-a0ae78ec8e3f\"],\"type\":\"message\",\"content\":\"{\\\"type\\\":\\\"delivery\\\",\\\"content\\\":{\\\"order_info\\\":{\\\"order\\\":{\\\"order_id\\\":\\\"1554259964cakIp\\\",\\\"open_id\\\":\\\"omTXr4hIyW2RgQ3nzN_O8jeGb3wM\\\",\\\"address_id\\\":\\\"44\\\",\\\"timeStamp\\\":\\\"1554259964\\\",\\\"order_date\\\":\\\"2019-04-03 10:52:44\\\",\\\"pay_status\\\":\\\"OFFLINE\\\",\\\"logistics_status\\\":\\\"\\\",\\\"seller_act\\\":\\\"DELIVERY\\\",\\\"customer_act\\\":\\\"\\\",\\\"total_fee\\\":\\\"80\\\",\\\"user_words\\\":\\\"\\\",\\\"nonceStr\\\":\\\"\\\",\\\"paySign\\\":\\\"\\\",\\\"package\\\":\\\"\\\",\\\"out_refund_no\\\":\\\"\\\",\\\"picker_id\\\":\\\"omTXr4hIyW2RgQ3nzN_O8jeGb3wM\\\",\\\"postman_id\\\":\\\"\\\",\\\"refund_reason\\\":\\\"\\\",\\\"refund_status\\\":\\\"\\\"},\\\"address\\\":{\\\"address_id\\\":\\\"44\\\",\\\"open_id\\\":\\\"omTXr4hIyW2RgQ3nzN_O8jeGb3wM\\\",\\\"province\\\":\\\"贵州省\\\",\\\"city\\\":\\\"安顺市\\\",\\\"county\\\":\\\"西秀区\\\",\\\"detail\\\":\\\"6栋1单元502\\\",\\\"name\\\":\\\"刘老师\\\",\\\"telphone\\\":\\\"13985877756\\\",\\\"default_address\\\":\\\"1\\\"},\\\"goods_list\\\":[{\\\"order_id\\\":\\\"1554259964cakIp\\\",\\\"goods_id\\\":\\\"1613\\\",\\\"count\\\":\\\"4\\\",\\\"size\\\":null,\\\"color\\\":null,\\\"evaluation\\\":null,\\\"name\\\":\\\"飘柔(家庭护理)400ml\\\",\\\"face_img\\\":\\\"https:\/\/img.alicdn.com\/imgextra\/i2\/TB1hXkZFFXXXXalXXXXXXXXXXXX_!!0-item_pic.jpg_430x430q90.jpg\\\",\\\"price\\\":\\\"20\\\",\\\"danwei\\\":\\\"瓶\\\"}]}}}\"}]",
        "tcId": "c6bf5fdd57d8548da5d53245151cf0e7",
        "signature": "7ebced13041575fffbb26800412515b0b3cc3446"
    },
    "[响应]": {
        "code": 0,
        "message": "OK",
        "data": {
            "invalidTunnelIds": [
                "5efd6dfd-97e3-408d-aa61-a0ae78ec8e3f",
                "3e317cfc-fcf7-4c51-b4b9-efb4f2282760"
            ]
        }
    },
    "[耗时]": "308ms"
}

[2019-04-03 14:10:33][DEBUG] TunnelService [broadcast] => {
    "tunnelIds": [
        "3e317cfc-fcf7-4c51-b4b9-efb4f2282760",
        "713f6e06-2bde-4179-8a67-9790e4e64753",
        "5efd6dfd-97e3-408d-aa61-a0ae78ec8e3f"
    ],
    "messageType": "delivery",
    "messageContent": {
        "order_info": {
            "order": {
                "order_id": "1554260144iJNq1",
                "open_id": "omTXr4hIyW2RgQ3nzN_O8jeGb3wM",
                "address_id": "44",
                "timeStamp": "1554260144",
                "order_date": "2019-04-03 10:55:44",
                "pay_status": "OFFLINE",
                "logistics_status": "",
                "seller_act": "DELIVERY",
                "customer_act": "",
                "total_fee": "18",
                "user_words": "",
                "nonceStr": "",
                "paySign": "",
                "package": "",
                "out_refund_no": "",
                "picker_id": "omTXr4hIyW2RgQ3nzN_O8jeGb3wM",
                "postman_id": "",
                "refund_reason": "",
                "refund_status": ""
            },
            "address": {
                "address_id": "44",
                "open_id": "omTXr4hIyW2RgQ3nzN_O8jeGb3wM",
                "province": "贵州省",
                "city": "安顺市",
                "county": "西秀区",
                "detail": "6栋1单元502",
                "name": "刘老师",
                "telphone": "13985877756",
                "default_address": "1"
            },
            "goods_list": [
                {
                    "order_id": "1554260144iJNq1",
                    "goods_id": "1633",
                    "count": "1",
                    "size": null,
                    "color": null,
                    "evaluation": null,
                    "name": "立白1.18kg",
                    "face_img": "https:\/\/gd2.alicdn.com\/imgextra\/i4\/4058310138\/O1CN011CtF7qd1saG9utT_!!4058310138.jpg_400x400.jpg",
                    "price": "16",
                    "danwei": "瓶"
                }
            ]
        }
    }
}

[2019-04-03 14:10:34][DEBUG] POST https://tunnel.ws.qcloud.la/ws/push => [200] {
    "[请求]": {
        "data": "[{\"tunnelIds\":[\"3e317cfc-fcf7-4c51-b4b9-efb4f2282760\",\"713f6e06-2bde-4179-8a67-9790e4e64753\",\"5efd6dfd-97e3-408d-aa61-a0ae78ec8e3f\"],\"type\":\"message\",\"content\":\"{\\\"type\\\":\\\"delivery\\\",\\\"content\\\":{\\\"order_info\\\":{\\\"order\\\":{\\\"order_id\\\":\\\"1554260144iJNq1\\\",\\\"open_id\\\":\\\"omTXr4hIyW2RgQ3nzN_O8jeGb3wM\\\",\\\"address_id\\\":\\\"44\\\",\\\"timeStamp\\\":\\\"1554260144\\\",\\\"order_date\\\":\\\"2019-04-03 10:55:44\\\",\\\"pay_status\\\":\\\"OFFLINE\\\",\\\"logistics_status\\\":\\\"\\\",\\\"seller_act\\\":\\\"DELIVERY\\\",\\\"customer_act\\\":\\\"\\\",\\\"total_fee\\\":\\\"18\\\",\\\"user_words\\\":\\\"\\\",\\\"nonceStr\\\":\\\"\\\",\\\"paySign\\\":\\\"\\\",\\\"package\\\":\\\"\\\",\\\"out_refund_no\\\":\\\"\\\",\\\"picker_id\\\":\\\"omTXr4hIyW2RgQ3nzN_O8jeGb3wM\\\",\\\"postman_id\\\":\\\"\\\",\\\"refund_reason\\\":\\\"\\\",\\\"refund_status\\\":\\\"\\\"},\\\"address\\\":{\\\"address_id\\\":\\\"44\\\",\\\"open_id\\\":\\\"omTXr4hIyW2RgQ3nzN_O8jeGb3wM\\\",\\\"province\\\":\\\"贵州省\\\",\\\"city\\\":\\\"安顺市\\\",\\\"county\\\":\\\"西秀区\\\",\\\"detail\\\":\\\"6栋1单元502\\\",\\\"name\\\":\\\"刘老师\\\",\\\"telphone\\\":\\\"13985877756\\\",\\\"default_address\\\":\\\"1\\\"},\\\"goods_list\\\":[{\\\"order_id\\\":\\\"1554260144iJNq1\\\",\\\"goods_id\\\":\\\"1633\\\",\\\"count\\\":\\\"1\\\",\\\"size\\\":null,\\\"color\\\":null,\\\"evaluation\\\":null,\\\"name\\\":\\\"立白1.18kg\\\",\\\"face_img\\\":\\\"https:\/\/gd2.alicdn.com\/imgextra\/i4\/4058310138\/O1CN011CtF7qd1saG9utT_!!4058310138.jpg_400x400.jpg\\\",\\\"price\\\":\\\"16\\\",\\\"danwei\\\":\\\"瓶\\\"}]}}}\"}]",
        "tcId": "c6bf5fdd57d8548da5d53245151cf0e7",
        "signature": "736f7bf2bdaf01c7746e86b7545cd1fcebf8e688"
    },
    "[响应]": {
        "code": 0,
        "message": "OK",
        "data": {
            "invalidTunnelIds": [
                "3e317cfc-fcf7-4c51-b4b9-efb4f2282760",
                "5efd6dfd-97e3-408d-aa61-a0ae78ec8e3f"
            ]
        }
    },
    "[耗时]": "555ms"
}

[2019-04-03 16:30:11][DEBUG] TunnelService [broadcast] => {
    "tunnelIds": [
        "3e317cfc-fcf7-4c51-b4b9-efb4f2282760",
        "713f6e06-2bde-4179-8a67-9790e4e64753",
        "5efd6dfd-97e3-408d-aa61-a0ae78ec8e3f"
    ],
    "messageType": "order",
    "messageContent": {
        "who": "system",
        "order_info": {
            "order": {
                "order_id": "1554280211EQFG3",
                "open_id": "omTXr4hIyW2RgQ3nzN_O8jeGb3wM",
                "address_id": "44",
                "timeStamp": "1554280211",
                "order_date": "2019-04-03 16:30:11",
                "pay_status": "OFFLINE",
                "logistics_status": "",
                "seller_act": "WAIT_PICK",
                "customer_act": "",
                "total_fee": "78",
                "user_words": "两包长征",
                "nonceStr": "",
                "paySign": "",
                "package": "",
                "out_refund_no": "",
                "picker_id": "",
                "postman_id": "",
                "refund_reason": "",
                "refund_status": ""
            },
            "address": {
                "address_id": "44",
                "open_id": "omTXr4hIyW2RgQ3nzN_O8jeGb3wM",
                "province": "贵州省",
                "city": "安顺市",
                "county": "西秀区",
                "detail": "6栋1单元502",
                "name": "刘老师",
                "telphone": "13985877756",
                "default_address": "1"
            },
            "goods_list": [
                {
                    "order_id": "1554280211EQFG3",
                    "goods_id": "1449",
                    "count": "1",
                    "size": null,
                    "color": null,
                    "evaluation": null,
                    "name": "重庆小面",
                    "face_img": "https:\/\/img.alicdn.com\/imgextra\/i2\/2645124890\/TB2kNe4atfJ8KJjy0FeXXXKEXXa_!!2645124890.jpg_430x430q90.jpg",
                    "price": "5",
                    "danwei": "桶"
                },
                {
                    "order_id": "1554280211EQFG3",
                    "goods_id": "1611",
                    "count": "1",
                    "size": null,
                    "color": null,
                    "evaluation": null,
                    "name": "蒂花之秀洗发水750ML",
                    "face_img": "https:\/\/gd2.alicdn.com\/imgextra\/i2\/2576112136\/TB2QOufXML8F1JjSszbXXbguVXa_!!2576112136.jpg_400x400.jpg",
                    "price": "35",
                    "danwei": "瓶"
                },
                {
                    "order_id": "1554280211EQFG3",
                    "goods_id": "1612",
                    "count": "1",
                    "size": null,
                    "color": null,
                    "evaluation": null,
                    "name": "拉芳洗发水1L",
                    "face_img": "https:\/\/gd1.alicdn.com\/imgextra\/i1\/2864287979\/O1CN01dsuqbS28oQhP8plHW_!!2864287979.jpg_400x400.jpg",
                    "price": "38",
                    "danwei": "瓶"
                }
            ]
        }
    }
}

[2019-04-03 16:30:11][DEBUG] POST https://tunnel.ws.qcloud.la/ws/push => [200] {
    "[请求]": {
        "data": "[{\"tunnelIds\":[\"3e317cfc-fcf7-4c51-b4b9-efb4f2282760\",\"713f6e06-2bde-4179-8a67-9790e4e64753\",\"5efd6dfd-97e3-408d-aa61-a0ae78ec8e3f\"],\"type\":\"message\",\"content\":\"{\\\"type\\\":\\\"order\\\",\\\"content\\\":{\\\"who\\\":\\\"system\\\",\\\"order_info\\\":{\\\"order\\\":{\\\"order_id\\\":\\\"1554280211EQFG3\\\",\\\"open_id\\\":\\\"omTXr4hIyW2RgQ3nzN_O8jeGb3wM\\\",\\\"address_id\\\":\\\"44\\\",\\\"timeStamp\\\":\\\"1554280211\\\",\\\"order_date\\\":\\\"2019-04-03 16:30:11\\\",\\\"pay_status\\\":\\\"OFFLINE\\\",\\\"logistics_status\\\":\\\"\\\",\\\"seller_act\\\":\\\"WAIT_PICK\\\",\\\"customer_act\\\":\\\"\\\",\\\"total_fee\\\":\\\"78\\\",\\\"user_words\\\":\\\"两包长征\\\",\\\"nonceStr\\\":\\\"\\\",\\\"paySign\\\":\\\"\\\",\\\"package\\\":\\\"\\\",\\\"out_refund_no\\\":\\\"\\\",\\\"picker_id\\\":\\\"\\\",\\\"postman_id\\\":\\\"\\\",\\\"refund_reason\\\":\\\"\\\",\\\"refund_status\\\":\\\"\\\"},\\\"address\\\":{\\\"address_id\\\":\\\"44\\\",\\\"open_id\\\":\\\"omTXr4hIyW2RgQ3nzN_O8jeGb3wM\\\",\\\"province\\\":\\\"贵州省\\\",\\\"city\\\":\\\"安顺市\\\",\\\"county\\\":\\\"西秀区\\\",\\\"detail\\\":\\\"6栋1单元502\\\",\\\"name\\\":\\\"刘老师\\\",\\\"telphone\\\":\\\"13985877756\\\",\\\"default_address\\\":\\\"1\\\"},\\\"goods_list\\\":[{\\\"order_id\\\":\\\"1554280211EQFG3\\\",\\\"goods_id\\\":\\\"1449\\\",\\\"count\\\":\\\"1\\\",\\\"size\\\":null,\\\"color\\\":null,\\\"evaluation\\\":null,\\\"name\\\":\\\"重庆小面\\\",\\\"face_img\\\":\\\"https:\/\/img.alicdn.com\/imgextra\/i2\/2645124890\/TB2kNe4atfJ8KJjy0FeXXXKEXXa_!!2645124890.jpg_430x430q90.jpg\\\",\\\"price\\\":\\\"5\\\",\\\"danwei\\\":\\\"桶\\\"},{\\\"order_id\\\":\\\"1554280211EQFG3\\\",\\\"goods_id\\\":\\\"1611\\\",\\\"count\\\":\\\"1\\\",\\\"size\\\":null,\\\"color\\\":null,\\\"evaluation\\\":null,\\\"name\\\":\\\"蒂花之秀洗发水750ML\\\",\\\"face_img\\\":\\\"https:\/\/gd2.alicdn.com\/imgextra\/i2\/2576112136\/TB2QOufXML8F1JjSszbXXbguVXa_!!2576112136.jpg_400x400.jpg\\\",\\\"price\\\":\\\"35\\\",\\\"danwei\\\":\\\"瓶\\\"},{\\\"order_id\\\":\\\"1554280211EQFG3\\\",\\\"goods_id\\\":\\\"1612\\\",\\\"count\\\":\\\"1\\\",\\\"size\\\":null,\\\"color\\\":null,\\\"evaluation\\\":null,\\\"name\\\":\\\"拉芳洗发水1L\\\",\\\"face_img\\\":\\\"https:\/\/gd1.alicdn.com\/imgextra\/i1\/2864287979\/O1CN01dsuqbS28oQhP8plHW_!!2864287979.jpg_400x400.jpg\\\",\\\"price\\\":\\\"38\\\",\\\"danwei\\\":\\\"瓶\\\"}]}}}\"}]",
        "tcId": "c6bf5fdd57d8548da5d53245151cf0e7",
        "signature": "4183672fb925882abdda5fda27d2c570b8dc42b1"
    },
    "[响应]": {
        "code": 0,
        "message": "OK",
        "data": {
            "invalidTunnelIds": [
                "5efd6dfd-97e3-408d-aa61-a0ae78ec8e3f",
                "3e317cfc-fcf7-4c51-b4b9-efb4f2282760",
                "713f6e06-2bde-4179-8a67-9790e4e64753"
            ]
        }
    },
    "[耗时]": "323ms"
}

[2019-04-03 16:31:00][DEBUG] TunnelService [broadcast] => {
    "tunnelIds": [
        "3e317cfc-fcf7-4c51-b4b9-efb4f2282760",
        "713f6e06-2bde-4179-8a67-9790e4e64753",
        "5efd6dfd-97e3-408d-aa61-a0ae78ec8e3f"
    ],
    "messageType": "order",
    "messageContent": {
        "who": "system",
        "order_info": {
            "order": {
                "order_id": "15542802602Od7K",
                "open_id": "omTXr4hIyW2RgQ3nzN_O8jeGb3wM",
                "address_id": "44",
                "timeStamp": "1554280260",
                "order_date": "2019-04-03 16:31:00",
                "pay_status": "OFFLINE",
                "logistics_status": "",
                "seller_act": "WAIT_PICK",
                "customer_act": "",
                "total_fee": "6",
                "user_words": "",
                "nonceStr": "",
                "paySign": "",
                "package": "",
                "out_refund_no": "",
                "picker_id": "",
                "postman_id": "",
                "refund_reason": "",
                "refund_status": ""
            },
            "address": {
                "address_id": "44",
                "open_id": "omTXr4hIyW2RgQ3nzN_O8jeGb3wM",
                "province": "贵州省",
                "city": "安顺市",
                "county": "西秀区",
                "detail": "6栋1单元502",
                "name": "刘老师",
                "telphone": "13985877756",
                "default_address": "1"
            },
            "goods_list": [
                {
                    "order_id": "15542802602Od7K",
                    "goods_id": "1451",
                    "count": "1",
                    "size": null,
                    "color": null,
                    "evaluation": null,
                    "name": "康师傅老坛酸菜面",
                    "face_img": "https:\/\/gd1.alicdn.com\/imgextra\/i1\/2557876680\/TB2KQJ5xHuWBuNjSszgXXb8jVXa_!!2557876680.jpg",
                    "price": "4",
                    "danwei": "桶"
                }
            ]
        }
    }
}

[2019-04-03 16:31:00][DEBUG] POST https://tunnel.ws.qcloud.la/ws/push => [200] {
    "[请求]": {
        "data": "[{\"tunnelIds\":[\"3e317cfc-fcf7-4c51-b4b9-efb4f2282760\",\"713f6e06-2bde-4179-8a67-9790e4e64753\",\"5efd6dfd-97e3-408d-aa61-a0ae78ec8e3f\"],\"type\":\"message\",\"content\":\"{\\\"type\\\":\\\"order\\\",\\\"content\\\":{\\\"who\\\":\\\"system\\\",\\\"order_info\\\":{\\\"order\\\":{\\\"order_id\\\":\\\"15542802602Od7K\\\",\\\"open_id\\\":\\\"omTXr4hIyW2RgQ3nzN_O8jeGb3wM\\\",\\\"address_id\\\":\\\"44\\\",\\\"timeStamp\\\":\\\"1554280260\\\",\\\"order_date\\\":\\\"2019-04-03 16:31:00\\\",\\\"pay_status\\\":\\\"OFFLINE\\\",\\\"logistics_status\\\":\\\"\\\",\\\"seller_act\\\":\\\"WAIT_PICK\\\",\\\"customer_act\\\":\\\"\\\",\\\"total_fee\\\":\\\"6\\\",\\\"user_words\\\":\\\"\\\",\\\"nonceStr\\\":\\\"\\\",\\\"paySign\\\":\\\"\\\",\\\"package\\\":\\\"\\\",\\\"out_refund_no\\\":\\\"\\\",\\\"picker_id\\\":\\\"\\\",\\\"postman_id\\\":\\\"\\\",\\\"refund_reason\\\":\\\"\\\",\\\"refund_status\\\":\\\"\\\"},\\\"address\\\":{\\\"address_id\\\":\\\"44\\\",\\\"open_id\\\":\\\"omTXr4hIyW2RgQ3nzN_O8jeGb3wM\\\",\\\"province\\\":\\\"贵州省\\\",\\\"city\\\":\\\"安顺市\\\",\\\"county\\\":\\\"西秀区\\\",\\\"detail\\\":\\\"6栋1单元502\\\",\\\"name\\\":\\\"刘老师\\\",\\\"telphone\\\":\\\"13985877756\\\",\\\"default_address\\\":\\\"1\\\"},\\\"goods_list\\\":[{\\\"order_id\\\":\\\"15542802602Od7K\\\",\\\"goods_id\\\":\\\"1451\\\",\\\"count\\\":\\\"1\\\",\\\"size\\\":null,\\\"color\\\":null,\\\"evaluation\\\":null,\\\"name\\\":\\\"康师傅老坛酸菜面\\\",\\\"face_img\\\":\\\"https:\/\/gd1.alicdn.com\/imgextra\/i1\/2557876680\/TB2KQJ5xHuWBuNjSszgXXb8jVXa_!!2557876680.jpg\\\",\\\"price\\\":\\\"4\\\",\\\"danwei\\\":\\\"桶\\\"}]}}}\"}]",
        "tcId": "c6bf5fdd57d8548da5d53245151cf0e7",
        "signature": "6c623fd885643c1cafe4f5faf018308bb30129b5"
    },
    "[响应]": {
        "code": 0,
        "message": "OK",
        "data": {
            "invalidTunnelIds": [
                "713f6e06-2bde-4179-8a67-9790e4e64753",
                "5efd6dfd-97e3-408d-aa61-a0ae78ec8e3f",
                "3e317cfc-fcf7-4c51-b4b9-efb4f2282760"
            ]
        }
    },
    "[耗时]": "307ms"
}

[2019-04-03 18:08:03][DEBUG] TunnelService [broadcast] => {
    "tunnelIds": [
        "3e317cfc-fcf7-4c51-b4b9-efb4f2282760",
        "713f6e06-2bde-4179-8a67-9790e4e64753",
        "5efd6dfd-97e3-408d-aa61-a0ae78ec8e3f"
    ],
    "messageType": "order",
    "messageContent": {
        "who": "system",
        "order_info": {
            "order": {
                "order_id": "1554286083UtFQx",
                "open_id": "omTXr4gc9TpCIco1XVSCbTrowwgQ",
                "address_id": "45",
                "timeStamp": "1554286083",
                "order_date": "2019-04-03 18:08:03",
                "pay_status": "OFFLINE",
                "logistics_status": "",
                "seller_act": "WAIT_PICK",
                "customer_act": "",
                "total_fee": "87",
                "user_words": "",
                "nonceStr": "",
                "paySign": "",
                "package": "",
                "out_refund_no": "",
                "picker_id": "",
                "postman_id": "",
                "refund_reason": "",
                "refund_status": ""
            },
            "address": {
                "address_id": "45",
                "open_id": "omTXr4gc9TpCIco1XVSCbTrowwgQ",
                "province": "贵州省",
                "city": "毕节市",
                "county": "七星关区",
                "detail": "半岛水湾3栋502",
                "name": "陈东",
                "telphone": "18076009350",
                "default_address": "1"
            },
            "goods_list": [
                {
                    "order_id": "1554286083UtFQx",
                    "goods_id": "1611",
                    "count": "1",
                    "size": null,
                    "color": null,
                    "evaluation": null,
                    "name": "蒂花之秀洗发水750ML",
                    "face_img": "https:\/\/gd2.alicdn.com\/imgextra\/i2\/2576112136\/TB2QOufXML8F1JjSszbXXbguVXa_!!2576112136.jpg_400x400.jpg",
                    "price": "35",
                    "danwei": "瓶"
                },
                {
                    "order_id": "1554286083UtFQx",
                    "goods_id": "1613",
                    "count": "1",
                    "size": null,
                    "color": null,
                    "evaluation": null,
                    "name": "飘柔(家庭护理)400ml",
                    "face_img": "https:\/\/img.alicdn.com\/imgextra\/i2\/TB1hXkZFFXXXXalXXXXXXXXXXXX_!!0-item_pic.jpg_430x430q90.jpg",
                    "price": "20",
                    "danwei": "瓶"
                },
                {
                    "order_id": "1554286083UtFQx",
                    "goods_id": "1614",
                    "count": "1",
                    "size": null,
                    "color": null,
                    "evaluation": null,
                    "name": "飘柔(精华护理)400ml",
                    "face_img": "https:\/\/img.alicdn.com\/imgextra\/i1\/217101303\/TB2V1l8hnlYBeNjSszcXXbwhFXa_!!217101303.jpg_430x430q90.jpg",
                    "price": "32",
                    "danwei": "瓶"
                }
            ]
        }
    }
}

[2019-04-03 18:08:03][DEBUG] POST https://tunnel.ws.qcloud.la/ws/push => [200] {
    "[请求]": {
        "data": "[{\"tunnelIds\":[\"3e317cfc-fcf7-4c51-b4b9-efb4f2282760\",\"713f6e06-2bde-4179-8a67-9790e4e64753\",\"5efd6dfd-97e3-408d-aa61-a0ae78ec8e3f\"],\"type\":\"message\",\"content\":\"{\\\"type\\\":\\\"order\\\",\\\"content\\\":{\\\"who\\\":\\\"system\\\",\\\"order_info\\\":{\\\"order\\\":{\\\"order_id\\\":\\\"1554286083UtFQx\\\",\\\"open_id\\\":\\\"omTXr4gc9TpCIco1XVSCbTrowwgQ\\\",\\\"address_id\\\":\\\"45\\\",\\\"timeStamp\\\":\\\"1554286083\\\",\\\"order_date\\\":\\\"2019-04-03 18:08:03\\\",\\\"pay_status\\\":\\\"OFFLINE\\\",\\\"logistics_status\\\":\\\"\\\",\\\"seller_act\\\":\\\"WAIT_PICK\\\",\\\"customer_act\\\":\\\"\\\",\\\"total_fee\\\":\\\"87\\\",\\\"user_words\\\":\\\"\\\",\\\"nonceStr\\\":\\\"\\\",\\\"paySign\\\":\\\"\\\",\\\"package\\\":\\\"\\\",\\\"out_refund_no\\\":\\\"\\\",\\\"picker_id\\\":\\\"\\\",\\\"postman_id\\\":\\\"\\\",\\\"refund_reason\\\":\\\"\\\",\\\"refund_status\\\":\\\"\\\"},\\\"address\\\":{\\\"address_id\\\":\\\"45\\\",\\\"open_id\\\":\\\"omTXr4gc9TpCIco1XVSCbTrowwgQ\\\",\\\"province\\\":\\\"贵州省\\\",\\\"city\\\":\\\"毕节市\\\",\\\"county\\\":\\\"七星关区\\\",\\\"detail\\\":\\\"半岛水湾3栋502\\\",\\\"name\\\":\\\"陈东\\\",\\\"telphone\\\":\\\"18076009350\\\",\\\"default_address\\\":\\\"1\\\"},\\\"goods_list\\\":[{\\\"order_id\\\":\\\"1554286083UtFQx\\\",\\\"goods_id\\\":\\\"1611\\\",\\\"count\\\":\\\"1\\\",\\\"size\\\":null,\\\"color\\\":null,\\\"evaluation\\\":null,\\\"name\\\":\\\"蒂花之秀洗发水750ML\\\",\\\"face_img\\\":\\\"https:\/\/gd2.alicdn.com\/imgextra\/i2\/2576112136\/TB2QOufXML8F1JjSszbXXbguVXa_!!2576112136.jpg_400x400.jpg\\\",\\\"price\\\":\\\"35\\\",\\\"danwei\\\":\\\"瓶\\\"},{\\\"order_id\\\":\\\"1554286083UtFQx\\\",\\\"goods_id\\\":\\\"1613\\\",\\\"count\\\":\\\"1\\\",\\\"size\\\":null,\\\"color\\\":null,\\\"evaluation\\\":null,\\\"name\\\":\\\"飘柔(家庭护理)400ml\\\",\\\"face_img\\\":\\\"https:\/\/img.alicdn.com\/imgextra\/i2\/TB1hXkZFFXXXXalXXXXXXXXXXXX_!!0-item_pic.jpg_430x430q90.jpg\\\",\\\"price\\\":\\\"20\\\",\\\"danwei\\\":\\\"瓶\\\"},{\\\"order_id\\\":\\\"1554286083UtFQx\\\",\\\"goods_id\\\":\\\"1614\\\",\\\"count\\\":\\\"1\\\",\\\"size\\\":null,\\\"color\\\":null,\\\"evaluation\\\":null,\\\"name\\\":\\\"飘柔(精华护理)400ml\\\",\\\"face_img\\\":\\\"https:\/\/img.alicdn.com\/imgextra\/i1\/217101303\/TB2V1l8hnlYBeNjSszcXXbwhFXa_!!217101303.jpg_430x430q90.jpg\\\",\\\"price\\\":\\\"32\\\",\\\"danwei\\\":\\\"瓶\\\"}]}}}\"}]",
        "tcId": "c6bf5fdd57d8548da5d53245151cf0e7",
        "signature": "6595e233a5f59eb50101fa5205492db01161c3db"
    },
    "[响应]": {
        "code": 0,
        "message": "OK",
        "data": {
            "invalidTunnelIds": [
                "5efd6dfd-97e3-408d-aa61-a0ae78ec8e3f",
                "713f6e06-2bde-4179-8a67-9790e4e64753",
                "3e317cfc-fcf7-4c51-b4b9-efb4f2282760"
            ]
        }
    },
    "[耗时]": "413ms"
}

[2019-04-03 18:08:30][DEBUG] POST https://tunnel.ws.qcloud.la/get/wsurl => [200] {
    "[请求]": {
        "data": "{\"receiveUrl\":\"http:\/\/58.87.119.233\/bjks\/index.php\",\"protocolType\":\"wss\"}",
        "tcId": "c6bf5fdd57d8548da5d53245151cf0e7",
        "tcKey": "sdfsdfsdfsdfjk",
        "signature": "695405bf0a692ebd533649be4114f591aa6e94c8"
    },
    "[响应]": {
        "code": 0,
        "message": "OK",
        "data": "{\"tunnelId\":\"ca3c3812-b9dd-4b57-9711-913f692ade55\",\"connectUrl\":\"wss:\/\/tunnel.ws.qcloud.la\/qcloud\/ws?tunnelId=ca3c3812-b9dd-4b57-9711-913f692ade55&tcId=c6bf5fdd57d8548da5d53245151cf0e7\"}",
        "dataEncode": "json",
        "signature": "f46fdbee2f0a6661d97cc1a52909c12b3d406e3c"
    },
    "[耗时]": "207ms"
}

[2019-04-03 18:08:30][DEBUG] ITunnelHandler [onRequest] => {
    "tunnelId": "ca3c3812-b9dd-4b57-9711-913f692ade55"
}

[2019-04-03 18:08:39][DEBUG] TunnelService [broadcast] => {
    "tunnelIds": [
        "3e317cfc-fcf7-4c51-b4b9-efb4f2282760",
        "ca3c3812-b9dd-4b57-9711-913f692ade55",
        "5efd6dfd-97e3-408d-aa61-a0ae78ec8e3f"
    ],
    "messageType": "picked",
    "messageContent": {
        "order_id": "1554286083UtFQx"
    }
}

[2019-04-03 18:08:40][DEBUG] POST https://tunnel.ws.qcloud.la/ws/push => [200] {
    "[请求]": {
        "data": "[{\"tunnelIds\":[\"3e317cfc-fcf7-4c51-b4b9-efb4f2282760\",\"ca3c3812-b9dd-4b57-9711-913f692ade55\",\"5efd6dfd-97e3-408d-aa61-a0ae78ec8e3f\"],\"type\":\"message\",\"content\":\"{\\\"type\\\":\\\"picked\\\",\\\"content\\\":{\\\"order_id\\\":\\\"1554286083UtFQx\\\"}}\"}]",
        "tcId": "c6bf5fdd57d8548da5d53245151cf0e7",
        "signature": "926d9144e9a748e190a2a02703b05159929409bb"
    },
    "[响应]": {
        "code": 0,
        "message": "OK",
        "data": {
            "invalidTunnelIds": [
                "5efd6dfd-97e3-408d-aa61-a0ae78ec8e3f",
                "ca3c3812-b9dd-4b57-9711-913f692ade55",
                "3e317cfc-fcf7-4c51-b4b9-efb4f2282760"
            ]
        }
    },
    "[耗时]": "180ms"
}

[2019-04-03 18:08:49][DEBUG] TunnelService [broadcast] => {
    "tunnelIds": [
        "3e317cfc-fcf7-4c51-b4b9-efb4f2282760",
        "ca3c3812-b9dd-4b57-9711-913f692ade55",
        "5efd6dfd-97e3-408d-aa61-a0ae78ec8e3f"
    ],
    "messageType": "delivery",
    "messageContent": {
        "order_info": {
            "order": {
                "order_id": "1554286083UtFQx",
                "open_id": "omTXr4gc9TpCIco1XVSCbTrowwgQ",
                "address_id": "45",
                "timeStamp": "1554286083",
                "order_date": "2019-04-03 18:08:03",
                "pay_status": "OFFLINE",
                "logistics_status": "SIGNED",
                "seller_act": "DELIVERY",
                "customer_act": "",
                "total_fee": "87",
                "user_words": "",
                "nonceStr": "",
                "paySign": "",
                "package": "",
                "out_refund_no": "",
                "picker_id": "omTXr4hIyW2RgQ3nzN_O8jeGb3wM",
                "postman_id": "",
                "refund_reason": "",
                "refund_status": ""
            },
            "address": {
                "address_id": "45",
                "open_id": "omTXr4gc9TpCIco1XVSCbTrowwgQ",
                "province": "贵州省",
                "city": "毕节市",
                "county": "七星关区",
                "detail": "半岛水湾3栋502",
                "name": "陈东",
                "telphone": "18076009350",
                "default_address": "1"
            },
            "goods_list": [
                {
                    "order_id": "1554286083UtFQx",
                    "goods_id": "1611",
                    "count": "1",
                    "size": null,
                    "color": null,
                    "evaluation": null,
                    "name": "蒂花之秀洗发水750ML",
                    "face_img": "https:\/\/gd2.alicdn.com\/imgextra\/i2\/2576112136\/TB2QOufXML8F1JjSszbXXbguVXa_!!2576112136.jpg_400x400.jpg",
                    "price": "35",
                    "danwei": "瓶"
                },
                {
                    "order_id": "1554286083UtFQx",
                    "goods_id": "1613",
                    "count": "1",
                    "size": null,
                    "color": null,
                    "evaluation": null,
                    "name": "飘柔(家庭护理)400ml",
                    "face_img": "https:\/\/img.alicdn.com\/imgextra\/i2\/TB1hXkZFFXXXXalXXXXXXXXXXXX_!!0-item_pic.jpg_430x430q90.jpg",
                    "price": "20",
                    "danwei": "瓶"
                },
                {
                    "order_id": "1554286083UtFQx",
                    "goods_id": "1614",
                    "count": "1",
                    "size": null,
                    "color": null,
                    "evaluation": null,
                    "name": "飘柔(精华护理)400ml",
                    "face_img": "https:\/\/img.alicdn.com\/imgextra\/i1\/217101303\/TB2V1l8hnlYBeNjSszcXXbwhFXa_!!217101303.jpg_430x430q90.jpg",
                    "price": "32",
                    "danwei": "瓶"
                }
            ]
        }
    }
}

[2019-04-03 18:08:50][DEBUG] POST https://tunnel.ws.qcloud.la/ws/push => [200] {
    "[请求]": {
        "data": "[{\"tunnelIds\":[\"3e317cfc-fcf7-4c51-b4b9-efb4f2282760\",\"ca3c3812-b9dd-4b57-9711-913f692ade55\",\"5efd6dfd-97e3-408d-aa61-a0ae78ec8e3f\"],\"type\":\"message\",\"content\":\"{\\\"type\\\":\\\"delivery\\\",\\\"content\\\":{\\\"order_info\\\":{\\\"order\\\":{\\\"order_id\\\":\\\"1554286083UtFQx\\\",\\\"open_id\\\":\\\"omTXr4gc9TpCIco1XVSCbTrowwgQ\\\",\\\"address_id\\\":\\\"45\\\",\\\"timeStamp\\\":\\\"1554286083\\\",\\\"order_date\\\":\\\"2019-04-03 18:08:03\\\",\\\"pay_status\\\":\\\"OFFLINE\\\",\\\"logistics_status\\\":\\\"SIGNED\\\",\\\"seller_act\\\":\\\"DELIVERY\\\",\\\"customer_act\\\":\\\"\\\",\\\"total_fee\\\":\\\"87\\\",\\\"user_words\\\":\\\"\\\",\\\"nonceStr\\\":\\\"\\\",\\\"paySign\\\":\\\"\\\",\\\"package\\\":\\\"\\\",\\\"out_refund_no\\\":\\\"\\\",\\\"picker_id\\\":\\\"omTXr4hIyW2RgQ3nzN_O8jeGb3wM\\\",\\\"postman_id\\\":\\\"\\\",\\\"refund_reason\\\":\\\"\\\",\\\"refund_status\\\":\\\"\\\"},\\\"address\\\":{\\\"address_id\\\":\\\"45\\\",\\\"open_id\\\":\\\"omTXr4gc9TpCIco1XVSCbTrowwgQ\\\",\\\"province\\\":\\\"贵州省\\\",\\\"city\\\":\\\"毕节市\\\",\\\"county\\\":\\\"七星关区\\\",\\\"detail\\\":\\\"半岛水湾3栋502\\\",\\\"name\\\":\\\"陈东\\\",\\\"telphone\\\":\\\"18076009350\\\",\\\"default_address\\\":\\\"1\\\"},\\\"goods_list\\\":[{\\\"order_id\\\":\\\"1554286083UtFQx\\\",\\\"goods_id\\\":\\\"1611\\\",\\\"count\\\":\\\"1\\\",\\\"size\\\":null,\\\"color\\\":null,\\\"evaluation\\\":null,\\\"name\\\":\\\"蒂花之秀洗发水750ML\\\",\\\"face_img\\\":\\\"https:\/\/gd2.alicdn.com\/imgextra\/i2\/2576112136\/TB2QOufXML8F1JjSszbXXbguVXa_!!2576112136.jpg_400x400.jpg\\\",\\\"price\\\":\\\"35\\\",\\\"danwei\\\":\\\"瓶\\\"},{\\\"order_id\\\":\\\"1554286083UtFQx\\\",\\\"goods_id\\\":\\\"1613\\\",\\\"count\\\":\\\"1\\\",\\\"size\\\":null,\\\"color\\\":null,\\\"evaluation\\\":null,\\\"name\\\":\\\"飘柔(家庭护理)400ml\\\",\\\"face_img\\\":\\\"https:\/\/img.alicdn.com\/imgextra\/i2\/TB1hXkZFFXXXXalXXXXXXXXXXXX_!!0-item_pic.jpg_430x430q90.jpg\\\",\\\"price\\\":\\\"20\\\",\\\"danwei\\\":\\\"瓶\\\"},{\\\"order_id\\\":\\\"1554286083UtFQx\\\",\\\"goods_id\\\":\\\"1614\\\",\\\"count\\\":\\\"1\\\",\\\"size\\\":null,\\\"color\\\":null,\\\"evaluation\\\":null,\\\"name\\\":\\\"飘柔(精华护理)400ml\\\",\\\"face_img\\\":\\\"https:\/\/img.alicdn.com\/imgextra\/i1\/217101303\/TB2V1l8hnlYBeNjSszcXXbwhFXa_!!217101303.jpg_430x430q90.jpg\\\",\\\"price\\\":\\\"32\\\",\\\"danwei\\\":\\\"瓶\\\"}]}}}\"}]",
        "tcId": "c6bf5fdd57d8548da5d53245151cf0e7",
        "signature": "0c56d5b27091b2cf6625644c3e728a19dcbc385f"
    },
    "[响应]": {
        "code": 0,
        "message": "OK",
        "data": {
            "invalidTunnelIds": [
                "5efd6dfd-97e3-408d-aa61-a0ae78ec8e3f",
                "3e317cfc-fcf7-4c51-b4b9-efb4f2282760"
            ]
        }
    },
    "[耗时]": "238ms"
}

[2019-04-03 18:09:02][DEBUG] POST https://tunnel.ws.qcloud.la/get/wsurl => [200] {
    "[请求]": {
        "data": "{\"receiveUrl\":\"http:\/\/58.87.119.233\/bjks\/index.php\",\"protocolType\":\"wss\"}",
        "tcId": "c6bf5fdd57d8548da5d53245151cf0e7",
        "tcKey": "sdfsdfsdfsdfjk",
        "signature": "695405bf0a692ebd533649be4114f591aa6e94c8"
    },
    "[响应]": {
        "code": 0,
        "message": "OK",
        "data": "{\"tunnelId\":\"8db35eb2-7626-4827-8d62-fad6fed86e33\",\"connectUrl\":\"wss:\/\/tunnel.ws.qcloud.la\/qcloud\/ws?tunnelId=8db35eb2-7626-4827-8d62-fad6fed86e33&tcId=c6bf5fdd57d8548da5d53245151cf0e7\"}",
        "dataEncode": "json",
        "signature": "1efb817746a055f1cbdd32f00130486c74293cfc"
    },
    "[耗时]": "175ms"
}

[2019-04-03 18:09:02][DEBUG] ITunnelHandler [onRequest] => {
    "tunnelId": "8db35eb2-7626-4827-8d62-fad6fed86e33"
}

[2019-04-03 18:09:05][DEBUG] TunnelService [broadcast] => {
    "tunnelIds": [
        "3e317cfc-fcf7-4c51-b4b9-efb4f2282760",
        "8db35eb2-7626-4827-8d62-fad6fed86e33",
        "5efd6dfd-97e3-408d-aa61-a0ae78ec8e3f"
    ],
    "messageType": "user_signed",
    "messageContent": {
        "order_id": "1554286083UtFQx"
    }
}

[2019-04-03 18:09:05][DEBUG] POST https://tunnel.ws.qcloud.la/ws/push => [200] {
    "[请求]": {
        "data": "[{\"tunnelIds\":[\"3e317cfc-fcf7-4c51-b4b9-efb4f2282760\",\"8db35eb2-7626-4827-8d62-fad6fed86e33\",\"5efd6dfd-97e3-408d-aa61-a0ae78ec8e3f\"],\"type\":\"message\",\"content\":\"{\\\"type\\\":\\\"user_signed\\\",\\\"content\\\":{\\\"order_id\\\":\\\"1554286083UtFQx\\\"}}\"}]",
        "tcId": "c6bf5fdd57d8548da5d53245151cf0e7",
        "signature": "1215f45baa6b5ebb6c55d5e0ef762324a28dfeef"
    },
    "[响应]": {
        "code": 0,
        "message": "OK",
        "data": {
            "invalidTunnelIds": [
                "5efd6dfd-97e3-408d-aa61-a0ae78ec8e3f",
                "8db35eb2-7626-4827-8d62-fad6fed86e33",
                "3e317cfc-fcf7-4c51-b4b9-efb4f2282760"
            ]
        }
    },
    "[耗时]": "225ms"
}

[2019-04-03 18:09:57][DEBUG] TunnelService [broadcast] => {
    "tunnelIds": [
        "3e317cfc-fcf7-4c51-b4b9-efb4f2282760",
        "8db35eb2-7626-4827-8d62-fad6fed86e33",
        "5efd6dfd-97e3-408d-aa61-a0ae78ec8e3f"
    ],
    "messageType": "order",
    "messageContent": {
        "who": "system",
        "order_info": {
            "order": {
                "order_id": "1554286197ZOrOm",
                "open_id": "omTXr4hIyW2RgQ3nzN_O8jeGb3wM",
                "address_id": "44",
                "timeStamp": "1554286197",
                "order_date": "2019-04-03 18:09:57",
                "pay_status": "OFFLINE",
                "logistics_status": "",
                "seller_act": "WAIT_PICK",
                "customer_act": "",
                "total_fee": "14",
                "user_words": "",
                "nonceStr": "",
                "paySign": "",
                "package": "",
                "out_refund_no": "",
                "picker_id": "",
                "postman_id": "",
                "refund_reason": "",
                "refund_status": ""
            },
            "address": {
                "address_id": "44",
                "open_id": "omTXr4hIyW2RgQ3nzN_O8jeGb3wM",
                "province": "贵州省",
                "city": "安顺市",
                "county": "西秀区",
                "detail": "6栋1单元502",
                "name": "刘老师",
                "telphone": "13985877756",
                "default_address": "1"
            },
            "goods_list": [
                {
                    "order_id": "1554286197ZOrOm",
                    "goods_id": "1450",
                    "count": "1",
                    "size": null,
                    "color": null,
                    "evaluation": null,
                    "name": "火鸡面",
                    "face_img": "https:\/\/img.alicdn.com\/imgextra\/i4\/3904347384\/O1CN01xO00uF24Pv2qpPWxq_!!3904347384-0-scmitem6000.jpg",
                    "price": "6",
                    "danwei": "桶"
                },
                {
                    "order_id": "1554286197ZOrOm",
                    "goods_id": "1451",
                    "count": "1",
                    "size": null,
                    "color": null,
                    "evaluation": null,
                    "name": "康师傅老坛酸菜面",
                    "face_img": "https:\/\/gd1.alicdn.com\/imgextra\/i1\/2557876680\/TB2KQJ5xHuWBuNjSszgXXb8jVXa_!!2557876680.jpg",
                    "price": "4",
                    "danwei": "桶"
                },
                {
                    "order_id": "1554286197ZOrOm",
                    "goods_id": "1452",
                    "count": "1",
                    "size": null,
                    "color": null,
                    "evaluation": null,
                    "name": "麻辣牛肉面",
                    "face_img": "https:\/\/img.alicdn.com\/imgextra\/i4\/2932889983\/TB2l4DFncLJ8KJjy0FnXXcFDpXa_!!2932889983.jpg",
                    "price": "4",
                    "danwei": "桶"
                }
            ]
        }
    }
}

[2019-04-03 18:09:58][DEBUG] POST https://tunnel.ws.qcloud.la/ws/push => [200] {
    "[请求]": {
        "data": "[{\"tunnelIds\":[\"3e317cfc-fcf7-4c51-b4b9-efb4f2282760\",\"8db35eb2-7626-4827-8d62-fad6fed86e33\",\"5efd6dfd-97e3-408d-aa61-a0ae78ec8e3f\"],\"type\":\"message\",\"content\":\"{\\\"type\\\":\\\"order\\\",\\\"content\\\":{\\\"who\\\":\\\"system\\\",\\\"order_info\\\":{\\\"order\\\":{\\\"order_id\\\":\\\"1554286197ZOrOm\\\",\\\"open_id\\\":\\\"omTXr4hIyW2RgQ3nzN_O8jeGb3wM\\\",\\\"address_id\\\":\\\"44\\\",\\\"timeStamp\\\":\\\"1554286197\\\",\\\"order_date\\\":\\\"2019-04-03 18:09:57\\\",\\\"pay_status\\\":\\\"OFFLINE\\\",\\\"logistics_status\\\":\\\"\\\",\\\"seller_act\\\":\\\"WAIT_PICK\\\",\\\"customer_act\\\":\\\"\\\",\\\"total_fee\\\":\\\"14\\\",\\\"user_words\\\":\\\"\\\",\\\"nonceStr\\\":\\\"\\\",\\\"paySign\\\":\\\"\\\",\\\"package\\\":\\\"\\\",\\\"out_refund_no\\\":\\\"\\\",\\\"picker_id\\\":\\\"\\\",\\\"postman_id\\\":\\\"\\\",\\\"refund_reason\\\":\\\"\\\",\\\"refund_status\\\":\\\"\\\"},\\\"address\\\":{\\\"address_id\\\":\\\"44\\\",\\\"open_id\\\":\\\"omTXr4hIyW2RgQ3nzN_O8jeGb3wM\\\",\\\"province\\\":\\\"贵州省\\\",\\\"city\\\":\\\"安顺市\\\",\\\"county\\\":\\\"西秀区\\\",\\\"detail\\\":\\\"6栋1单元502\\\",\\\"name\\\":\\\"刘老师\\\",\\\"telphone\\\":\\\"13985877756\\\",\\\"default_address\\\":\\\"1\\\"},\\\"goods_list\\\":[{\\\"order_id\\\":\\\"1554286197ZOrOm\\\",\\\"goods_id\\\":\\\"1450\\\",\\\"count\\\":\\\"1\\\",\\\"size\\\":null,\\\"color\\\":null,\\\"evaluation\\\":null,\\\"name\\\":\\\"火鸡面\\\",\\\"face_img\\\":\\\"https:\/\/img.alicdn.com\/imgextra\/i4\/3904347384\/O1CN01xO00uF24Pv2qpPWxq_!!3904347384-0-scmitem6000.jpg\\\",\\\"price\\\":\\\"6\\\",\\\"danwei\\\":\\\"桶\\\"},{\\\"order_id\\\":\\\"1554286197ZOrOm\\\",\\\"goods_id\\\":\\\"1451\\\",\\\"count\\\":\\\"1\\\",\\\"size\\\":null,\\\"color\\\":null,\\\"evaluation\\\":null,\\\"name\\\":\\\"康师傅老坛酸菜面\\\",\\\"face_img\\\":\\\"https:\/\/gd1.alicdn.com\/imgextra\/i1\/2557876680\/TB2KQJ5xHuWBuNjSszgXXb8jVXa_!!2557876680.jpg\\\",\\\"price\\\":\\\"4\\\",\\\"danwei\\\":\\\"桶\\\"},{\\\"order_id\\\":\\\"1554286197ZOrOm\\\",\\\"goods_id\\\":\\\"1452\\\",\\\"count\\\":\\\"1\\\",\\\"size\\\":null,\\\"color\\\":null,\\\"evaluation\\\":null,\\\"name\\\":\\\"麻辣牛肉面\\\",\\\"face_img\\\":\\\"https:\/\/img.alicdn.com\/imgextra\/i4\/2932889983\/TB2l4DFncLJ8KJjy0FnXXcFDpXa_!!2932889983.jpg\\\",\\\"price\\\":\\\"4\\\",\\\"danwei\\\":\\\"桶\\\"}]}}}\"}]",
        "tcId": "c6bf5fdd57d8548da5d53245151cf0e7",
        "signature": "eae5eb80607fa3809b4c06f47f805d8c1be84c63"
    },
    "[响应]": {
        "code": 0,
        "message": "OK",
        "data": {
            "invalidTunnelIds": [
                "5efd6dfd-97e3-408d-aa61-a0ae78ec8e3f",
                "8db35eb2-7626-4827-8d62-fad6fed86e33",
                "3e317cfc-fcf7-4c51-b4b9-efb4f2282760"
            ]
        }
    },
    "[耗时]": "225ms"
}

[2019-04-03 21:50:55][DEBUG] TunnelService [broadcast] => {
    "tunnelIds": [
        "3e317cfc-fcf7-4c51-b4b9-efb4f2282760",
        "8db35eb2-7626-4827-8d62-fad6fed86e33",
        "5efd6dfd-97e3-408d-aa61-a0ae78ec8e3f"
    ],
    "messageType": "order",
    "messageContent": {
        "who": "system",
        "order_info": {
            "order": {
                "order_id": "1554299455kwswo",
                "open_id": "omTXr4hIyW2RgQ3nzN_O8jeGb3wM",
                "address_id": "44",
                "timeStamp": "1554299455",
                "order_date": "2019-04-03 21:50:55",
                "pay_status": "OFFLINE",
                "logistics_status": "",
                "seller_act": "WAIT_PICK",
                "customer_act": "",
                "total_fee": "20",
                "user_words": "",
                "nonceStr": "",
                "paySign": "",
                "package": "",
                "out_refund_no": "",
                "picker_id": "",
                "postman_id": "",
                "refund_reason": "",
                "refund_status": ""
            },
            "address": {
                "address_id": "44",
                "open_id": "omTXr4hIyW2RgQ3nzN_O8jeGb3wM",
                "province": "贵州省",
                "city": "安顺市",
                "county": "西秀区",
                "detail": "6栋1单元502",
                "name": "刘老师",
                "telphone": "13985877756",
                "default_address": "1"
            },
            "goods_list": [
                {
                    "order_id": "1554299455kwswo",
                    "goods_id": "1613",
                    "count": "1",
                    "size": null,
                    "color": null,
                    "evaluation": null,
                    "name": "飘柔(家庭护理)400ml",
                    "face_img": "https:\/\/img.alicdn.com\/imgextra\/i2\/TB1hXkZFFXXXXalXXXXXXXXXXXX_!!0-item_pic.jpg_430x430q90.jpg",
                    "price": "20",
                    "danwei": "瓶"
                }
            ]
        }
    }
}

[2019-04-03 21:50:56][DEBUG] POST https://tunnel.ws.qcloud.la/ws/push => [200] {
    "[请求]": {
        "data": "[{\"tunnelIds\":[\"3e317cfc-fcf7-4c51-b4b9-efb4f2282760\",\"8db35eb2-7626-4827-8d62-fad6fed86e33\",\"5efd6dfd-97e3-408d-aa61-a0ae78ec8e3f\"],\"type\":\"message\",\"content\":\"{\\\"type\\\":\\\"order\\\",\\\"content\\\":{\\\"who\\\":\\\"system\\\",\\\"order_info\\\":{\\\"order\\\":{\\\"order_id\\\":\\\"1554299455kwswo\\\",\\\"open_id\\\":\\\"omTXr4hIyW2RgQ3nzN_O8jeGb3wM\\\",\\\"address_id\\\":\\\"44\\\",\\\"timeStamp\\\":\\\"1554299455\\\",\\\"order_date\\\":\\\"2019-04-03 21:50:55\\\",\\\"pay_status\\\":\\\"OFFLINE\\\",\\\"logistics_status\\\":\\\"\\\",\\\"seller_act\\\":\\\"WAIT_PICK\\\",\\\"customer_act\\\":\\\"\\\",\\\"total_fee\\\":\\\"20\\\",\\\"user_words\\\":\\\"\\\",\\\"nonceStr\\\":\\\"\\\",\\\"paySign\\\":\\\"\\\",\\\"package\\\":\\\"\\\",\\\"out_refund_no\\\":\\\"\\\",\\\"picker_id\\\":\\\"\\\",\\\"postman_id\\\":\\\"\\\",\\\"refund_reason\\\":\\\"\\\",\\\"refund_status\\\":\\\"\\\"},\\\"address\\\":{\\\"address_id\\\":\\\"44\\\",\\\"open_id\\\":\\\"omTXr4hIyW2RgQ3nzN_O8jeGb3wM\\\",\\\"province\\\":\\\"贵州省\\\",\\\"city\\\":\\\"安顺市\\\",\\\"county\\\":\\\"西秀区\\\",\\\"detail\\\":\\\"6栋1单元502\\\",\\\"name\\\":\\\"刘老师\\\",\\\"telphone\\\":\\\"13985877756\\\",\\\"default_address\\\":\\\"1\\\"},\\\"goods_list\\\":[{\\\"order_id\\\":\\\"1554299455kwswo\\\",\\\"goods_id\\\":\\\"1613\\\",\\\"count\\\":\\\"1\\\",\\\"size\\\":null,\\\"color\\\":null,\\\"evaluation\\\":null,\\\"name\\\":\\\"飘柔(家庭护理)400ml\\\",\\\"face_img\\\":\\\"https:\/\/img.alicdn.com\/imgextra\/i2\/TB1hXkZFFXXXXalXXXXXXXXXXXX_!!0-item_pic.jpg_430x430q90.jpg\\\",\\\"price\\\":\\\"20\\\",\\\"danwei\\\":\\\"瓶\\\"}]}}}\"}]",
        "tcId": "c6bf5fdd57d8548da5d53245151cf0e7",
        "signature": "11eb0a134124b0ab729ffc2c7f0c00fc7fd8c42c"
    },
    "[响应]": {
        "code": 0,
        "message": "OK",
        "data": {
            "invalidTunnelIds": [
                "5efd6dfd-97e3-408d-aa61-a0ae78ec8e3f",
                "8db35eb2-7626-4827-8d62-fad6fed86e33",
                "3e317cfc-fcf7-4c51-b4b9-efb4f2282760"
            ]
        }
    },
    "[耗时]": "346ms"
}

