[2019-03-10 16:04:59][DEBUG] POST https://tunnel.ws.qcloud.la/get/wsurl => [200] {
    "[请求]": {
        "data": "{\"receiveUrl\":\"http:\/\/58.87.119.233\/bjks\/index.php\",\"protocolType\":\"wss\"}",
        "tcId": "c6bf5fdd57d8548da5d53245151cf0e7",
        "tcKey": "sdfsdfsdfsdfjk",
        "signature": "695405bf0a692ebd533649be4114f591aa6e94c8"
    },
    "[响应]": {
        "code": 0,
        "message": "OK",
        "data": "{\"tunnelId\":\"8ea4d2a0-c795-4f28-8e62-ce91fe827c96\",\"connectUrl\":\"wss:\/\/tunnel.ws.qcloud.la\/qcloud\/ws?tunnelId=8ea4d2a0-c795-4f28-8e62-ce91fe827c96&tcId=c6bf5fdd57d8548da5d53245151cf0e7\"}",
        "dataEncode": "json",
        "signature": "ea97f889693911fa0bc6131e71ee8d6236dc7030"
    },
    "[耗时]": "316ms"
}

[2019-03-10 16:05:00][DEBUG] ITunnelHandler [onRequest] => {
    "tunnelId": "8ea4d2a0-c795-4f28-8e62-ce91fe827c96"
}

[2019-03-10 17:44:06][DEBUG] POST https://tunnel.ws.qcloud.la/get/wsurl => [200] {
    "[请求]": {
        "data": "{\"receiveUrl\":\"http:\/\/58.87.119.233\/bjks\/index.php\",\"protocolType\":\"wss\"}",
        "tcId": "c6bf5fdd57d8548da5d53245151cf0e7",
        "tcKey": "sdfsdfsdfsdfjk",
        "signature": "695405bf0a692ebd533649be4114f591aa6e94c8"
    },
    "[响应]": {
        "code": 0,
        "message": "OK",
        "data": "{\"tunnelId\":\"e8aabafc-1100-4d65-85ac-49fbd1b25dc6\",\"connectUrl\":\"wss:\/\/tunnel.ws.qcloud.la\/qcloud\/ws?tunnelId=e8aabafc-1100-4d65-85ac-49fbd1b25dc6&tcId=c6bf5fdd57d8548da5d53245151cf0e7\"}",
        "dataEncode": "json",
        "signature": "d0a08d5521f0f4b099f5e391881b4ea2fd79e510"
    },
    "[耗时]": "301ms"
}

[2019-03-10 17:44:06][DEBUG] ITunnelHandler [onRequest] => {
    "tunnelId": "e8aabafc-1100-4d65-85ac-49fbd1b25dc6"
}

