[2019-03-27 07:22:21][DEBUG] POST https://tunnel.ws.qcloud.la/get/wsurl => [200] {
    "[请求]": {
        "data": "{\"receiveUrl\":\"http:\/\/58.87.119.233\/bjks\/index.php\",\"protocolType\":\"wss\"}",
        "tcId": "c6bf5fdd57d8548da5d53245151cf0e7",
        "tcKey": "sdfsdfsdfsdfjk",
        "signature": "695405bf0a692ebd533649be4114f591aa6e94c8"
    },
    "[响应]": {
        "code": 0,
        "message": "OK",
        "data": "{\"tunnelId\":\"677459e8-e9ef-4828-8aee-5ea5ed8b1c98\",\"connectUrl\":\"wss:\/\/tunnel.ws.qcloud.la\/qcloud\/ws?tunnelId=677459e8-e9ef-4828-8aee-5ea5ed8b1c98&tcId=c6bf5fdd57d8548da5d53245151cf0e7\"}",
        "dataEncode": "json",
        "signature": "7a0b73a68dd0b4bf40e82d1ab46490406cca9fea"
    },
    "[耗时]": "265ms"
}

[2019-03-27 07:22:21][DEBUG] ITunnelHandler [onRequest] => {
    "tunnelId": "677459e8-e9ef-4828-8aee-5ea5ed8b1c98"
}

[2019-03-27 08:36:36][DEBUG] POST https://tunnel.ws.qcloud.la/get/wsurl => [200] {
    "[请求]": {
        "data": "{\"receiveUrl\":\"http:\/\/58.87.119.233\/bjks\/index.php\",\"protocolType\":\"wss\"}",
        "tcId": "c6bf5fdd57d8548da5d53245151cf0e7",
        "tcKey": "sdfsdfsdfsdfjk",
        "signature": "695405bf0a692ebd533649be4114f591aa6e94c8"
    },
    "[响应]": {
        "code": 0,
        "message": "OK",
        "data": "{\"tunnelId\":\"4043acbc-c8c5-43c8-8e93-043969daaced\",\"connectUrl\":\"wss:\/\/tunnel.ws.qcloud.la\/qcloud\/ws?tunnelId=4043acbc-c8c5-43c8-8e93-043969daaced&tcId=c6bf5fdd57d8548da5d53245151cf0e7\"}",
        "dataEncode": "json",
        "signature": "ae70133c7259f60cebfac226b51a6898bbcf701c"
    },
    "[耗时]": "278ms"
}

[2019-03-27 08:36:36][DEBUG] ITunnelHandler [onRequest] => {
    "tunnelId": "4043acbc-c8c5-43c8-8e93-043969daaced"
}

[2019-03-27 17:15:59][DEBUG] TunnelService [broadcast] => {
    "tunnelIds": [
        "4043acbc-c8c5-43c8-8e93-043969daaced",
        "5efd6dfd-97e3-408d-aa61-a0ae78ec8e3f"
    ],
    "messageType": "order",
    "messageContent": {
        "who": "system",
        "order_info": {
            "order": {
                "order_id": "1553678159M9TKS",
                "open_id": "omTXr4gljmJuwwuQm3D1EiyYIOzc",
                "address_id": "42",
                "timeStamp": "1553678159",
                "order_date": "2019-03-27 17:15:59",
                "pay_status": "OFFLINE",
                "logistics_status": "",
                "seller_act": "WAIT_PICK",
                "customer_act": "",
                "total_fee": "4095",
                "user_words": "带两箱茅台",
                "nonceStr": "",
                "paySign": "",
                "package": "",
                "out_refund_no": "",
                "picker_id": "",
                "postman_id": "",
                "refund_reason": "",
                "refund_status": ""
            },
            "address": {
                "address_id": "42",
                "open_id": "omTXr4gljmJuwwuQm3D1EiyYIOzc",
                "province": "贵州省",
                "city": "毕节市",
                "county": "七星关区",
                "detail": "半岛水湾",
                "name": "大哥大",
                "telphone": "13985877756",
                "default_address": "1"
            },
            "goods_list": [
                {
                    "order_id": "1553678159M9TKS",
                    "goods_id": "15",
                    "count": "1",
                    "size": null,
                    "color": null,
                    "evaluation": null,
                    "name": "茅台飞天43度500mL*2瓶酱香型白酒",
                    "face_img": "https:\/\/img.alicdn.com\/imgextra\/i3\/1835543674\/O1CN011d0jcDl9bSVerzX_!!1835543674.jpg",
                    "price": "1998"
                },
                {
                    "order_id": "1553678159M9TKS",
                    "goods_id": "16",
                    "count": "1",
                    "size": null,
                    "color": null,
                    "evaluation": null,
                    "name": "五粮液52度500mL普五浓香型高度白酒",
                    "face_img": "https:\/\/img.alicdn.com\/imgextra\/i2\/726984974\/TB2L_fpaR6xQeBjSszgXXXGPFXa-726984974.jpg",
                    "price": "1089"
                },
                {
                    "order_id": "1553678159M9TKS",
                    "goods_id": "17",
                    "count": "1",
                    "size": null,
                    "color": null,
                    "evaluation": null,
                    "name": "剑南春金剑南K6浓香型白酒52度500ml*6瓶整箱装酒席宴请",
                    "face_img": "https:\/\/img.alicdn.com\/imgextra\/i2\/725677994\/TB2vWoHbChlpuFjSspkXXa1ApXa_!!725677994.jpg",
                    "price": "1008"
                }
            ]
        }
    }
}

[2019-03-27 17:15:59][DEBUG] POST https://tunnel.ws.qcloud.la/ws/push => [200] {
    "[请求]": {
        "data": "[{\"tunnelIds\":[\"4043acbc-c8c5-43c8-8e93-043969daaced\",\"5efd6dfd-97e3-408d-aa61-a0ae78ec8e3f\"],\"type\":\"message\",\"content\":\"{\\\"type\\\":\\\"order\\\",\\\"content\\\":{\\\"who\\\":\\\"system\\\",\\\"order_info\\\":{\\\"order\\\":{\\\"order_id\\\":\\\"1553678159M9TKS\\\",\\\"open_id\\\":\\\"omTXr4gljmJuwwuQm3D1EiyYIOzc\\\",\\\"address_id\\\":\\\"42\\\",\\\"timeStamp\\\":\\\"1553678159\\\",\\\"order_date\\\":\\\"2019-03-27 17:15:59\\\",\\\"pay_status\\\":\\\"OFFLINE\\\",\\\"logistics_status\\\":\\\"\\\",\\\"seller_act\\\":\\\"WAIT_PICK\\\",\\\"customer_act\\\":\\\"\\\",\\\"total_fee\\\":\\\"4095\\\",\\\"user_words\\\":\\\"带两箱茅台\\\",\\\"nonceStr\\\":\\\"\\\",\\\"paySign\\\":\\\"\\\",\\\"package\\\":\\\"\\\",\\\"out_refund_no\\\":\\\"\\\",\\\"picker_id\\\":\\\"\\\",\\\"postman_id\\\":\\\"\\\",\\\"refund_reason\\\":\\\"\\\",\\\"refund_status\\\":\\\"\\\"},\\\"address\\\":{\\\"address_id\\\":\\\"42\\\",\\\"open_id\\\":\\\"omTXr4gljmJuwwuQm3D1EiyYIOzc\\\",\\\"province\\\":\\\"贵州省\\\",\\\"city\\\":\\\"毕节市\\\",\\\"county\\\":\\\"七星关区\\\",\\\"detail\\\":\\\"半岛水湾\\\",\\\"name\\\":\\\"大哥大\\\",\\\"telphone\\\":\\\"13985877756\\\",\\\"default_address\\\":\\\"1\\\"},\\\"goods_list\\\":[{\\\"order_id\\\":\\\"1553678159M9TKS\\\",\\\"goods_id\\\":\\\"15\\\",\\\"count\\\":\\\"1\\\",\\\"size\\\":null,\\\"color\\\":null,\\\"evaluation\\\":null,\\\"name\\\":\\\"茅台飞天43度500mL*2瓶酱香型白酒\\\",\\\"face_img\\\":\\\"https:\/\/img.alicdn.com\/imgextra\/i3\/1835543674\/O1CN011d0jcDl9bSVerzX_!!1835543674.jpg\\\",\\\"price\\\":\\\"1998\\\"},{\\\"order_id\\\":\\\"1553678159M9TKS\\\",\\\"goods_id\\\":\\\"16\\\",\\\"count\\\":\\\"1\\\",\\\"size\\\":null,\\\"color\\\":null,\\\"evaluation\\\":null,\\\"name\\\":\\\"五粮液52度500mL普五浓香型高度白酒\\\",\\\"face_img\\\":\\\"https:\/\/img.alicdn.com\/imgextra\/i2\/726984974\/TB2L_fpaR6xQeBjSszgXXXGPFXa-726984974.jpg\\\",\\\"price\\\":\\\"1089\\\"},{\\\"order_id\\\":\\\"1553678159M9TKS\\\",\\\"goods_id\\\":\\\"17\\\",\\\"count\\\":\\\"1\\\",\\\"size\\\":null,\\\"color\\\":null,\\\"evaluation\\\":null,\\\"name\\\":\\\"剑南春金剑南K6浓香型白酒52度500ml*6瓶整箱装酒席宴请\\\",\\\"face_img\\\":\\\"https:\/\/img.alicdn.com\/imgextra\/i2\/725677994\/TB2vWoHbChlpuFjSspkXXa1ApXa_!!725677994.jpg\\\",\\\"price\\\":\\\"1008\\\"}]}}}\"}]",
        "tcId": "c6bf5fdd57d8548da5d53245151cf0e7",
        "signature": "e533f613d8b5fee45204a178d93655b3511a26f7"
    },
    "[响应]": {
        "code": 0,
        "message": "OK",
        "data": {
            "invalidTunnelIds": [
                "5efd6dfd-97e3-408d-aa61-a0ae78ec8e3f",
                "4043acbc-c8c5-43c8-8e93-043969daaced"
            ]
        }
    },
    "[耗时]": "390ms"
}

[2019-03-27 17:22:58][DEBUG] POST https://tunnel.ws.qcloud.la/get/wsurl => [200] {
    "[请求]": {
        "data": "{\"receiveUrl\":\"http:\/\/58.87.119.233\/bjks\/index.php\",\"protocolType\":\"wss\"}",
        "tcId": "c6bf5fdd57d8548da5d53245151cf0e7",
        "tcKey": "sdfsdfsdfsdfjk",
        "signature": "695405bf0a692ebd533649be4114f591aa6e94c8"
    },
    "[响应]": {
        "code": 0,
        "message": "OK",
        "data": "{\"tunnelId\":\"cf2f12ff-ad8e-4282-a64d-f3f5646341ac\",\"connectUrl\":\"wss:\/\/tunnel.ws.qcloud.la\/qcloud\/ws?tunnelId=cf2f12ff-ad8e-4282-a64d-f3f5646341ac&tcId=c6bf5fdd57d8548da5d53245151cf0e7\"}",
        "dataEncode": "json",
        "signature": "18718e5d2b52105ef5aca95aa24f4535f48e5f4a"
    },
    "[耗时]": "453ms"
}

[2019-03-27 17:22:58][DEBUG] ITunnelHandler [onRequest] => {
    "tunnelId": "cf2f12ff-ad8e-4282-a64d-f3f5646341ac"
}

[2019-03-27 17:24:11][DEBUG] TunnelService [broadcast] => {
    "tunnelIds": [
        "cf2f12ff-ad8e-4282-a64d-f3f5646341ac",
        "5efd6dfd-97e3-408d-aa61-a0ae78ec8e3f"
    ],
    "messageType": "order",
    "messageContent": {
        "who": "system",
        "order_info": {
            "order": {
                "order_id": "1553678651Jffjt",
                "open_id": "omTXr4gljmJuwwuQm3D1EiyYIOzc",
                "address_id": "42",
                "timeStamp": "1553678651",
                "order_date": "2019-03-27 17:24:11",
                "pay_status": "OFFLINE",
                "logistics_status": "",
                "seller_act": "WAIT_PICK",
                "customer_act": "",
                "total_fee": "5.01",
                "user_words": "",
                "nonceStr": "",
                "paySign": "",
                "package": "",
                "out_refund_no": "",
                "picker_id": "",
                "postman_id": "",
                "refund_reason": "",
                "refund_status": ""
            },
            "address": {
                "address_id": "42",
                "open_id": "omTXr4gljmJuwwuQm3D1EiyYIOzc",
                "province": "贵州省",
                "city": "毕节市",
                "county": "七星关区",
                "detail": "半岛水湾",
                "name": "大哥大",
                "telphone": "13985877756",
                "default_address": "1"
            },
            "goods_list": [
                {
                    "order_id": "1553678651Jffjt",
                    "goods_id": "10",
                    "count": "1",
                    "size": null,
                    "color": null,
                    "evaluation": null,
                    "name": "袋装老坛方便面",
                    "face_img": "https:\/\/gd3.alicdn.com\/imgextra\/i3\/0\/O1CN01QgerCr20n2aIVqnsQ_!!0-item_pic.jpg",
                    "price": "0.01"
                },
                {
                    "order_id": "1553678651Jffjt",
                    "goods_id": "12",
                    "count": "1",
                    "size": null,
                    "color": null,
                    "evaluation": null,
                    "name": "韩国辣鸡面",
                    "face_img": "https:\/\/img.alicdn.com\/imgextra\/i4\/3904347384\/O1CN01xO00uF24Pv2qpPWxq_!!3904347384-0-scmitem6000.jpg",
                    "price": "5"
                }
            ]
        }
    }
}

[2019-03-27 17:24:12][DEBUG] POST https://tunnel.ws.qcloud.la/ws/push => [200] {
    "[请求]": {
        "data": "[{\"tunnelIds\":[\"cf2f12ff-ad8e-4282-a64d-f3f5646341ac\",\"5efd6dfd-97e3-408d-aa61-a0ae78ec8e3f\"],\"type\":\"message\",\"content\":\"{\\\"type\\\":\\\"order\\\",\\\"content\\\":{\\\"who\\\":\\\"system\\\",\\\"order_info\\\":{\\\"order\\\":{\\\"order_id\\\":\\\"1553678651Jffjt\\\",\\\"open_id\\\":\\\"omTXr4gljmJuwwuQm3D1EiyYIOzc\\\",\\\"address_id\\\":\\\"42\\\",\\\"timeStamp\\\":\\\"1553678651\\\",\\\"order_date\\\":\\\"2019-03-27 17:24:11\\\",\\\"pay_status\\\":\\\"OFFLINE\\\",\\\"logistics_status\\\":\\\"\\\",\\\"seller_act\\\":\\\"WAIT_PICK\\\",\\\"customer_act\\\":\\\"\\\",\\\"total_fee\\\":\\\"5.01\\\",\\\"user_words\\\":\\\"\\\",\\\"nonceStr\\\":\\\"\\\",\\\"paySign\\\":\\\"\\\",\\\"package\\\":\\\"\\\",\\\"out_refund_no\\\":\\\"\\\",\\\"picker_id\\\":\\\"\\\",\\\"postman_id\\\":\\\"\\\",\\\"refund_reason\\\":\\\"\\\",\\\"refund_status\\\":\\\"\\\"},\\\"address\\\":{\\\"address_id\\\":\\\"42\\\",\\\"open_id\\\":\\\"omTXr4gljmJuwwuQm3D1EiyYIOzc\\\",\\\"province\\\":\\\"贵州省\\\",\\\"city\\\":\\\"毕节市\\\",\\\"county\\\":\\\"七星关区\\\",\\\"detail\\\":\\\"半岛水湾\\\",\\\"name\\\":\\\"大哥大\\\",\\\"telphone\\\":\\\"13985877756\\\",\\\"default_address\\\":\\\"1\\\"},\\\"goods_list\\\":[{\\\"order_id\\\":\\\"1553678651Jffjt\\\",\\\"goods_id\\\":\\\"10\\\",\\\"count\\\":\\\"1\\\",\\\"size\\\":null,\\\"color\\\":null,\\\"evaluation\\\":null,\\\"name\\\":\\\"袋装老坛方便面\\\",\\\"face_img\\\":\\\"https:\/\/gd3.alicdn.com\/imgextra\/i3\/0\/O1CN01QgerCr20n2aIVqnsQ_!!0-item_pic.jpg\\\",\\\"price\\\":\\\"0.01\\\"},{\\\"order_id\\\":\\\"1553678651Jffjt\\\",\\\"goods_id\\\":\\\"12\\\",\\\"count\\\":\\\"1\\\",\\\"size\\\":null,\\\"color\\\":null,\\\"evaluation\\\":null,\\\"name\\\":\\\"韩国辣鸡面\\\",\\\"face_img\\\":\\\"https:\/\/img.alicdn.com\/imgextra\/i4\/3904347384\/O1CN01xO00uF24Pv2qpPWxq_!!3904347384-0-scmitem6000.jpg\\\",\\\"price\\\":\\\"5\\\"}]}}}\"}]",
        "tcId": "c6bf5fdd57d8548da5d53245151cf0e7",
        "signature": "e0b5807a41da158462a7b513e5f76a2cdd7643a3"
    },
    "[响应]": {
        "code": 0,
        "message": "OK",
        "data": {
            "invalidTunnelIds": [
                "5efd6dfd-97e3-408d-aa61-a0ae78ec8e3f"
            ]
        }
    },
    "[耗时]": "309ms"
}

[2019-03-27 18:37:01][DEBUG] TunnelService [broadcast] => {
    "tunnelIds": [
        "cf2f12ff-ad8e-4282-a64d-f3f5646341ac",
        "5efd6dfd-97e3-408d-aa61-a0ae78ec8e3f"
    ],
    "messageType": "order",
    "messageContent": {
        "who": "system",
        "order_info": {
            "order": {
                "order_id": "1553683021IebuA",
                "open_id": "omTXr4hIyW2RgQ3nzN_O8jeGb3wM",
                "address_id": "44",
                "timeStamp": "1553683021",
                "order_date": "2019-03-27 18:37:01",
                "pay_status": "OFFLINE",
                "logistics_status": "",
                "seller_act": "WAIT_PICK",
                "customer_act": "",
                "total_fee": "2101",
                "user_words": "罢了咯啦咯啦咯",
                "nonceStr": "",
                "paySign": "",
                "package": "",
                "out_refund_no": "",
                "picker_id": "",
                "postman_id": "",
                "refund_reason": "",
                "refund_status": ""
            },
            "address": {
                "address_id": "44",
                "open_id": "omTXr4hIyW2RgQ3nzN_O8jeGb3wM",
                "province": "贵州省",
                "city": "毕节市",
                "county": "七星关区",
                "detail": "6栋1单元502",
                "name": "刘老师",
                "telphone": "13985877756",
                "default_address": "1"
            },
            "goods_list": [
                {
                    "order_id": "1553683021IebuA",
                    "goods_id": "16",
                    "count": "1",
                    "size": null,
                    "color": null,
                    "evaluation": null,
                    "name": "五粮液52度500mL普五浓香型高度白酒",
                    "face_img": "https:\/\/img.alicdn.com\/imgextra\/i2\/726984974\/TB2L_fpaR6xQeBjSszgXXXGPFXa-726984974.jpg",
                    "price": "1089"
                },
                {
                    "order_id": "1553683021IebuA",
                    "goods_id": "17",
                    "count": "1",
                    "size": null,
                    "color": null,
                    "evaluation": null,
                    "name": "剑南春金剑南K6浓香型白酒52度500ml*6瓶整箱装酒席宴请",
                    "face_img": "https:\/\/img.alicdn.com\/imgextra\/i2\/725677994\/TB2vWoHbChlpuFjSspkXXa1ApXa_!!725677994.jpg",
                    "price": "1008"
                },
                {
                    "order_id": "1553683021IebuA",
                    "goods_id": "9",
                    "count": "1",
                    "size": null,
                    "color": null,
                    "evaluation": null,
                    "name": "老坛桶装方便面",
                    "face_img": "https:\/\/gd1.alicdn.com\/imgextra\/i1\/2557876680\/TB2KQJ5xHuWBuNjSszgXXb8jVXa_!!2557876680.jpg",
                    "price": "4"
                }
            ]
        }
    }
}

[2019-03-27 18:37:02][DEBUG] POST https://tunnel.ws.qcloud.la/ws/push => [200] {
    "[请求]": {
        "data": "[{\"tunnelIds\":[\"cf2f12ff-ad8e-4282-a64d-f3f5646341ac\",\"5efd6dfd-97e3-408d-aa61-a0ae78ec8e3f\"],\"type\":\"message\",\"content\":\"{\\\"type\\\":\\\"order\\\",\\\"content\\\":{\\\"who\\\":\\\"system\\\",\\\"order_info\\\":{\\\"order\\\":{\\\"order_id\\\":\\\"1553683021IebuA\\\",\\\"open_id\\\":\\\"omTXr4hIyW2RgQ3nzN_O8jeGb3wM\\\",\\\"address_id\\\":\\\"44\\\",\\\"timeStamp\\\":\\\"1553683021\\\",\\\"order_date\\\":\\\"2019-03-27 18:37:01\\\",\\\"pay_status\\\":\\\"OFFLINE\\\",\\\"logistics_status\\\":\\\"\\\",\\\"seller_act\\\":\\\"WAIT_PICK\\\",\\\"customer_act\\\":\\\"\\\",\\\"total_fee\\\":\\\"2101\\\",\\\"user_words\\\":\\\"罢了咯啦咯啦咯\\\",\\\"nonceStr\\\":\\\"\\\",\\\"paySign\\\":\\\"\\\",\\\"package\\\":\\\"\\\",\\\"out_refund_no\\\":\\\"\\\",\\\"picker_id\\\":\\\"\\\",\\\"postman_id\\\":\\\"\\\",\\\"refund_reason\\\":\\\"\\\",\\\"refund_status\\\":\\\"\\\"},\\\"address\\\":{\\\"address_id\\\":\\\"44\\\",\\\"open_id\\\":\\\"omTXr4hIyW2RgQ3nzN_O8jeGb3wM\\\",\\\"province\\\":\\\"贵州省\\\",\\\"city\\\":\\\"毕节市\\\",\\\"county\\\":\\\"七星关区\\\",\\\"detail\\\":\\\"6栋1单元502\\\",\\\"name\\\":\\\"刘老师\\\",\\\"telphone\\\":\\\"13985877756\\\",\\\"default_address\\\":\\\"1\\\"},\\\"goods_list\\\":[{\\\"order_id\\\":\\\"1553683021IebuA\\\",\\\"goods_id\\\":\\\"16\\\",\\\"count\\\":\\\"1\\\",\\\"size\\\":null,\\\"color\\\":null,\\\"evaluation\\\":null,\\\"name\\\":\\\"五粮液52度500mL普五浓香型高度白酒\\\",\\\"face_img\\\":\\\"https:\/\/img.alicdn.com\/imgextra\/i2\/726984974\/TB2L_fpaR6xQeBjSszgXXXGPFXa-726984974.jpg\\\",\\\"price\\\":\\\"1089\\\"},{\\\"order_id\\\":\\\"1553683021IebuA\\\",\\\"goods_id\\\":\\\"17\\\",\\\"count\\\":\\\"1\\\",\\\"size\\\":null,\\\"color\\\":null,\\\"evaluation\\\":null,\\\"name\\\":\\\"剑南春金剑南K6浓香型白酒52度500ml*6瓶整箱装酒席宴请\\\",\\\"face_img\\\":\\\"https:\/\/img.alicdn.com\/imgextra\/i2\/725677994\/TB2vWoHbChlpuFjSspkXXa1ApXa_!!725677994.jpg\\\",\\\"price\\\":\\\"1008\\\"},{\\\"order_id\\\":\\\"1553683021IebuA\\\",\\\"goods_id\\\":\\\"9\\\",\\\"count\\\":\\\"1\\\",\\\"size\\\":null,\\\"color\\\":null,\\\"evaluation\\\":null,\\\"name\\\":\\\"老坛桶装方便面\\\",\\\"face_img\\\":\\\"https:\/\/gd1.alicdn.com\/imgextra\/i1\/2557876680\/TB2KQJ5xHuWBuNjSszgXXb8jVXa_!!2557876680.jpg\\\",\\\"price\\\":\\\"4\\\"}]}}}\"}]",
        "tcId": "c6bf5fdd57d8548da5d53245151cf0e7",
        "signature": "55469f83a5308a9056c003de9fc656cc7fe54919"
    },
    "[响应]": {
        "code": 0,
        "message": "OK",
        "data": {
            "invalidTunnelIds": [
                "5efd6dfd-97e3-408d-aa61-a0ae78ec8e3f",
                "cf2f12ff-ad8e-4282-a64d-f3f5646341ac"
            ]
        }
    },
    "[耗时]": "341ms"
}

[2019-03-27 18:37:23][DEBUG] POST https://tunnel.ws.qcloud.la/get/wsurl => [200] {
    "[请求]": {
        "data": "{\"receiveUrl\":\"http:\/\/58.87.119.233\/bjks\/index.php\",\"protocolType\":\"wss\"}",
        "tcId": "c6bf5fdd57d8548da5d53245151cf0e7",
        "tcKey": "sdfsdfsdfsdfjk",
        "signature": "695405bf0a692ebd533649be4114f591aa6e94c8"
    },
    "[响应]": {
        "code": 0,
        "message": "OK",
        "data": "{\"tunnelId\":\"39787827-6fff-438f-9b47-64e8a2fe1558\",\"connectUrl\":\"wss:\/\/tunnel.ws.qcloud.la\/qcloud\/ws?tunnelId=39787827-6fff-438f-9b47-64e8a2fe1558&tcId=c6bf5fdd57d8548da5d53245151cf0e7\"}",
        "dataEncode": "json",
        "signature": "5d31cacffe3b5b12d99e04a0e81eb49d42165db8"
    },
    "[耗时]": "263ms"
}

[2019-03-27 18:37:23][DEBUG] ITunnelHandler [onRequest] => {
    "tunnelId": "39787827-6fff-438f-9b47-64e8a2fe1558"
}

[2019-03-27 18:37:27][DEBUG] TunnelService [broadcast] => {
    "tunnelIds": [
        "39787827-6fff-438f-9b47-64e8a2fe1558",
        "5efd6dfd-97e3-408d-aa61-a0ae78ec8e3f"
    ],
    "messageType": "picked",
    "messageContent": {
        "order_id": "1553521886VhMhT"
    }
}

[2019-03-27 18:37:27][DEBUG] POST https://tunnel.ws.qcloud.la/ws/push => [200] {
    "[请求]": {
        "data": "[{\"tunnelIds\":[\"39787827-6fff-438f-9b47-64e8a2fe1558\",\"5efd6dfd-97e3-408d-aa61-a0ae78ec8e3f\"],\"type\":\"message\",\"content\":\"{\\\"type\\\":\\\"picked\\\",\\\"content\\\":{\\\"order_id\\\":\\\"1553521886VhMhT\\\"}}\"}]",
        "tcId": "c6bf5fdd57d8548da5d53245151cf0e7",
        "signature": "70fd46b85bf8fdc9436cae517b6a1970462ce543"
    },
    "[响应]": {
        "code": 0,
        "message": "OK",
        "data": {
            "invalidTunnelIds": [
                "5efd6dfd-97e3-408d-aa61-a0ae78ec8e3f"
            ]
        }
    },
    "[耗时]": "188ms"
}

[2019-03-27 18:37:39][DEBUG] TunnelService [broadcast] => {
    "tunnelIds": [
        "39787827-6fff-438f-9b47-64e8a2fe1558",
        "5efd6dfd-97e3-408d-aa61-a0ae78ec8e3f"
    ],
    "messageType": "delivery",
    "messageContent": {
        "order_info": {
            "order": {
                "order_id": "1553605153N49PS",
                "open_id": "omTXr4hIyW2RgQ3nzN_O8jeGb3wM",
                "address_id": "44",
                "timeStamp": "1553605153",
                "order_date": "2019-03-26 20:59:13",
                "pay_status": "OFFLINE",
                "logistics_status": "",
                "seller_act": "DELIVERY",
                "customer_act": "",
                "total_fee": "4095",
                "user_words": "人生需要努力，有一个目标然后我们想尽一切办法去将它实现",
                "nonceStr": "",
                "paySign": "",
                "package": "",
                "out_refund_no": "",
                "picker_id": "omTXr4hIyW2RgQ3nzN_O8jeGb3wM",
                "postman_id": "",
                "refund_reason": "",
                "refund_status": ""
            },
            "address": {
                "address_id": "44",
                "open_id": "omTXr4hIyW2RgQ3nzN_O8jeGb3wM",
                "province": "贵州省",
                "city": "毕节市",
                "county": "七星关区",
                "detail": "6栋1单元502",
                "name": "刘老师",
                "telphone": "13985877756",
                "default_address": "1"
            },
            "goods_list": [
                {
                    "order_id": "1553605153N49PS",
                    "goods_id": "15",
                    "count": "1",
                    "size": null,
                    "color": null,
                    "evaluation": null,
                    "name": "茅台飞天43度500mL*2瓶酱香型白酒",
                    "face_img": "https:\/\/img.alicdn.com\/imgextra\/i3\/1835543674\/O1CN011d0jcDl9bSVerzX_!!1835543674.jpg",
                    "price": "1998"
                },
                {
                    "order_id": "1553605153N49PS",
                    "goods_id": "16",
                    "count": "1",
                    "size": null,
                    "color": null,
                    "evaluation": null,
                    "name": "五粮液52度500mL普五浓香型高度白酒",
                    "face_img": "https:\/\/img.alicdn.com\/imgextra\/i2\/726984974\/TB2L_fpaR6xQeBjSszgXXXGPFXa-726984974.jpg",
                    "price": "1089"
                },
                {
                    "order_id": "1553605153N49PS",
                    "goods_id": "17",
                    "count": "1",
                    "size": null,
                    "color": null,
                    "evaluation": null,
                    "name": "剑南春金剑南K6浓香型白酒52度500ml*6瓶整箱装酒席宴请",
                    "face_img": "https:\/\/img.alicdn.com\/imgextra\/i2\/725677994\/TB2vWoHbChlpuFjSspkXXa1ApXa_!!725677994.jpg",
                    "price": "1008"
                }
            ]
        }
    }
}

[2019-03-27 18:37:40][DEBUG] POST https://tunnel.ws.qcloud.la/ws/push => [200] {
    "[请求]": {
        "data": "[{\"tunnelIds\":[\"39787827-6fff-438f-9b47-64e8a2fe1558\",\"5efd6dfd-97e3-408d-aa61-a0ae78ec8e3f\"],\"type\":\"message\",\"content\":\"{\\\"type\\\":\\\"delivery\\\",\\\"content\\\":{\\\"order_info\\\":{\\\"order\\\":{\\\"order_id\\\":\\\"1553605153N49PS\\\",\\\"open_id\\\":\\\"omTXr4hIyW2RgQ3nzN_O8jeGb3wM\\\",\\\"address_id\\\":\\\"44\\\",\\\"timeStamp\\\":\\\"1553605153\\\",\\\"order_date\\\":\\\"2019-03-26 20:59:13\\\",\\\"pay_status\\\":\\\"OFFLINE\\\",\\\"logistics_status\\\":\\\"\\\",\\\"seller_act\\\":\\\"DELIVERY\\\",\\\"customer_act\\\":\\\"\\\",\\\"total_fee\\\":\\\"4095\\\",\\\"user_words\\\":\\\"人生需要努力，有一个目标然后我们想尽一切办法去将它实现\\\",\\\"nonceStr\\\":\\\"\\\",\\\"paySign\\\":\\\"\\\",\\\"package\\\":\\\"\\\",\\\"out_refund_no\\\":\\\"\\\",\\\"picker_id\\\":\\\"omTXr4hIyW2RgQ3nzN_O8jeGb3wM\\\",\\\"postman_id\\\":\\\"\\\",\\\"refund_reason\\\":\\\"\\\",\\\"refund_status\\\":\\\"\\\"},\\\"address\\\":{\\\"address_id\\\":\\\"44\\\",\\\"open_id\\\":\\\"omTXr4hIyW2RgQ3nzN_O8jeGb3wM\\\",\\\"province\\\":\\\"贵州省\\\",\\\"city\\\":\\\"毕节市\\\",\\\"county\\\":\\\"七星关区\\\",\\\"detail\\\":\\\"6栋1单元502\\\",\\\"name\\\":\\\"刘老师\\\",\\\"telphone\\\":\\\"13985877756\\\",\\\"default_address\\\":\\\"1\\\"},\\\"goods_list\\\":[{\\\"order_id\\\":\\\"1553605153N49PS\\\",\\\"goods_id\\\":\\\"15\\\",\\\"count\\\":\\\"1\\\",\\\"size\\\":null,\\\"color\\\":null,\\\"evaluation\\\":null,\\\"name\\\":\\\"茅台飞天43度500mL*2瓶酱香型白酒\\\",\\\"face_img\\\":\\\"https:\/\/img.alicdn.com\/imgextra\/i3\/1835543674\/O1CN011d0jcDl9bSVerzX_!!1835543674.jpg\\\",\\\"price\\\":\\\"1998\\\"},{\\\"order_id\\\":\\\"1553605153N49PS\\\",\\\"goods_id\\\":\\\"16\\\",\\\"count\\\":\\\"1\\\",\\\"size\\\":null,\\\"color\\\":null,\\\"evaluation\\\":null,\\\"name\\\":\\\"五粮液52度500mL普五浓香型高度白酒\\\",\\\"face_img\\\":\\\"https:\/\/img.alicdn.com\/imgextra\/i2\/726984974\/TB2L_fpaR6xQeBjSszgXXXGPFXa-726984974.jpg\\\",\\\"price\\\":\\\"1089\\\"},{\\\"order_id\\\":\\\"1553605153N49PS\\\",\\\"goods_id\\\":\\\"17\\\",\\\"count\\\":\\\"1\\\",\\\"size\\\":null,\\\"color\\\":null,\\\"evaluation\\\":null,\\\"name\\\":\\\"剑南春金剑南K6浓香型白酒52度500ml*6瓶整箱装酒席宴请\\\",\\\"face_img\\\":\\\"https:\/\/img.alicdn.com\/imgextra\/i2\/725677994\/TB2vWoHbChlpuFjSspkXXa1ApXa_!!725677994.jpg\\\",\\\"price\\\":\\\"1008\\\"}]}}}\"}]",
        "tcId": "c6bf5fdd57d8548da5d53245151cf0e7",
        "signature": "b9d41ceb9ee2abe099a727933454b6cdda6e601a"
    },
    "[响应]": {
        "code": 0,
        "message": "OK",
        "data": {
            "invalidTunnelIds": [
                "5efd6dfd-97e3-408d-aa61-a0ae78ec8e3f"
            ]
        }
    },
    "[耗时]": "625ms"
}

[2019-03-27 18:37:52][DEBUG] POST https://tunnel.ws.qcloud.la/get/wsurl => [200] {
    "[请求]": {
        "data": "{\"receiveUrl\":\"http:\/\/58.87.119.233\/bjks\/index.php\",\"protocolType\":\"wss\"}",
        "tcId": "c6bf5fdd57d8548da5d53245151cf0e7",
        "tcKey": "sdfsdfsdfsdfjk",
        "signature": "695405bf0a692ebd533649be4114f591aa6e94c8"
    },
    "[响应]": {
        "code": 0,
        "message": "OK",
        "data": "{\"tunnelId\":\"fe493bba-9166-45ab-80d4-d4bcb84105c2\",\"connectUrl\":\"wss:\/\/tunnel.ws.qcloud.la\/qcloud\/ws?tunnelId=fe493bba-9166-45ab-80d4-d4bcb84105c2&tcId=c6bf5fdd57d8548da5d53245151cf0e7\"}",
        "dataEncode": "json",
        "signature": "f6e5c150b8396777218e9f6fbb22857b27776931"
    },
    "[耗时]": "302ms"
}

[2019-03-27 18:37:52][DEBUG] ITunnelHandler [onRequest] => {
    "tunnelId": "fe493bba-9166-45ab-80d4-d4bcb84105c2"
}

[2019-03-27 18:37:58][DEBUG] TunnelService [broadcast] => {
    "tunnelIds": [
        "fe493bba-9166-45ab-80d4-d4bcb84105c2",
        "5efd6dfd-97e3-408d-aa61-a0ae78ec8e3f"
    ],
    "messageType": "user_signed",
    "messageContent": {
        "order_id": "1553506356UlBGN"
    }
}

[2019-03-27 18:37:58][DEBUG] POST https://tunnel.ws.qcloud.la/ws/push => [200] {
    "[请求]": {
        "data": "[{\"tunnelIds\":[\"fe493bba-9166-45ab-80d4-d4bcb84105c2\",\"5efd6dfd-97e3-408d-aa61-a0ae78ec8e3f\"],\"type\":\"message\",\"content\":\"{\\\"type\\\":\\\"user_signed\\\",\\\"content\\\":{\\\"order_id\\\":\\\"1553506356UlBGN\\\"}}\"}]",
        "tcId": "c6bf5fdd57d8548da5d53245151cf0e7",
        "signature": "d30b52c516ce9a91d5f2f9df3acbacf26f828eaf"
    },
    "[响应]": {
        "code": 0,
        "message": "OK",
        "data": {
            "invalidTunnelIds": [
                "5efd6dfd-97e3-408d-aa61-a0ae78ec8e3f"
            ]
        }
    },
    "[耗时]": "215ms"
}

[2019-03-27 18:38:08][DEBUG] POST https://tunnel.ws.qcloud.la/get/wsurl => [200] {
    "[请求]": {
        "data": "{\"receiveUrl\":\"http:\/\/58.87.119.233\/bjks\/index.php\",\"protocolType\":\"wss\"}",
        "tcId": "c6bf5fdd57d8548da5d53245151cf0e7",
        "tcKey": "sdfsdfsdfsdfjk",
        "signature": "695405bf0a692ebd533649be4114f591aa6e94c8"
    },
    "[响应]": {
        "code": 0,
        "message": "OK",
        "data": "{\"tunnelId\":\"564cdae8-b911-483b-a3fc-bf4a6433e4f7\",\"connectUrl\":\"wss:\/\/tunnel.ws.qcloud.la\/qcloud\/ws?tunnelId=564cdae8-b911-483b-a3fc-bf4a6433e4f7&tcId=c6bf5fdd57d8548da5d53245151cf0e7\"}",
        "dataEncode": "json",
        "signature": "e7f9f148be2fb91fd859a429503af861ed63edb7"
    },
    "[耗时]": "184ms"
}

[2019-03-27 18:38:08][DEBUG] ITunnelHandler [onRequest] => {
    "tunnelId": "564cdae8-b911-483b-a3fc-bf4a6433e4f7"
}

[2019-03-27 18:38:21][DEBUG] TunnelService [broadcast] => {
    "tunnelIds": [
        "564cdae8-b911-483b-a3fc-bf4a6433e4f7",
        "5efd6dfd-97e3-408d-aa61-a0ae78ec8e3f"
    ],
    "messageType": "picked",
    "messageContent": {
        "order_id": "1553561566d2lRM"
    }
}

[2019-03-27 18:38:21][DEBUG] POST https://tunnel.ws.qcloud.la/ws/push => [200] {
    "[请求]": {
        "data": "[{\"tunnelIds\":[\"564cdae8-b911-483b-a3fc-bf4a6433e4f7\",\"5efd6dfd-97e3-408d-aa61-a0ae78ec8e3f\"],\"type\":\"message\",\"content\":\"{\\\"type\\\":\\\"picked\\\",\\\"content\\\":{\\\"order_id\\\":\\\"1553561566d2lRM\\\"}}\"}]",
        "tcId": "c6bf5fdd57d8548da5d53245151cf0e7",
        "signature": "9ea0b0ad593cd32e27999f0427e68a4f4770f122"
    },
    "[响应]": {
        "code": 0,
        "message": "OK",
        "data": {
            "invalidTunnelIds": [
                "5efd6dfd-97e3-408d-aa61-a0ae78ec8e3f"
            ]
        }
    },
    "[耗时]": "182ms"
}

[2019-03-27 18:42:43][DEBUG] POST https://tunnel.ws.qcloud.la/get/wsurl => [200] {
    "[请求]": {
        "data": "{\"receiveUrl\":\"http:\/\/58.87.119.233\/bjks\/index.php\",\"protocolType\":\"wss\"}",
        "tcId": "c6bf5fdd57d8548da5d53245151cf0e7",
        "tcKey": "sdfsdfsdfsdfjk",
        "signature": "695405bf0a692ebd533649be4114f591aa6e94c8"
    },
    "[响应]": {
        "code": 0,
        "message": "OK",
        "data": "{\"tunnelId\":\"31faa1b7-f5ca-40e4-a758-29145979e064\",\"connectUrl\":\"wss:\/\/tunnel.ws.qcloud.la\/qcloud\/ws?tunnelId=31faa1b7-f5ca-40e4-a758-29145979e064&tcId=c6bf5fdd57d8548da5d53245151cf0e7\"}",
        "dataEncode": "json",
        "signature": "14066333d3b6e5e21c0c6f13ba1a202e7dc70e95"
    },
    "[耗时]": "299ms"
}

[2019-03-27 18:42:43][DEBUG] ITunnelHandler [onRequest] => {
    "tunnelId": "31faa1b7-f5ca-40e4-a758-29145979e064"
}

[2019-03-27 19:06:53][DEBUG] POST https://tunnel.ws.qcloud.la/get/wsurl => [200] {
    "[请求]": {
        "data": "{\"receiveUrl\":\"http:\/\/58.87.119.233\/bjks\/index.php\",\"protocolType\":\"wss\"}",
        "tcId": "c6bf5fdd57d8548da5d53245151cf0e7",
        "tcKey": "sdfsdfsdfsdfjk",
        "signature": "695405bf0a692ebd533649be4114f591aa6e94c8"
    },
    "[响应]": {
        "code": 0,
        "message": "OK",
        "data": "{\"tunnelId\":\"bc17dff2-b340-41dd-a3e9-e974e6eea205\",\"connectUrl\":\"wss:\/\/tunnel.ws.qcloud.la\/qcloud\/ws?tunnelId=bc17dff2-b340-41dd-a3e9-e974e6eea205&tcId=c6bf5fdd57d8548da5d53245151cf0e7\"}",
        "dataEncode": "json",
        "signature": "68f694d658921932a0b567e2b55a510994183b0a"
    },
    "[耗时]": "285ms"
}

[2019-03-27 19:06:53][DEBUG] ITunnelHandler [onRequest] => {
    "tunnelId": "bc17dff2-b340-41dd-a3e9-e974e6eea205"
}

[2019-03-27 20:22:00][DEBUG] POST https://tunnel.ws.qcloud.la/get/wsurl => [200] {
    "[请求]": {
        "data": "{\"receiveUrl\":\"http:\/\/58.87.119.233\/bjks\/index.php\",\"protocolType\":\"wss\"}",
        "tcId": "c6bf5fdd57d8548da5d53245151cf0e7",
        "tcKey": "sdfsdfsdfsdfjk",
        "signature": "695405bf0a692ebd533649be4114f591aa6e94c8"
    },
    "[响应]": {
        "code": 0,
        "message": "OK",
        "data": "{\"tunnelId\":\"01430808-bd55-465f-9817-abee298d2798\",\"connectUrl\":\"wss:\/\/tunnel.ws.qcloud.la\/qcloud\/ws?tunnelId=01430808-bd55-465f-9817-abee298d2798&tcId=c6bf5fdd57d8548da5d53245151cf0e7\"}",
        "dataEncode": "json",
        "signature": "47cd7694e6583a2e26bc3397dc7ea00c2c473ce6"
    },
    "[耗时]": "570ms"
}

[2019-03-27 20:22:00][DEBUG] ITunnelHandler [onRequest] => {
    "tunnelId": "01430808-bd55-465f-9817-abee298d2798"
}

[2019-03-27 20:23:17][DEBUG] POST https://tunnel.ws.qcloud.la/get/wsurl => [200] {
    "[请求]": {
        "data": "{\"receiveUrl\":\"http:\/\/58.87.119.233\/bjks\/index.php\",\"protocolType\":\"wss\"}",
        "tcId": "c6bf5fdd57d8548da5d53245151cf0e7",
        "tcKey": "sdfsdfsdfsdfjk",
        "signature": "695405bf0a692ebd533649be4114f591aa6e94c8"
    },
    "[响应]": {
        "code": 0,
        "message": "OK",
        "data": "{\"tunnelId\":\"89cb4dd1-4ca4-42f5-ac58-206f3bb08ef5\",\"connectUrl\":\"wss:\/\/tunnel.ws.qcloud.la\/qcloud\/ws?tunnelId=89cb4dd1-4ca4-42f5-ac58-206f3bb08ef5&tcId=c6bf5fdd57d8548da5d53245151cf0e7\"}",
        "dataEncode": "json",
        "signature": "4eb655ed3206f815ae129e6a7deeb33fa8d8e514"
    },
    "[耗时]": "279ms"
}

[2019-03-27 20:23:17][DEBUG] ITunnelHandler [onRequest] => {
    "tunnelId": "89cb4dd1-4ca4-42f5-ac58-206f3bb08ef5"
}

[2019-03-27 20:38:36][DEBUG] POST https://tunnel.ws.qcloud.la/get/wsurl => [200] {
    "[请求]": {
        "data": "{\"receiveUrl\":\"http:\/\/58.87.119.233\/bjks\/index.php\",\"protocolType\":\"wss\"}",
        "tcId": "c6bf5fdd57d8548da5d53245151cf0e7",
        "tcKey": "sdfsdfsdfsdfjk",
        "signature": "695405bf0a692ebd533649be4114f591aa6e94c8"
    },
    "[响应]": {
        "code": 0,
        "message": "OK",
        "data": "{\"tunnelId\":\"04e5ec1c-397d-4151-a577-84bb67845286\",\"connectUrl\":\"wss:\/\/tunnel.ws.qcloud.la\/qcloud\/ws?tunnelId=04e5ec1c-397d-4151-a577-84bb67845286&tcId=c6bf5fdd57d8548da5d53245151cf0e7\"}",
        "dataEncode": "json",
        "signature": "49484a66ef5adc0f8ed36d9774f1ad25be60934d"
    },
    "[耗时]": "277ms"
}

[2019-03-27 20:38:36][DEBUG] ITunnelHandler [onRequest] => {
    "tunnelId": "04e5ec1c-397d-4151-a577-84bb67845286"
}

[2019-03-27 20:49:51][DEBUG] TunnelService [broadcast] => {
    "tunnelIds": [
        "04e5ec1c-397d-4151-a577-84bb67845286",
        "5efd6dfd-97e3-408d-aa61-a0ae78ec8e3f"
    ],
    "messageType": "order",
    "messageContent": {
        "who": "system",
        "order_info": {
            "order": {
                "order_id": "15536909914QYis",
                "open_id": "omTXr4gljmJuwwuQm3D1EiyYIOzc",
                "address_id": "42",
                "timeStamp": "1553690991",
                "order_date": "2019-03-27 20:49:51",
                "pay_status": "OFFLINE",
                "logistics_status": "",
                "seller_act": "WAIT_PICK",
                "customer_act": "",
                "total_fee": "2011",
                "user_words": "啦啦啦啦啦啦",
                "nonceStr": "",
                "paySign": "",
                "package": "",
                "out_refund_no": "",
                "picker_id": "",
                "postman_id": "",
                "refund_reason": "",
                "refund_status": ""
            },
            "address": {
                "address_id": "42",
                "open_id": "omTXr4gljmJuwwuQm3D1EiyYIOzc",
                "province": "贵州省",
                "city": "毕节市",
                "county": "七星关区",
                "detail": "半岛水湾",
                "name": "大哥大",
                "telphone": "13985877756",
                "default_address": "1"
            },
            "goods_list": [
                {
                    "order_id": "15536909914QYis",
                    "goods_id": "15",
                    "count": "1",
                    "size": null,
                    "color": null,
                    "evaluation": null,
                    "name": "茅台飞天43度500mL*2瓶酱香型白酒",
                    "face_img": "https:\/\/img.alicdn.com\/imgextra\/i3\/1835543674\/O1CN011d0jcDl9bSVerzX_!!1835543674.jpg",
                    "price": "1998"
                },
                {
                    "order_id": "15536909914QYis",
                    "goods_id": "18",
                    "count": "1",
                    "size": null,
                    "color": null,
                    "evaluation": null,
                    "name": "红星二锅头酒大二绿瓶56度 500ml",
                    "face_img": "https:\/\/img.alicdn.com\/imgextra\/i2\/2200629337422\/O1CN01Tnw3SA24hK5yJ21BF_!!2200629337422-0-scmitem6000.jpg",
                    "price": "13"
                }
            ]
        }
    }
}

[2019-03-27 20:49:52][DEBUG] POST https://tunnel.ws.qcloud.la/ws/push => [200] {
    "[请求]": {
        "data": "[{\"tunnelIds\":[\"04e5ec1c-397d-4151-a577-84bb67845286\",\"5efd6dfd-97e3-408d-aa61-a0ae78ec8e3f\"],\"type\":\"message\",\"content\":\"{\\\"type\\\":\\\"order\\\",\\\"content\\\":{\\\"who\\\":\\\"system\\\",\\\"order_info\\\":{\\\"order\\\":{\\\"order_id\\\":\\\"15536909914QYis\\\",\\\"open_id\\\":\\\"omTXr4gljmJuwwuQm3D1EiyYIOzc\\\",\\\"address_id\\\":\\\"42\\\",\\\"timeStamp\\\":\\\"1553690991\\\",\\\"order_date\\\":\\\"2019-03-27 20:49:51\\\",\\\"pay_status\\\":\\\"OFFLINE\\\",\\\"logistics_status\\\":\\\"\\\",\\\"seller_act\\\":\\\"WAIT_PICK\\\",\\\"customer_act\\\":\\\"\\\",\\\"total_fee\\\":\\\"2011\\\",\\\"user_words\\\":\\\"啦啦啦啦啦啦\\\",\\\"nonceStr\\\":\\\"\\\",\\\"paySign\\\":\\\"\\\",\\\"package\\\":\\\"\\\",\\\"out_refund_no\\\":\\\"\\\",\\\"picker_id\\\":\\\"\\\",\\\"postman_id\\\":\\\"\\\",\\\"refund_reason\\\":\\\"\\\",\\\"refund_status\\\":\\\"\\\"},\\\"address\\\":{\\\"address_id\\\":\\\"42\\\",\\\"open_id\\\":\\\"omTXr4gljmJuwwuQm3D1EiyYIOzc\\\",\\\"province\\\":\\\"贵州省\\\",\\\"city\\\":\\\"毕节市\\\",\\\"county\\\":\\\"七星关区\\\",\\\"detail\\\":\\\"半岛水湾\\\",\\\"name\\\":\\\"大哥大\\\",\\\"telphone\\\":\\\"13985877756\\\",\\\"default_address\\\":\\\"1\\\"},\\\"goods_list\\\":[{\\\"order_id\\\":\\\"15536909914QYis\\\",\\\"goods_id\\\":\\\"15\\\",\\\"count\\\":\\\"1\\\",\\\"size\\\":null,\\\"color\\\":null,\\\"evaluation\\\":null,\\\"name\\\":\\\"茅台飞天43度500mL*2瓶酱香型白酒\\\",\\\"face_img\\\":\\\"https:\/\/img.alicdn.com\/imgextra\/i3\/1835543674\/O1CN011d0jcDl9bSVerzX_!!1835543674.jpg\\\",\\\"price\\\":\\\"1998\\\"},{\\\"order_id\\\":\\\"15536909914QYis\\\",\\\"goods_id\\\":\\\"18\\\",\\\"count\\\":\\\"1\\\",\\\"size\\\":null,\\\"color\\\":null,\\\"evaluation\\\":null,\\\"name\\\":\\\"红星二锅头酒大二绿瓶56度 500ml\\\",\\\"face_img\\\":\\\"https:\/\/img.alicdn.com\/imgextra\/i2\/2200629337422\/O1CN01Tnw3SA24hK5yJ21BF_!!2200629337422-0-scmitem6000.jpg\\\",\\\"price\\\":\\\"13\\\"}]}}}\"}]",
        "tcId": "c6bf5fdd57d8548da5d53245151cf0e7",
        "signature": "8a321841322a47deda15c76f343127f788160b78"
    },
    "[响应]": {
        "code": 0,
        "message": "OK",
        "data": {
            "invalidTunnelIds": [
                "5efd6dfd-97e3-408d-aa61-a0ae78ec8e3f",
                "04e5ec1c-397d-4151-a577-84bb67845286"
            ]
        }
    },
    "[耗时]": "372ms"
}

[2019-03-27 20:50:15][DEBUG] POST https://tunnel.ws.qcloud.la/get/wsurl => [200] {
    "[请求]": {
        "data": "{\"receiveUrl\":\"http:\/\/58.87.119.233\/bjks\/index.php\",\"protocolType\":\"wss\"}",
        "tcId": "c6bf5fdd57d8548da5d53245151cf0e7",
        "tcKey": "sdfsdfsdfsdfjk",
        "signature": "695405bf0a692ebd533649be4114f591aa6e94c8"
    },
    "[响应]": {
        "code": 0,
        "message": "OK",
        "data": "{\"tunnelId\":\"af56fd5f-4f12-4d79-9f58-f6a6c3e293a1\",\"connectUrl\":\"wss:\/\/tunnel.ws.qcloud.la\/qcloud\/ws?tunnelId=af56fd5f-4f12-4d79-9f58-f6a6c3e293a1&tcId=c6bf5fdd57d8548da5d53245151cf0e7\"}",
        "dataEncode": "json",
        "signature": "9f1c72cb7c3e3d76f804f22bcf5913eeb8d3d289"
    },
    "[耗时]": "228ms"
}

[2019-03-27 20:50:15][DEBUG] ITunnelHandler [onRequest] => {
    "tunnelId": "af56fd5f-4f12-4d79-9f58-f6a6c3e293a1"
}

[2019-03-27 20:50:27][DEBUG] TunnelService [broadcast] => {
    "tunnelIds": [
        "af56fd5f-4f12-4d79-9f58-f6a6c3e293a1",
        "5efd6dfd-97e3-408d-aa61-a0ae78ec8e3f"
    ],
    "messageType": "picked",
    "messageContent": {
        "order_id": "15536909914QYis"
    }
}

[2019-03-27 20:50:27][DEBUG] POST https://tunnel.ws.qcloud.la/ws/push => [200] {
    "[请求]": {
        "data": "[{\"tunnelIds\":[\"af56fd5f-4f12-4d79-9f58-f6a6c3e293a1\",\"5efd6dfd-97e3-408d-aa61-a0ae78ec8e3f\"],\"type\":\"message\",\"content\":\"{\\\"type\\\":\\\"picked\\\",\\\"content\\\":{\\\"order_id\\\":\\\"15536909914QYis\\\"}}\"}]",
        "tcId": "c6bf5fdd57d8548da5d53245151cf0e7",
        "signature": "9323b75be8fdac9e0e1ec348ba0068e5c7395d4d"
    },
    "[响应]": {
        "code": 0,
        "message": "OK",
        "data": {
            "invalidTunnelIds": [
                "5efd6dfd-97e3-408d-aa61-a0ae78ec8e3f"
            ]
        }
    },
    "[耗时]": "220ms"
}

[2019-03-27 20:50:27][DEBUG] TunnelService [broadcast] => {
    "tunnelIds": [
        "af56fd5f-4f12-4d79-9f58-f6a6c3e293a1",
        "5efd6dfd-97e3-408d-aa61-a0ae78ec8e3f"
    ],
    "messageType": "picked",
    "messageContent": {
        "order_id": "15536909914QYis"
    }
}

[2019-03-27 20:50:28][DEBUG] POST https://tunnel.ws.qcloud.la/ws/push => [200] {
    "[请求]": {
        "data": "[{\"tunnelIds\":[\"af56fd5f-4f12-4d79-9f58-f6a6c3e293a1\",\"5efd6dfd-97e3-408d-aa61-a0ae78ec8e3f\"],\"type\":\"message\",\"content\":\"{\\\"type\\\":\\\"picked\\\",\\\"content\\\":{\\\"order_id\\\":\\\"15536909914QYis\\\"}}\"}]",
        "tcId": "c6bf5fdd57d8548da5d53245151cf0e7",
        "signature": "9323b75be8fdac9e0e1ec348ba0068e5c7395d4d"
    },
    "[响应]": {
        "code": 0,
        "message": "OK",
        "data": {
            "invalidTunnelIds": [
                "5efd6dfd-97e3-408d-aa61-a0ae78ec8e3f"
            ]
        }
    },
    "[耗时]": "236ms"
}

[2019-03-27 20:50:28][DEBUG] TunnelService [broadcast] => {
    "tunnelIds": [
        "af56fd5f-4f12-4d79-9f58-f6a6c3e293a1",
        "5efd6dfd-97e3-408d-aa61-a0ae78ec8e3f"
    ],
    "messageType": "picked",
    "messageContent": {
        "order_id": "15536909914QYis"
    }
}

[2019-03-27 20:50:28][DEBUG] POST https://tunnel.ws.qcloud.la/ws/push => [200] {
    "[请求]": {
        "data": "[{\"tunnelIds\":[\"af56fd5f-4f12-4d79-9f58-f6a6c3e293a1\",\"5efd6dfd-97e3-408d-aa61-a0ae78ec8e3f\"],\"type\":\"message\",\"content\":\"{\\\"type\\\":\\\"picked\\\",\\\"content\\\":{\\\"order_id\\\":\\\"15536909914QYis\\\"}}\"}]",
        "tcId": "c6bf5fdd57d8548da5d53245151cf0e7",
        "signature": "9323b75be8fdac9e0e1ec348ba0068e5c7395d4d"
    },
    "[响应]": {
        "code": 0,
        "message": "OK",
        "data": {
            "invalidTunnelIds": [
                "5efd6dfd-97e3-408d-aa61-a0ae78ec8e3f"
            ]
        }
    },
    "[耗时]": "284ms"
}

[2019-03-27 20:50:57][DEBUG] TunnelService [broadcast] => {
    "tunnelIds": [
        "af56fd5f-4f12-4d79-9f58-f6a6c3e293a1",
        "5efd6dfd-97e3-408d-aa61-a0ae78ec8e3f"
    ],
    "messageType": "delivery",
    "messageContent": {
        "order_info": {
            "order": {
                "order_id": "155350948842xOj",
                "open_id": "omTXr4hIyW2RgQ3nzN_O8jeGb3wM",
                "address_id": "43",
                "timeStamp": "1553509488",
                "order_date": "2019-03-25 18:24:48",
                "pay_status": "OFFLINE",
                "logistics_status": "SIGNED",
                "seller_act": "DELIVERY",
                "customer_act": "SHUTDOWN",
                "total_fee": "44.01",
                "user_words": "",
                "nonceStr": "",
                "paySign": "",
                "package": "",
                "out_refund_no": "",
                "picker_id": "omTXr4hIyW2RgQ3nzN_O8jeGb3wM",
                "postman_id": "",
                "refund_reason": "",
                "refund_status": ""
            },
            "address": {
                "address_id": "43",
                "open_id": "omTXr4hIyW2RgQ3nzN_O8jeGb3wM",
                "province": "北京市",
                "city": "北京市",
                "county": "海淀区",
                "detail": "北京大学文学院",
                "name": "陈灵鹔",
                "telphone": "13339676699",
                "default_address": "0"
            },
            "goods_list": [
                {
                    "order_id": "155350948842xOj",
                    "goods_id": "10",
                    "count": "1",
                    "size": null,
                    "color": null,
                    "evaluation": null,
                    "name": "袋装老坛方便面",
                    "face_img": "https:\/\/gd3.alicdn.com\/imgextra\/i3\/0\/O1CN01QgerCr20n2aIVqnsQ_!!0-item_pic.jpg",
                    "price": "0.01"
                },
                {
                    "order_id": "155350948842xOj",
                    "goods_id": "24",
                    "count": "1",
                    "size": null,
                    "color": null,
                    "evaluation": null,
                    "name": "植护竹浆本色抽纸3层110抽25包面巾纸卫生纸巾整箱批发",
                    "face_img": "https:\/\/img.alicdn.com\/imgextra\/i4\/725677994\/O1CN01PJ2dEt28vIdfkPTQf_!!725677994.jpg_60x60q90.jpg",
                    "price": "40"
                },
                {
                    "order_id": "155350948842xOj",
                    "goods_id": "9",
                    "count": "1",
                    "size": null,
                    "color": null,
                    "evaluation": null,
                    "name": "老坛桶装方便面",
                    "face_img": "https:\/\/gd1.alicdn.com\/imgextra\/i1\/2557876680\/TB2KQJ5xHuWBuNjSszgXXb8jVXa_!!2557876680.jpg",
                    "price": "4"
                }
            ]
        }
    }
}

[2019-03-27 20:50:58][DEBUG] POST https://tunnel.ws.qcloud.la/ws/push => [200] {
    "[请求]": {
        "data": "[{\"tunnelIds\":[\"af56fd5f-4f12-4d79-9f58-f6a6c3e293a1\",\"5efd6dfd-97e3-408d-aa61-a0ae78ec8e3f\"],\"type\":\"message\",\"content\":\"{\\\"type\\\":\\\"delivery\\\",\\\"content\\\":{\\\"order_info\\\":{\\\"order\\\":{\\\"order_id\\\":\\\"155350948842xOj\\\",\\\"open_id\\\":\\\"omTXr4hIyW2RgQ3nzN_O8jeGb3wM\\\",\\\"address_id\\\":\\\"43\\\",\\\"timeStamp\\\":\\\"1553509488\\\",\\\"order_date\\\":\\\"2019-03-25 18:24:48\\\",\\\"pay_status\\\":\\\"OFFLINE\\\",\\\"logistics_status\\\":\\\"SIGNED\\\",\\\"seller_act\\\":\\\"DELIVERY\\\",\\\"customer_act\\\":\\\"SHUTDOWN\\\",\\\"total_fee\\\":\\\"44.01\\\",\\\"user_words\\\":\\\"\\\",\\\"nonceStr\\\":\\\"\\\",\\\"paySign\\\":\\\"\\\",\\\"package\\\":\\\"\\\",\\\"out_refund_no\\\":\\\"\\\",\\\"picker_id\\\":\\\"omTXr4hIyW2RgQ3nzN_O8jeGb3wM\\\",\\\"postman_id\\\":\\\"\\\",\\\"refund_reason\\\":\\\"\\\",\\\"refund_status\\\":\\\"\\\"},\\\"address\\\":{\\\"address_id\\\":\\\"43\\\",\\\"open_id\\\":\\\"omTXr4hIyW2RgQ3nzN_O8jeGb3wM\\\",\\\"province\\\":\\\"北京市\\\",\\\"city\\\":\\\"北京市\\\",\\\"county\\\":\\\"海淀区\\\",\\\"detail\\\":\\\"北京大学文学院\\\",\\\"name\\\":\\\"陈灵鹔\\\",\\\"telphone\\\":\\\"13339676699\\\",\\\"default_address\\\":\\\"0\\\"},\\\"goods_list\\\":[{\\\"order_id\\\":\\\"155350948842xOj\\\",\\\"goods_id\\\":\\\"10\\\",\\\"count\\\":\\\"1\\\",\\\"size\\\":null,\\\"color\\\":null,\\\"evaluation\\\":null,\\\"name\\\":\\\"袋装老坛方便面\\\",\\\"face_img\\\":\\\"https:\/\/gd3.alicdn.com\/imgextra\/i3\/0\/O1CN01QgerCr20n2aIVqnsQ_!!0-item_pic.jpg\\\",\\\"price\\\":\\\"0.01\\\"},{\\\"order_id\\\":\\\"155350948842xOj\\\",\\\"goods_id\\\":\\\"24\\\",\\\"count\\\":\\\"1\\\",\\\"size\\\":null,\\\"color\\\":null,\\\"evaluation\\\":null,\\\"name\\\":\\\"植护竹浆本色抽纸3层110抽25包面巾纸卫生纸巾整箱批发\\\",\\\"face_img\\\":\\\"https:\/\/img.alicdn.com\/imgextra\/i4\/725677994\/O1CN01PJ2dEt28vIdfkPTQf_!!725677994.jpg_60x60q90.jpg\\\",\\\"price\\\":\\\"40\\\"},{\\\"order_id\\\":\\\"155350948842xOj\\\",\\\"goods_id\\\":\\\"9\\\",\\\"count\\\":\\\"1\\\",\\\"size\\\":null,\\\"color\\\":null,\\\"evaluation\\\":null,\\\"name\\\":\\\"老坛桶装方便面\\\",\\\"face_img\\\":\\\"https:\/\/gd1.alicdn.com\/imgextra\/i1\/2557876680\/TB2KQJ5xHuWBuNjSszgXXb8jVXa_!!2557876680.jpg\\\",\\\"price\\\":\\\"4\\\"}]}}}\"}]",
        "tcId": "c6bf5fdd57d8548da5d53245151cf0e7",
        "signature": "80d2f3ab8ab14bf34884b7d3b159d68ec6d49fda"
    },
    "[响应]": {
        "code": 0,
        "message": "OK",
        "data": {
            "invalidTunnelIds": [
                "5efd6dfd-97e3-408d-aa61-a0ae78ec8e3f"
            ]
        }
    },
    "[耗时]": "298ms"
}

[2019-03-27 20:51:22][DEBUG] POST https://tunnel.ws.qcloud.la/get/wsurl => [200] {
    "[请求]": {
        "data": "{\"receiveUrl\":\"http:\/\/58.87.119.233\/bjks\/index.php\",\"protocolType\":\"wss\"}",
        "tcId": "c6bf5fdd57d8548da5d53245151cf0e7",
        "tcKey": "sdfsdfsdfsdfjk",
        "signature": "695405bf0a692ebd533649be4114f591aa6e94c8"
    },
    "[响应]": {
        "code": 0,
        "message": "OK",
        "data": "{\"tunnelId\":\"001e4839-abd8-4260-aea8-2abdb80c0898\",\"connectUrl\":\"wss:\/\/tunnel.ws.qcloud.la\/qcloud\/ws?tunnelId=001e4839-abd8-4260-aea8-2abdb80c0898&tcId=c6bf5fdd57d8548da5d53245151cf0e7\"}",
        "dataEncode": "json",
        "signature": "2cff325180f6118ace7a409bb4c64a028700ad70"
    },
    "[耗时]": "214ms"
}

[2019-03-27 20:51:22][DEBUG] ITunnelHandler [onRequest] => {
    "tunnelId": "001e4839-abd8-4260-aea8-2abdb80c0898"
}

[2019-03-27 20:51:23][DEBUG] POST https://tunnel.ws.qcloud.la/get/wsurl => [200] {
    "[请求]": {
        "data": "{\"receiveUrl\":\"http:\/\/58.87.119.233\/bjks\/index.php\",\"protocolType\":\"wss\"}",
        "tcId": "c6bf5fdd57d8548da5d53245151cf0e7",
        "tcKey": "sdfsdfsdfsdfjk",
        "signature": "695405bf0a692ebd533649be4114f591aa6e94c8"
    },
    "[响应]": {
        "code": 0,
        "message": "OK",
        "data": "{\"tunnelId\":\"677b8bf3-4f04-4aff-870e-e128e930dff3\",\"connectUrl\":\"wss:\/\/tunnel.ws.qcloud.la\/qcloud\/ws?tunnelId=677b8bf3-4f04-4aff-870e-e128e930dff3&tcId=c6bf5fdd57d8548da5d53245151cf0e7\"}",
        "dataEncode": "json",
        "signature": "13d89cad06416b8d428be3bca80694f48633bdbf"
    },
    "[耗时]": "177ms"
}

[2019-03-27 20:51:23][DEBUG] ITunnelHandler [onRequest] => {
    "tunnelId": "677b8bf3-4f04-4aff-870e-e128e930dff3"
}

[2019-03-27 20:51:47][DEBUG] TunnelService [broadcast] => {
    "tunnelIds": [
        "677b8bf3-4f04-4aff-870e-e128e930dff3",
        "5efd6dfd-97e3-408d-aa61-a0ae78ec8e3f"
    ],
    "messageType": "user_signed",
    "messageContent": {
        "order_id": "1553506452WY99i"
    }
}

[2019-03-27 20:51:47][DEBUG] POST https://tunnel.ws.qcloud.la/ws/push => [200] {
    "[请求]": {
        "data": "[{\"tunnelIds\":[\"677b8bf3-4f04-4aff-870e-e128e930dff3\",\"5efd6dfd-97e3-408d-aa61-a0ae78ec8e3f\"],\"type\":\"message\",\"content\":\"{\\\"type\\\":\\\"user_signed\\\",\\\"content\\\":{\\\"order_id\\\":\\\"1553506452WY99i\\\"}}\"}]",
        "tcId": "c6bf5fdd57d8548da5d53245151cf0e7",
        "signature": "30f8c10da2d6eb78afeaf0f2d1703d2d13d1fce0"
    },
    "[响应]": {
        "code": 0,
        "message": "OK",
        "data": {
            "invalidTunnelIds": [
                "5efd6dfd-97e3-408d-aa61-a0ae78ec8e3f"
            ]
        }
    },
    "[耗时]": "243ms"
}

[2019-03-27 21:06:38][DEBUG] POST https://tunnel.ws.qcloud.la/get/wsurl => [200] {
    "[请求]": {
        "data": "{\"receiveUrl\":\"http:\/\/58.87.119.233\/bjks\/index.php\",\"protocolType\":\"wss\"}",
        "tcId": "c6bf5fdd57d8548da5d53245151cf0e7",
        "tcKey": "sdfsdfsdfsdfjk",
        "signature": "695405bf0a692ebd533649be4114f591aa6e94c8"
    },
    "[响应]": {
        "code": 0,
        "message": "OK",
        "data": "{\"tunnelId\":\"6d48920f-765c-416a-8506-1f6b5eec018b\",\"connectUrl\":\"wss:\/\/tunnel.ws.qcloud.la\/qcloud\/ws?tunnelId=6d48920f-765c-416a-8506-1f6b5eec018b&tcId=c6bf5fdd57d8548da5d53245151cf0e7\"}",
        "dataEncode": "json",
        "signature": "fb45ca1dbdd110029def2983895dd0a05ae4486f"
    },
    "[耗时]": "304ms"
}

[2019-03-27 21:06:38][DEBUG] ITunnelHandler [onRequest] => {
    "tunnelId": "6d48920f-765c-416a-8506-1f6b5eec018b"
}

