[2019-03-07 08:41:51][DEBUG] POST https://tunnel.ws.qcloud.la/get/wsurl => [200] {
    "[请求]": {
        "data": "{\"receiveUrl\":\"http:\/\/58.87.119.233\/bjks\/index.php\",\"protocolType\":\"wss\"}",
        "tcId": "c6bf5fdd57d8548da5d53245151cf0e7",
        "tcKey": "sdfsdfsdfsdfjk",
        "signature": "695405bf0a692ebd533649be4114f591aa6e94c8"
    },
    "[响应]": {
        "code": 0,
        "message": "OK",
        "data": "{\"tunnelId\":\"b7d144be-2dfe-4778-9f5b-e6a61abd1c21\",\"connectUrl\":\"wss:\/\/tunnel.ws.qcloud.la\/qcloud\/ws?tunnelId=b7d144be-2dfe-4778-9f5b-e6a61abd1c21&tcId=c6bf5fdd57d8548da5d53245151cf0e7\"}",
        "dataEncode": "json",
        "signature": "7e27dd7b8304ba142206705376e7531e78b0e58b"
    },
    "[耗时]": "282ms"
}

[2019-03-07 08:41:51][DEBUG] ITunnelHandler [onRequest] => {
    "tunnelId": "b7d144be-2dfe-4778-9f5b-e6a61abd1c21"
}

[2019-03-07 08:41:51][DEBUG] TunnelService::handle [post payload] => {
    "data": "{\"tunnelId\":\"b7d144be-2dfe-4778-9f5b-e6a61abd1c21\",\"type\":\"connect\"}",
    "dataEncode": "json",
    "signature": "2a29ffe8bc92b8c0ad78bcaf247f85b1458f8f92"
}

[2019-03-07 08:41:51][DEBUG] Util::writeJsonResult => [200] {
    "code": 0,
    "message": "ok"
}

[2019-03-07 08:41:51][DEBUG] ITunnelHandler [onConnect] => {
    "tunnelId": "b7d144be-2dfe-4778-9f5b-e6a61abd1c21"
}

[2019-03-07 08:41:51][DEBUG] TunnelService [broadcast] => {
    "tunnelIds": [
        "b7d144be-2dfe-4778-9f5b-e6a61abd1c21",
        "92696063-b168-4a5d-b406-25b1abb8dc6e"
    ],
    "messageType": "people",
    "messageContent": {
        "total": 1,
        "enter": "chenhai"
    }
}

[2019-03-07 08:41:52][DEBUG] POST https://tunnel.ws.qcloud.la/ws/push => [200] {
    "[请求]": {
        "data": "[{\"tunnelIds\":[\"b7d144be-2dfe-4778-9f5b-e6a61abd1c21\",\"92696063-b168-4a5d-b406-25b1abb8dc6e\"],\"type\":\"message\",\"content\":\"{\\\"type\\\":\\\"people\\\",\\\"content\\\":{\\\"total\\\":1,\\\"enter\\\":\\\"chenhai\\\"}}\"}]",
        "tcId": "c6bf5fdd57d8548da5d53245151cf0e7",
        "signature": "42dc9ee33260ca3bd99785a67a8a71d0ea8f7e8c"
    },
    "[响应]": {
        "code": 0,
        "message": "OK",
        "data": {
            "invalidTunnelIds": [
                "b7d144be-2dfe-4778-9f5b-e6a61abd1c21",
                "92696063-b168-4a5d-b406-25b1abb8dc6e"
            ]
        }
    },
    "[耗时]": "226ms"
}

[2019-03-07 08:42:00][DEBUG] TunnelService::handle [post payload] => {
    "data": "{\"tunnelId\":\"b7d144be-2dfe-4778-9f5b-e6a61abd1c21\",\"type\":\"close\"}",
    "dataEncode": "json",
    "signature": "a51aec83b3e8ef370c8b89e78365271438ab27d0"
}

[2019-03-07 08:42:00][DEBUG] Util::writeJsonResult => [200] {
    "code": 0,
    "message": "ok"
}

[2019-03-07 08:42:00][DEBUG] ITunnelHandler [onClose] => {
    "tunnelId": "b7d144be-2dfe-4778-9f5b-e6a61abd1c21"
}

[2019-03-07 09:40:02][DEBUG] TunnelService::handle [post payload] => {
    "data": "{\"tunnelId\":\"166aebee-dfeb-45d7-ae24-566e4f2bfc39\",\"type\":\"message\",\"content\":\"{\\\"type\\\":\\\"order\\\",\\\"content\\\":{\\\"order_id\\\":\\\"1551922786ETrYv\\\"}}\"}",
    "dataEncode": "json",
    "signature": "71cf20b4dd37263cadbe566bada3a814fc9efd9d"
}

[2019-03-07 09:40:02][DEBUG] Util::writeJsonResult => [200] {
    "code": 0,
    "message": "ok"
}

[2019-03-07 09:40:02][DEBUG] ITunnelHandler [onMessage] => {
    "tunnelId": "166aebee-dfeb-45d7-ae24-566e4f2bfc39",
    "type": "order",
    "content": {
        "order_id": "1551922786ETrYv"
    }
}

[2019-03-07 09:40:02][DEBUG] TunnelService [broadcast] => {
    "tunnelIds": [
        "b7d144be-2dfe-4778-9f5b-e6a61abd1c21",
        "92696063-b168-4a5d-b406-25b1abb8dc6e"
    ],
    "messageType": "order",
    "messageContent": {
        "who": "system",
        "order_info": {
            "order": {
                "order_id": "1551922786ETrYv",
                "open_id": "opexV46WZFz9Is4xAI2zZWc4YiQE",
                "address_id": "31",
                "timeStamp": "1551922786",
                "order_date": "2019-03-07 09:39:46",
                "pay_status": "",
                "logistics_status": "",
                "seller_act": "WAIT_PICK",
                "customer_act": null,
                "total_fee": "43.5",
                "user_words": "",
                "nonceStr": "wszrdz1suzcsnhh2tkzuhg6qae7s0m2c",
                "paySign": "1F9CA13E645FA1B831F986CBD816026B",
                "package": "prepay_id=wx070939463310590a6e51ce124239664722",
                "out_refund_no": "",
                "picker_id": "",
                "postman_id": "",
                "refund_reason": "",
                "refund_status": ""
            },
            "address": {
                "address_id": "31",
                "open_id": "opexV46WZFz9Is4xAI2zZWc4YiQE",
                "province": "贵州省",
                "city": "毕节市",
                "county": "七星关区",
                "detail": "半岛水湾过年了",
                "name": "王文",
                "telphone": "13308570523",
                "default_address": "1"
            },
            "goods_list": [
                {
                    "order_id": "1551922786ETrYv",
                    "goods_id": "8",
                    "count": "3",
                    "size": null,
                    "color": null,
                    "evaluation": null,
                    "name": "测试跨级商品",
                    "face_img": "",
                    "price": "14.5"
                }
            ]
        }
    }
}

[2019-03-07 09:40:02][DEBUG] POST https://tunnel.ws.qcloud.la/ws/push => [200] {
    "[请求]": {
        "data": "[{\"tunnelIds\":[\"b7d144be-2dfe-4778-9f5b-e6a61abd1c21\",\"92696063-b168-4a5d-b406-25b1abb8dc6e\"],\"type\":\"message\",\"content\":\"{\\\"type\\\":\\\"order\\\",\\\"content\\\":{\\\"who\\\":\\\"system\\\",\\\"order_info\\\":{\\\"order\\\":{\\\"order_id\\\":\\\"1551922786ETrYv\\\",\\\"open_id\\\":\\\"opexV46WZFz9Is4xAI2zZWc4YiQE\\\",\\\"address_id\\\":\\\"31\\\",\\\"timeStamp\\\":\\\"1551922786\\\",\\\"order_date\\\":\\\"2019-03-07 09:39:46\\\",\\\"pay_status\\\":\\\"\\\",\\\"logistics_status\\\":\\\"\\\",\\\"seller_act\\\":\\\"WAIT_PICK\\\",\\\"customer_act\\\":null,\\\"total_fee\\\":\\\"43.5\\\",\\\"user_words\\\":\\\"\\\",\\\"nonceStr\\\":\\\"wszrdz1suzcsnhh2tkzuhg6qae7s0m2c\\\",\\\"paySign\\\":\\\"1F9CA13E645FA1B831F986CBD816026B\\\",\\\"package\\\":\\\"prepay_id=wx070939463310590a6e51ce124239664722\\\",\\\"out_refund_no\\\":\\\"\\\",\\\"picker_id\\\":\\\"\\\",\\\"postman_id\\\":\\\"\\\",\\\"refund_reason\\\":\\\"\\\",\\\"refund_status\\\":\\\"\\\"},\\\"address\\\":{\\\"address_id\\\":\\\"31\\\",\\\"open_id\\\":\\\"opexV46WZFz9Is4xAI2zZWc4YiQE\\\",\\\"province\\\":\\\"贵州省\\\",\\\"city\\\":\\\"毕节市\\\",\\\"county\\\":\\\"七星关区\\\",\\\"detail\\\":\\\"半岛水湾过年了\\\",\\\"name\\\":\\\"王文\\\",\\\"telphone\\\":\\\"13308570523\\\",\\\"default_address\\\":\\\"1\\\"},\\\"goods_list\\\":[{\\\"order_id\\\":\\\"1551922786ETrYv\\\",\\\"goods_id\\\":\\\"8\\\",\\\"count\\\":\\\"3\\\",\\\"size\\\":null,\\\"color\\\":null,\\\"evaluation\\\":null,\\\"name\\\":\\\"测试跨级商品\\\",\\\"face_img\\\":\\\"\\\",\\\"price\\\":\\\"14.5\\\"}]}}}\"}]",
        "tcId": "c6bf5fdd57d8548da5d53245151cf0e7",
        "signature": "752b3960ad17f7dd095a24a38f3bcb7c8a1c07f8"
    },
    "[响应]": {
        "code": 0,
        "message": "OK",
        "data": {
            "invalidTunnelIds": [
                "92696063-b168-4a5d-b406-25b1abb8dc6e",
                "b7d144be-2dfe-4778-9f5b-e6a61abd1c21"
            ]
        }
    },
    "[耗时]": "500ms"
}

[2019-03-07 09:40:22][DEBUG] TunnelService [broadcast] => {
    "tunnelIds": [
        "b7d144be-2dfe-4778-9f5b-e6a61abd1c21",
        "92696063-b168-4a5d-b406-25b1abb8dc6e"
    ],
    "messageType": "refund",
    "messageContent": {
        "order_id": "1551922786ETrYv"
    }
}

[2019-03-07 09:40:22][DEBUG] POST https://tunnel.ws.qcloud.la/ws/push => [200] {
    "[请求]": {
        "data": "[{\"tunnelIds\":[\"b7d144be-2dfe-4778-9f5b-e6a61abd1c21\",\"92696063-b168-4a5d-b406-25b1abb8dc6e\"],\"type\":\"message\",\"content\":\"{\\\"type\\\":\\\"refund\\\",\\\"content\\\":{\\\"order_id\\\":\\\"1551922786ETrYv\\\"}}\"}]",
        "tcId": "c6bf5fdd57d8548da5d53245151cf0e7",
        "signature": "682d6254ff7428bf7314bae23035f496df526015"
    },
    "[响应]": {
        "code": 0,
        "message": "OK",
        "data": {
            "invalidTunnelIds": [
                "92696063-b168-4a5d-b406-25b1abb8dc6e",
                "b7d144be-2dfe-4778-9f5b-e6a61abd1c21"
            ]
        }
    },
    "[耗时]": "270ms"
}

[2019-03-07 09:40:30][DEBUG] TunnelService [broadcast] => {
    "tunnelIds": [
        "b7d144be-2dfe-4778-9f5b-e6a61abd1c21",
        "92696063-b168-4a5d-b406-25b1abb8dc6e"
    ],
    "messageType": "refund",
    "messageContent": {
        "order_id": "1551922786ETrYv"
    }
}

[2019-03-07 09:40:30][DEBUG] POST https://tunnel.ws.qcloud.la/ws/push => [200] {
    "[请求]": {
        "data": "[{\"tunnelIds\":[\"b7d144be-2dfe-4778-9f5b-e6a61abd1c21\",\"92696063-b168-4a5d-b406-25b1abb8dc6e\"],\"type\":\"message\",\"content\":\"{\\\"type\\\":\\\"refund\\\",\\\"content\\\":{\\\"order_id\\\":\\\"1551922786ETrYv\\\"}}\"}]",
        "tcId": "c6bf5fdd57d8548da5d53245151cf0e7",
        "signature": "682d6254ff7428bf7314bae23035f496df526015"
    },
    "[响应]": {
        "code": 0,
        "message": "OK",
        "data": {
            "invalidTunnelIds": [
                "b7d144be-2dfe-4778-9f5b-e6a61abd1c21",
                "92696063-b168-4a5d-b406-25b1abb8dc6e"
            ]
        }
    },
    "[耗时]": "183ms"
}

[2019-03-07 09:40:43][DEBUG] POST https://tunnel.ws.qcloud.la/get/wsurl => [200] {
    "[请求]": {
        "data": "{\"receiveUrl\":\"http:\/\/58.87.119.233\/bjks\/index.php\",\"protocolType\":\"wss\"}",
        "tcId": "c6bf5fdd57d8548da5d53245151cf0e7",
        "tcKey": "sdfsdfsdfsdfjk",
        "signature": "695405bf0a692ebd533649be4114f591aa6e94c8"
    },
    "[响应]": {
        "code": 0,
        "message": "OK",
        "data": "{\"tunnelId\":\"ba0120d4-c7e1-453a-b17f-7b1a6188ae8a\",\"connectUrl\":\"wss:\/\/tunnel.ws.qcloud.la\/qcloud\/ws?tunnelId=ba0120d4-c7e1-453a-b17f-7b1a6188ae8a&tcId=c6bf5fdd57d8548da5d53245151cf0e7\"}",
        "dataEncode": "json",
        "signature": "cf93c9279df07976fafeeda90d956a1dddc8487d"
    },
    "[耗时]": "179ms"
}

[2019-03-07 09:40:43][DEBUG] ITunnelHandler [onRequest] => {
    "tunnelId": "ba0120d4-c7e1-453a-b17f-7b1a6188ae8a"
}

[2019-03-07 09:40:43][DEBUG] TunnelService::handle [post payload] => {
    "data": "{\"tunnelId\":\"ba0120d4-c7e1-453a-b17f-7b1a6188ae8a\",\"type\":\"connect\"}",
    "dataEncode": "json",
    "signature": "14c95c2be797d0d79e011a42b454e77cde303d29"
}

[2019-03-07 09:40:43][DEBUG] Util::writeJsonResult => [200] {
    "code": 0,
    "message": "ok"
}

[2019-03-07 09:40:43][DEBUG] ITunnelHandler [onConnect] => {
    "tunnelId": "ba0120d4-c7e1-453a-b17f-7b1a6188ae8a"
}

[2019-03-07 09:40:43][DEBUG] TunnelService [broadcast] => {
    "tunnelIds": [
        "ba0120d4-c7e1-453a-b17f-7b1a6188ae8a",
        "92696063-b168-4a5d-b406-25b1abb8dc6e"
    ],
    "messageType": "people",
    "messageContent": {
        "total": 1,
        "enter": "chenhai"
    }
}

[2019-03-07 09:40:43][DEBUG] POST https://tunnel.ws.qcloud.la/ws/push => [200] {
    "[请求]": {
        "data": "[{\"tunnelIds\":[\"ba0120d4-c7e1-453a-b17f-7b1a6188ae8a\",\"92696063-b168-4a5d-b406-25b1abb8dc6e\"],\"type\":\"message\",\"content\":\"{\\\"type\\\":\\\"people\\\",\\\"content\\\":{\\\"total\\\":1,\\\"enter\\\":\\\"chenhai\\\"}}\"}]",
        "tcId": "c6bf5fdd57d8548da5d53245151cf0e7",
        "signature": "2f86ef0373633e1b0c328f9d556e535ddaf8187b"
    },
    "[响应]": {
        "code": 0,
        "message": "OK",
        "data": {
            "invalidTunnelIds": [
                "ba0120d4-c7e1-453a-b17f-7b1a6188ae8a",
                "92696063-b168-4a5d-b406-25b1abb8dc6e"
            ]
        }
    },
    "[耗时]": "300ms"
}

[2019-03-07 09:41:42][DEBUG] xmldata => <xml><appid>wxfa21ea4bdaef03e9</appid><mch_id>1525232981</mch_id><nonce_str>sw51abr2wnc92z2q1manjpnbht1o6zqe</nonce_str><out_refund_no>1551922902XWxoM</out_refund_no><out_trade_no>1551922786ETrYv</out_trade_no><total_fee>1</total_fee><refund_fee>1</refund_fee><sign>00680AD34773D8B6CC863522259DF3B8</sign></xml>

[2019-03-07 09:41:42][DEBUG] refundata => <xml><return_code><![CDATA[SUCCESS]]></return_code>
<return_msg><![CDATA[OK]]></return_msg>
<appid><![CDATA[wxfa21ea4bdaef03e9]]></appid>
<mch_id><![CDATA[1525232981]]></mch_id>
<nonce_str><![CDATA[0NURcRKEpMzFS6qe]]></nonce_str>
<sign><![CDATA[697EDB13DF6EFD3D8C80C34BE3A24C1F]]></sign>
<result_code><![CDATA[FAIL]]></result_code>
<err_code><![CDATA[REFUND_FEE_MISMATCH]]></err_code>
<err_code_des><![CDATA[订单金额或退款金额与之前请求不一致，请核实后再试]]></err_code_des>
</xml>

[2019-03-07 09:41:53][DEBUG] TunnelService::handle [post payload] => {
    "data": "{\"tunnelId\":\"ba0120d4-c7e1-453a-b17f-7b1a6188ae8a\",\"type\":\"close\"}",
    "dataEncode": "json",
    "signature": "6a76bee5f22bed44477e448450a8ebd23d58e45f"
}

[2019-03-07 09:41:53][DEBUG] Util::writeJsonResult => [200] {
    "code": 0,
    "message": "ok"
}

[2019-03-07 09:41:53][DEBUG] ITunnelHandler [onClose] => {
    "tunnelId": "ba0120d4-c7e1-453a-b17f-7b1a6188ae8a"
}

[2019-03-07 09:57:14][DEBUG] POST https://tunnel.ws.qcloud.la/get/wsurl => [200] {
    "[请求]": {
        "data": "{\"receiveUrl\":\"http:\/\/58.87.119.233\/bjks\/index.php\",\"protocolType\":\"wss\"}",
        "tcId": "c6bf5fdd57d8548da5d53245151cf0e7",
        "tcKey": "sdfsdfsdfsdfjk",
        "signature": "695405bf0a692ebd533649be4114f591aa6e94c8"
    },
    "[响应]": {
        "code": 0,
        "message": "OK",
        "data": "{\"tunnelId\":\"90b0f80b-5dc4-44a4-afb2-226d8b819e0b\",\"connectUrl\":\"wss:\/\/tunnel.ws.qcloud.la\/qcloud\/ws?tunnelId=90b0f80b-5dc4-44a4-afb2-226d8b819e0b&tcId=c6bf5fdd57d8548da5d53245151cf0e7\"}",
        "dataEncode": "json",
        "signature": "89b1c1ed8954e44e75492c4d2b5bfd531b96f3a1"
    },
    "[耗时]": "295ms"
}

[2019-03-07 09:57:14][DEBUG] ITunnelHandler [onRequest] => {
    "tunnelId": "90b0f80b-5dc4-44a4-afb2-226d8b819e0b"
}

[2019-03-07 09:57:14][DEBUG] TunnelService::handle [post payload] => {
    "data": "{\"tunnelId\":\"90b0f80b-5dc4-44a4-afb2-226d8b819e0b\",\"type\":\"connect\"}",
    "dataEncode": "json",
    "signature": "9dd86d085f2283f6d57cc3cee8e48d845f2d7710"
}

[2019-03-07 09:57:14][DEBUG] Util::writeJsonResult => [200] {
    "code": 0,
    "message": "ok"
}

[2019-03-07 09:57:14][DEBUG] ITunnelHandler [onConnect] => {
    "tunnelId": "90b0f80b-5dc4-44a4-afb2-226d8b819e0b"
}

[2019-03-07 09:57:14][DEBUG] TunnelService [broadcast] => {
    "tunnelIds": [
        "90b0f80b-5dc4-44a4-afb2-226d8b819e0b",
        "92696063-b168-4a5d-b406-25b1abb8dc6e"
    ],
    "messageType": "people",
    "messageContent": {
        "total": 1,
        "enter": "chenhai"
    }
}

[2019-03-07 09:57:14][DEBUG] POST https://tunnel.ws.qcloud.la/ws/push => [200] {
    "[请求]": {
        "data": "[{\"tunnelIds\":[\"90b0f80b-5dc4-44a4-afb2-226d8b819e0b\",\"92696063-b168-4a5d-b406-25b1abb8dc6e\"],\"type\":\"message\",\"content\":\"{\\\"type\\\":\\\"people\\\",\\\"content\\\":{\\\"total\\\":1,\\\"enter\\\":\\\"chenhai\\\"}}\"}]",
        "tcId": "c6bf5fdd57d8548da5d53245151cf0e7",
        "signature": "23d46a34f6438128b23db3b9ecdcb3d9418b0bfe"
    },
    "[响应]": {
        "code": 0,
        "message": "OK",
        "data": {
            "invalidTunnelIds": [
                "92696063-b168-4a5d-b406-25b1abb8dc6e"
            ]
        }
    },
    "[耗时]": "534ms"
}

[2019-03-07 09:57:22][DEBUG] xmldata => <xml><appid>wxfa21ea4bdaef03e9</appid><mch_id>1525232981</mch_id><nonce_str>o5yh3lij13ef501qkjp3zq6ozezcwg3c</nonce_str><out_refund_no>1551923842Qh0yu</out_refund_no><out_trade_no>1551922786ETrYv</out_trade_no><total_fee>43.5</total_fee><refund_fee>43.5</refund_fee><sign>3BD88106C084CD114207CADAAD2663BA</sign></xml>

[2019-03-07 09:57:22][DEBUG] refundata => <xml><return_code><![CDATA[FAIL]]></return_code>
<return_msg><![CDATA[0参数格式错误]]></return_msg>
</xml>

[2019-03-07 09:57:41][DEBUG] POST https://tunnel.ws.qcloud.la/get/wsurl => [200] {
    "[请求]": {
        "data": "{\"receiveUrl\":\"http:\/\/58.87.119.233\/bjks\/index.php\",\"protocolType\":\"wss\"}",
        "tcId": "c6bf5fdd57d8548da5d53245151cf0e7",
        "tcKey": "sdfsdfsdfsdfjk",
        "signature": "695405bf0a692ebd533649be4114f591aa6e94c8"
    },
    "[响应]": {
        "code": 0,
        "message": "OK",
        "data": "{\"tunnelId\":\"043b2cb5-b846-40a8-9c1a-3d765b92fb89\",\"connectUrl\":\"wss:\/\/tunnel.ws.qcloud.la\/qcloud\/ws?tunnelId=043b2cb5-b846-40a8-9c1a-3d765b92fb89&tcId=c6bf5fdd57d8548da5d53245151cf0e7\"}",
        "dataEncode": "json",
        "signature": "0d70424ca67976d2d5c3ac3a9a675f1840eb7e02"
    },
    "[耗时]": "182ms"
}

[2019-03-07 09:57:41][DEBUG] ITunnelHandler [onRequest] => {
    "tunnelId": "043b2cb5-b846-40a8-9c1a-3d765b92fb89"
}

[2019-03-07 09:57:41][DEBUG] TunnelService::handle [post payload] => {
    "data": "{\"tunnelId\":\"043b2cb5-b846-40a8-9c1a-3d765b92fb89\",\"type\":\"connect\"}",
    "dataEncode": "json",
    "signature": "fc1c8512db7e0b85524563c22eb747a406dd9eb1"
}

[2019-03-07 09:57:41][DEBUG] Util::writeJsonResult => [200] {
    "code": 0,
    "message": "ok"
}

[2019-03-07 09:57:41][DEBUG] ITunnelHandler [onConnect] => {
    "tunnelId": "043b2cb5-b846-40a8-9c1a-3d765b92fb89"
}

[2019-03-07 09:57:41][DEBUG] TunnelService [broadcast] => {
    "tunnelIds": [
        "90b0f80b-5dc4-44a4-afb2-226d8b819e0b",
        "043b2cb5-b846-40a8-9c1a-3d765b92fb89"
    ],
    "messageType": "people",
    "messageContent": {
        "total": 1,
        "enter": "chenhai"
    }
}

[2019-03-07 09:57:41][DEBUG] POST https://tunnel.ws.qcloud.la/ws/push => [200] {
    "[请求]": {
        "data": "[{\"tunnelIds\":[\"90b0f80b-5dc4-44a4-afb2-226d8b819e0b\",\"043b2cb5-b846-40a8-9c1a-3d765b92fb89\"],\"type\":\"message\",\"content\":\"{\\\"type\\\":\\\"people\\\",\\\"content\\\":{\\\"total\\\":1,\\\"enter\\\":\\\"chenhai\\\"}}\"}]",
        "tcId": "c6bf5fdd57d8548da5d53245151cf0e7",
        "signature": "007a99de6a11eafcea0b8946ed5dd6fcbe7397fa"
    },
    "[响应]": {
        "code": 0,
        "message": "OK",
        "data": {
            "invalidTunnelIds": []
        }
    },
    "[耗时]": "190ms"
}

[2019-03-07 10:00:17][DEBUG] TunnelService::handle [post payload] => {
    "data": "{\"tunnelId\":\"90b0f80b-5dc4-44a4-afb2-226d8b819e0b\",\"type\":\"close\"}",
    "dataEncode": "json",
    "signature": "0fbb3182c21b61b8dcc3887838cc6fc59fb601fe"
}

[2019-03-07 10:00:17][DEBUG] Util::writeJsonResult => [200] {
    "code": 0,
    "message": "ok"
}

[2019-03-07 10:00:17][DEBUG] ITunnelHandler [onClose] => {
    "tunnelId": "90b0f80b-5dc4-44a4-afb2-226d8b819e0b"
}

[2019-03-07 10:03:58][DEBUG] POST https://tunnel.ws.qcloud.la/get/wsurl => [200] {
    "[请求]": {
        "data": "{\"receiveUrl\":\"http:\/\/58.87.119.233\/bjks\/index.php\",\"protocolType\":\"wss\"}",
        "tcId": "c6bf5fdd57d8548da5d53245151cf0e7",
        "tcKey": "sdfsdfsdfsdfjk",
        "signature": "695405bf0a692ebd533649be4114f591aa6e94c8"
    },
    "[响应]": {
        "code": 0,
        "message": "OK",
        "data": "{\"tunnelId\":\"a768c63a-66ec-49af-b3f3-e4bf4f178fe1\",\"connectUrl\":\"wss:\/\/tunnel.ws.qcloud.la\/qcloud\/ws?tunnelId=a768c63a-66ec-49af-b3f3-e4bf4f178fe1&tcId=c6bf5fdd57d8548da5d53245151cf0e7\"}",
        "dataEncode": "json",
        "signature": "67dd8dc4e6f747c519f9bb6e6c956593d2ff7bf3"
    },
    "[耗时]": "282ms"
}

[2019-03-07 10:03:58][DEBUG] ITunnelHandler [onRequest] => {
    "tunnelId": "a768c63a-66ec-49af-b3f3-e4bf4f178fe1"
}

[2019-03-07 10:03:58][DEBUG] TunnelService::handle [post payload] => {
    "data": "{\"tunnelId\":\"a768c63a-66ec-49af-b3f3-e4bf4f178fe1\",\"type\":\"connect\"}",
    "dataEncode": "json",
    "signature": "6c524372bc7256800fcb3bf7822d057cf98ac4a3"
}

[2019-03-07 10:03:58][DEBUG] Util::writeJsonResult => [200] {
    "code": 0,
    "message": "ok"
}

[2019-03-07 10:03:58][DEBUG] ITunnelHandler [onConnect] => {
    "tunnelId": "a768c63a-66ec-49af-b3f3-e4bf4f178fe1"
}

[2019-03-07 10:03:58][DEBUG] TunnelService [broadcast] => {
    "tunnelIds": [
        "90b0f80b-5dc4-44a4-afb2-226d8b819e0b",
        "a768c63a-66ec-49af-b3f3-e4bf4f178fe1"
    ],
    "messageType": "people",
    "messageContent": {
        "total": 1,
        "enter": "chenhai"
    }
}

[2019-03-07 10:03:58][DEBUG] POST https://tunnel.ws.qcloud.la/ws/push => [200] {
    "[请求]": {
        "data": "[{\"tunnelIds\":[\"90b0f80b-5dc4-44a4-afb2-226d8b819e0b\",\"a768c63a-66ec-49af-b3f3-e4bf4f178fe1\"],\"type\":\"message\",\"content\":\"{\\\"type\\\":\\\"people\\\",\\\"content\\\":{\\\"total\\\":1,\\\"enter\\\":\\\"chenhai\\\"}}\"}]",
        "tcId": "c6bf5fdd57d8548da5d53245151cf0e7",
        "signature": "64f8f4f96b98ae2c2d88115a5589a5a9f338a8da"
    },
    "[响应]": {
        "code": 0,
        "message": "OK",
        "data": {
            "invalidTunnelIds": [
                "90b0f80b-5dc4-44a4-afb2-226d8b819e0b"
            ]
        }
    },
    "[耗时]": "236ms"
}

[2019-03-07 10:07:01][DEBUG] POST https://tunnel.ws.qcloud.la/get/wsurl => [200] {
    "[请求]": {
        "data": "{\"receiveUrl\":\"http:\/\/58.87.119.233\/bjks\/index.php\",\"protocolType\":\"wss\"}",
        "tcId": "c6bf5fdd57d8548da5d53245151cf0e7",
        "tcKey": "sdfsdfsdfsdfjk",
        "signature": "695405bf0a692ebd533649be4114f591aa6e94c8"
    },
    "[响应]": {
        "code": 0,
        "message": "OK",
        "data": "{\"tunnelId\":\"7735e9a9-5a88-40c1-801b-1c54f5b482bd\",\"connectUrl\":\"wss:\/\/tunnel.ws.qcloud.la\/qcloud\/ws?tunnelId=7735e9a9-5a88-40c1-801b-1c54f5b482bd&tcId=c6bf5fdd57d8548da5d53245151cf0e7\"}",
        "dataEncode": "json",
        "signature": "31e0d32b4d7dd18d806f292b90ab36e6069bef7f"
    },
    "[耗时]": "297ms"
}

[2019-03-07 10:07:01][DEBUG] ITunnelHandler [onRequest] => {
    "tunnelId": "7735e9a9-5a88-40c1-801b-1c54f5b482bd"
}

[2019-03-07 10:07:01][DEBUG] TunnelService::handle [post payload] => {
    "data": "{\"tunnelId\":\"7735e9a9-5a88-40c1-801b-1c54f5b482bd\",\"type\":\"connect\"}",
    "dataEncode": "json",
    "signature": "cdaa4d3d8ff9ea40a1d5277cf53b83d0ffb2f74c"
}

[2019-03-07 10:07:01][DEBUG] Util::writeJsonResult => [200] {
    "code": 0,
    "message": "ok"
}

[2019-03-07 10:07:01][DEBUG] ITunnelHandler [onConnect] => {
    "tunnelId": "7735e9a9-5a88-40c1-801b-1c54f5b482bd"
}

[2019-03-07 10:07:01][DEBUG] TunnelService [broadcast] => {
    "tunnelIds": [
        "90b0f80b-5dc4-44a4-afb2-226d8b819e0b",
        "7735e9a9-5a88-40c1-801b-1c54f5b482bd"
    ],
    "messageType": "people",
    "messageContent": {
        "total": 1,
        "enter": "chenhai"
    }
}

[2019-03-07 10:07:01][DEBUG] POST https://tunnel.ws.qcloud.la/ws/push => [200] {
    "[请求]": {
        "data": "[{\"tunnelIds\":[\"90b0f80b-5dc4-44a4-afb2-226d8b819e0b\",\"7735e9a9-5a88-40c1-801b-1c54f5b482bd\"],\"type\":\"message\",\"content\":\"{\\\"type\\\":\\\"people\\\",\\\"content\\\":{\\\"total\\\":1,\\\"enter\\\":\\\"chenhai\\\"}}\"}]",
        "tcId": "c6bf5fdd57d8548da5d53245151cf0e7",
        "signature": "850e4da13d70c666f7db27f0a886ebf785dc27d9"
    },
    "[响应]": {
        "code": 0,
        "message": "OK",
        "data": {
            "invalidTunnelIds": [
                "90b0f80b-5dc4-44a4-afb2-226d8b819e0b"
            ]
        }
    },
    "[耗时]": "189ms"
}

[2019-03-07 10:10:22][DEBUG] POST https://tunnel.ws.qcloud.la/get/wsurl => [200] {
    "[请求]": {
        "data": "{\"receiveUrl\":\"http:\/\/58.87.119.233\/bjks\/index.php\",\"protocolType\":\"wss\"}",
        "tcId": "c6bf5fdd57d8548da5d53245151cf0e7",
        "tcKey": "sdfsdfsdfsdfjk",
        "signature": "695405bf0a692ebd533649be4114f591aa6e94c8"
    },
    "[响应]": {
        "code": 0,
        "message": "OK",
        "data": "{\"tunnelId\":\"1baaa10d-b13b-41e0-bc6b-20463c6d2d55\",\"connectUrl\":\"wss:\/\/tunnel.ws.qcloud.la\/qcloud\/ws?tunnelId=1baaa10d-b13b-41e0-bc6b-20463c6d2d55&tcId=c6bf5fdd57d8548da5d53245151cf0e7\"}",
        "dataEncode": "json",
        "signature": "3141c164b067fc7fa9c07079950fe16c98af9025"
    },
    "[耗时]": "296ms"
}

[2019-03-07 10:10:22][DEBUG] ITunnelHandler [onRequest] => {
    "tunnelId": "1baaa10d-b13b-41e0-bc6b-20463c6d2d55"
}

[2019-03-07 10:10:23][DEBUG] TunnelService::handle [post payload] => {
    "data": "{\"tunnelId\":\"1baaa10d-b13b-41e0-bc6b-20463c6d2d55\",\"type\":\"connect\"}",
    "dataEncode": "json",
    "signature": "3826f77390d38ca52faafef4e8a2534249be6870"
}

[2019-03-07 10:10:23][DEBUG] Util::writeJsonResult => [200] {
    "code": 0,
    "message": "ok"
}

[2019-03-07 10:10:23][DEBUG] ITunnelHandler [onConnect] => {
    "tunnelId": "1baaa10d-b13b-41e0-bc6b-20463c6d2d55"
}

[2019-03-07 10:10:23][DEBUG] TunnelService [broadcast] => {
    "tunnelIds": [
        "1baaa10d-b13b-41e0-bc6b-20463c6d2d55",
        "7735e9a9-5a88-40c1-801b-1c54f5b482bd"
    ],
    "messageType": "people",
    "messageContent": {
        "total": 1,
        "enter": "chenhai"
    }
}

[2019-03-07 10:10:23][DEBUG] POST https://tunnel.ws.qcloud.la/ws/push => [200] {
    "[请求]": {
        "data": "[{\"tunnelIds\":[\"1baaa10d-b13b-41e0-bc6b-20463c6d2d55\",\"7735e9a9-5a88-40c1-801b-1c54f5b482bd\"],\"type\":\"message\",\"content\":\"{\\\"type\\\":\\\"people\\\",\\\"content\\\":{\\\"total\\\":1,\\\"enter\\\":\\\"chenhai\\\"}}\"}]",
        "tcId": "c6bf5fdd57d8548da5d53245151cf0e7",
        "signature": "92f3af2ac4e1404a91b1639601b7268eaabd1a2c"
    },
    "[响应]": {
        "code": 0,
        "message": "OK",
        "data": {
            "invalidTunnelIds": []
        }
    },
    "[耗时]": "179ms"
}

[2019-03-07 10:10:23][DEBUG] TunnelService::handle [post payload] => {
    "data": "{\"tunnelId\":\"1baaa10d-b13b-41e0-bc6b-20463c6d2d55\",\"type\":\"close\"}",
    "dataEncode": "json",
    "signature": "6131194aa7c27ddd84c7c8d10504c873e829afdc"
}

[2019-03-07 10:10:23][DEBUG] Util::writeJsonResult => [200] {
    "code": 0,
    "message": "ok"
}

[2019-03-07 10:10:23][DEBUG] ITunnelHandler [onClose] => {
    "tunnelId": "1baaa10d-b13b-41e0-bc6b-20463c6d2d55"
}

[2019-03-07 10:10:27][DEBUG] POST https://tunnel.ws.qcloud.la/get/wsurl => [200] {
    "[请求]": {
        "data": "{\"receiveUrl\":\"http:\/\/58.87.119.233\/bjks\/index.php\",\"protocolType\":\"wss\"}",
        "tcId": "c6bf5fdd57d8548da5d53245151cf0e7",
        "tcKey": "sdfsdfsdfsdfjk",
        "signature": "695405bf0a692ebd533649be4114f591aa6e94c8"
    },
    "[响应]": {
        "code": 0,
        "message": "OK",
        "data": "{\"tunnelId\":\"562623d0-23d7-432f-88f2-c49c66f46a95\",\"connectUrl\":\"wss:\/\/tunnel.ws.qcloud.la\/qcloud\/ws?tunnelId=562623d0-23d7-432f-88f2-c49c66f46a95&tcId=c6bf5fdd57d8548da5d53245151cf0e7\"}",
        "dataEncode": "json",
        "signature": "651b7e94f994af3a2c6248f8ae5b4e0bca45565e"
    },
    "[耗时]": "288ms"
}

[2019-03-07 10:10:27][DEBUG] ITunnelHandler [onRequest] => {
    "tunnelId": "562623d0-23d7-432f-88f2-c49c66f46a95"
}

[2019-03-07 10:10:27][DEBUG] TunnelService::handle [post payload] => {
    "data": "{\"tunnelId\":\"562623d0-23d7-432f-88f2-c49c66f46a95\",\"type\":\"connect\"}",
    "dataEncode": "json",
    "signature": "77c299fbac25ba34502851502b6a01d2fd8c0782"
}

[2019-03-07 10:10:27][DEBUG] Util::writeJsonResult => [200] {
    "code": 0,
    "message": "ok"
}

[2019-03-07 10:10:27][DEBUG] ITunnelHandler [onConnect] => {
    "tunnelId": "562623d0-23d7-432f-88f2-c49c66f46a95"
}

[2019-03-07 10:10:27][DEBUG] TunnelService [broadcast] => {
    "tunnelIds": [
        "562623d0-23d7-432f-88f2-c49c66f46a95",
        "7735e9a9-5a88-40c1-801b-1c54f5b482bd"
    ],
    "messageType": "people",
    "messageContent": {
        "total": 1,
        "enter": "chenhai"
    }
}

[2019-03-07 10:10:27][DEBUG] POST https://tunnel.ws.qcloud.la/ws/push => [200] {
    "[请求]": {
        "data": "[{\"tunnelIds\":[\"562623d0-23d7-432f-88f2-c49c66f46a95\",\"7735e9a9-5a88-40c1-801b-1c54f5b482bd\"],\"type\":\"message\",\"content\":\"{\\\"type\\\":\\\"people\\\",\\\"content\\\":{\\\"total\\\":1,\\\"enter\\\":\\\"chenhai\\\"}}\"}]",
        "tcId": "c6bf5fdd57d8548da5d53245151cf0e7",
        "signature": "f1fb3aaff18cba70d1c55e189d904f33dd221af8"
    },
    "[响应]": {
        "code": 0,
        "message": "OK",
        "data": {
            "invalidTunnelIds": [
                "562623d0-23d7-432f-88f2-c49c66f46a95"
            ]
        }
    },
    "[耗时]": "236ms"
}

[2019-03-07 10:10:31][DEBUG] xmldata => <xml><appid>wxfa21ea4bdaef03e9</appid><mch_id>1525232981</mch_id><nonce_str>09sd2lsv1bfctw08r1mw1l41h9qilg0f</nonce_str><out_refund_no>1551924631ZZyN4</out_refund_no><out_trade_no>1551922786ETrYv</out_trade_no><total_fee>43.5</total_fee><refund_fee>4350</refund_fee><sign>19E0B4E6F3E1B3BE56284201261F65A3</sign></xml>

[2019-03-07 10:10:31][DEBUG] refundata => <xml><return_code><![CDATA[FAIL]]></return_code>
<return_msg><![CDATA[invalid total_fee]]></return_msg>
</xml>

[2019-03-07 10:10:49][DEBUG] POST https://tunnel.ws.qcloud.la/get/wsurl => [200] {
    "[请求]": {
        "data": "{\"receiveUrl\":\"http:\/\/58.87.119.233\/bjks\/index.php\",\"protocolType\":\"wss\"}",
        "tcId": "c6bf5fdd57d8548da5d53245151cf0e7",
        "tcKey": "sdfsdfsdfsdfjk",
        "signature": "695405bf0a692ebd533649be4114f591aa6e94c8"
    },
    "[响应]": {
        "code": 0,
        "message": "OK",
        "data": "{\"tunnelId\":\"6fce91ad-3991-48fb-9739-26cae6743bf9\",\"connectUrl\":\"wss:\/\/tunnel.ws.qcloud.la\/qcloud\/ws?tunnelId=6fce91ad-3991-48fb-9739-26cae6743bf9&tcId=c6bf5fdd57d8548da5d53245151cf0e7\"}",
        "dataEncode": "json",
        "signature": "8bea8c1556901fe4cbba9f97daaccaa89b5a73fa"
    },
    "[耗时]": "283ms"
}

[2019-03-07 10:10:49][DEBUG] ITunnelHandler [onRequest] => {
    "tunnelId": "6fce91ad-3991-48fb-9739-26cae6743bf9"
}

[2019-03-07 10:10:49][DEBUG] TunnelService::handle [post payload] => {
    "data": "{\"tunnelId\":\"6fce91ad-3991-48fb-9739-26cae6743bf9\",\"type\":\"connect\"}",
    "dataEncode": "json",
    "signature": "ea55bc3e0dca3f542589364da9110242492dc637"
}

[2019-03-07 10:10:49][DEBUG] Util::writeJsonResult => [200] {
    "code": 0,
    "message": "ok"
}

[2019-03-07 10:10:49][DEBUG] ITunnelHandler [onConnect] => {
    "tunnelId": "6fce91ad-3991-48fb-9739-26cae6743bf9"
}

[2019-03-07 10:10:49][DEBUG] TunnelService [broadcast] => {
    "tunnelIds": [
        "562623d0-23d7-432f-88f2-c49c66f46a95",
        "6fce91ad-3991-48fb-9739-26cae6743bf9"
    ],
    "messageType": "people",
    "messageContent": {
        "total": 1,
        "enter": "chenhai"
    }
}

[2019-03-07 10:10:50][DEBUG] POST https://tunnel.ws.qcloud.la/ws/push => [200] {
    "[请求]": {
        "data": "[{\"tunnelIds\":[\"562623d0-23d7-432f-88f2-c49c66f46a95\",\"6fce91ad-3991-48fb-9739-26cae6743bf9\"],\"type\":\"message\",\"content\":\"{\\\"type\\\":\\\"people\\\",\\\"content\\\":{\\\"total\\\":1,\\\"enter\\\":\\\"chenhai\\\"}}\"}]",
        "tcId": "c6bf5fdd57d8548da5d53245151cf0e7",
        "signature": "20d8e6b8237585981f21d809612a822b9bf87dd7"
    },
    "[响应]": {
        "code": 0,
        "message": "OK",
        "data": {
            "invalidTunnelIds": []
        }
    },
    "[耗时]": "192ms"
}

[2019-03-07 10:12:23][DEBUG] TunnelService::handle [post payload] => {
    "data": "{\"tunnelId\":\"562623d0-23d7-432f-88f2-c49c66f46a95\",\"type\":\"close\"}",
    "dataEncode": "json",
    "signature": "c1c14111a1a9cb62d5a87a3826a22701b8d9d626"
}

[2019-03-07 10:12:23][DEBUG] Util::writeJsonResult => [200] {
    "code": 0,
    "message": "ok"
}

[2019-03-07 10:12:23][DEBUG] ITunnelHandler [onClose] => {
    "tunnelId": "562623d0-23d7-432f-88f2-c49c66f46a95"
}

[2019-03-07 10:12:42][DEBUG] POST https://tunnel.ws.qcloud.la/get/wsurl => [200] {
    "[请求]": {
        "data": "{\"receiveUrl\":\"http:\/\/58.87.119.233\/bjks\/index.php\",\"protocolType\":\"wss\"}",
        "tcId": "c6bf5fdd57d8548da5d53245151cf0e7",
        "tcKey": "sdfsdfsdfsdfjk",
        "signature": "695405bf0a692ebd533649be4114f591aa6e94c8"
    },
    "[响应]": {
        "code": 0,
        "message": "OK",
        "data": "{\"tunnelId\":\"ea178f7e-708c-4fc8-8f01-4c29755a0d5b\",\"connectUrl\":\"wss:\/\/tunnel.ws.qcloud.la\/qcloud\/ws?tunnelId=ea178f7e-708c-4fc8-8f01-4c29755a0d5b&tcId=c6bf5fdd57d8548da5d53245151cf0e7\"}",
        "dataEncode": "json",
        "signature": "f050b18e207479a049074fa619f5c34a75975b41"
    },
    "[耗时]": "261ms"
}

[2019-03-07 10:12:42][DEBUG] ITunnelHandler [onRequest] => {
    "tunnelId": "ea178f7e-708c-4fc8-8f01-4c29755a0d5b"
}

[2019-03-07 10:12:43][DEBUG] TunnelService::handle [post payload] => {
    "data": "{\"tunnelId\":\"ea178f7e-708c-4fc8-8f01-4c29755a0d5b\",\"type\":\"connect\"}",
    "dataEncode": "json",
    "signature": "9ecece8a7878afa82beae40dcc791b4c65d14add"
}

[2019-03-07 10:12:43][DEBUG] Util::writeJsonResult => [200] {
    "code": 0,
    "message": "ok"
}

[2019-03-07 10:12:43][DEBUG] ITunnelHandler [onConnect] => {
    "tunnelId": "ea178f7e-708c-4fc8-8f01-4c29755a0d5b"
}

[2019-03-07 10:12:43][DEBUG] TunnelService [broadcast] => {
    "tunnelIds": [
        "ea178f7e-708c-4fc8-8f01-4c29755a0d5b",
        "6fce91ad-3991-48fb-9739-26cae6743bf9"
    ],
    "messageType": "people",
    "messageContent": {
        "total": 1,
        "enter": "chenhai"
    }
}

[2019-03-07 10:12:43][DEBUG] POST https://tunnel.ws.qcloud.la/ws/push => [200] {
    "[请求]": {
        "data": "[{\"tunnelIds\":[\"ea178f7e-708c-4fc8-8f01-4c29755a0d5b\",\"6fce91ad-3991-48fb-9739-26cae6743bf9\"],\"type\":\"message\",\"content\":\"{\\\"type\\\":\\\"people\\\",\\\"content\\\":{\\\"total\\\":1,\\\"enter\\\":\\\"chenhai\\\"}}\"}]",
        "tcId": "c6bf5fdd57d8548da5d53245151cf0e7",
        "signature": "1940ea50f2afe58e0867dfd8330666bdff436558"
    },
    "[响应]": {
        "code": 0,
        "message": "OK",
        "data": {
            "invalidTunnelIds": [
                "ea178f7e-708c-4fc8-8f01-4c29755a0d5b",
                "6fce91ad-3991-48fb-9739-26cae6743bf9"
            ]
        }
    },
    "[耗时]": "705ms"
}

[2019-03-07 10:12:52][DEBUG] POST https://tunnel.ws.qcloud.la/get/wsurl => [200] {
    "[请求]": {
        "data": "{\"receiveUrl\":\"http:\/\/58.87.119.233\/bjks\/index.php\",\"protocolType\":\"wss\"}",
        "tcId": "c6bf5fdd57d8548da5d53245151cf0e7",
        "tcKey": "sdfsdfsdfsdfjk",
        "signature": "695405bf0a692ebd533649be4114f591aa6e94c8"
    },
    "[响应]": {
        "code": 0,
        "message": "OK",
        "data": "{\"tunnelId\":\"bb4a780f-7622-4b0a-8500-a3f36f7d9dec\",\"connectUrl\":\"wss:\/\/tunnel.ws.qcloud.la\/qcloud\/ws?tunnelId=bb4a780f-7622-4b0a-8500-a3f36f7d9dec&tcId=c6bf5fdd57d8548da5d53245151cf0e7\"}",
        "dataEncode": "json",
        "signature": "17a015c8d3ecce61a9a93e6ae58b7ab2413e9630"
    },
    "[耗时]": "227ms"
}

[2019-03-07 10:12:52][DEBUG] ITunnelHandler [onRequest] => {
    "tunnelId": "bb4a780f-7622-4b0a-8500-a3f36f7d9dec"
}

[2019-03-07 10:12:53][DEBUG] TunnelService::handle [post payload] => {
    "data": "{\"tunnelId\":\"bb4a780f-7622-4b0a-8500-a3f36f7d9dec\",\"type\":\"connect\"}",
    "dataEncode": "json",
    "signature": "636f4d17036c57faeb964e3c0c5476a7d47fce0f"
}

[2019-03-07 10:12:53][DEBUG] Util::writeJsonResult => [200] {
    "code": 0,
    "message": "ok"
}

[2019-03-07 10:12:53][DEBUG] ITunnelHandler [onConnect] => {
    "tunnelId": "bb4a780f-7622-4b0a-8500-a3f36f7d9dec"
}

[2019-03-07 10:12:53][DEBUG] TunnelService [broadcast] => {
    "tunnelIds": [
        "bb4a780f-7622-4b0a-8500-a3f36f7d9dec",
        "6fce91ad-3991-48fb-9739-26cae6743bf9"
    ],
    "messageType": "people",
    "messageContent": {
        "total": 1,
        "enter": "chenhai"
    }
}

[2019-03-07 10:12:53][DEBUG] POST https://tunnel.ws.qcloud.la/ws/push => [200] {
    "[请求]": {
        "data": "[{\"tunnelIds\":[\"bb4a780f-7622-4b0a-8500-a3f36f7d9dec\",\"6fce91ad-3991-48fb-9739-26cae6743bf9\"],\"type\":\"message\",\"content\":\"{\\\"type\\\":\\\"people\\\",\\\"content\\\":{\\\"total\\\":1,\\\"enter\\\":\\\"chenhai\\\"}}\"}]",
        "tcId": "c6bf5fdd57d8548da5d53245151cf0e7",
        "signature": "c33d9f60b6ee14fec06c6945583de310d5cc9a0e"
    },
    "[响应]": {
        "code": 0,
        "message": "OK",
        "data": {
            "invalidTunnelIds": [
                "bb4a780f-7622-4b0a-8500-a3f36f7d9dec",
                "6fce91ad-3991-48fb-9739-26cae6743bf9"
            ]
        }
    },
    "[耗时]": "188ms"
}

[2019-03-07 10:13:06][DEBUG] POST https://tunnel.ws.qcloud.la/get/wsurl => [200] {
    "[请求]": {
        "data": "{\"receiveUrl\":\"http:\/\/58.87.119.233\/bjks\/index.php\",\"protocolType\":\"wss\"}",
        "tcId": "c6bf5fdd57d8548da5d53245151cf0e7",
        "tcKey": "sdfsdfsdfsdfjk",
        "signature": "695405bf0a692ebd533649be4114f591aa6e94c8"
    },
    "[响应]": {
        "code": 0,
        "message": "OK",
        "data": "{\"tunnelId\":\"541e7ff3-9045-4d1f-a3d9-0ec68e6c757b\",\"connectUrl\":\"wss:\/\/tunnel.ws.qcloud.la\/qcloud\/ws?tunnelId=541e7ff3-9045-4d1f-a3d9-0ec68e6c757b&tcId=c6bf5fdd57d8548da5d53245151cf0e7\"}",
        "dataEncode": "json",
        "signature": "fe5801baae0032defdc81dfc4f066d8cc143e765"
    },
    "[耗时]": "180ms"
}

[2019-03-07 10:13:06][DEBUG] ITunnelHandler [onRequest] => {
    "tunnelId": "541e7ff3-9045-4d1f-a3d9-0ec68e6c757b"
}

[2019-03-07 10:13:06][DEBUG] TunnelService::handle [post payload] => {
    "data": "{\"tunnelId\":\"541e7ff3-9045-4d1f-a3d9-0ec68e6c757b\",\"type\":\"connect\"}",
    "dataEncode": "json",
    "signature": "b9fcb7f5a997a26aa4bdf1ab923f503e45c21388"
}

[2019-03-07 10:13:06][DEBUG] Util::writeJsonResult => [200] {
    "code": 0,
    "message": "ok"
}

[2019-03-07 10:13:06][DEBUG] ITunnelHandler [onConnect] => {
    "tunnelId": "541e7ff3-9045-4d1f-a3d9-0ec68e6c757b"
}

[2019-03-07 10:13:06][DEBUG] TunnelService [broadcast] => {
    "tunnelIds": [
        "541e7ff3-9045-4d1f-a3d9-0ec68e6c757b",
        "6fce91ad-3991-48fb-9739-26cae6743bf9"
    ],
    "messageType": "people",
    "messageContent": {
        "total": 1,
        "enter": "chenhai"
    }
}

[2019-03-07 10:13:06][DEBUG] POST https://tunnel.ws.qcloud.la/ws/push => [200] {
    "[请求]": {
        "data": "[{\"tunnelIds\":[\"541e7ff3-9045-4d1f-a3d9-0ec68e6c757b\",\"6fce91ad-3991-48fb-9739-26cae6743bf9\"],\"type\":\"message\",\"content\":\"{\\\"type\\\":\\\"people\\\",\\\"content\\\":{\\\"total\\\":1,\\\"enter\\\":\\\"chenhai\\\"}}\"}]",
        "tcId": "c6bf5fdd57d8548da5d53245151cf0e7",
        "signature": "70b13f49b24fa758b4a62b1cea9cea754d31c3c7"
    },
    "[响应]": {
        "code": 0,
        "message": "OK",
        "data": {
            "invalidTunnelIds": [
                "6fce91ad-3991-48fb-9739-26cae6743bf9"
            ]
        }
    },
    "[耗时]": "187ms"
}

[2019-03-07 10:13:13][DEBUG] xmldata => <xml><appid>wxfa21ea4bdaef03e9</appid><mch_id>1525232981</mch_id><nonce_str>6zk3ytpype83wi2yi1m4v0i4vtygenxi</nonce_str><out_refund_no>1551924793l5NHX</out_refund_no><out_trade_no>1551922786ETrYv</out_trade_no><total_fee>43.5</total_fee><refund_fee>4350</refund_fee><sign>1B3F98C9FA73AA4DD1711E0A514F123A</sign></xml>

[2019-03-07 10:13:14][DEBUG] refundata => <xml><return_code><![CDATA[FAIL]]></return_code>
<return_msg><![CDATA[invalid total_fee]]></return_msg>
</xml>

[2019-03-07 10:17:59][DEBUG] xmldata => <xml><appid>wxfa21ea4bdaef03e9</appid><mch_id>1525232981</mch_id><nonce_str>ox4y4vr6cnumpb6508gidacqm1q7b5n7</nonce_str><out_refund_no>1551925079RyFeK</out_refund_no><out_trade_no>1551922786ETrYv</out_trade_no><total_fee>4350</total_fee><refund_fee>4350</refund_fee><sign>3162B7E842D019FD8F7FB9617EAB2E88</sign></xml>

[2019-03-07 10:18:00][DEBUG] refundata => <xml><return_code><![CDATA[SUCCESS]]></return_code>
<return_msg><![CDATA[OK]]></return_msg>
<appid><![CDATA[wxfa21ea4bdaef03e9]]></appid>
<mch_id><![CDATA[1525232981]]></mch_id>
<nonce_str><![CDATA[5qCjhkFrDecf1tki]]></nonce_str>
<sign><![CDATA[867896726CF97B3DE56E3EC843E7DFD4]]></sign>
<result_code><![CDATA[SUCCESS]]></result_code>
<transaction_id><![CDATA[4200000264201903071686443662]]></transaction_id>
<out_trade_no><![CDATA[1551922786ETrYv]]></out_trade_no>
<out_refund_no><![CDATA[1551925079RyFeK]]></out_refund_no>
<refund_id><![CDATA[50000610062019030708622797870]]></refund_id>
<refund_channel><![CDATA[]]></refund_channel>
<refund_fee>4350</refund_fee>
<coupon_refund_fee>0</coupon_refund_fee>
<total_fee>4350</total_fee>
<cash_fee>4350</cash_fee>
<coupon_refund_count>0</coupon_refund_count>
<cash_refund_fee>4350</cash_refund_fee>
</xml>

[2019-03-07 10:28:44][DEBUG] TunnelService::handle [post payload] => {
    "data": "{\"tunnelId\":\"166aebee-dfeb-45d7-ae24-566e4f2bfc39\",\"type\":\"message\",\"content\":\"{\\\"type\\\":\\\"order\\\",\\\"content\\\":{\\\"order_id\\\":\\\"1551925715bpM0R\\\"}}\"}",
    "dataEncode": "json",
    "signature": "71cf20b4dd37263cadbe566bada3a814fc9efd9d"
}

[2019-03-07 10:28:44][DEBUG] Util::writeJsonResult => [200] {
    "code": 0,
    "message": "ok"
}

[2019-03-07 10:28:44][DEBUG] ITunnelHandler [onMessage] => {
    "tunnelId": "166aebee-dfeb-45d7-ae24-566e4f2bfc39",
    "type": "order",
    "content": {
        "order_id": "1551925715bpM0R"
    }
}

[2019-03-07 10:28:44][DEBUG] TunnelService [broadcast] => {
    "tunnelIds": [
        "541e7ff3-9045-4d1f-a3d9-0ec68e6c757b",
        "6fce91ad-3991-48fb-9739-26cae6743bf9"
    ],
    "messageType": "order",
    "messageContent": {
        "who": "system",
        "order_info": {
            "order": {
                "order_id": "1551925715bpM0R",
                "open_id": "opexV46WZFz9Is4xAI2zZWc4YiQE",
                "address_id": "31",
                "timeStamp": "1551925715",
                "order_date": "2019-03-07 10:28:35",
                "pay_status": "",
                "logistics_status": "",
                "seller_act": "WAIT_PICK",
                "customer_act": "",
                "total_fee": "75",
                "user_words": "",
                "nonceStr": "xdoaynl1ypgoiofo6qtz6004zvavl9xk",
                "paySign": "CFE1A78D7E2369303148744DFB89FB24",
                "package": "prepay_id=wx07102835847831c4c0a9dc640855171667",
                "out_refund_no": "",
                "picker_id": "",
                "postman_id": "",
                "refund_reason": "",
                "refund_status": ""
            },
            "address": {
                "address_id": "31",
                "open_id": "opexV46WZFz9Is4xAI2zZWc4YiQE",
                "province": "贵州省",
                "city": "毕节市",
                "county": "七星关区",
                "detail": "半岛水湾过年了",
                "name": "王文",
                "telphone": "13308570523",
                "default_address": "1"
            },
            "goods_list": [
                {
                    "order_id": "1551925715bpM0R",
                    "goods_id": "1",
                    "count": "1",
                    "size": null,
                    "color": null,
                    "evaluation": null,
                    "name": "2018年事业单位公开招聘分类考试公共科目笔试-综合管理类（A类）考试大纲解读（上、下册）",
                    "face_img": "http:\/\/rsks.class.com.cn\/file\/file\/?fileName=\/upload\/201804171814539786114.jpg&isOnLine=true",
                    "price": "75"
                }
            ]
        }
    }
}

[2019-03-07 10:28:45][DEBUG] POST https://tunnel.ws.qcloud.la/ws/push => [200] {
    "[请求]": {
        "data": "[{\"tunnelIds\":[\"541e7ff3-9045-4d1f-a3d9-0ec68e6c757b\",\"6fce91ad-3991-48fb-9739-26cae6743bf9\"],\"type\":\"message\",\"content\":\"{\\\"type\\\":\\\"order\\\",\\\"content\\\":{\\\"who\\\":\\\"system\\\",\\\"order_info\\\":{\\\"order\\\":{\\\"order_id\\\":\\\"1551925715bpM0R\\\",\\\"open_id\\\":\\\"opexV46WZFz9Is4xAI2zZWc4YiQE\\\",\\\"address_id\\\":\\\"31\\\",\\\"timeStamp\\\":\\\"1551925715\\\",\\\"order_date\\\":\\\"2019-03-07 10:28:35\\\",\\\"pay_status\\\":\\\"\\\",\\\"logistics_status\\\":\\\"\\\",\\\"seller_act\\\":\\\"WAIT_PICK\\\",\\\"customer_act\\\":\\\"\\\",\\\"total_fee\\\":\\\"75\\\",\\\"user_words\\\":\\\"\\\",\\\"nonceStr\\\":\\\"xdoaynl1ypgoiofo6qtz6004zvavl9xk\\\",\\\"paySign\\\":\\\"CFE1A78D7E2369303148744DFB89FB24\\\",\\\"package\\\":\\\"prepay_id=wx07102835847831c4c0a9dc640855171667\\\",\\\"out_refund_no\\\":\\\"\\\",\\\"picker_id\\\":\\\"\\\",\\\"postman_id\\\":\\\"\\\",\\\"refund_reason\\\":\\\"\\\",\\\"refund_status\\\":\\\"\\\"},\\\"address\\\":{\\\"address_id\\\":\\\"31\\\",\\\"open_id\\\":\\\"opexV46WZFz9Is4xAI2zZWc4YiQE\\\",\\\"province\\\":\\\"贵州省\\\",\\\"city\\\":\\\"毕节市\\\",\\\"county\\\":\\\"七星关区\\\",\\\"detail\\\":\\\"半岛水湾过年了\\\",\\\"name\\\":\\\"王文\\\",\\\"telphone\\\":\\\"13308570523\\\",\\\"default_address\\\":\\\"1\\\"},\\\"goods_list\\\":[{\\\"order_id\\\":\\\"1551925715bpM0R\\\",\\\"goods_id\\\":\\\"1\\\",\\\"count\\\":\\\"1\\\",\\\"size\\\":null,\\\"color\\\":null,\\\"evaluation\\\":null,\\\"name\\\":\\\"2018年事业单位公开招聘分类考试公共科目笔试-综合管理类（A类）考试大纲解读（上、下册）\\\",\\\"face_img\\\":\\\"http:\/\/rsks.class.com.cn\/file\/file\/?fileName=\/upload\/201804171814539786114.jpg&isOnLine=true\\\",\\\"price\\\":\\\"75\\\"}]}}}\"}]",
        "tcId": "c6bf5fdd57d8548da5d53245151cf0e7",
        "signature": "66629e9693a3522ca829fe9b7923b2583a28856f"
    },
    "[响应]": {
        "code": 0,
        "message": "OK",
        "data": {
            "invalidTunnelIds": [
                "6fce91ad-3991-48fb-9739-26cae6743bf9",
                "541e7ff3-9045-4d1f-a3d9-0ec68e6c757b"
            ]
        }
    },
    "[耗时]": "324ms"
}

[2019-03-07 10:29:24][DEBUG] POST https://tunnel.ws.qcloud.la/get/wsurl => [200] {
    "[请求]": {
        "data": "{\"receiveUrl\":\"http:\/\/58.87.119.233\/bjks\/index.php\",\"protocolType\":\"wss\"}",
        "tcId": "c6bf5fdd57d8548da5d53245151cf0e7",
        "tcKey": "sdfsdfsdfsdfjk",
        "signature": "695405bf0a692ebd533649be4114f591aa6e94c8"
    },
    "[响应]": {
        "code": 0,
        "message": "OK",
        "data": "{\"tunnelId\":\"5020bec4-3116-4ebb-a304-025cc5fe7fc2\",\"connectUrl\":\"wss:\/\/tunnel.ws.qcloud.la\/qcloud\/ws?tunnelId=5020bec4-3116-4ebb-a304-025cc5fe7fc2&tcId=c6bf5fdd57d8548da5d53245151cf0e7\"}",
        "dataEncode": "json",
        "signature": "99c508ed6895b3d650c8cf64acbedd6d88582a04"
    },
    "[耗时]": "290ms"
}

[2019-03-07 10:29:24][DEBUG] ITunnelHandler [onRequest] => {
    "tunnelId": "5020bec4-3116-4ebb-a304-025cc5fe7fc2"
}

[2019-03-07 10:29:24][DEBUG] TunnelService::handle [post payload] => {
    "data": "{\"tunnelId\":\"5020bec4-3116-4ebb-a304-025cc5fe7fc2\",\"type\":\"connect\"}",
    "dataEncode": "json",
    "signature": "9efeb58dcf5339bf84fe2e53e5c7f8284f57f5c5"
}

[2019-03-07 10:29:24][DEBUG] Util::writeJsonResult => [200] {
    "code": 0,
    "message": "ok"
}

[2019-03-07 10:29:24][DEBUG] ITunnelHandler [onConnect] => {
    "tunnelId": "5020bec4-3116-4ebb-a304-025cc5fe7fc2"
}

[2019-03-07 10:29:24][DEBUG] TunnelService [broadcast] => {
    "tunnelIds": [
        "5020bec4-3116-4ebb-a304-025cc5fe7fc2",
        "6fce91ad-3991-48fb-9739-26cae6743bf9"
    ],
    "messageType": "people",
    "messageContent": {
        "total": 1,
        "enter": "chenhai"
    }
}

[2019-03-07 10:29:24][DEBUG] POST https://tunnel.ws.qcloud.la/ws/push => [200] {
    "[请求]": {
        "data": "[{\"tunnelIds\":[\"5020bec4-3116-4ebb-a304-025cc5fe7fc2\",\"6fce91ad-3991-48fb-9739-26cae6743bf9\"],\"type\":\"message\",\"content\":\"{\\\"type\\\":\\\"people\\\",\\\"content\\\":{\\\"total\\\":1,\\\"enter\\\":\\\"chenhai\\\"}}\"}]",
        "tcId": "c6bf5fdd57d8548da5d53245151cf0e7",
        "signature": "e7e06bb025021c4495a3f051a64dd8324d5610ed"
    },
    "[响应]": {
        "code": 0,
        "message": "OK",
        "data": {
            "invalidTunnelIds": [
                "6fce91ad-3991-48fb-9739-26cae6743bf9"
            ]
        }
    },
    "[耗时]": "269ms"
}

[2019-03-07 10:29:29][DEBUG] TunnelService::handle [post payload] => {
    "data": "{\"tunnelId\":\"5020bec4-3116-4ebb-a304-025cc5fe7fc2\",\"type\":\"close\"}",
    "dataEncode": "json",
    "signature": "1799cf9881d16b3341a127d31511fc1672bb01dd"
}

[2019-03-07 10:29:29][DEBUG] Util::writeJsonResult => [200] {
    "code": 0,
    "message": "ok"
}

[2019-03-07 10:29:29][DEBUG] ITunnelHandler [onClose] => {
    "tunnelId": "5020bec4-3116-4ebb-a304-025cc5fe7fc2"
}

[2019-03-07 10:29:46][DEBUG] TunnelService [broadcast] => {
    "tunnelIds": [
        "5020bec4-3116-4ebb-a304-025cc5fe7fc2",
        "6fce91ad-3991-48fb-9739-26cae6743bf9"
    ],
    "messageType": "refund",
    "messageContent": {
        "order_id": "1551925715bpM0R"
    }
}

[2019-03-07 10:29:47][DEBUG] POST https://tunnel.ws.qcloud.la/ws/push => [200] {
    "[请求]": {
        "data": "[{\"tunnelIds\":[\"5020bec4-3116-4ebb-a304-025cc5fe7fc2\",\"6fce91ad-3991-48fb-9739-26cae6743bf9\"],\"type\":\"message\",\"content\":\"{\\\"type\\\":\\\"refund\\\",\\\"content\\\":{\\\"order_id\\\":\\\"1551925715bpM0R\\\"}}\"}]",
        "tcId": "c6bf5fdd57d8548da5d53245151cf0e7",
        "signature": "d06c794747a4ac74b3fbf948461c7c48bfdb9167"
    },
    "[响应]": {
        "code": 0,
        "message": "OK",
        "data": {
            "invalidTunnelIds": [
                "5020bec4-3116-4ebb-a304-025cc5fe7fc2",
                "6fce91ad-3991-48fb-9739-26cae6743bf9"
            ]
        }
    },
    "[耗时]": "303ms"
}

[2019-03-07 10:29:58][DEBUG] POST https://tunnel.ws.qcloud.la/get/wsurl => [200] {
    "[请求]": {
        "data": "{\"receiveUrl\":\"http:\/\/58.87.119.233\/bjks\/index.php\",\"protocolType\":\"wss\"}",
        "tcId": "c6bf5fdd57d8548da5d53245151cf0e7",
        "tcKey": "sdfsdfsdfsdfjk",
        "signature": "695405bf0a692ebd533649be4114f591aa6e94c8"
    },
    "[响应]": {
        "code": 0,
        "message": "OK",
        "data": "{\"tunnelId\":\"05cb532b-71a8-4c61-aaed-87c53aea4e54\",\"connectUrl\":\"wss:\/\/tunnel.ws.qcloud.la\/qcloud\/ws?tunnelId=05cb532b-71a8-4c61-aaed-87c53aea4e54&tcId=c6bf5fdd57d8548da5d53245151cf0e7\"}",
        "dataEncode": "json",
        "signature": "eeb39afd07f3a20b2ce6fbabb128951d9bb4f3f4"
    },
    "[耗时]": "223ms"
}

[2019-03-07 10:29:58][DEBUG] ITunnelHandler [onRequest] => {
    "tunnelId": "05cb532b-71a8-4c61-aaed-87c53aea4e54"
}

[2019-03-07 10:29:58][DEBUG] TunnelService::handle [post payload] => {
    "data": "{\"tunnelId\":\"05cb532b-71a8-4c61-aaed-87c53aea4e54\",\"type\":\"connect\"}",
    "dataEncode": "json",
    "signature": "4385e6ffb54f53c65cca65373a1b6bdf98b8e580"
}

[2019-03-07 10:29:58][DEBUG] Util::writeJsonResult => [200] {
    "code": 0,
    "message": "ok"
}

[2019-03-07 10:29:58][DEBUG] ITunnelHandler [onConnect] => {
    "tunnelId": "05cb532b-71a8-4c61-aaed-87c53aea4e54"
}

[2019-03-07 10:29:58][DEBUG] TunnelService [broadcast] => {
    "tunnelIds": [
        "05cb532b-71a8-4c61-aaed-87c53aea4e54",
        "6fce91ad-3991-48fb-9739-26cae6743bf9"
    ],
    "messageType": "people",
    "messageContent": {
        "total": 1,
        "enter": "chenhai"
    }
}

[2019-03-07 10:29:58][DEBUG] POST https://tunnel.ws.qcloud.la/ws/push => [200] {
    "[请求]": {
        "data": "[{\"tunnelIds\":[\"05cb532b-71a8-4c61-aaed-87c53aea4e54\",\"6fce91ad-3991-48fb-9739-26cae6743bf9\"],\"type\":\"message\",\"content\":\"{\\\"type\\\":\\\"people\\\",\\\"content\\\":{\\\"total\\\":1,\\\"enter\\\":\\\"chenhai\\\"}}\"}]",
        "tcId": "c6bf5fdd57d8548da5d53245151cf0e7",
        "signature": "c4baa5e3bede88bfdbcea8ee624eb958e875bfd3"
    },
    "[响应]": {
        "code": 0,
        "message": "OK",
        "data": {
            "invalidTunnelIds": [
                "6fce91ad-3991-48fb-9739-26cae6743bf9"
            ]
        }
    },
    "[耗时]": "187ms"
}

[2019-03-07 10:30:22][DEBUG] xmldata => <xml><appid>wxfa21ea4bdaef03e9</appid><mch_id>1525232981</mch_id><nonce_str>c4zqs2o0f89186uvbo7lcuqp00b9bfkw</nonce_str><out_refund_no>1551925822VOmAJ</out_refund_no><out_trade_no>1551925715bpM0R</out_trade_no><total_fee>7500</total_fee><refund_fee>7500</refund_fee><sign>EFB870D2C9F480BD2D64E4677F695D83</sign></xml>

[2019-03-07 10:30:24][DEBUG] refundata => <xml><return_code><![CDATA[SUCCESS]]></return_code>
<return_msg><![CDATA[OK]]></return_msg>
<appid><![CDATA[wxfa21ea4bdaef03e9]]></appid>
<mch_id><![CDATA[1525232981]]></mch_id>
<nonce_str><![CDATA[YdulVtB1YWxO2h4w]]></nonce_str>
<sign><![CDATA[97E213F6C9BA9419CB65ED7BBA4E9EF0]]></sign>
<result_code><![CDATA[SUCCESS]]></result_code>
<transaction_id><![CDATA[4200000283201903074247125578]]></transaction_id>
<out_trade_no><![CDATA[1551925715bpM0R]]></out_trade_no>
<out_refund_no><![CDATA[1551925822VOmAJ]]></out_refund_no>
<refund_id><![CDATA[50000210052019030708622828847]]></refund_id>
<refund_channel><![CDATA[]]></refund_channel>
<refund_fee>7500</refund_fee>
<coupon_refund_fee>0</coupon_refund_fee>
<total_fee>7500</total_fee>
<cash_fee>7500</cash_fee>
<coupon_refund_count>0</coupon_refund_count>
<cash_refund_fee>7500</cash_refund_fee>
</xml>

[2019-03-07 10:30:49][DEBUG] POST https://tunnel.ws.qcloud.la/get/wsurl => [200] {
    "[请求]": {
        "data": "{\"receiveUrl\":\"http:\/\/58.87.119.233\/bjks\/index.php\",\"protocolType\":\"wss\"}",
        "tcId": "c6bf5fdd57d8548da5d53245151cf0e7",
        "tcKey": "sdfsdfsdfsdfjk",
        "signature": "695405bf0a692ebd533649be4114f591aa6e94c8"
    },
    "[响应]": {
        "code": 0,
        "message": "OK",
        "data": "{\"tunnelId\":\"280a3f5f-bd27-4fed-9775-86e5ad05e4fd\",\"connectUrl\":\"wss:\/\/tunnel.ws.qcloud.la\/qcloud\/ws?tunnelId=280a3f5f-bd27-4fed-9775-86e5ad05e4fd&tcId=c6bf5fdd57d8548da5d53245151cf0e7\"}",
        "dataEncode": "json",
        "signature": "7d4d6837001a3a1c65c9950ccc84b3d35e1da968"
    },
    "[耗时]": "213ms"
}

[2019-03-07 10:30:49][DEBUG] ITunnelHandler [onRequest] => {
    "tunnelId": "280a3f5f-bd27-4fed-9775-86e5ad05e4fd"
}

[2019-03-07 10:30:50][DEBUG] TunnelService::handle [post payload] => {
    "data": "{\"tunnelId\":\"280a3f5f-bd27-4fed-9775-86e5ad05e4fd\",\"type\":\"connect\"}",
    "dataEncode": "json",
    "signature": "08b9f9444f4e0050fa0728f248704ba55b53e4ea"
}

[2019-03-07 10:30:50][DEBUG] Util::writeJsonResult => [200] {
    "code": 0,
    "message": "ok"
}

[2019-03-07 10:30:50][DEBUG] ITunnelHandler [onConnect] => {
    "tunnelId": "280a3f5f-bd27-4fed-9775-86e5ad05e4fd"
}

[2019-03-07 10:30:50][DEBUG] TunnelService [broadcast] => {
    "tunnelIds": [
        "280a3f5f-bd27-4fed-9775-86e5ad05e4fd",
        "6fce91ad-3991-48fb-9739-26cae6743bf9"
    ],
    "messageType": "people",
    "messageContent": {
        "total": 1,
        "enter": "chenhai"
    }
}

[2019-03-07 10:30:50][DEBUG] POST https://tunnel.ws.qcloud.la/ws/push => [200] {
    "[请求]": {
        "data": "[{\"tunnelIds\":[\"280a3f5f-bd27-4fed-9775-86e5ad05e4fd\",\"6fce91ad-3991-48fb-9739-26cae6743bf9\"],\"type\":\"message\",\"content\":\"{\\\"type\\\":\\\"people\\\",\\\"content\\\":{\\\"total\\\":1,\\\"enter\\\":\\\"chenhai\\\"}}\"}]",
        "tcId": "c6bf5fdd57d8548da5d53245151cf0e7",
        "signature": "0cbe0f64cb9b34302b8243a0703d965246e1c59a"
    },
    "[响应]": {
        "code": 0,
        "message": "OK",
        "data": {
            "invalidTunnelIds": [
                "6fce91ad-3991-48fb-9739-26cae6743bf9"
            ]
        }
    },
    "[耗时]": "283ms"
}

[2019-03-07 10:30:51][DEBUG] TunnelService::handle [post payload] => {
    "data": "{\"tunnelId\":\"280a3f5f-bd27-4fed-9775-86e5ad05e4fd\",\"type\":\"close\"}",
    "dataEncode": "json",
    "signature": "cba52cb24ed7c0690a7a0b3a7c6071c866393c37"
}

[2019-03-07 10:30:51][DEBUG] Util::writeJsonResult => [200] {
    "code": 0,
    "message": "ok"
}

[2019-03-07 10:30:51][DEBUG] ITunnelHandler [onClose] => {
    "tunnelId": "280a3f5f-bd27-4fed-9775-86e5ad05e4fd"
}

[2019-03-07 10:32:31][DEBUG] TunnelService::handle [post payload] => {
    "data": "{\"tunnelId\":\"05cb532b-71a8-4c61-aaed-87c53aea4e54\",\"type\":\"close\"}",
    "dataEncode": "json",
    "signature": "989b90d7f4ad235f1d1058e4dc7ef6dfb3b938ef"
}

[2019-03-07 10:32:31][DEBUG] Util::writeJsonResult => [200] {
    "code": 0,
    "message": "ok"
}

[2019-03-07 10:32:31][DEBUG] ITunnelHandler [onClose] => {
    "tunnelId": "05cb532b-71a8-4c61-aaed-87c53aea4e54"
}

[2019-03-07 10:35:20][DEBUG] POST https://tunnel.ws.qcloud.la/get/wsurl => [200] {
    "[请求]": {
        "data": "{\"receiveUrl\":\"http:\/\/58.87.119.233\/bjks\/index.php\",\"protocolType\":\"wss\"}",
        "tcId": "c6bf5fdd57d8548da5d53245151cf0e7",
        "tcKey": "sdfsdfsdfsdfjk",
        "signature": "695405bf0a692ebd533649be4114f591aa6e94c8"
    },
    "[响应]": {
        "code": 0,
        "message": "OK",
        "data": "{\"tunnelId\":\"3d415c1c-a8db-4dc8-af22-7ab5b8154cce\",\"connectUrl\":\"wss:\/\/tunnel.ws.qcloud.la\/qcloud\/ws?tunnelId=3d415c1c-a8db-4dc8-af22-7ab5b8154cce&tcId=c6bf5fdd57d8548da5d53245151cf0e7\"}",
        "dataEncode": "json",
        "signature": "6be00339056f09ac06482349b2a04ab5a0357dea"
    },
    "[耗时]": "284ms"
}

[2019-03-07 10:35:20][DEBUG] ITunnelHandler [onRequest] => {
    "tunnelId": "3d415c1c-a8db-4dc8-af22-7ab5b8154cce"
}

[2019-03-07 10:35:21][DEBUG] TunnelService::handle [post payload] => {
    "data": "{\"tunnelId\":\"3d415c1c-a8db-4dc8-af22-7ab5b8154cce\",\"type\":\"connect\"}",
    "dataEncode": "json",
    "signature": "353b4a6f98e9e05004102d6f04e8e8a4e89be737"
}

[2019-03-07 10:35:21][DEBUG] Util::writeJsonResult => [200] {
    "code": 0,
    "message": "ok"
}

[2019-03-07 10:35:21][DEBUG] ITunnelHandler [onConnect] => {
    "tunnelId": "3d415c1c-a8db-4dc8-af22-7ab5b8154cce"
}

[2019-03-07 10:35:21][DEBUG] TunnelService [broadcast] => {
    "tunnelIds": [
        "3d415c1c-a8db-4dc8-af22-7ab5b8154cce",
        "6fce91ad-3991-48fb-9739-26cae6743bf9"
    ],
    "messageType": "people",
    "messageContent": {
        "total": 1,
        "enter": "chenhai"
    }
}

[2019-03-07 10:35:21][DEBUG] POST https://tunnel.ws.qcloud.la/ws/push => [200] {
    "[请求]": {
        "data": "[{\"tunnelIds\":[\"3d415c1c-a8db-4dc8-af22-7ab5b8154cce\",\"6fce91ad-3991-48fb-9739-26cae6743bf9\"],\"type\":\"message\",\"content\":\"{\\\"type\\\":\\\"people\\\",\\\"content\\\":{\\\"total\\\":1,\\\"enter\\\":\\\"chenhai\\\"}}\"}]",
        "tcId": "c6bf5fdd57d8548da5d53245151cf0e7",
        "signature": "e961e8c84b730ddaee7a28f99beab1bb5829ee2b"
    },
    "[响应]": {
        "code": 0,
        "message": "OK",
        "data": {
            "invalidTunnelIds": [
                "3d415c1c-a8db-4dc8-af22-7ab5b8154cce",
                "6fce91ad-3991-48fb-9739-26cae6743bf9"
            ]
        }
    },
    "[耗时]": "283ms"
}

[2019-03-07 10:35:40][DEBUG] TunnelService::handle [post payload] => {
    "data": "{\"tunnelId\":\"3d415c1c-a8db-4dc8-af22-7ab5b8154cce\",\"type\":\"close\"}",
    "dataEncode": "json",
    "signature": "f0a528ee24f413da4e3fd28099a6018c81278e2f"
}

[2019-03-07 10:35:40][DEBUG] Util::writeJsonResult => [200] {
    "code": 0,
    "message": "ok"
}

[2019-03-07 10:35:40][DEBUG] ITunnelHandler [onClose] => {
    "tunnelId": "3d415c1c-a8db-4dc8-af22-7ab5b8154cce"
}

[2019-03-07 10:35:45][DEBUG] POST https://tunnel.ws.qcloud.la/get/wsurl => [200] {
    "[请求]": {
        "data": "{\"receiveUrl\":\"http:\/\/58.87.119.233\/bjks\/index.php\",\"protocolType\":\"wss\"}",
        "tcId": "c6bf5fdd57d8548da5d53245151cf0e7",
        "tcKey": "sdfsdfsdfsdfjk",
        "signature": "695405bf0a692ebd533649be4114f591aa6e94c8"
    },
    "[响应]": {
        "code": 0,
        "message": "OK",
        "data": "{\"tunnelId\":\"822c1afd-e82b-48ad-b734-618ea4c4352f\",\"connectUrl\":\"wss:\/\/tunnel.ws.qcloud.la\/qcloud\/ws?tunnelId=822c1afd-e82b-48ad-b734-618ea4c4352f&tcId=c6bf5fdd57d8548da5d53245151cf0e7\"}",
        "dataEncode": "json",
        "signature": "71bd50034250ec9172c96bff75485e4d71a073a8"
    },
    "[耗时]": "182ms"
}

[2019-03-07 10:35:45][DEBUG] ITunnelHandler [onRequest] => {
    "tunnelId": "822c1afd-e82b-48ad-b734-618ea4c4352f"
}

[2019-03-07 10:35:45][DEBUG] TunnelService::handle [post payload] => {
    "data": "{\"tunnelId\":\"822c1afd-e82b-48ad-b734-618ea4c4352f\",\"type\":\"connect\"}",
    "dataEncode": "json",
    "signature": "c44f8a7efc18de113707c0dc52cc1d9bf34e7984"
}

[2019-03-07 10:35:45][DEBUG] Util::writeJsonResult => [200] {
    "code": 0,
    "message": "ok"
}

[2019-03-07 10:35:45][DEBUG] ITunnelHandler [onConnect] => {
    "tunnelId": "822c1afd-e82b-48ad-b734-618ea4c4352f"
}

[2019-03-07 10:35:45][DEBUG] TunnelService [broadcast] => {
    "tunnelIds": [
        "822c1afd-e82b-48ad-b734-618ea4c4352f",
        "6fce91ad-3991-48fb-9739-26cae6743bf9"
    ],
    "messageType": "people",
    "messageContent": {
        "total": 1,
        "enter": "chenhai"
    }
}

[2019-03-07 10:35:46][DEBUG] POST https://tunnel.ws.qcloud.la/ws/push => [200] {
    "[请求]": {
        "data": "[{\"tunnelIds\":[\"822c1afd-e82b-48ad-b734-618ea4c4352f\",\"6fce91ad-3991-48fb-9739-26cae6743bf9\"],\"type\":\"message\",\"content\":\"{\\\"type\\\":\\\"people\\\",\\\"content\\\":{\\\"total\\\":1,\\\"enter\\\":\\\"chenhai\\\"}}\"}]",
        "tcId": "c6bf5fdd57d8548da5d53245151cf0e7",
        "signature": "8b4b4eff2c6e54d25d3266bc0ccc8b2cdc69b54f"
    },
    "[响应]": {
        "code": 0,
        "message": "OK",
        "data": {
            "invalidTunnelIds": [
                "6fce91ad-3991-48fb-9739-26cae6743bf9"
            ]
        }
    },
    "[耗时]": "181ms"
}

[2019-03-07 10:36:41][DEBUG] POST https://tunnel.ws.qcloud.la/get/wsurl => [200] {
    "[请求]": {
        "data": "{\"receiveUrl\":\"http:\/\/58.87.119.233\/bjks\/index.php\",\"protocolType\":\"wss\"}",
        "tcId": "c6bf5fdd57d8548da5d53245151cf0e7",
        "tcKey": "sdfsdfsdfsdfjk",
        "signature": "695405bf0a692ebd533649be4114f591aa6e94c8"
    },
    "[响应]": {
        "code": 0,
        "message": "OK",
        "data": "{\"tunnelId\":\"5c65c79e-25d7-4fba-ac78-f9aad8832380\",\"connectUrl\":\"wss:\/\/tunnel.ws.qcloud.la\/qcloud\/ws?tunnelId=5c65c79e-25d7-4fba-ac78-f9aad8832380&tcId=c6bf5fdd57d8548da5d53245151cf0e7\"}",
        "dataEncode": "json",
        "signature": "4f808e10b4010cfa4b4ebb8190472cd54158f996"
    },
    "[耗时]": "266ms"
}

[2019-03-07 10:36:41][DEBUG] ITunnelHandler [onRequest] => {
    "tunnelId": "5c65c79e-25d7-4fba-ac78-f9aad8832380"
}

[2019-03-07 10:36:42][DEBUG] TunnelService::handle [post payload] => {
    "data": "{\"tunnelId\":\"5c65c79e-25d7-4fba-ac78-f9aad8832380\",\"type\":\"connect\"}",
    "dataEncode": "json",
    "signature": "35c2026fbeb242fd3d9b335d847ffa41ec3e4bd6"
}

[2019-03-07 10:36:42][DEBUG] Util::writeJsonResult => [200] {
    "code": 0,
    "message": "ok"
}

[2019-03-07 10:36:42][DEBUG] ITunnelHandler [onConnect] => {
    "tunnelId": "5c65c79e-25d7-4fba-ac78-f9aad8832380"
}

[2019-03-07 10:36:42][DEBUG] TunnelService [broadcast] => {
    "tunnelIds": [
        "5c65c79e-25d7-4fba-ac78-f9aad8832380",
        "6fce91ad-3991-48fb-9739-26cae6743bf9"
    ],
    "messageType": "people",
    "messageContent": {
        "total": 1,
        "enter": "chenhai"
    }
}

[2019-03-07 10:36:42][DEBUG] POST https://tunnel.ws.qcloud.la/ws/push => [200] {
    "[请求]": {
        "data": "[{\"tunnelIds\":[\"5c65c79e-25d7-4fba-ac78-f9aad8832380\",\"6fce91ad-3991-48fb-9739-26cae6743bf9\"],\"type\":\"message\",\"content\":\"{\\\"type\\\":\\\"people\\\",\\\"content\\\":{\\\"total\\\":1,\\\"enter\\\":\\\"chenhai\\\"}}\"}]",
        "tcId": "c6bf5fdd57d8548da5d53245151cf0e7",
        "signature": "2959186e43ec8111fcaf34ccafc544294f94f4b5"
    },
    "[响应]": {
        "code": 0,
        "message": "OK",
        "data": {
            "invalidTunnelIds": [
                "6fce91ad-3991-48fb-9739-26cae6743bf9"
            ]
        }
    },
    "[耗时]": "260ms"
}

[2019-03-07 10:37:12][DEBUG] POST https://tunnel.ws.qcloud.la/get/wsurl => [200] {
    "[请求]": {
        "data": "{\"receiveUrl\":\"http:\/\/58.87.119.233\/bjks\/index.php\",\"protocolType\":\"wss\"}",
        "tcId": "c6bf5fdd57d8548da5d53245151cf0e7",
        "tcKey": "sdfsdfsdfsdfjk",
        "signature": "695405bf0a692ebd533649be4114f591aa6e94c8"
    },
    "[响应]": {
        "code": 0,
        "message": "OK",
        "data": "{\"tunnelId\":\"42ea9a86-41db-4fdf-8657-1981e60742ce\",\"connectUrl\":\"wss:\/\/tunnel.ws.qcloud.la\/qcloud\/ws?tunnelId=42ea9a86-41db-4fdf-8657-1981e60742ce&tcId=c6bf5fdd57d8548da5d53245151cf0e7\"}",
        "dataEncode": "json",
        "signature": "424a022baa7fd1f2a9c8a790fcea0d9b9141cd25"
    },
    "[耗时]": "174ms"
}

[2019-03-07 10:37:12][DEBUG] ITunnelHandler [onRequest] => {
    "tunnelId": "42ea9a86-41db-4fdf-8657-1981e60742ce"
}

[2019-03-07 10:37:13][DEBUG] TunnelService::handle [post payload] => {
    "data": "{\"tunnelId\":\"42ea9a86-41db-4fdf-8657-1981e60742ce\",\"type\":\"connect\"}",
    "dataEncode": "json",
    "signature": "2e1ba3f0d1f0021d337c1a79ad6fc0276783d184"
}

[2019-03-07 10:37:13][DEBUG] Util::writeJsonResult => [200] {
    "code": 0,
    "message": "ok"
}

[2019-03-07 10:37:13][DEBUG] ITunnelHandler [onConnect] => {
    "tunnelId": "42ea9a86-41db-4fdf-8657-1981e60742ce"
}

[2019-03-07 10:37:13][DEBUG] TunnelService [broadcast] => {
    "tunnelIds": [
        "42ea9a86-41db-4fdf-8657-1981e60742ce",
        "6fce91ad-3991-48fb-9739-26cae6743bf9"
    ],
    "messageType": "people",
    "messageContent": {
        "total": 1,
        "enter": "chenhai"
    }
}

[2019-03-07 10:37:13][DEBUG] POST https://tunnel.ws.qcloud.la/ws/push => [200] {
    "[请求]": {
        "data": "[{\"tunnelIds\":[\"42ea9a86-41db-4fdf-8657-1981e60742ce\",\"6fce91ad-3991-48fb-9739-26cae6743bf9\"],\"type\":\"message\",\"content\":\"{\\\"type\\\":\\\"people\\\",\\\"content\\\":{\\\"total\\\":1,\\\"enter\\\":\\\"chenhai\\\"}}\"}]",
        "tcId": "c6bf5fdd57d8548da5d53245151cf0e7",
        "signature": "aac56b7959d44ac9843b23ce322179e0537c70b4"
    },
    "[响应]": {
        "code": 0,
        "message": "OK",
        "data": {
            "invalidTunnelIds": [
                "6fce91ad-3991-48fb-9739-26cae6743bf9"
            ]
        }
    },
    "[耗时]": "182ms"
}

[2019-03-07 10:37:39][DEBUG] POST https://tunnel.ws.qcloud.la/get/wsurl => [200] {
    "[请求]": {
        "data": "{\"receiveUrl\":\"http:\/\/58.87.119.233\/bjks\/index.php\",\"protocolType\":\"wss\"}",
        "tcId": "c6bf5fdd57d8548da5d53245151cf0e7",
        "tcKey": "sdfsdfsdfsdfjk",
        "signature": "695405bf0a692ebd533649be4114f591aa6e94c8"
    },
    "[响应]": {
        "code": 0,
        "message": "OK",
        "data": "{\"tunnelId\":\"794be617-34ca-4e25-8a1a-cb4cd5ac6d1c\",\"connectUrl\":\"wss:\/\/tunnel.ws.qcloud.la\/qcloud\/ws?tunnelId=794be617-34ca-4e25-8a1a-cb4cd5ac6d1c&tcId=c6bf5fdd57d8548da5d53245151cf0e7\"}",
        "dataEncode": "json",
        "signature": "6f2df009a14e3675ef9d07fa350c10fc6620a27c"
    },
    "[耗时]": "178ms"
}

[2019-03-07 10:37:39][DEBUG] ITunnelHandler [onRequest] => {
    "tunnelId": "794be617-34ca-4e25-8a1a-cb4cd5ac6d1c"
}

[2019-03-07 10:37:39][DEBUG] TunnelService::handle [post payload] => {
    "data": "{\"tunnelId\":\"794be617-34ca-4e25-8a1a-cb4cd5ac6d1c\",\"type\":\"connect\"}",
    "dataEncode": "json",
    "signature": "da183c9e54004bb891ff4d6745a86f68689429c1"
}

[2019-03-07 10:37:39][DEBUG] Util::writeJsonResult => [200] {
    "code": 0,
    "message": "ok"
}

[2019-03-07 10:37:39][DEBUG] ITunnelHandler [onConnect] => {
    "tunnelId": "794be617-34ca-4e25-8a1a-cb4cd5ac6d1c"
}

[2019-03-07 10:37:39][DEBUG] TunnelService [broadcast] => {
    "tunnelIds": [
        "794be617-34ca-4e25-8a1a-cb4cd5ac6d1c",
        "6fce91ad-3991-48fb-9739-26cae6743bf9"
    ],
    "messageType": "people",
    "messageContent": {
        "total": 1,
        "enter": "chenhai"
    }
}

[2019-03-07 10:37:40][DEBUG] POST https://tunnel.ws.qcloud.la/ws/push => [200] {
    "[请求]": {
        "data": "[{\"tunnelIds\":[\"794be617-34ca-4e25-8a1a-cb4cd5ac6d1c\",\"6fce91ad-3991-48fb-9739-26cae6743bf9\"],\"type\":\"message\",\"content\":\"{\\\"type\\\":\\\"people\\\",\\\"content\\\":{\\\"total\\\":1,\\\"enter\\\":\\\"chenhai\\\"}}\"}]",
        "tcId": "c6bf5fdd57d8548da5d53245151cf0e7",
        "signature": "17ca40e232d2d1764fcc4f181a7a557718bbb859"
    },
    "[响应]": {
        "code": 0,
        "message": "OK",
        "data": {
            "invalidTunnelIds": [
                "6fce91ad-3991-48fb-9739-26cae6743bf9"
            ]
        }
    },
    "[耗时]": "286ms"
}

[2019-03-07 10:38:24][DEBUG] POST https://tunnel.ws.qcloud.la/get/wsurl => [200] {
    "[请求]": {
        "data": "{\"receiveUrl\":\"http:\/\/58.87.119.233\/bjks\/index.php\",\"protocolType\":\"wss\"}",
        "tcId": "c6bf5fdd57d8548da5d53245151cf0e7",
        "tcKey": "sdfsdfsdfsdfjk",
        "signature": "695405bf0a692ebd533649be4114f591aa6e94c8"
    },
    "[响应]": {
        "code": 0,
        "message": "OK",
        "data": "{\"tunnelId\":\"9aa65cbf-bc57-4264-b9be-a916a695a0c6\",\"connectUrl\":\"wss:\/\/tunnel.ws.qcloud.la\/qcloud\/ws?tunnelId=9aa65cbf-bc57-4264-b9be-a916a695a0c6&tcId=c6bf5fdd57d8548da5d53245151cf0e7\"}",
        "dataEncode": "json",
        "signature": "6851e5e020c8fdf9e8788846a08ef9947a4e8017"
    },
    "[耗时]": "167ms"
}

[2019-03-07 10:38:24][DEBUG] ITunnelHandler [onRequest] => {
    "tunnelId": "9aa65cbf-bc57-4264-b9be-a916a695a0c6"
}

[2019-03-07 10:38:25][DEBUG] TunnelService::handle [post payload] => {
    "data": "{\"tunnelId\":\"9aa65cbf-bc57-4264-b9be-a916a695a0c6\",\"type\":\"connect\"}",
    "dataEncode": "json",
    "signature": "3f7565b5d56788b65defa851fd2467a7c7986934"
}

[2019-03-07 10:38:25][DEBUG] Util::writeJsonResult => [200] {
    "code": 0,
    "message": "ok"
}

[2019-03-07 10:38:25][DEBUG] ITunnelHandler [onConnect] => {
    "tunnelId": "9aa65cbf-bc57-4264-b9be-a916a695a0c6"
}

[2019-03-07 10:38:25][DEBUG] TunnelService [broadcast] => {
    "tunnelIds": [
        "9aa65cbf-bc57-4264-b9be-a916a695a0c6",
        "6fce91ad-3991-48fb-9739-26cae6743bf9"
    ],
    "messageType": "people",
    "messageContent": {
        "total": 1,
        "enter": "chenhai"
    }
}

[2019-03-07 10:38:25][DEBUG] POST https://tunnel.ws.qcloud.la/ws/push => [200] {
    "[请求]": {
        "data": "[{\"tunnelIds\":[\"9aa65cbf-bc57-4264-b9be-a916a695a0c6\",\"6fce91ad-3991-48fb-9739-26cae6743bf9\"],\"type\":\"message\",\"content\":\"{\\\"type\\\":\\\"people\\\",\\\"content\\\":{\\\"total\\\":1,\\\"enter\\\":\\\"chenhai\\\"}}\"}]",
        "tcId": "c6bf5fdd57d8548da5d53245151cf0e7",
        "signature": "816f79563ea9f597185bd0268324b6e93dca01f5"
    },
    "[响应]": {
        "code": 0,
        "message": "OK",
        "data": {
            "invalidTunnelIds": [
                "9aa65cbf-bc57-4264-b9be-a916a695a0c6",
                "6fce91ad-3991-48fb-9739-26cae6743bf9"
            ]
        }
    },
    "[耗时]": "307ms"
}

[2019-03-07 10:38:28][DEBUG] TunnelService::handle [post payload] => {
    "data": "{\"tunnelId\":\"9aa65cbf-bc57-4264-b9be-a916a695a0c6\",\"type\":\"close\"}",
    "dataEncode": "json",
    "signature": "e759b6f3f43a831203f8d0fe84cc8ad4a4d0581e"
}

[2019-03-07 10:38:28][DEBUG] Util::writeJsonResult => [200] {
    "code": 0,
    "message": "ok"
}

[2019-03-07 10:38:28][DEBUG] ITunnelHandler [onClose] => {
    "tunnelId": "9aa65cbf-bc57-4264-b9be-a916a695a0c6"
}

[2019-03-07 10:38:49][DEBUG] POST https://tunnel.ws.qcloud.la/get/wsurl => [200] {
    "[请求]": {
        "data": "{\"receiveUrl\":\"http:\/\/58.87.119.233\/bjks\/index.php\",\"protocolType\":\"wss\"}",
        "tcId": "c6bf5fdd57d8548da5d53245151cf0e7",
        "tcKey": "sdfsdfsdfsdfjk",
        "signature": "695405bf0a692ebd533649be4114f591aa6e94c8"
    },
    "[响应]": {
        "code": 0,
        "message": "OK",
        "data": "{\"tunnelId\":\"ce41ab6e-aa21-4454-a748-72f0fb950770\",\"connectUrl\":\"wss:\/\/tunnel.ws.qcloud.la\/qcloud\/ws?tunnelId=ce41ab6e-aa21-4454-a748-72f0fb950770&tcId=c6bf5fdd57d8548da5d53245151cf0e7\"}",
        "dataEncode": "json",
        "signature": "d068006492b547fcee534f930f99849a34a53591"
    },
    "[耗时]": "257ms"
}

[2019-03-07 10:38:49][DEBUG] ITunnelHandler [onRequest] => {
    "tunnelId": "ce41ab6e-aa21-4454-a748-72f0fb950770"
}

[2019-03-07 10:38:49][DEBUG] TunnelService::handle [post payload] => {
    "data": "{\"tunnelId\":\"ce41ab6e-aa21-4454-a748-72f0fb950770\",\"type\":\"connect\"}",
    "dataEncode": "json",
    "signature": "d4c2c281848ed2b544e777bc3ab672633ea2128b"
}

[2019-03-07 10:38:49][DEBUG] Util::writeJsonResult => [200] {
    "code": 0,
    "message": "ok"
}

[2019-03-07 10:38:49][DEBUG] ITunnelHandler [onConnect] => {
    "tunnelId": "ce41ab6e-aa21-4454-a748-72f0fb950770"
}

[2019-03-07 10:38:49][DEBUG] TunnelService [broadcast] => {
    "tunnelIds": [
        "ce41ab6e-aa21-4454-a748-72f0fb950770",
        "6fce91ad-3991-48fb-9739-26cae6743bf9"
    ],
    "messageType": "people",
    "messageContent": {
        "total": 1,
        "enter": "chenhai"
    }
}

[2019-03-07 10:38:50][DEBUG] POST https://tunnel.ws.qcloud.la/ws/push => [200] {
    "[请求]": {
        "data": "[{\"tunnelIds\":[\"ce41ab6e-aa21-4454-a748-72f0fb950770\",\"6fce91ad-3991-48fb-9739-26cae6743bf9\"],\"type\":\"message\",\"content\":\"{\\\"type\\\":\\\"people\\\",\\\"content\\\":{\\\"total\\\":1,\\\"enter\\\":\\\"chenhai\\\"}}\"}]",
        "tcId": "c6bf5fdd57d8548da5d53245151cf0e7",
        "signature": "117b83aa8da0bfebbf77492949dbcb4b3a293cd2"
    },
    "[响应]": {
        "code": 0,
        "message": "OK",
        "data": {
            "invalidTunnelIds": [
                "6fce91ad-3991-48fb-9739-26cae6743bf9"
            ]
        }
    },
    "[耗时]": "188ms"
}

[2019-03-07 10:40:55][DEBUG] TunnelService::handle [post payload] => {
    "data": "{\"tunnelId\":\"ce41ab6e-aa21-4454-a748-72f0fb950770\",\"type\":\"close\"}",
    "dataEncode": "json",
    "signature": "7cd70f0a9967271835ae6aef3ce0ce51ba55e7dc"
}

[2019-03-07 10:40:55][DEBUG] Util::writeJsonResult => [200] {
    "code": 0,
    "message": "ok"
}

[2019-03-07 10:40:55][DEBUG] ITunnelHandler [onClose] => {
    "tunnelId": "ce41ab6e-aa21-4454-a748-72f0fb950770"
}

[2019-03-07 10:42:58][DEBUG] POST https://tunnel.ws.qcloud.la/get/wsurl => [200] {
    "[请求]": {
        "data": "{\"receiveUrl\":\"http:\/\/58.87.119.233\/bjks\/index.php\",\"protocolType\":\"wss\"}",
        "tcId": "c6bf5fdd57d8548da5d53245151cf0e7",
        "tcKey": "sdfsdfsdfsdfjk",
        "signature": "695405bf0a692ebd533649be4114f591aa6e94c8"
    },
    "[响应]": {
        "code": 0,
        "message": "OK",
        "data": "{\"tunnelId\":\"6cf425ef-654a-4f36-82b3-4771b635ac64\",\"connectUrl\":\"wss:\/\/tunnel.ws.qcloud.la\/qcloud\/ws?tunnelId=6cf425ef-654a-4f36-82b3-4771b635ac64&tcId=c6bf5fdd57d8548da5d53245151cf0e7\"}",
        "dataEncode": "json",
        "signature": "653c8afd8aa50d869c561f632d1cb73ac9a37ce2"
    },
    "[耗时]": "302ms"
}

[2019-03-07 10:42:58][DEBUG] ITunnelHandler [onRequest] => {
    "tunnelId": "6cf425ef-654a-4f36-82b3-4771b635ac64"
}

[2019-03-07 10:43:00][DEBUG] TunnelService::handle [post payload] => {
    "data": "{\"tunnelId\":\"6cf425ef-654a-4f36-82b3-4771b635ac64\",\"type\":\"connect\"}",
    "dataEncode": "json",
    "signature": "c24ae9618177d86b499a113e27cf8169b734edae"
}

[2019-03-07 10:43:00][DEBUG] Util::writeJsonResult => [200] {
    "code": 0,
    "message": "ok"
}

[2019-03-07 10:43:00][DEBUG] ITunnelHandler [onConnect] => {
    "tunnelId": "6cf425ef-654a-4f36-82b3-4771b635ac64"
}

[2019-03-07 10:43:00][DEBUG] TunnelService [broadcast] => {
    "tunnelIds": [
        "6cf425ef-654a-4f36-82b3-4771b635ac64",
        "6fce91ad-3991-48fb-9739-26cae6743bf9"
    ],
    "messageType": "people",
    "messageContent": {
        "total": 1,
        "enter": "chenhai"
    }
}

[2019-03-07 10:43:00][DEBUG] POST https://tunnel.ws.qcloud.la/ws/push => [200] {
    "[请求]": {
        "data": "[{\"tunnelIds\":[\"6cf425ef-654a-4f36-82b3-4771b635ac64\",\"6fce91ad-3991-48fb-9739-26cae6743bf9\"],\"type\":\"message\",\"content\":\"{\\\"type\\\":\\\"people\\\",\\\"content\\\":{\\\"total\\\":1,\\\"enter\\\":\\\"chenhai\\\"}}\"}]",
        "tcId": "c6bf5fdd57d8548da5d53245151cf0e7",
        "signature": "274db26ca8edeab33e9fa8e229ed7dc2e3e123e4"
    },
    "[响应]": {
        "code": 0,
        "message": "OK",
        "data": {
            "invalidTunnelIds": [
                "6cf425ef-654a-4f36-82b3-4771b635ac64",
                "6fce91ad-3991-48fb-9739-26cae6743bf9"
            ]
        }
    },
    "[耗时]": "220ms"
}

[2019-03-07 10:43:10][DEBUG] TunnelService::handle [post payload] => {
    "data": "{\"tunnelId\":\"6cf425ef-654a-4f36-82b3-4771b635ac64\",\"type\":\"close\"}",
    "dataEncode": "json",
    "signature": "e2b2988f58640dcf205bfb35b87688528dea1243"
}

[2019-03-07 10:43:10][DEBUG] Util::writeJsonResult => [200] {
    "code": 0,
    "message": "ok"
}

[2019-03-07 10:43:10][DEBUG] ITunnelHandler [onClose] => {
    "tunnelId": "6cf425ef-654a-4f36-82b3-4771b635ac64"
}

[2019-03-07 10:43:30][DEBUG] POST https://tunnel.ws.qcloud.la/get/wsurl => [200] {
    "[请求]": {
        "data": "{\"receiveUrl\":\"http:\/\/58.87.119.233\/bjks\/index.php\",\"protocolType\":\"wss\"}",
        "tcId": "c6bf5fdd57d8548da5d53245151cf0e7",
        "tcKey": "sdfsdfsdfsdfjk",
        "signature": "695405bf0a692ebd533649be4114f591aa6e94c8"
    },
    "[响应]": {
        "code": 0,
        "message": "OK",
        "data": "{\"tunnelId\":\"dce6ad82-36a7-47f1-9236-2e0542a8a57d\",\"connectUrl\":\"wss:\/\/tunnel.ws.qcloud.la\/qcloud\/ws?tunnelId=dce6ad82-36a7-47f1-9236-2e0542a8a57d&tcId=c6bf5fdd57d8548da5d53245151cf0e7\"}",
        "dataEncode": "json",
        "signature": "aeadbefadacdff021621a5c8720854e347c599bf"
    },
    "[耗时]": "211ms"
}

[2019-03-07 10:43:30][DEBUG] ITunnelHandler [onRequest] => {
    "tunnelId": "dce6ad82-36a7-47f1-9236-2e0542a8a57d"
}

[2019-03-07 10:43:31][DEBUG] TunnelService::handle [post payload] => {
    "data": "{\"tunnelId\":\"dce6ad82-36a7-47f1-9236-2e0542a8a57d\",\"type\":\"connect\"}",
    "dataEncode": "json",
    "signature": "45b9bf5091f29bdf250d6d2774adfbba33c4f4b9"
}

[2019-03-07 10:43:31][DEBUG] Util::writeJsonResult => [200] {
    "code": 0,
    "message": "ok"
}

[2019-03-07 10:43:31][DEBUG] ITunnelHandler [onConnect] => {
    "tunnelId": "dce6ad82-36a7-47f1-9236-2e0542a8a57d"
}

[2019-03-07 10:43:31][DEBUG] TunnelService [broadcast] => {
    "tunnelIds": [
        "dce6ad82-36a7-47f1-9236-2e0542a8a57d",
        "6fce91ad-3991-48fb-9739-26cae6743bf9"
    ],
    "messageType": "people",
    "messageContent": {
        "total": 1,
        "enter": "chenhai"
    }
}

[2019-03-07 10:43:31][DEBUG] POST https://tunnel.ws.qcloud.la/ws/push => [200] {
    "[请求]": {
        "data": "[{\"tunnelIds\":[\"dce6ad82-36a7-47f1-9236-2e0542a8a57d\",\"6fce91ad-3991-48fb-9739-26cae6743bf9\"],\"type\":\"message\",\"content\":\"{\\\"type\\\":\\\"people\\\",\\\"content\\\":{\\\"total\\\":1,\\\"enter\\\":\\\"chenhai\\\"}}\"}]",
        "tcId": "c6bf5fdd57d8548da5d53245151cf0e7",
        "signature": "344fe170f39ec512372e1183935ae178293b76f8"
    },
    "[响应]": {
        "code": 0,
        "message": "OK",
        "data": {
            "invalidTunnelIds": [
                "6fce91ad-3991-48fb-9739-26cae6743bf9"
            ]
        }
    },
    "[耗时]": "192ms"
}

[2019-03-07 10:43:41][DEBUG] TunnelService::handle [post payload] => {
    "data": "{\"tunnelId\":\"dce6ad82-36a7-47f1-9236-2e0542a8a57d\",\"type\":\"close\"}",
    "dataEncode": "json",
    "signature": "a77dd47d3dacf9ccbc8e72d4aceb2f5f98d35a6e"
}

[2019-03-07 10:43:41][DEBUG] Util::writeJsonResult => [200] {
    "code": 0,
    "message": "ok"
}

[2019-03-07 10:43:41][DEBUG] ITunnelHandler [onClose] => {
    "tunnelId": "dce6ad82-36a7-47f1-9236-2e0542a8a57d"
}

[2019-03-07 10:46:06][DEBUG] TunnelService::handle [post payload] => {
    "data": "{\"tunnelId\":\"794be617-34ca-4e25-8a1a-cb4cd5ac6d1c\",\"type\":\"close\"}",
    "dataEncode": "json",
    "signature": "547bc3a9c27ea590cb783b8b8f8a229b52ab5cd4"
}

[2019-03-07 10:46:06][DEBUG] Util::writeJsonResult => [200] {
    "code": 0,
    "message": "ok"
}

[2019-03-07 10:46:06][DEBUG] ITunnelHandler [onClose] => {
    "tunnelId": "794be617-34ca-4e25-8a1a-cb4cd5ac6d1c"
}

[2019-03-07 13:32:52][DEBUG] POST https://tunnel.ws.qcloud.la/get/wsurl => [200] {
    "[请求]": {
        "data": "{\"receiveUrl\":\"http:\/\/58.87.119.233\/bjks\/index.php\",\"protocolType\":\"wss\"}",
        "tcId": "c6bf5fdd57d8548da5d53245151cf0e7",
        "tcKey": "sdfsdfsdfsdfjk",
        "signature": "695405bf0a692ebd533649be4114f591aa6e94c8"
    },
    "[响应]": {
        "code": 0,
        "message": "OK",
        "data": "{\"tunnelId\":\"8083377e-f748-412b-a6f3-8aa0c9d87258\",\"connectUrl\":\"wss:\/\/tunnel.ws.qcloud.la\/qcloud\/ws?tunnelId=8083377e-f748-412b-a6f3-8aa0c9d87258&tcId=c6bf5fdd57d8548da5d53245151cf0e7\"}",
        "dataEncode": "json",
        "signature": "3c2780765602401717d4406e2721ab0d9f40d198"
    },
    "[耗时]": "303ms"
}

[2019-03-07 13:32:52][DEBUG] ITunnelHandler [onRequest] => {
    "tunnelId": "8083377e-f748-412b-a6f3-8aa0c9d87258"
}

[2019-03-07 13:32:53][DEBUG] TunnelService::handle [post payload] => {
    "data": "{\"tunnelId\":\"8083377e-f748-412b-a6f3-8aa0c9d87258\",\"type\":\"connect\"}",
    "dataEncode": "json",
    "signature": "85d95a0a2614cf8f5bdacd6e218578dfac3f2dec"
}

[2019-03-07 13:32:53][DEBUG] Util::writeJsonResult => [200] {
    "code": 0,
    "message": "ok"
}

[2019-03-07 13:32:53][DEBUG] ITunnelHandler [onConnect] => {
    "tunnelId": "8083377e-f748-412b-a6f3-8aa0c9d87258"
}

[2019-03-07 13:32:53][DEBUG] TunnelService [broadcast] => {
    "tunnelIds": [
        "8083377e-f748-412b-a6f3-8aa0c9d87258",
        "6fce91ad-3991-48fb-9739-26cae6743bf9"
    ],
    "messageType": "people",
    "messageContent": {
        "total": 1,
        "enter": "chenhai"
    }
}

[2019-03-07 13:32:53][DEBUG] TunnelService::handle [post payload] => {
    "data": "{\"tunnelId\":\"8083377e-f748-412b-a6f3-8aa0c9d87258\",\"type\":\"close\"}",
    "dataEncode": "json",
    "signature": "333a380e052776605d86b29c7c7d3ded8d120648"
}

[2019-03-07 13:32:53][DEBUG] Util::writeJsonResult => [200] {
    "code": 0,
    "message": "ok"
}

[2019-03-07 13:32:53][DEBUG] ITunnelHandler [onClose] => {
    "tunnelId": "8083377e-f748-412b-a6f3-8aa0c9d87258"
}

[2019-03-07 13:32:53][DEBUG] POST https://tunnel.ws.qcloud.la/ws/push => [200] {
    "[请求]": {
        "data": "[{\"tunnelIds\":[\"8083377e-f748-412b-a6f3-8aa0c9d87258\",\"6fce91ad-3991-48fb-9739-26cae6743bf9\"],\"type\":\"message\",\"content\":\"{\\\"type\\\":\\\"people\\\",\\\"content\\\":{\\\"total\\\":1,\\\"enter\\\":\\\"chenhai\\\"}}\"}]",
        "tcId": "c6bf5fdd57d8548da5d53245151cf0e7",
        "signature": "714be7e1b48d78dbcc6616534b86edddb4cdf76a"
    },
    "[响应]": {
        "code": 0,
        "message": "OK",
        "data": {
            "invalidTunnelIds": [
                "8083377e-f748-412b-a6f3-8aa0c9d87258",
                "6fce91ad-3991-48fb-9739-26cae6743bf9"
            ]
        }
    },
    "[耗时]": "274ms"
}

[2019-03-07 21:16:17][DEBUG] POST https://tunnel.ws.qcloud.la/get/wsurl => [200] {
    "[请求]": {
        "data": "{\"receiveUrl\":\"http:\/\/58.87.119.233\/bjks\/index.php\",\"protocolType\":\"wss\"}",
        "tcId": "c6bf5fdd57d8548da5d53245151cf0e7",
        "tcKey": "sdfsdfsdfsdfjk",
        "signature": "695405bf0a692ebd533649be4114f591aa6e94c8"
    },
    "[响应]": {
        "code": 0,
        "message": "OK",
        "data": "{\"tunnelId\":\"6a017b43-543f-4947-89ed-b724b138bdeb\",\"connectUrl\":\"wss:\/\/tunnel.ws.qcloud.la\/qcloud\/ws?tunnelId=6a017b43-543f-4947-89ed-b724b138bdeb&tcId=c6bf5fdd57d8548da5d53245151cf0e7\"}",
        "dataEncode": "json",
        "signature": "458b4288b25cee88733e1634fa940e000b3bfc8f"
    },
    "[耗时]": "307ms"
}

[2019-03-07 21:16:17][DEBUG] ITunnelHandler [onRequest] => {
    "tunnelId": "6a017b43-543f-4947-89ed-b724b138bdeb"
}

[2019-03-07 21:16:18][DEBUG] TunnelService::handle [post payload] => {
    "data": "{\"tunnelId\":\"6a017b43-543f-4947-89ed-b724b138bdeb\",\"type\":\"connect\"}",
    "dataEncode": "json",
    "signature": "0ef4b7483a8e18008e3e6b7749c36c5cc388f5b1"
}

[2019-03-07 21:16:18][DEBUG] Util::writeJsonResult => [200] {
    "code": 0,
    "message": "ok"
}

[2019-03-07 21:16:18][DEBUG] ITunnelHandler [onConnect] => {
    "tunnelId": "6a017b43-543f-4947-89ed-b724b138bdeb"
}

[2019-03-07 21:16:18][DEBUG] TunnelService [broadcast] => {
    "tunnelIds": [
        "6a017b43-543f-4947-89ed-b724b138bdeb",
        "6fce91ad-3991-48fb-9739-26cae6743bf9"
    ],
    "messageType": "people",
    "messageContent": {
        "total": 1,
        "enter": "chenhai"
    }
}

[2019-03-07 21:16:18][DEBUG] POST https://tunnel.ws.qcloud.la/ws/push => [200] {
    "[请求]": {
        "data": "[{\"tunnelIds\":[\"6a017b43-543f-4947-89ed-b724b138bdeb\",\"6fce91ad-3991-48fb-9739-26cae6743bf9\"],\"type\":\"message\",\"content\":\"{\\\"type\\\":\\\"people\\\",\\\"content\\\":{\\\"total\\\":1,\\\"enter\\\":\\\"chenhai\\\"}}\"}]",
        "tcId": "c6bf5fdd57d8548da5d53245151cf0e7",
        "signature": "1e4557ae26931b3b505310416118485eea1b7785"
    },
    "[响应]": {
        "code": 0,
        "message": "OK",
        "data": {
            "invalidTunnelIds": [
                "6a017b43-543f-4947-89ed-b724b138bdeb",
                "6fce91ad-3991-48fb-9739-26cae6743bf9"
            ]
        }
    },
    "[耗时]": "288ms"
}

[2019-03-07 21:16:22][DEBUG] TunnelService::handle [post payload] => {
    "data": "{\"tunnelId\":\"6a017b43-543f-4947-89ed-b724b138bdeb\",\"type\":\"close\"}",
    "dataEncode": "json",
    "signature": "a410c717f290aab79d30b22135dde621d923c39c"
}

[2019-03-07 21:16:22][DEBUG] Util::writeJsonResult => [200] {
    "code": 0,
    "message": "ok"
}

[2019-03-07 21:16:22][DEBUG] ITunnelHandler [onClose] => {
    "tunnelId": "6a017b43-543f-4947-89ed-b724b138bdeb"
}

[2019-03-07 23:57:18][DEBUG] POST https://tunnel.ws.qcloud.la/get/wsurl => [200] {
    "[请求]": {
        "data": "{\"receiveUrl\":\"http:\/\/58.87.119.233\/bjks\/index.php\",\"protocolType\":\"wss\"}",
        "tcId": "c6bf5fdd57d8548da5d53245151cf0e7",
        "tcKey": "sdfsdfsdfsdfjk",
        "signature": "695405bf0a692ebd533649be4114f591aa6e94c8"
    },
    "[响应]": {
        "code": 0,
        "message": "OK",
        "data": "{\"tunnelId\":\"149d4b10-5851-4637-9250-d982dd1788ec\",\"connectUrl\":\"wss:\/\/tunnel.ws.qcloud.la\/qcloud\/ws?tunnelId=149d4b10-5851-4637-9250-d982dd1788ec&tcId=c6bf5fdd57d8548da5d53245151cf0e7\"}",
        "dataEncode": "json",
        "signature": "b465a90fdd00d553729f63c0b29a90058deb738a"
    },
    "[耗时]": "575ms"
}

[2019-03-07 23:57:18][DEBUG] ITunnelHandler [onRequest] => {
    "tunnelId": "149d4b10-5851-4637-9250-d982dd1788ec"
}

[2019-03-07 23:57:19][DEBUG] TunnelService::handle [post payload] => {
    "data": "{\"tunnelId\":\"149d4b10-5851-4637-9250-d982dd1788ec\",\"type\":\"connect\"}",
    "dataEncode": "json",
    "signature": "b3b05109800ab67df13543f607ef874d09462f38"
}

[2019-03-07 23:57:19][DEBUG] Util::writeJsonResult => [200] {
    "code": 0,
    "message": "ok"
}

[2019-03-07 23:57:19][DEBUG] ITunnelHandler [onConnect] => {
    "tunnelId": "149d4b10-5851-4637-9250-d982dd1788ec"
}

[2019-03-07 23:57:19][DEBUG] TunnelService [broadcast] => {
    "tunnelIds": [
        "149d4b10-5851-4637-9250-d982dd1788ec",
        "6fce91ad-3991-48fb-9739-26cae6743bf9"
    ],
    "messageType": "people",
    "messageContent": {
        "total": 1,
        "enter": "chenhai"
    }
}

[2019-03-07 23:57:19][DEBUG] POST https://tunnel.ws.qcloud.la/ws/push => [200] {
    "[请求]": {
        "data": "[{\"tunnelIds\":[\"149d4b10-5851-4637-9250-d982dd1788ec\",\"6fce91ad-3991-48fb-9739-26cae6743bf9\"],\"type\":\"message\",\"content\":\"{\\\"type\\\":\\\"people\\\",\\\"content\\\":{\\\"total\\\":1,\\\"enter\\\":\\\"chenhai\\\"}}\"}]",
        "tcId": "c6bf5fdd57d8548da5d53245151cf0e7",
        "signature": "f656c7b795daf78b9ca76f0fe1ec66576f6c4b79"
    },
    "[响应]": {
        "code": 0,
        "message": "OK",
        "data": {
            "invalidTunnelIds": [
                "6fce91ad-3991-48fb-9739-26cae6743bf9"
            ]
        }
    },
    "[耗时]": "180ms"
}

[2019-03-07 23:58:02][DEBUG] TunnelService::handle [post payload] => {
    "data": "{\"tunnelId\":\"149d4b10-5851-4637-9250-d982dd1788ec\",\"type\":\"close\"}",
    "dataEncode": "json",
    "signature": "e8a39da7bddbb68b2d239b1662acf604bce770ce"
}

[2019-03-07 23:58:02][DEBUG] Util::writeJsonResult => [200] {
    "code": 0,
    "message": "ok"
}

[2019-03-07 23:58:02][DEBUG] ITunnelHandler [onClose] => {
    "tunnelId": "149d4b10-5851-4637-9250-d982dd1788ec"
}

