[2019-03-05 07:43:25][DEBUG] POST https://tunnel.ws.qcloud.la/get/wsurl => [200] {
    "[请求]": {
        "data": "{\"receiveUrl\":\"http:\/\/58.87.119.233\/bjks\/index.php\",\"protocolType\":\"wss\"}",
        "tcId": "c6bf5fdd57d8548da5d53245151cf0e7",
        "tcKey": "sdfsdfsdfsdfjk",
        "signature": "695405bf0a692ebd533649be4114f591aa6e94c8"
    },
    "[响应]": {
        "code": 0,
        "message": "OK",
        "data": "{\"tunnelId\":\"139c1d81-f0c0-4d08-bc56-03236543584c\",\"connectUrl\":\"wss:\/\/tunnel.ws.qcloud.la\/qcloud\/ws?tunnelId=139c1d81-f0c0-4d08-bc56-03236543584c&tcId=c6bf5fdd57d8548da5d53245151cf0e7\"}",
        "dataEncode": "json",
        "signature": "22f31d213348d6e23c60bc305d47f6958f2aacef"
    },
    "[耗时]": "302ms"
}

[2019-03-05 07:43:25][DEBUG] ITunnelHandler [onRequest] => {
    "tunnelId": "139c1d81-f0c0-4d08-bc56-03236543584c"
}

[2019-03-05 07:43:26][DEBUG] TunnelService::handle [post payload] => {
    "data": "{\"tunnelId\":\"139c1d81-f0c0-4d08-bc56-03236543584c\",\"type\":\"connect\"}",
    "dataEncode": "json",
    "signature": "6c55652ab53276f595fbe526bde1e63df4ce91c3"
}

[2019-03-05 07:43:26][DEBUG] Util::writeJsonResult => [200] {
    "code": 0,
    "message": "ok"
}

[2019-03-05 07:43:26][DEBUG] ITunnelHandler [onConnect] => {
    "tunnelId": "139c1d81-f0c0-4d08-bc56-03236543584c"
}

[2019-03-05 07:43:26][DEBUG] TunnelService [broadcast] => {
    "tunnelIds": [
        "15881951-d131-4f96-b8e3-6c5ed6a8f9e8",
        "139c1d81-f0c0-4d08-bc56-03236543584c"
    ],
    "messageType": "people",
    "messageContent": {
        "total": 1,
        "enter": "chenhai"
    }
}

[2019-03-05 07:43:26][DEBUG] POST https://tunnel.ws.qcloud.la/ws/push => [200] {
    "[请求]": {
        "data": "[{\"tunnelIds\":[\"15881951-d131-4f96-b8e3-6c5ed6a8f9e8\",\"139c1d81-f0c0-4d08-bc56-03236543584c\"],\"type\":\"message\",\"content\":\"{\\\"type\\\":\\\"people\\\",\\\"content\\\":{\\\"total\\\":1,\\\"enter\\\":\\\"chenhai\\\"}}\"}]",
        "tcId": "c6bf5fdd57d8548da5d53245151cf0e7",
        "signature": "9a6c502c7c49b4e36164d3ddfcaac0b3d2a91494"
    },
    "[响应]": {
        "code": 0,
        "message": "OK",
        "data": {
            "invalidTunnelIds": [
                "139c1d81-f0c0-4d08-bc56-03236543584c",
                "15881951-d131-4f96-b8e3-6c5ed6a8f9e8"
            ]
        }
    },
    "[耗时]": "229ms"
}

[2019-03-05 07:43:32][DEBUG] TunnelService::handle [post payload] => {
    "data": "{\"tunnelId\":\"139c1d81-f0c0-4d08-bc56-03236543584c\",\"type\":\"close\"}",
    "dataEncode": "json",
    "signature": "27533826170a543399c4140e44bd2fbf75bae381"
}

[2019-03-05 07:43:32][DEBUG] Util::writeJsonResult => [200] {
    "code": 0,
    "message": "ok"
}

[2019-03-05 07:43:32][DEBUG] ITunnelHandler [onClose] => {
    "tunnelId": "139c1d81-f0c0-4d08-bc56-03236543584c"
}

[2019-03-05 10:17:16][DEBUG] POST https://tunnel.ws.qcloud.la/get/wsurl => [200] {
    "[请求]": {
        "data": "{\"receiveUrl\":\"http:\/\/58.87.119.233\/bjks\/index.php\",\"protocolType\":\"wss\"}",
        "tcId": "c6bf5fdd57d8548da5d53245151cf0e7",
        "tcKey": "sdfsdfsdfsdfjk",
        "signature": "695405bf0a692ebd533649be4114f591aa6e94c8"
    },
    "[响应]": {
        "code": 0,
        "message": "OK",
        "data": "{\"tunnelId\":\"87be40dc-7d7c-46a2-bf6a-2b389cdc44dc\",\"connectUrl\":\"wss:\/\/tunnel.ws.qcloud.la\/qcloud\/ws?tunnelId=87be40dc-7d7c-46a2-bf6a-2b389cdc44dc&tcId=c6bf5fdd57d8548da5d53245151cf0e7\"}",
        "dataEncode": "json",
        "signature": "1e5de221d4db907aee0b1c0ecbaeaa3d65656e4e"
    },
    "[耗时]": "302ms"
}

[2019-03-05 10:17:16][DEBUG] ITunnelHandler [onRequest] => {
    "tunnelId": "87be40dc-7d7c-46a2-bf6a-2b389cdc44dc"
}

[2019-03-05 20:19:21][DEBUG] POST https://tunnel.ws.qcloud.la/get/wsurl => [200] {
    "[请求]": {
        "data": "{\"receiveUrl\":\"http:\/\/58.87.119.233\/bjks\/index.php\",\"protocolType\":\"wss\"}",
        "tcId": "c6bf5fdd57d8548da5d53245151cf0e7",
        "tcKey": "sdfsdfsdfsdfjk",
        "signature": "695405bf0a692ebd533649be4114f591aa6e94c8"
    },
    "[响应]": {
        "code": 0,
        "message": "OK",
        "data": "{\"tunnelId\":\"34c6c536-27e6-4d92-bd09-35f0f84ce1a9\",\"connectUrl\":\"wss:\/\/tunnel.ws.qcloud.la\/qcloud\/ws?tunnelId=34c6c536-27e6-4d92-bd09-35f0f84ce1a9&tcId=c6bf5fdd57d8548da5d53245151cf0e7\"}",
        "dataEncode": "json",
        "signature": "d4c40a10169b257c56ddaf587ae974028864148b"
    },
    "[耗时]": "279ms"
}

[2019-03-05 20:19:21][DEBUG] ITunnelHandler [onRequest] => {
    "tunnelId": "34c6c536-27e6-4d92-bd09-35f0f84ce1a9"
}

[2019-03-05 20:19:22][DEBUG] TunnelService::handle [post payload] => {
    "data": "{\"tunnelId\":\"34c6c536-27e6-4d92-bd09-35f0f84ce1a9\",\"type\":\"connect\"}",
    "dataEncode": "json",
    "signature": "a7d33d8f18148ebfd82d226f0c383e371eba2391"
}

[2019-03-05 20:19:22][DEBUG] Util::writeJsonResult => [200] {
    "code": 0,
    "message": "ok"
}

[2019-03-05 20:19:22][DEBUG] ITunnelHandler [onConnect] => {
    "tunnelId": "34c6c536-27e6-4d92-bd09-35f0f84ce1a9"
}

[2019-03-05 20:19:22][DEBUG] TunnelService [broadcast] => {
    "tunnelIds": [
        "15881951-d131-4f96-b8e3-6c5ed6a8f9e8",
        "34c6c536-27e6-4d92-bd09-35f0f84ce1a9"
    ],
    "messageType": "people",
    "messageContent": {
        "total": 1,
        "enter": "chenhai"
    }
}

[2019-03-05 20:19:22][DEBUG] POST https://tunnel.ws.qcloud.la/ws/push => [200] {
    "[请求]": {
        "data": "[{\"tunnelIds\":[\"15881951-d131-4f96-b8e3-6c5ed6a8f9e8\",\"34c6c536-27e6-4d92-bd09-35f0f84ce1a9\"],\"type\":\"message\",\"content\":\"{\\\"type\\\":\\\"people\\\",\\\"content\\\":{\\\"total\\\":1,\\\"enter\\\":\\\"chenhai\\\"}}\"}]",
        "tcId": "c6bf5fdd57d8548da5d53245151cf0e7",
        "signature": "e4d9ed7a77eb8432a2c3bf38cd16246fabd9294e"
    },
    "[响应]": {
        "code": 0,
        "message": "OK",
        "data": {
            "invalidTunnelIds": [
                "34c6c536-27e6-4d92-bd09-35f0f84ce1a9",
                "15881951-d131-4f96-b8e3-6c5ed6a8f9e8"
            ]
        }
    },
    "[耗时]": "181ms"
}

[2019-03-05 20:19:31][DEBUG] TunnelService::handle [post payload] => {
    "data": "{\"tunnelId\":\"34c6c536-27e6-4d92-bd09-35f0f84ce1a9\",\"type\":\"message\",\"content\":\"{\\\"type\\\":\\\"speak\\\",\\\"content\\\":{\\\"word\\\":\\\"大家好啊\\\"}}\"}",
    "dataEncode": "json",
    "signature": "c1e9fadaddc76f70d5e05dbb47a58bbfd8e10bc5"
}

[2019-03-05 20:19:31][DEBUG] Util::writeJsonResult => [200] {
    "code": 0,
    "message": "ok"
}

[2019-03-05 20:19:31][DEBUG] ITunnelHandler [onMessage] => {
    "tunnelId": "34c6c536-27e6-4d92-bd09-35f0f84ce1a9",
    "type": "speak",
    "content": {
        "word": "大家好啊"
    }
}

[2019-03-05 20:42:14][DEBUG] POST https://tunnel.ws.qcloud.la/get/wsurl => [200] {
    "[请求]": {
        "data": "{\"receiveUrl\":\"http:\/\/58.87.119.233\/bjks\/index.php\",\"protocolType\":\"wss\"}",
        "tcId": "c6bf5fdd57d8548da5d53245151cf0e7",
        "tcKey": "sdfsdfsdfsdfjk",
        "signature": "695405bf0a692ebd533649be4114f591aa6e94c8"
    },
    "[响应]": {
        "code": 0,
        "message": "OK",
        "data": "{\"tunnelId\":\"d3e5f82b-a617-4997-ae5b-0c4371d069fc\",\"connectUrl\":\"wss:\/\/tunnel.ws.qcloud.la\/qcloud\/ws?tunnelId=d3e5f82b-a617-4997-ae5b-0c4371d069fc&tcId=c6bf5fdd57d8548da5d53245151cf0e7\"}",
        "dataEncode": "json",
        "signature": "c94bd4a2c0521c8c878d5b197c5d8a337ad90e3a"
    },
    "[耗时]": "271ms"
}

[2019-03-05 20:42:14][DEBUG] ITunnelHandler [onRequest] => {
    "tunnelId": "d3e5f82b-a617-4997-ae5b-0c4371d069fc"
}

[2019-03-05 20:42:14][DEBUG] TunnelService::handle [post payload] => {
    "data": "{\"tunnelId\":\"d3e5f82b-a617-4997-ae5b-0c4371d069fc\",\"type\":\"connect\"}",
    "dataEncode": "json",
    "signature": "fe41299c7e38f2f7b09297313e03a0801742cd07"
}

[2019-03-05 20:42:14][DEBUG] Util::writeJsonResult => [200] {
    "code": 0,
    "message": "ok"
}

[2019-03-05 20:42:14][DEBUG] ITunnelHandler [onConnect] => {
    "tunnelId": "d3e5f82b-a617-4997-ae5b-0c4371d069fc"
}

[2019-03-05 20:42:14][DEBUG] TunnelService [broadcast] => {
    "tunnelIds": [
        "15881951-d131-4f96-b8e3-6c5ed6a8f9e8",
        "d3e5f82b-a617-4997-ae5b-0c4371d069fc"
    ],
    "messageType": "people",
    "messageContent": {
        "total": 1,
        "enter": "chenhai"
    }
}

[2019-03-05 20:42:14][DEBUG] POST https://tunnel.ws.qcloud.la/ws/push => [200] {
    "[请求]": {
        "data": "[{\"tunnelIds\":[\"15881951-d131-4f96-b8e3-6c5ed6a8f9e8\",\"d3e5f82b-a617-4997-ae5b-0c4371d069fc\"],\"type\":\"message\",\"content\":\"{\\\"type\\\":\\\"people\\\",\\\"content\\\":{\\\"total\\\":1,\\\"enter\\\":\\\"chenhai\\\"}}\"}]",
        "tcId": "c6bf5fdd57d8548da5d53245151cf0e7",
        "signature": "d7eaa4d66e803976d8b649f3e4a6f6278bd8eaf0"
    },
    "[响应]": {
        "code": 0,
        "message": "OK",
        "data": {
            "invalidTunnelIds": [
                "d3e5f82b-a617-4997-ae5b-0c4371d069fc",
                "15881951-d131-4f96-b8e3-6c5ed6a8f9e8"
            ]
        }
    },
    "[耗时]": "185ms"
}

[2019-03-05 20:42:56][DEBUG] POST https://tunnel.ws.qcloud.la/get/wsurl => [200] {
    "[请求]": {
        "data": "{\"receiveUrl\":\"http:\/\/58.87.119.233\/bjks\/index.php\",\"protocolType\":\"wss\"}",
        "tcId": "c6bf5fdd57d8548da5d53245151cf0e7",
        "tcKey": "sdfsdfsdfsdfjk",
        "signature": "695405bf0a692ebd533649be4114f591aa6e94c8"
    },
    "[响应]": {
        "code": 0,
        "message": "OK",
        "data": "{\"tunnelId\":\"30a34abe-61ff-4032-99d0-ee2bf902220e\",\"connectUrl\":\"wss:\/\/tunnel.ws.qcloud.la\/qcloud\/ws?tunnelId=30a34abe-61ff-4032-99d0-ee2bf902220e&tcId=c6bf5fdd57d8548da5d53245151cf0e7\"}",
        "dataEncode": "json",
        "signature": "7afd5bbc86e6780865e2f26d10e5490040bdacc4"
    },
    "[耗时]": "447ms"
}

[2019-03-05 20:42:56][DEBUG] ITunnelHandler [onRequest] => {
    "tunnelId": "30a34abe-61ff-4032-99d0-ee2bf902220e"
}

[2019-03-05 20:42:56][DEBUG] TunnelService::handle [post payload] => {
    "data": "{\"tunnelId\":\"30a34abe-61ff-4032-99d0-ee2bf902220e\",\"type\":\"connect\"}",
    "dataEncode": "json",
    "signature": "224971e1bd624d358219f0d628a8b440843f3890"
}

[2019-03-05 20:42:56][DEBUG] Util::writeJsonResult => [200] {
    "code": 0,
    "message": "ok"
}

[2019-03-05 20:42:56][DEBUG] ITunnelHandler [onConnect] => {
    "tunnelId": "30a34abe-61ff-4032-99d0-ee2bf902220e"
}

[2019-03-05 20:42:56][DEBUG] TunnelService [broadcast] => {
    "tunnelIds": [
        "15881951-d131-4f96-b8e3-6c5ed6a8f9e8",
        "30a34abe-61ff-4032-99d0-ee2bf902220e"
    ],
    "messageType": "people",
    "messageContent": {
        "total": 1,
        "enter": "chenhai"
    }
}

[2019-03-05 20:42:57][DEBUG] POST https://tunnel.ws.qcloud.la/ws/push => [200] {
    "[请求]": {
        "data": "[{\"tunnelIds\":[\"15881951-d131-4f96-b8e3-6c5ed6a8f9e8\",\"30a34abe-61ff-4032-99d0-ee2bf902220e\"],\"type\":\"message\",\"content\":\"{\\\"type\\\":\\\"people\\\",\\\"content\\\":{\\\"total\\\":1,\\\"enter\\\":\\\"chenhai\\\"}}\"}]",
        "tcId": "c6bf5fdd57d8548da5d53245151cf0e7",
        "signature": "c71bf8b128eac04a52ce7a1ec374c79ad5fcaf7d"
    },
    "[响应]": {
        "code": 0,
        "message": "OK",
        "data": {
            "invalidTunnelIds": [
                "30a34abe-61ff-4032-99d0-ee2bf902220e",
                "15881951-d131-4f96-b8e3-6c5ed6a8f9e8"
            ]
        }
    },
    "[耗时]": "238ms"
}

[2019-03-05 20:43:02][DEBUG] TunnelService::handle [post payload] => {
    "data": "{\"tunnelId\":\"30a34abe-61ff-4032-99d0-ee2bf902220e\",\"type\":\"close\"}",
    "dataEncode": "json",
    "signature": "6d1bfe31bd32021a9749cad215142fb8ad0918cc"
}

[2019-03-05 20:43:02][DEBUG] Util::writeJsonResult => [200] {
    "code": 0,
    "message": "ok"
}

[2019-03-05 20:43:02][DEBUG] ITunnelHandler [onClose] => {
    "tunnelId": "30a34abe-61ff-4032-99d0-ee2bf902220e"
}

