[2019-03-29 08:10:57][DEBUG] TunnelService [broadcast] => {
    "tunnelIds": [
        "5070ae09-b8fe-4fd5-b33f-986986136dab",
        "5efd6dfd-97e3-408d-aa61-a0ae78ec8e3f"
    ],
    "messageType": "order",
    "messageContent": {
        "who": "system",
        "order_info": {
            "order": {
                "order_id": "1553818257OCLQJ",
                "open_id": "omTXr4hIyW2RgQ3nzN_O8jeGb3wM",
                "address_id": "44",
                "timeStamp": "1553818257",
                "order_date": "2019-03-29 08:10:57",
                "pay_status": "OFFLINE",
                "logistics_status": "",
                "seller_act": "WAIT_PICK",
                "customer_act": "",
                "total_fee": "1998",
                "user_words": "",
                "nonceStr": "",
                "paySign": "",
                "package": "",
                "out_refund_no": "",
                "picker_id": "",
                "postman_id": "",
                "refund_reason": "",
                "refund_status": ""
            },
            "address": {
                "address_id": "44",
                "open_id": "omTXr4hIyW2RgQ3nzN_O8jeGb3wM",
                "province": "贵州省",
                "city": "毕节市",
                "county": "七星关区",
                "detail": "6栋1单元502",
                "name": "刘老师",
                "telphone": "13985877756",
                "default_address": "1"
            },
            "goods_list": [
                {
                    "order_id": "1553818257OCLQJ",
                    "goods_id": "15",
                    "count": "1",
                    "size": null,
                    "color": null,
                    "evaluation": null,
                    "name": "茅台飞天43度500mL*2瓶酱香型白酒",
                    "face_img": "https:\/\/img.alicdn.com\/imgextra\/i3\/1835543674\/O1CN011d0jcDl9bSVerzX_!!1835543674.jpg",
                    "price": "1998"
                }
            ]
        }
    }
}

[2019-03-29 08:10:58][DEBUG] POST https://tunnel.ws.qcloud.la/ws/push => [200] {
    "[请求]": {
        "data": "[{\"tunnelIds\":[\"5070ae09-b8fe-4fd5-b33f-986986136dab\",\"5efd6dfd-97e3-408d-aa61-a0ae78ec8e3f\"],\"type\":\"message\",\"content\":\"{\\\"type\\\":\\\"order\\\",\\\"content\\\":{\\\"who\\\":\\\"system\\\",\\\"order_info\\\":{\\\"order\\\":{\\\"order_id\\\":\\\"1553818257OCLQJ\\\",\\\"open_id\\\":\\\"omTXr4hIyW2RgQ3nzN_O8jeGb3wM\\\",\\\"address_id\\\":\\\"44\\\",\\\"timeStamp\\\":\\\"1553818257\\\",\\\"order_date\\\":\\\"2019-03-29 08:10:57\\\",\\\"pay_status\\\":\\\"OFFLINE\\\",\\\"logistics_status\\\":\\\"\\\",\\\"seller_act\\\":\\\"WAIT_PICK\\\",\\\"customer_act\\\":\\\"\\\",\\\"total_fee\\\":\\\"1998\\\",\\\"user_words\\\":\\\"\\\",\\\"nonceStr\\\":\\\"\\\",\\\"paySign\\\":\\\"\\\",\\\"package\\\":\\\"\\\",\\\"out_refund_no\\\":\\\"\\\",\\\"picker_id\\\":\\\"\\\",\\\"postman_id\\\":\\\"\\\",\\\"refund_reason\\\":\\\"\\\",\\\"refund_status\\\":\\\"\\\"},\\\"address\\\":{\\\"address_id\\\":\\\"44\\\",\\\"open_id\\\":\\\"omTXr4hIyW2RgQ3nzN_O8jeGb3wM\\\",\\\"province\\\":\\\"贵州省\\\",\\\"city\\\":\\\"毕节市\\\",\\\"county\\\":\\\"七星关区\\\",\\\"detail\\\":\\\"6栋1单元502\\\",\\\"name\\\":\\\"刘老师\\\",\\\"telphone\\\":\\\"13985877756\\\",\\\"default_address\\\":\\\"1\\\"},\\\"goods_list\\\":[{\\\"order_id\\\":\\\"1553818257OCLQJ\\\",\\\"goods_id\\\":\\\"15\\\",\\\"count\\\":\\\"1\\\",\\\"size\\\":null,\\\"color\\\":null,\\\"evaluation\\\":null,\\\"name\\\":\\\"茅台飞天43度500mL*2瓶酱香型白酒\\\",\\\"face_img\\\":\\\"https:\/\/img.alicdn.com\/imgextra\/i3\/1835543674\/O1CN011d0jcDl9bSVerzX_!!1835543674.jpg\\\",\\\"price\\\":\\\"1998\\\"}]}}}\"}]",
        "tcId": "c6bf5fdd57d8548da5d53245151cf0e7",
        "signature": "cd26f4a134239fb05df143350524cdad37b8d505"
    },
    "[响应]": {
        "code": 0,
        "message": "OK",
        "data": {
            "invalidTunnelIds": [
                "5efd6dfd-97e3-408d-aa61-a0ae78ec8e3f",
                "5070ae09-b8fe-4fd5-b33f-986986136dab"
            ]
        }
    },
    "[耗时]": "602ms"
}

[2019-03-29 08:11:05][DEBUG] TunnelService [broadcast] => {
    "tunnelIds": [
        "5070ae09-b8fe-4fd5-b33f-986986136dab",
        "5efd6dfd-97e3-408d-aa61-a0ae78ec8e3f"
    ],
    "messageType": "order",
    "messageContent": {
        "who": "system",
        "order_info": {
            "order": {
                "order_id": "1553818265bJtjK",
                "open_id": "omTXr4hIyW2RgQ3nzN_O8jeGb3wM",
                "address_id": "44",
                "timeStamp": "1553818265",
                "order_date": "2019-03-29 08:11:05",
                "pay_status": "OFFLINE",
                "logistics_status": "",
                "seller_act": "WAIT_PICK",
                "customer_act": "",
                "total_fee": "1089",
                "user_words": "",
                "nonceStr": "",
                "paySign": "",
                "package": "",
                "out_refund_no": "",
                "picker_id": "",
                "postman_id": "",
                "refund_reason": "",
                "refund_status": ""
            },
            "address": {
                "address_id": "44",
                "open_id": "omTXr4hIyW2RgQ3nzN_O8jeGb3wM",
                "province": "贵州省",
                "city": "毕节市",
                "county": "七星关区",
                "detail": "6栋1单元502",
                "name": "刘老师",
                "telphone": "13985877756",
                "default_address": "1"
            },
            "goods_list": [
                {
                    "order_id": "1553818265bJtjK",
                    "goods_id": "16",
                    "count": "1",
                    "size": null,
                    "color": null,
                    "evaluation": null,
                    "name": "五粮液52度500mL普五浓香型高度白酒",
                    "face_img": "https:\/\/img.alicdn.com\/imgextra\/i2\/726984974\/TB2L_fpaR6xQeBjSszgXXXGPFXa-726984974.jpg",
                    "price": "1089"
                }
            ]
        }
    }
}

[2019-03-29 08:11:05][DEBUG] POST https://tunnel.ws.qcloud.la/ws/push => [200] {
    "[请求]": {
        "data": "[{\"tunnelIds\":[\"5070ae09-b8fe-4fd5-b33f-986986136dab\",\"5efd6dfd-97e3-408d-aa61-a0ae78ec8e3f\"],\"type\":\"message\",\"content\":\"{\\\"type\\\":\\\"order\\\",\\\"content\\\":{\\\"who\\\":\\\"system\\\",\\\"order_info\\\":{\\\"order\\\":{\\\"order_id\\\":\\\"1553818265bJtjK\\\",\\\"open_id\\\":\\\"omTXr4hIyW2RgQ3nzN_O8jeGb3wM\\\",\\\"address_id\\\":\\\"44\\\",\\\"timeStamp\\\":\\\"1553818265\\\",\\\"order_date\\\":\\\"2019-03-29 08:11:05\\\",\\\"pay_status\\\":\\\"OFFLINE\\\",\\\"logistics_status\\\":\\\"\\\",\\\"seller_act\\\":\\\"WAIT_PICK\\\",\\\"customer_act\\\":\\\"\\\",\\\"total_fee\\\":\\\"1089\\\",\\\"user_words\\\":\\\"\\\",\\\"nonceStr\\\":\\\"\\\",\\\"paySign\\\":\\\"\\\",\\\"package\\\":\\\"\\\",\\\"out_refund_no\\\":\\\"\\\",\\\"picker_id\\\":\\\"\\\",\\\"postman_id\\\":\\\"\\\",\\\"refund_reason\\\":\\\"\\\",\\\"refund_status\\\":\\\"\\\"},\\\"address\\\":{\\\"address_id\\\":\\\"44\\\",\\\"open_id\\\":\\\"omTXr4hIyW2RgQ3nzN_O8jeGb3wM\\\",\\\"province\\\":\\\"贵州省\\\",\\\"city\\\":\\\"毕节市\\\",\\\"county\\\":\\\"七星关区\\\",\\\"detail\\\":\\\"6栋1单元502\\\",\\\"name\\\":\\\"刘老师\\\",\\\"telphone\\\":\\\"13985877756\\\",\\\"default_address\\\":\\\"1\\\"},\\\"goods_list\\\":[{\\\"order_id\\\":\\\"1553818265bJtjK\\\",\\\"goods_id\\\":\\\"16\\\",\\\"count\\\":\\\"1\\\",\\\"size\\\":null,\\\"color\\\":null,\\\"evaluation\\\":null,\\\"name\\\":\\\"五粮液52度500mL普五浓香型高度白酒\\\",\\\"face_img\\\":\\\"https:\/\/img.alicdn.com\/imgextra\/i2\/726984974\/TB2L_fpaR6xQeBjSszgXXXGPFXa-726984974.jpg\\\",\\\"price\\\":\\\"1089\\\"}]}}}\"}]",
        "tcId": "c6bf5fdd57d8548da5d53245151cf0e7",
        "signature": "36fc4fffd7e9f3925e7831dd4a6a09ab15d8cd8f"
    },
    "[响应]": {
        "code": 0,
        "message": "OK",
        "data": {
            "invalidTunnelIds": [
                "5efd6dfd-97e3-408d-aa61-a0ae78ec8e3f",
                "5070ae09-b8fe-4fd5-b33f-986986136dab"
            ]
        }
    },
    "[耗时]": "261ms"
}

[2019-03-29 08:11:12][DEBUG] TunnelService [broadcast] => {
    "tunnelIds": [
        "5070ae09-b8fe-4fd5-b33f-986986136dab",
        "5efd6dfd-97e3-408d-aa61-a0ae78ec8e3f"
    ],
    "messageType": "order",
    "messageContent": {
        "who": "system",
        "order_info": {
            "order": {
                "order_id": "1553818272KI61p",
                "open_id": "omTXr4hIyW2RgQ3nzN_O8jeGb3wM",
                "address_id": "44",
                "timeStamp": "1553818272",
                "order_date": "2019-03-29 08:11:12",
                "pay_status": "OFFLINE",
                "logistics_status": "",
                "seller_act": "WAIT_PICK",
                "customer_act": "",
                "total_fee": "1008",
                "user_words": "",
                "nonceStr": "",
                "paySign": "",
                "package": "",
                "out_refund_no": "",
                "picker_id": "",
                "postman_id": "",
                "refund_reason": "",
                "refund_status": ""
            },
            "address": {
                "address_id": "44",
                "open_id": "omTXr4hIyW2RgQ3nzN_O8jeGb3wM",
                "province": "贵州省",
                "city": "毕节市",
                "county": "七星关区",
                "detail": "6栋1单元502",
                "name": "刘老师",
                "telphone": "13985877756",
                "default_address": "1"
            },
            "goods_list": [
                {
                    "order_id": "1553818272KI61p",
                    "goods_id": "17",
                    "count": "1",
                    "size": null,
                    "color": null,
                    "evaluation": null,
                    "name": "剑南春金剑南K6浓香型白酒52度500ml*6瓶整箱装酒席宴请",
                    "face_img": "https:\/\/img.alicdn.com\/imgextra\/i2\/725677994\/TB2vWoHbChlpuFjSspkXXa1ApXa_!!725677994.jpg",
                    "price": "1008"
                }
            ]
        }
    }
}

[2019-03-29 08:11:12][DEBUG] POST https://tunnel.ws.qcloud.la/ws/push => [200] {
    "[请求]": {
        "data": "[{\"tunnelIds\":[\"5070ae09-b8fe-4fd5-b33f-986986136dab\",\"5efd6dfd-97e3-408d-aa61-a0ae78ec8e3f\"],\"type\":\"message\",\"content\":\"{\\\"type\\\":\\\"order\\\",\\\"content\\\":{\\\"who\\\":\\\"system\\\",\\\"order_info\\\":{\\\"order\\\":{\\\"order_id\\\":\\\"1553818272KI61p\\\",\\\"open_id\\\":\\\"omTXr4hIyW2RgQ3nzN_O8jeGb3wM\\\",\\\"address_id\\\":\\\"44\\\",\\\"timeStamp\\\":\\\"1553818272\\\",\\\"order_date\\\":\\\"2019-03-29 08:11:12\\\",\\\"pay_status\\\":\\\"OFFLINE\\\",\\\"logistics_status\\\":\\\"\\\",\\\"seller_act\\\":\\\"WAIT_PICK\\\",\\\"customer_act\\\":\\\"\\\",\\\"total_fee\\\":\\\"1008\\\",\\\"user_words\\\":\\\"\\\",\\\"nonceStr\\\":\\\"\\\",\\\"paySign\\\":\\\"\\\",\\\"package\\\":\\\"\\\",\\\"out_refund_no\\\":\\\"\\\",\\\"picker_id\\\":\\\"\\\",\\\"postman_id\\\":\\\"\\\",\\\"refund_reason\\\":\\\"\\\",\\\"refund_status\\\":\\\"\\\"},\\\"address\\\":{\\\"address_id\\\":\\\"44\\\",\\\"open_id\\\":\\\"omTXr4hIyW2RgQ3nzN_O8jeGb3wM\\\",\\\"province\\\":\\\"贵州省\\\",\\\"city\\\":\\\"毕节市\\\",\\\"county\\\":\\\"七星关区\\\",\\\"detail\\\":\\\"6栋1单元502\\\",\\\"name\\\":\\\"刘老师\\\",\\\"telphone\\\":\\\"13985877756\\\",\\\"default_address\\\":\\\"1\\\"},\\\"goods_list\\\":[{\\\"order_id\\\":\\\"1553818272KI61p\\\",\\\"goods_id\\\":\\\"17\\\",\\\"count\\\":\\\"1\\\",\\\"size\\\":null,\\\"color\\\":null,\\\"evaluation\\\":null,\\\"name\\\":\\\"剑南春金剑南K6浓香型白酒52度500ml*6瓶整箱装酒席宴请\\\",\\\"face_img\\\":\\\"https:\/\/img.alicdn.com\/imgextra\/i2\/725677994\/TB2vWoHbChlpuFjSspkXXa1ApXa_!!725677994.jpg\\\",\\\"price\\\":\\\"1008\\\"}]}}}\"}]",
        "tcId": "c6bf5fdd57d8548da5d53245151cf0e7",
        "signature": "894df3bbd3be50f08c8c8c47723f394a0db4690d"
    },
    "[响应]": {
        "code": 0,
        "message": "OK",
        "data": {
            "invalidTunnelIds": [
                "5efd6dfd-97e3-408d-aa61-a0ae78ec8e3f",
                "5070ae09-b8fe-4fd5-b33f-986986136dab"
            ]
        }
    },
    "[耗时]": "219ms"
}

[2019-03-29 08:11:20][DEBUG] TunnelService [broadcast] => {
    "tunnelIds": [
        "5070ae09-b8fe-4fd5-b33f-986986136dab",
        "5efd6dfd-97e3-408d-aa61-a0ae78ec8e3f"
    ],
    "messageType": "order",
    "messageContent": {
        "who": "system",
        "order_info": {
            "order": {
                "order_id": "1553818280mpGHf",
                "open_id": "omTXr4hIyW2RgQ3nzN_O8jeGb3wM",
                "address_id": "44",
                "timeStamp": "1553818280",
                "order_date": "2019-03-29 08:11:20",
                "pay_status": "OFFLINE",
                "logistics_status": "",
                "seller_act": "WAIT_PICK",
                "customer_act": "",
                "total_fee": "4",
                "user_words": "",
                "nonceStr": "",
                "paySign": "",
                "package": "",
                "out_refund_no": "",
                "picker_id": "",
                "postman_id": "",
                "refund_reason": "",
                "refund_status": ""
            },
            "address": {
                "address_id": "44",
                "open_id": "omTXr4hIyW2RgQ3nzN_O8jeGb3wM",
                "province": "贵州省",
                "city": "毕节市",
                "county": "七星关区",
                "detail": "6栋1单元502",
                "name": "刘老师",
                "telphone": "13985877756",
                "default_address": "1"
            },
            "goods_list": [
                {
                    "order_id": "1553818280mpGHf",
                    "goods_id": "9",
                    "count": "1",
                    "size": null,
                    "color": null,
                    "evaluation": null,
                    "name": "老坛桶装方便面",
                    "face_img": "https:\/\/gd1.alicdn.com\/imgextra\/i1\/2557876680\/TB2KQJ5xHuWBuNjSszgXXb8jVXa_!!2557876680.jpg",
                    "price": "4"
                }
            ]
        }
    }
}

[2019-03-29 08:11:20][DEBUG] POST https://tunnel.ws.qcloud.la/ws/push => [200] {
    "[请求]": {
        "data": "[{\"tunnelIds\":[\"5070ae09-b8fe-4fd5-b33f-986986136dab\",\"5efd6dfd-97e3-408d-aa61-a0ae78ec8e3f\"],\"type\":\"message\",\"content\":\"{\\\"type\\\":\\\"order\\\",\\\"content\\\":{\\\"who\\\":\\\"system\\\",\\\"order_info\\\":{\\\"order\\\":{\\\"order_id\\\":\\\"1553818280mpGHf\\\",\\\"open_id\\\":\\\"omTXr4hIyW2RgQ3nzN_O8jeGb3wM\\\",\\\"address_id\\\":\\\"44\\\",\\\"timeStamp\\\":\\\"1553818280\\\",\\\"order_date\\\":\\\"2019-03-29 08:11:20\\\",\\\"pay_status\\\":\\\"OFFLINE\\\",\\\"logistics_status\\\":\\\"\\\",\\\"seller_act\\\":\\\"WAIT_PICK\\\",\\\"customer_act\\\":\\\"\\\",\\\"total_fee\\\":\\\"4\\\",\\\"user_words\\\":\\\"\\\",\\\"nonceStr\\\":\\\"\\\",\\\"paySign\\\":\\\"\\\",\\\"package\\\":\\\"\\\",\\\"out_refund_no\\\":\\\"\\\",\\\"picker_id\\\":\\\"\\\",\\\"postman_id\\\":\\\"\\\",\\\"refund_reason\\\":\\\"\\\",\\\"refund_status\\\":\\\"\\\"},\\\"address\\\":{\\\"address_id\\\":\\\"44\\\",\\\"open_id\\\":\\\"omTXr4hIyW2RgQ3nzN_O8jeGb3wM\\\",\\\"province\\\":\\\"贵州省\\\",\\\"city\\\":\\\"毕节市\\\",\\\"county\\\":\\\"七星关区\\\",\\\"detail\\\":\\\"6栋1单元502\\\",\\\"name\\\":\\\"刘老师\\\",\\\"telphone\\\":\\\"13985877756\\\",\\\"default_address\\\":\\\"1\\\"},\\\"goods_list\\\":[{\\\"order_id\\\":\\\"1553818280mpGHf\\\",\\\"goods_id\\\":\\\"9\\\",\\\"count\\\":\\\"1\\\",\\\"size\\\":null,\\\"color\\\":null,\\\"evaluation\\\":null,\\\"name\\\":\\\"老坛桶装方便面\\\",\\\"face_img\\\":\\\"https:\/\/gd1.alicdn.com\/imgextra\/i1\/2557876680\/TB2KQJ5xHuWBuNjSszgXXb8jVXa_!!2557876680.jpg\\\",\\\"price\\\":\\\"4\\\"}]}}}\"}]",
        "tcId": "c6bf5fdd57d8548da5d53245151cf0e7",
        "signature": "e0067ae18adf0a39f8d347aa948b8cc4835c99ff"
    },
    "[响应]": {
        "code": 0,
        "message": "OK",
        "data": {
            "invalidTunnelIds": [
                "5efd6dfd-97e3-408d-aa61-a0ae78ec8e3f",
                "5070ae09-b8fe-4fd5-b33f-986986136dab"
            ]
        }
    },
    "[耗时]": "598ms"
}

[2019-03-29 08:11:27][DEBUG] TunnelService [broadcast] => {
    "tunnelIds": [
        "5070ae09-b8fe-4fd5-b33f-986986136dab",
        "5efd6dfd-97e3-408d-aa61-a0ae78ec8e3f"
    ],
    "messageType": "order",
    "messageContent": {
        "who": "system",
        "order_info": {
            "order": {
                "order_id": "1553818287IlM23",
                "open_id": "omTXr4hIyW2RgQ3nzN_O8jeGb3wM",
                "address_id": "44",
                "timeStamp": "1553818287",
                "order_date": "2019-03-29 08:11:27",
                "pay_status": "OFFLINE",
                "logistics_status": "",
                "seller_act": "WAIT_PICK",
                "customer_act": "",
                "total_fee": "4",
                "user_words": "",
                "nonceStr": "",
                "paySign": "",
                "package": "",
                "out_refund_no": "",
                "picker_id": "",
                "postman_id": "",
                "refund_reason": "",
                "refund_status": ""
            },
            "address": {
                "address_id": "44",
                "open_id": "omTXr4hIyW2RgQ3nzN_O8jeGb3wM",
                "province": "贵州省",
                "city": "毕节市",
                "county": "七星关区",
                "detail": "6栋1单元502",
                "name": "刘老师",
                "telphone": "13985877756",
                "default_address": "1"
            },
            "goods_list": [
                {
                    "order_id": "1553818287IlM23",
                    "goods_id": "11",
                    "count": "1",
                    "size": null,
                    "color": null,
                    "evaluation": null,
                    "name": "康师傅牛肉面",
                    "face_img": "https:\/\/img.alicdn.com\/imgextra\/i4\/2932889983\/TB2l4DFncLJ8KJjy0FnXXcFDpXa_!!2932889983.jpg",
                    "price": "4"
                }
            ]
        }
    }
}

[2019-03-29 08:11:27][DEBUG] POST https://tunnel.ws.qcloud.la/ws/push => [200] {
    "[请求]": {
        "data": "[{\"tunnelIds\":[\"5070ae09-b8fe-4fd5-b33f-986986136dab\",\"5efd6dfd-97e3-408d-aa61-a0ae78ec8e3f\"],\"type\":\"message\",\"content\":\"{\\\"type\\\":\\\"order\\\",\\\"content\\\":{\\\"who\\\":\\\"system\\\",\\\"order_info\\\":{\\\"order\\\":{\\\"order_id\\\":\\\"1553818287IlM23\\\",\\\"open_id\\\":\\\"omTXr4hIyW2RgQ3nzN_O8jeGb3wM\\\",\\\"address_id\\\":\\\"44\\\",\\\"timeStamp\\\":\\\"1553818287\\\",\\\"order_date\\\":\\\"2019-03-29 08:11:27\\\",\\\"pay_status\\\":\\\"OFFLINE\\\",\\\"logistics_status\\\":\\\"\\\",\\\"seller_act\\\":\\\"WAIT_PICK\\\",\\\"customer_act\\\":\\\"\\\",\\\"total_fee\\\":\\\"4\\\",\\\"user_words\\\":\\\"\\\",\\\"nonceStr\\\":\\\"\\\",\\\"paySign\\\":\\\"\\\",\\\"package\\\":\\\"\\\",\\\"out_refund_no\\\":\\\"\\\",\\\"picker_id\\\":\\\"\\\",\\\"postman_id\\\":\\\"\\\",\\\"refund_reason\\\":\\\"\\\",\\\"refund_status\\\":\\\"\\\"},\\\"address\\\":{\\\"address_id\\\":\\\"44\\\",\\\"open_id\\\":\\\"omTXr4hIyW2RgQ3nzN_O8jeGb3wM\\\",\\\"province\\\":\\\"贵州省\\\",\\\"city\\\":\\\"毕节市\\\",\\\"county\\\":\\\"七星关区\\\",\\\"detail\\\":\\\"6栋1单元502\\\",\\\"name\\\":\\\"刘老师\\\",\\\"telphone\\\":\\\"13985877756\\\",\\\"default_address\\\":\\\"1\\\"},\\\"goods_list\\\":[{\\\"order_id\\\":\\\"1553818287IlM23\\\",\\\"goods_id\\\":\\\"11\\\",\\\"count\\\":\\\"1\\\",\\\"size\\\":null,\\\"color\\\":null,\\\"evaluation\\\":null,\\\"name\\\":\\\"康师傅牛肉面\\\",\\\"face_img\\\":\\\"https:\/\/img.alicdn.com\/imgextra\/i4\/2932889983\/TB2l4DFncLJ8KJjy0FnXXcFDpXa_!!2932889983.jpg\\\",\\\"price\\\":\\\"4\\\"}]}}}\"}]",
        "tcId": "c6bf5fdd57d8548da5d53245151cf0e7",
        "signature": "3e956ee16319795c58dd71f1b6ab26a34d342471"
    },
    "[响应]": {
        "code": 0,
        "message": "OK",
        "data": {
            "invalidTunnelIds": [
                "5efd6dfd-97e3-408d-aa61-a0ae78ec8e3f",
                "5070ae09-b8fe-4fd5-b33f-986986136dab"
            ]
        }
    },
    "[耗时]": "214ms"
}

[2019-03-29 08:11:34][DEBUG] TunnelService [broadcast] => {
    "tunnelIds": [
        "5070ae09-b8fe-4fd5-b33f-986986136dab",
        "5efd6dfd-97e3-408d-aa61-a0ae78ec8e3f"
    ],
    "messageType": "order",
    "messageContent": {
        "who": "system",
        "order_info": {
            "order": {
                "order_id": "1553818294YWMH7",
                "open_id": "omTXr4hIyW2RgQ3nzN_O8jeGb3wM",
                "address_id": "44",
                "timeStamp": "1553818294",
                "order_date": "2019-03-29 08:11:34",
                "pay_status": "OFFLINE",
                "logistics_status": "",
                "seller_act": "WAIT_PICK",
                "customer_act": "",
                "total_fee": "0.01",
                "user_words": "",
                "nonceStr": "",
                "paySign": "",
                "package": "",
                "out_refund_no": "",
                "picker_id": "",
                "postman_id": "",
                "refund_reason": "",
                "refund_status": ""
            },
            "address": {
                "address_id": "44",
                "open_id": "omTXr4hIyW2RgQ3nzN_O8jeGb3wM",
                "province": "贵州省",
                "city": "毕节市",
                "county": "七星关区",
                "detail": "6栋1单元502",
                "name": "刘老师",
                "telphone": "13985877756",
                "default_address": "1"
            },
            "goods_list": [
                {
                    "order_id": "1553818294YWMH7",
                    "goods_id": "10",
                    "count": "1",
                    "size": null,
                    "color": null,
                    "evaluation": null,
                    "name": "袋装老坛方便面",
                    "face_img": "https:\/\/gd3.alicdn.com\/imgextra\/i3\/0\/O1CN01QgerCr20n2aIVqnsQ_!!0-item_pic.jpg",
                    "price": "0.01"
                }
            ]
        }
    }
}

[2019-03-29 08:11:35][DEBUG] POST https://tunnel.ws.qcloud.la/ws/push => [200] {
    "[请求]": {
        "data": "[{\"tunnelIds\":[\"5070ae09-b8fe-4fd5-b33f-986986136dab\",\"5efd6dfd-97e3-408d-aa61-a0ae78ec8e3f\"],\"type\":\"message\",\"content\":\"{\\\"type\\\":\\\"order\\\",\\\"content\\\":{\\\"who\\\":\\\"system\\\",\\\"order_info\\\":{\\\"order\\\":{\\\"order_id\\\":\\\"1553818294YWMH7\\\",\\\"open_id\\\":\\\"omTXr4hIyW2RgQ3nzN_O8jeGb3wM\\\",\\\"address_id\\\":\\\"44\\\",\\\"timeStamp\\\":\\\"1553818294\\\",\\\"order_date\\\":\\\"2019-03-29 08:11:34\\\",\\\"pay_status\\\":\\\"OFFLINE\\\",\\\"logistics_status\\\":\\\"\\\",\\\"seller_act\\\":\\\"WAIT_PICK\\\",\\\"customer_act\\\":\\\"\\\",\\\"total_fee\\\":\\\"0.01\\\",\\\"user_words\\\":\\\"\\\",\\\"nonceStr\\\":\\\"\\\",\\\"paySign\\\":\\\"\\\",\\\"package\\\":\\\"\\\",\\\"out_refund_no\\\":\\\"\\\",\\\"picker_id\\\":\\\"\\\",\\\"postman_id\\\":\\\"\\\",\\\"refund_reason\\\":\\\"\\\",\\\"refund_status\\\":\\\"\\\"},\\\"address\\\":{\\\"address_id\\\":\\\"44\\\",\\\"open_id\\\":\\\"omTXr4hIyW2RgQ3nzN_O8jeGb3wM\\\",\\\"province\\\":\\\"贵州省\\\",\\\"city\\\":\\\"毕节市\\\",\\\"county\\\":\\\"七星关区\\\",\\\"detail\\\":\\\"6栋1单元502\\\",\\\"name\\\":\\\"刘老师\\\",\\\"telphone\\\":\\\"13985877756\\\",\\\"default_address\\\":\\\"1\\\"},\\\"goods_list\\\":[{\\\"order_id\\\":\\\"1553818294YWMH7\\\",\\\"goods_id\\\":\\\"10\\\",\\\"count\\\":\\\"1\\\",\\\"size\\\":null,\\\"color\\\":null,\\\"evaluation\\\":null,\\\"name\\\":\\\"袋装老坛方便面\\\",\\\"face_img\\\":\\\"https:\/\/gd3.alicdn.com\/imgextra\/i3\/0\/O1CN01QgerCr20n2aIVqnsQ_!!0-item_pic.jpg\\\",\\\"price\\\":\\\"0.01\\\"}]}}}\"}]",
        "tcId": "c6bf5fdd57d8548da5d53245151cf0e7",
        "signature": "27a915359c2efede4833e9cb2812ccbe6da58e47"
    },
    "[响应]": {
        "code": 0,
        "message": "OK",
        "data": {
            "invalidTunnelIds": [
                "5efd6dfd-97e3-408d-aa61-a0ae78ec8e3f",
                "5070ae09-b8fe-4fd5-b33f-986986136dab"
            ]
        }
    },
    "[耗时]": "326ms"
}

[2019-03-29 08:11:41][DEBUG] TunnelService [broadcast] => {
    "tunnelIds": [
        "5070ae09-b8fe-4fd5-b33f-986986136dab",
        "5efd6dfd-97e3-408d-aa61-a0ae78ec8e3f"
    ],
    "messageType": "order",
    "messageContent": {
        "who": "system",
        "order_info": {
            "order": {
                "order_id": "1553818301ufDGS",
                "open_id": "omTXr4hIyW2RgQ3nzN_O8jeGb3wM",
                "address_id": "44",
                "timeStamp": "1553818301",
                "order_date": "2019-03-29 08:11:41",
                "pay_status": "OFFLINE",
                "logistics_status": "",
                "seller_act": "WAIT_PICK",
                "customer_act": "",
                "total_fee": "13",
                "user_words": "",
                "nonceStr": "",
                "paySign": "",
                "package": "",
                "out_refund_no": "",
                "picker_id": "",
                "postman_id": "",
                "refund_reason": "",
                "refund_status": ""
            },
            "address": {
                "address_id": "44",
                "open_id": "omTXr4hIyW2RgQ3nzN_O8jeGb3wM",
                "province": "贵州省",
                "city": "毕节市",
                "county": "七星关区",
                "detail": "6栋1单元502",
                "name": "刘老师",
                "telphone": "13985877756",
                "default_address": "1"
            },
            "goods_list": [
                {
                    "order_id": "1553818301ufDGS",
                    "goods_id": "18",
                    "count": "1",
                    "size": null,
                    "color": null,
                    "evaluation": null,
                    "name": "红星二锅头酒大二绿瓶56度 500ml",
                    "face_img": "https:\/\/img.alicdn.com\/imgextra\/i2\/2200629337422\/O1CN01Tnw3SA24hK5yJ21BF_!!2200629337422-0-scmitem6000.jpg",
                    "price": "13"
                }
            ]
        }
    }
}

[2019-03-29 08:11:41][DEBUG] POST https://tunnel.ws.qcloud.la/ws/push => [200] {
    "[请求]": {
        "data": "[{\"tunnelIds\":[\"5070ae09-b8fe-4fd5-b33f-986986136dab\",\"5efd6dfd-97e3-408d-aa61-a0ae78ec8e3f\"],\"type\":\"message\",\"content\":\"{\\\"type\\\":\\\"order\\\",\\\"content\\\":{\\\"who\\\":\\\"system\\\",\\\"order_info\\\":{\\\"order\\\":{\\\"order_id\\\":\\\"1553818301ufDGS\\\",\\\"open_id\\\":\\\"omTXr4hIyW2RgQ3nzN_O8jeGb3wM\\\",\\\"address_id\\\":\\\"44\\\",\\\"timeStamp\\\":\\\"1553818301\\\",\\\"order_date\\\":\\\"2019-03-29 08:11:41\\\",\\\"pay_status\\\":\\\"OFFLINE\\\",\\\"logistics_status\\\":\\\"\\\",\\\"seller_act\\\":\\\"WAIT_PICK\\\",\\\"customer_act\\\":\\\"\\\",\\\"total_fee\\\":\\\"13\\\",\\\"user_words\\\":\\\"\\\",\\\"nonceStr\\\":\\\"\\\",\\\"paySign\\\":\\\"\\\",\\\"package\\\":\\\"\\\",\\\"out_refund_no\\\":\\\"\\\",\\\"picker_id\\\":\\\"\\\",\\\"postman_id\\\":\\\"\\\",\\\"refund_reason\\\":\\\"\\\",\\\"refund_status\\\":\\\"\\\"},\\\"address\\\":{\\\"address_id\\\":\\\"44\\\",\\\"open_id\\\":\\\"omTXr4hIyW2RgQ3nzN_O8jeGb3wM\\\",\\\"province\\\":\\\"贵州省\\\",\\\"city\\\":\\\"毕节市\\\",\\\"county\\\":\\\"七星关区\\\",\\\"detail\\\":\\\"6栋1单元502\\\",\\\"name\\\":\\\"刘老师\\\",\\\"telphone\\\":\\\"13985877756\\\",\\\"default_address\\\":\\\"1\\\"},\\\"goods_list\\\":[{\\\"order_id\\\":\\\"1553818301ufDGS\\\",\\\"goods_id\\\":\\\"18\\\",\\\"count\\\":\\\"1\\\",\\\"size\\\":null,\\\"color\\\":null,\\\"evaluation\\\":null,\\\"name\\\":\\\"红星二锅头酒大二绿瓶56度 500ml\\\",\\\"face_img\\\":\\\"https:\/\/img.alicdn.com\/imgextra\/i2\/2200629337422\/O1CN01Tnw3SA24hK5yJ21BF_!!2200629337422-0-scmitem6000.jpg\\\",\\\"price\\\":\\\"13\\\"}]}}}\"}]",
        "tcId": "c6bf5fdd57d8548da5d53245151cf0e7",
        "signature": "97603fd1666e028edc0a58d79d6d1dc5f5b5f4d7"
    },
    "[响应]": {
        "code": 0,
        "message": "OK",
        "data": {
            "invalidTunnelIds": [
                "5efd6dfd-97e3-408d-aa61-a0ae78ec8e3f",
                "5070ae09-b8fe-4fd5-b33f-986986136dab"
            ]
        }
    },
    "[耗时]": "239ms"
}

[2019-03-29 08:11:52][DEBUG] POST https://tunnel.ws.qcloud.la/get/wsurl => [200] {
    "[请求]": {
        "data": "{\"receiveUrl\":\"http:\/\/58.87.119.233\/bjks\/index.php\",\"protocolType\":\"wss\"}",
        "tcId": "c6bf5fdd57d8548da5d53245151cf0e7",
        "tcKey": "sdfsdfsdfsdfjk",
        "signature": "695405bf0a692ebd533649be4114f591aa6e94c8"
    },
    "[响应]": {
        "code": 0,
        "message": "OK",
        "data": "{\"tunnelId\":\"84b542bc-7fcc-44ac-bdfa-df100d9cad5e\",\"connectUrl\":\"wss:\/\/tunnel.ws.qcloud.la\/qcloud\/ws?tunnelId=84b542bc-7fcc-44ac-bdfa-df100d9cad5e&tcId=c6bf5fdd57d8548da5d53245151cf0e7\"}",
        "dataEncode": "json",
        "signature": "e8c21d6e2ae9c4368c6a7d0cc1df87d0b52a0260"
    },
    "[耗时]": "176ms"
}

[2019-03-29 08:11:52][DEBUG] ITunnelHandler [onRequest] => {
    "tunnelId": "84b542bc-7fcc-44ac-bdfa-df100d9cad5e"
}

[2019-03-29 08:11:53][DEBUG] TunnelService [broadcast] => {
    "tunnelIds": [
        "84b542bc-7fcc-44ac-bdfa-df100d9cad5e",
        "5efd6dfd-97e3-408d-aa61-a0ae78ec8e3f"
    ],
    "messageType": "picked",
    "messageContent": {
        "order_id": "1553818257OCLQJ"
    }
}

[2019-03-29 08:11:53][DEBUG] POST https://tunnel.ws.qcloud.la/ws/push => [200] {
    "[请求]": {
        "data": "[{\"tunnelIds\":[\"84b542bc-7fcc-44ac-bdfa-df100d9cad5e\",\"5efd6dfd-97e3-408d-aa61-a0ae78ec8e3f\"],\"type\":\"message\",\"content\":\"{\\\"type\\\":\\\"picked\\\",\\\"content\\\":{\\\"order_id\\\":\\\"1553818257OCLQJ\\\"}}\"}]",
        "tcId": "c6bf5fdd57d8548da5d53245151cf0e7",
        "signature": "42c51452f766595b8104d42298ea2503c3b03168"
    },
    "[响应]": {
        "code": 0,
        "message": "OK",
        "data": {
            "invalidTunnelIds": [
                "5efd6dfd-97e3-408d-aa61-a0ae78ec8e3f"
            ]
        }
    },
    "[耗时]": "184ms"
}

[2019-03-29 08:12:01][DEBUG] TunnelService [broadcast] => {
    "tunnelIds": [
        "84b542bc-7fcc-44ac-bdfa-df100d9cad5e",
        "5efd6dfd-97e3-408d-aa61-a0ae78ec8e3f"
    ],
    "messageType": "picked",
    "messageContent": {
        "order_id": "1553818294YWMH7"
    }
}

[2019-03-29 08:12:02][DEBUG] POST https://tunnel.ws.qcloud.la/ws/push => [200] {
    "[请求]": {
        "data": "[{\"tunnelIds\":[\"84b542bc-7fcc-44ac-bdfa-df100d9cad5e\",\"5efd6dfd-97e3-408d-aa61-a0ae78ec8e3f\"],\"type\":\"message\",\"content\":\"{\\\"type\\\":\\\"picked\\\",\\\"content\\\":{\\\"order_id\\\":\\\"1553818294YWMH7\\\"}}\"}]",
        "tcId": "c6bf5fdd57d8548da5d53245151cf0e7",
        "signature": "b5c516233454ddfbc0b78bf0d5c63ba1c23fbbb9"
    },
    "[响应]": {
        "code": 0,
        "message": "OK",
        "data": {
            "invalidTunnelIds": [
                "5efd6dfd-97e3-408d-aa61-a0ae78ec8e3f"
            ]
        }
    },
    "[耗时]": "190ms"
}

[2019-03-29 08:12:05][DEBUG] TunnelService [broadcast] => {
    "tunnelIds": [
        "84b542bc-7fcc-44ac-bdfa-df100d9cad5e",
        "5efd6dfd-97e3-408d-aa61-a0ae78ec8e3f"
    ],
    "messageType": "picked",
    "messageContent": {
        "order_id": "1553818287IlM23"
    }
}

[2019-03-29 08:12:05][DEBUG] POST https://tunnel.ws.qcloud.la/ws/push => [200] {
    "[请求]": {
        "data": "[{\"tunnelIds\":[\"84b542bc-7fcc-44ac-bdfa-df100d9cad5e\",\"5efd6dfd-97e3-408d-aa61-a0ae78ec8e3f\"],\"type\":\"message\",\"content\":\"{\\\"type\\\":\\\"picked\\\",\\\"content\\\":{\\\"order_id\\\":\\\"1553818287IlM23\\\"}}\"}]",
        "tcId": "c6bf5fdd57d8548da5d53245151cf0e7",
        "signature": "8a8c2d2d6d1598e5894aa024536647c514237bb1"
    },
    "[响应]": {
        "code": 0,
        "message": "OK",
        "data": {
            "invalidTunnelIds": [
                "5efd6dfd-97e3-408d-aa61-a0ae78ec8e3f"
            ]
        }
    },
    "[耗时]": "202ms"
}

[2019-03-29 08:12:07][DEBUG] TunnelService [broadcast] => {
    "tunnelIds": [
        "84b542bc-7fcc-44ac-bdfa-df100d9cad5e",
        "5efd6dfd-97e3-408d-aa61-a0ae78ec8e3f"
    ],
    "messageType": "picked",
    "messageContent": {
        "order_id": "1553818280mpGHf"
    }
}

[2019-03-29 08:12:07][DEBUG] POST https://tunnel.ws.qcloud.la/ws/push => [200] {
    "[请求]": {
        "data": "[{\"tunnelIds\":[\"84b542bc-7fcc-44ac-bdfa-df100d9cad5e\",\"5efd6dfd-97e3-408d-aa61-a0ae78ec8e3f\"],\"type\":\"message\",\"content\":\"{\\\"type\\\":\\\"picked\\\",\\\"content\\\":{\\\"order_id\\\":\\\"1553818280mpGHf\\\"}}\"}]",
        "tcId": "c6bf5fdd57d8548da5d53245151cf0e7",
        "signature": "c799caab2371ece9b65adce7b54a16a18649a3f5"
    },
    "[响应]": {
        "code": 0,
        "message": "OK",
        "data": {
            "invalidTunnelIds": [
                "84b542bc-7fcc-44ac-bdfa-df100d9cad5e",
                "5efd6dfd-97e3-408d-aa61-a0ae78ec8e3f"
            ]
        }
    },
    "[耗时]": "176ms"
}

[2019-03-29 08:12:17][DEBUG] TunnelService [broadcast] => {
    "tunnelIds": [
        "84b542bc-7fcc-44ac-bdfa-df100d9cad5e",
        "5efd6dfd-97e3-408d-aa61-a0ae78ec8e3f"
    ],
    "messageType": "delivery",
    "messageContent": {
        "order_info": {
            "order": {
                "order_id": "1553818257OCLQJ",
                "open_id": "omTXr4hIyW2RgQ3nzN_O8jeGb3wM",
                "address_id": "44",
                "timeStamp": "1553818257",
                "order_date": "2019-03-29 08:10:57",
                "pay_status": "OFFLINE",
                "logistics_status": "",
                "seller_act": "DELIVERY",
                "customer_act": "",
                "total_fee": "1998",
                "user_words": "",
                "nonceStr": "",
                "paySign": "",
                "package": "",
                "out_refund_no": "",
                "picker_id": "omTXr4hIyW2RgQ3nzN_O8jeGb3wM",
                "postman_id": "",
                "refund_reason": "",
                "refund_status": ""
            },
            "address": {
                "address_id": "44",
                "open_id": "omTXr4hIyW2RgQ3nzN_O8jeGb3wM",
                "province": "贵州省",
                "city": "毕节市",
                "county": "七星关区",
                "detail": "6栋1单元502",
                "name": "刘老师",
                "telphone": "13985877756",
                "default_address": "1"
            },
            "goods_list": [
                {
                    "order_id": "1553818257OCLQJ",
                    "goods_id": "15",
                    "count": "1",
                    "size": null,
                    "color": null,
                    "evaluation": null,
                    "name": "茅台飞天43度500mL*2瓶酱香型白酒",
                    "face_img": "https:\/\/img.alicdn.com\/imgextra\/i3\/1835543674\/O1CN011d0jcDl9bSVerzX_!!1835543674.jpg",
                    "price": "1998"
                }
            ]
        }
    }
}

[2019-03-29 08:12:17][DEBUG] POST https://tunnel.ws.qcloud.la/ws/push => [200] {
    "[请求]": {
        "data": "[{\"tunnelIds\":[\"84b542bc-7fcc-44ac-bdfa-df100d9cad5e\",\"5efd6dfd-97e3-408d-aa61-a0ae78ec8e3f\"],\"type\":\"message\",\"content\":\"{\\\"type\\\":\\\"delivery\\\",\\\"content\\\":{\\\"order_info\\\":{\\\"order\\\":{\\\"order_id\\\":\\\"1553818257OCLQJ\\\",\\\"open_id\\\":\\\"omTXr4hIyW2RgQ3nzN_O8jeGb3wM\\\",\\\"address_id\\\":\\\"44\\\",\\\"timeStamp\\\":\\\"1553818257\\\",\\\"order_date\\\":\\\"2019-03-29 08:10:57\\\",\\\"pay_status\\\":\\\"OFFLINE\\\",\\\"logistics_status\\\":\\\"\\\",\\\"seller_act\\\":\\\"DELIVERY\\\",\\\"customer_act\\\":\\\"\\\",\\\"total_fee\\\":\\\"1998\\\",\\\"user_words\\\":\\\"\\\",\\\"nonceStr\\\":\\\"\\\",\\\"paySign\\\":\\\"\\\",\\\"package\\\":\\\"\\\",\\\"out_refund_no\\\":\\\"\\\",\\\"picker_id\\\":\\\"omTXr4hIyW2RgQ3nzN_O8jeGb3wM\\\",\\\"postman_id\\\":\\\"\\\",\\\"refund_reason\\\":\\\"\\\",\\\"refund_status\\\":\\\"\\\"},\\\"address\\\":{\\\"address_id\\\":\\\"44\\\",\\\"open_id\\\":\\\"omTXr4hIyW2RgQ3nzN_O8jeGb3wM\\\",\\\"province\\\":\\\"贵州省\\\",\\\"city\\\":\\\"毕节市\\\",\\\"county\\\":\\\"七星关区\\\",\\\"detail\\\":\\\"6栋1单元502\\\",\\\"name\\\":\\\"刘老师\\\",\\\"telphone\\\":\\\"13985877756\\\",\\\"default_address\\\":\\\"1\\\"},\\\"goods_list\\\":[{\\\"order_id\\\":\\\"1553818257OCLQJ\\\",\\\"goods_id\\\":\\\"15\\\",\\\"count\\\":\\\"1\\\",\\\"size\\\":null,\\\"color\\\":null,\\\"evaluation\\\":null,\\\"name\\\":\\\"茅台飞天43度500mL*2瓶酱香型白酒\\\",\\\"face_img\\\":\\\"https:\/\/img.alicdn.com\/imgextra\/i3\/1835543674\/O1CN011d0jcDl9bSVerzX_!!1835543674.jpg\\\",\\\"price\\\":\\\"1998\\\"}]}}}\"}]",
        "tcId": "c6bf5fdd57d8548da5d53245151cf0e7",
        "signature": "46b16e76cdaa54181fd4123a543287ae15f040f1"
    },
    "[响应]": {
        "code": 0,
        "message": "OK",
        "data": {
            "invalidTunnelIds": [
                "5efd6dfd-97e3-408d-aa61-a0ae78ec8e3f"
            ]
        }
    },
    "[耗时]": "247ms"
}

[2019-03-29 08:12:31][DEBUG] POST https://tunnel.ws.qcloud.la/get/wsurl => [200] {
    "[请求]": {
        "data": "{\"receiveUrl\":\"http:\/\/58.87.119.233\/bjks\/index.php\",\"protocolType\":\"wss\"}",
        "tcId": "c6bf5fdd57d8548da5d53245151cf0e7",
        "tcKey": "sdfsdfsdfsdfjk",
        "signature": "695405bf0a692ebd533649be4114f591aa6e94c8"
    },
    "[响应]": {
        "code": 0,
        "message": "OK",
        "data": "{\"tunnelId\":\"b9a3637a-3d4e-4839-bc27-8b510843651e\",\"connectUrl\":\"wss:\/\/tunnel.ws.qcloud.la\/qcloud\/ws?tunnelId=b9a3637a-3d4e-4839-bc27-8b510843651e&tcId=c6bf5fdd57d8548da5d53245151cf0e7\"}",
        "dataEncode": "json",
        "signature": "944f134927123843c8527bc7685f4db29557c331"
    },
    "[耗时]": "183ms"
}

[2019-03-29 08:12:31][DEBUG] ITunnelHandler [onRequest] => {
    "tunnelId": "b9a3637a-3d4e-4839-bc27-8b510843651e"
}

[2019-03-29 08:35:02][DEBUG] POST https://tunnel.ws.qcloud.la/get/wsurl => [200] {
    "[请求]": {
        "data": "{\"receiveUrl\":\"http:\/\/58.87.119.233\/bjks\/index.php\",\"protocolType\":\"wss\"}",
        "tcId": "c6bf5fdd57d8548da5d53245151cf0e7",
        "tcKey": "sdfsdfsdfsdfjk",
        "signature": "695405bf0a692ebd533649be4114f591aa6e94c8"
    },
    "[响应]": {
        "code": 0,
        "message": "OK",
        "data": "{\"tunnelId\":\"e0c506b0-3ef3-4e35-8051-2ecb1b7fdc95\",\"connectUrl\":\"wss:\/\/tunnel.ws.qcloud.la\/qcloud\/ws?tunnelId=e0c506b0-3ef3-4e35-8051-2ecb1b7fdc95&tcId=c6bf5fdd57d8548da5d53245151cf0e7\"}",
        "dataEncode": "json",
        "signature": "709e951554458ed472a6ff5273004f1939b7ce2c"
    },
    "[耗时]": "289ms"
}

[2019-03-29 08:35:02][DEBUG] ITunnelHandler [onRequest] => {
    "tunnelId": "e0c506b0-3ef3-4e35-8051-2ecb1b7fdc95"
}

[2019-03-29 08:35:03][DEBUG] TunnelService [broadcast] => {
    "tunnelIds": [
        "e0c506b0-3ef3-4e35-8051-2ecb1b7fdc95",
        "5efd6dfd-97e3-408d-aa61-a0ae78ec8e3f"
    ],
    "messageType": "picked",
    "messageContent": {
        "order_id": "1553818265bJtjK"
    }
}

[2019-03-29 08:35:03][DEBUG] POST https://tunnel.ws.qcloud.la/ws/push => [200] {
    "[请求]": {
        "data": "[{\"tunnelIds\":[\"e0c506b0-3ef3-4e35-8051-2ecb1b7fdc95\",\"5efd6dfd-97e3-408d-aa61-a0ae78ec8e3f\"],\"type\":\"message\",\"content\":\"{\\\"type\\\":\\\"picked\\\",\\\"content\\\":{\\\"order_id\\\":\\\"1553818265bJtjK\\\"}}\"}]",
        "tcId": "c6bf5fdd57d8548da5d53245151cf0e7",
        "signature": "f67c054b1b38e472f0da3020c650fe09b2fd0572"
    },
    "[响应]": {
        "code": 0,
        "message": "OK",
        "data": {
            "invalidTunnelIds": [
                "5efd6dfd-97e3-408d-aa61-a0ae78ec8e3f"
            ]
        }
    },
    "[耗时]": "207ms"
}

[2019-03-29 08:35:13][DEBUG] TunnelService [broadcast] => {
    "tunnelIds": [
        "e0c506b0-3ef3-4e35-8051-2ecb1b7fdc95",
        "5efd6dfd-97e3-408d-aa61-a0ae78ec8e3f"
    ],
    "messageType": "delivery",
    "messageContent": {
        "order_info": {
            "order": {
                "order_id": "1553818287IlM23",
                "open_id": "omTXr4hIyW2RgQ3nzN_O8jeGb3wM",
                "address_id": "44",
                "timeStamp": "1553818287",
                "order_date": "2019-03-29 08:11:27",
                "pay_status": "OFFLINE",
                "logistics_status": "",
                "seller_act": "DELIVERY",
                "customer_act": "",
                "total_fee": "4",
                "user_words": "",
                "nonceStr": "",
                "paySign": "",
                "package": "",
                "out_refund_no": "",
                "picker_id": "omTXr4hIyW2RgQ3nzN_O8jeGb3wM",
                "postman_id": "",
                "refund_reason": "",
                "refund_status": ""
            },
            "address": {
                "address_id": "44",
                "open_id": "omTXr4hIyW2RgQ3nzN_O8jeGb3wM",
                "province": "贵州省",
                "city": "毕节市",
                "county": "七星关区",
                "detail": "6栋1单元502",
                "name": "刘老师",
                "telphone": "13985877756",
                "default_address": "1"
            },
            "goods_list": [
                {
                    "order_id": "1553818287IlM23",
                    "goods_id": "11",
                    "count": "1",
                    "size": null,
                    "color": null,
                    "evaluation": null,
                    "name": "康师傅牛肉面",
                    "face_img": "https:\/\/img.alicdn.com\/imgextra\/i4\/2932889983\/TB2l4DFncLJ8KJjy0FnXXcFDpXa_!!2932889983.jpg",
                    "price": "4"
                }
            ]
        }
    }
}

[2019-03-29 08:35:13][DEBUG] POST https://tunnel.ws.qcloud.la/ws/push => [200] {
    "[请求]": {
        "data": "[{\"tunnelIds\":[\"e0c506b0-3ef3-4e35-8051-2ecb1b7fdc95\",\"5efd6dfd-97e3-408d-aa61-a0ae78ec8e3f\"],\"type\":\"message\",\"content\":\"{\\\"type\\\":\\\"delivery\\\",\\\"content\\\":{\\\"order_info\\\":{\\\"order\\\":{\\\"order_id\\\":\\\"1553818287IlM23\\\",\\\"open_id\\\":\\\"omTXr4hIyW2RgQ3nzN_O8jeGb3wM\\\",\\\"address_id\\\":\\\"44\\\",\\\"timeStamp\\\":\\\"1553818287\\\",\\\"order_date\\\":\\\"2019-03-29 08:11:27\\\",\\\"pay_status\\\":\\\"OFFLINE\\\",\\\"logistics_status\\\":\\\"\\\",\\\"seller_act\\\":\\\"DELIVERY\\\",\\\"customer_act\\\":\\\"\\\",\\\"total_fee\\\":\\\"4\\\",\\\"user_words\\\":\\\"\\\",\\\"nonceStr\\\":\\\"\\\",\\\"paySign\\\":\\\"\\\",\\\"package\\\":\\\"\\\",\\\"out_refund_no\\\":\\\"\\\",\\\"picker_id\\\":\\\"omTXr4hIyW2RgQ3nzN_O8jeGb3wM\\\",\\\"postman_id\\\":\\\"\\\",\\\"refund_reason\\\":\\\"\\\",\\\"refund_status\\\":\\\"\\\"},\\\"address\\\":{\\\"address_id\\\":\\\"44\\\",\\\"open_id\\\":\\\"omTXr4hIyW2RgQ3nzN_O8jeGb3wM\\\",\\\"province\\\":\\\"贵州省\\\",\\\"city\\\":\\\"毕节市\\\",\\\"county\\\":\\\"七星关区\\\",\\\"detail\\\":\\\"6栋1单元502\\\",\\\"name\\\":\\\"刘老师\\\",\\\"telphone\\\":\\\"13985877756\\\",\\\"default_address\\\":\\\"1\\\"},\\\"goods_list\\\":[{\\\"order_id\\\":\\\"1553818287IlM23\\\",\\\"goods_id\\\":\\\"11\\\",\\\"count\\\":\\\"1\\\",\\\"size\\\":null,\\\"color\\\":null,\\\"evaluation\\\":null,\\\"name\\\":\\\"康师傅牛肉面\\\",\\\"face_img\\\":\\\"https:\/\/img.alicdn.com\/imgextra\/i4\/2932889983\/TB2l4DFncLJ8KJjy0FnXXcFDpXa_!!2932889983.jpg\\\",\\\"price\\\":\\\"4\\\"}]}}}\"}]",
        "tcId": "c6bf5fdd57d8548da5d53245151cf0e7",
        "signature": "c19151fc3bc48d1e687bfaba9ee9fce7ffecde25"
    },
    "[响应]": {
        "code": 0,
        "message": "OK",
        "data": {
            "invalidTunnelIds": [
                "5efd6dfd-97e3-408d-aa61-a0ae78ec8e3f"
            ]
        }
    },
    "[耗时]": "299ms"
}

[2019-03-29 08:35:18][DEBUG] TunnelService [broadcast] => {
    "tunnelIds": [
        "e0c506b0-3ef3-4e35-8051-2ecb1b7fdc95",
        "5efd6dfd-97e3-408d-aa61-a0ae78ec8e3f"
    ],
    "messageType": "user_signed",
    "messageContent": {
        "order_id": "1553818287IlM23"
    }
}

[2019-03-29 08:35:18][DEBUG] POST https://tunnel.ws.qcloud.la/ws/push => [200] {
    "[请求]": {
        "data": "[{\"tunnelIds\":[\"e0c506b0-3ef3-4e35-8051-2ecb1b7fdc95\",\"5efd6dfd-97e3-408d-aa61-a0ae78ec8e3f\"],\"type\":\"message\",\"content\":\"{\\\"type\\\":\\\"user_signed\\\",\\\"content\\\":{\\\"order_id\\\":\\\"1553818287IlM23\\\"}}\"}]",
        "tcId": "c6bf5fdd57d8548da5d53245151cf0e7",
        "signature": "f654f3fa9fb0c78fc07689ed30a1a27647793659"
    },
    "[响应]": {
        "code": 0,
        "message": "OK",
        "data": {
            "invalidTunnelIds": [
                "5efd6dfd-97e3-408d-aa61-a0ae78ec8e3f"
            ]
        }
    },
    "[耗时]": "191ms"
}

[2019-03-29 08:35:24][DEBUG] TunnelService [broadcast] => {
    "tunnelIds": [
        "e0c506b0-3ef3-4e35-8051-2ecb1b7fdc95",
        "5efd6dfd-97e3-408d-aa61-a0ae78ec8e3f"
    ],
    "messageType": "user_signed",
    "messageContent": {
        "order_id": "1553781352F8JTS"
    }
}

[2019-03-29 08:35:24][DEBUG] POST https://tunnel.ws.qcloud.la/ws/push => [200] {
    "[请求]": {
        "data": "[{\"tunnelIds\":[\"e0c506b0-3ef3-4e35-8051-2ecb1b7fdc95\",\"5efd6dfd-97e3-408d-aa61-a0ae78ec8e3f\"],\"type\":\"message\",\"content\":\"{\\\"type\\\":\\\"user_signed\\\",\\\"content\\\":{\\\"order_id\\\":\\\"1553781352F8JTS\\\"}}\"}]",
        "tcId": "c6bf5fdd57d8548da5d53245151cf0e7",
        "signature": "fdb5429b5587cdd80e661448c33e83d7529a3210"
    },
    "[响应]": {
        "code": 0,
        "message": "OK",
        "data": {
            "invalidTunnelIds": [
                "5efd6dfd-97e3-408d-aa61-a0ae78ec8e3f"
            ]
        }
    },
    "[耗时]": "185ms"
}

[2019-03-29 08:35:31][DEBUG] TunnelService [broadcast] => {
    "tunnelIds": [
        "e0c506b0-3ef3-4e35-8051-2ecb1b7fdc95",
        "5efd6dfd-97e3-408d-aa61-a0ae78ec8e3f"
    ],
    "messageType": "delivery",
    "messageContent": {
        "order_info": {
            "order": {
                "order_id": "1553818294YWMH7",
                "open_id": "omTXr4hIyW2RgQ3nzN_O8jeGb3wM",
                "address_id": "44",
                "timeStamp": "1553818294",
                "order_date": "2019-03-29 08:11:34",
                "pay_status": "OFFLINE",
                "logistics_status": "",
                "seller_act": "DELIVERY",
                "customer_act": "",
                "total_fee": "0.01",
                "user_words": "",
                "nonceStr": "",
                "paySign": "",
                "package": "",
                "out_refund_no": "",
                "picker_id": "omTXr4hIyW2RgQ3nzN_O8jeGb3wM",
                "postman_id": "",
                "refund_reason": "",
                "refund_status": ""
            },
            "address": {
                "address_id": "44",
                "open_id": "omTXr4hIyW2RgQ3nzN_O8jeGb3wM",
                "province": "贵州省",
                "city": "毕节市",
                "county": "七星关区",
                "detail": "6栋1单元502",
                "name": "刘老师",
                "telphone": "13985877756",
                "default_address": "1"
            },
            "goods_list": [
                {
                    "order_id": "1553818294YWMH7",
                    "goods_id": "10",
                    "count": "1",
                    "size": null,
                    "color": null,
                    "evaluation": null,
                    "name": "袋装老坛方便面",
                    "face_img": "https:\/\/gd3.alicdn.com\/imgextra\/i3\/0\/O1CN01QgerCr20n2aIVqnsQ_!!0-item_pic.jpg",
                    "price": "0.01"
                }
            ]
        }
    }
}

[2019-03-29 08:35:32][DEBUG] POST https://tunnel.ws.qcloud.la/ws/push => [200] {
    "[请求]": {
        "data": "[{\"tunnelIds\":[\"e0c506b0-3ef3-4e35-8051-2ecb1b7fdc95\",\"5efd6dfd-97e3-408d-aa61-a0ae78ec8e3f\"],\"type\":\"message\",\"content\":\"{\\\"type\\\":\\\"delivery\\\",\\\"content\\\":{\\\"order_info\\\":{\\\"order\\\":{\\\"order_id\\\":\\\"1553818294YWMH7\\\",\\\"open_id\\\":\\\"omTXr4hIyW2RgQ3nzN_O8jeGb3wM\\\",\\\"address_id\\\":\\\"44\\\",\\\"timeStamp\\\":\\\"1553818294\\\",\\\"order_date\\\":\\\"2019-03-29 08:11:34\\\",\\\"pay_status\\\":\\\"OFFLINE\\\",\\\"logistics_status\\\":\\\"\\\",\\\"seller_act\\\":\\\"DELIVERY\\\",\\\"customer_act\\\":\\\"\\\",\\\"total_fee\\\":\\\"0.01\\\",\\\"user_words\\\":\\\"\\\",\\\"nonceStr\\\":\\\"\\\",\\\"paySign\\\":\\\"\\\",\\\"package\\\":\\\"\\\",\\\"out_refund_no\\\":\\\"\\\",\\\"picker_id\\\":\\\"omTXr4hIyW2RgQ3nzN_O8jeGb3wM\\\",\\\"postman_id\\\":\\\"\\\",\\\"refund_reason\\\":\\\"\\\",\\\"refund_status\\\":\\\"\\\"},\\\"address\\\":{\\\"address_id\\\":\\\"44\\\",\\\"open_id\\\":\\\"omTXr4hIyW2RgQ3nzN_O8jeGb3wM\\\",\\\"province\\\":\\\"贵州省\\\",\\\"city\\\":\\\"毕节市\\\",\\\"county\\\":\\\"七星关区\\\",\\\"detail\\\":\\\"6栋1单元502\\\",\\\"name\\\":\\\"刘老师\\\",\\\"telphone\\\":\\\"13985877756\\\",\\\"default_address\\\":\\\"1\\\"},\\\"goods_list\\\":[{\\\"order_id\\\":\\\"1553818294YWMH7\\\",\\\"goods_id\\\":\\\"10\\\",\\\"count\\\":\\\"1\\\",\\\"size\\\":null,\\\"color\\\":null,\\\"evaluation\\\":null,\\\"name\\\":\\\"袋装老坛方便面\\\",\\\"face_img\\\":\\\"https:\/\/gd3.alicdn.com\/imgextra\/i3\/0\/O1CN01QgerCr20n2aIVqnsQ_!!0-item_pic.jpg\\\",\\\"price\\\":\\\"0.01\\\"}]}}}\"}]",
        "tcId": "c6bf5fdd57d8548da5d53245151cf0e7",
        "signature": "96b935189f257503a890e78be955eab6ce85accf"
    },
    "[响应]": {
        "code": 0,
        "message": "OK",
        "data": {
            "invalidTunnelIds": [
                "e0c506b0-3ef3-4e35-8051-2ecb1b7fdc95",
                "5efd6dfd-97e3-408d-aa61-a0ae78ec8e3f"
            ]
        }
    },
    "[耗时]": "266ms"
}

[2019-03-29 08:35:37][DEBUG] TunnelService [broadcast] => {
    "tunnelIds": [
        "e0c506b0-3ef3-4e35-8051-2ecb1b7fdc95",
        "5efd6dfd-97e3-408d-aa61-a0ae78ec8e3f"
    ],
    "messageType": "user_signed",
    "messageContent": {
        "order_id": "1553818294YWMH7"
    }
}

[2019-03-29 08:35:37][DEBUG] POST https://tunnel.ws.qcloud.la/ws/push => [200] {
    "[请求]": {
        "data": "[{\"tunnelIds\":[\"e0c506b0-3ef3-4e35-8051-2ecb1b7fdc95\",\"5efd6dfd-97e3-408d-aa61-a0ae78ec8e3f\"],\"type\":\"message\",\"content\":\"{\\\"type\\\":\\\"user_signed\\\",\\\"content\\\":{\\\"order_id\\\":\\\"1553818294YWMH7\\\"}}\"}]",
        "tcId": "c6bf5fdd57d8548da5d53245151cf0e7",
        "signature": "87dddb4cc89f052f49235bc07f4ff2b1904b301e"
    },
    "[响应]": {
        "code": 0,
        "message": "OK",
        "data": {
            "invalidTunnelIds": [
                "5efd6dfd-97e3-408d-aa61-a0ae78ec8e3f"
            ]
        }
    },
    "[耗时]": "201ms"
}

[2019-03-29 08:35:43][DEBUG] TunnelService [broadcast] => {
    "tunnelIds": [
        "e0c506b0-3ef3-4e35-8051-2ecb1b7fdc95",
        "5efd6dfd-97e3-408d-aa61-a0ae78ec8e3f"
    ],
    "messageType": "picked",
    "messageContent": {
        "order_id": "1553818272KI61p"
    }
}

[2019-03-29 08:35:43][DEBUG] POST https://tunnel.ws.qcloud.la/ws/push => [200] {
    "[请求]": {
        "data": "[{\"tunnelIds\":[\"e0c506b0-3ef3-4e35-8051-2ecb1b7fdc95\",\"5efd6dfd-97e3-408d-aa61-a0ae78ec8e3f\"],\"type\":\"message\",\"content\":\"{\\\"type\\\":\\\"picked\\\",\\\"content\\\":{\\\"order_id\\\":\\\"1553818272KI61p\\\"}}\"}]",
        "tcId": "c6bf5fdd57d8548da5d53245151cf0e7",
        "signature": "f0552baf59574580e9e70d1da524e54451957ece"
    },
    "[响应]": {
        "code": 0,
        "message": "OK",
        "data": {
            "invalidTunnelIds": [
                "5efd6dfd-97e3-408d-aa61-a0ae78ec8e3f"
            ]
        }
    },
    "[耗时]": "180ms"
}

[2019-03-29 08:35:44][DEBUG] TunnelService [broadcast] => {
    "tunnelIds": [
        "e0c506b0-3ef3-4e35-8051-2ecb1b7fdc95",
        "5efd6dfd-97e3-408d-aa61-a0ae78ec8e3f"
    ],
    "messageType": "picked",
    "messageContent": {
        "order_id": "1553818301ufDGS"
    }
}

[2019-03-29 08:35:45][DEBUG] POST https://tunnel.ws.qcloud.la/ws/push => [200] {
    "[请求]": {
        "data": "[{\"tunnelIds\":[\"e0c506b0-3ef3-4e35-8051-2ecb1b7fdc95\",\"5efd6dfd-97e3-408d-aa61-a0ae78ec8e3f\"],\"type\":\"message\",\"content\":\"{\\\"type\\\":\\\"picked\\\",\\\"content\\\":{\\\"order_id\\\":\\\"1553818301ufDGS\\\"}}\"}]",
        "tcId": "c6bf5fdd57d8548da5d53245151cf0e7",
        "signature": "7354f7e7a29ad64004ee8fde8818c9203fbdafb9"
    },
    "[响应]": {
        "code": 0,
        "message": "OK",
        "data": {
            "invalidTunnelIds": [
                "5efd6dfd-97e3-408d-aa61-a0ae78ec8e3f"
            ]
        }
    },
    "[耗时]": "1023ms"
}

[2019-03-29 08:35:59][DEBUG] TunnelService [broadcast] => {
    "tunnelIds": [
        "e0c506b0-3ef3-4e35-8051-2ecb1b7fdc95",
        "5efd6dfd-97e3-408d-aa61-a0ae78ec8e3f"
    ],
    "messageType": "delivery",
    "messageContent": {
        "order_info": {
            "order": {
                "order_id": "1553818265bJtjK",
                "open_id": "omTXr4hIyW2RgQ3nzN_O8jeGb3wM",
                "address_id": "44",
                "timeStamp": "1553818265",
                "order_date": "2019-03-29 08:11:05",
                "pay_status": "OFFLINE",
                "logistics_status": "",
                "seller_act": "DELIVERY",
                "customer_act": "",
                "total_fee": "1089",
                "user_words": "",
                "nonceStr": "",
                "paySign": "",
                "package": "",
                "out_refund_no": "",
                "picker_id": "omTXr4hIyW2RgQ3nzN_O8jeGb3wM",
                "postman_id": "",
                "refund_reason": "",
                "refund_status": ""
            },
            "address": {
                "address_id": "44",
                "open_id": "omTXr4hIyW2RgQ3nzN_O8jeGb3wM",
                "province": "贵州省",
                "city": "毕节市",
                "county": "七星关区",
                "detail": "6栋1单元502",
                "name": "刘老师",
                "telphone": "13985877756",
                "default_address": "1"
            },
            "goods_list": [
                {
                    "order_id": "1553818265bJtjK",
                    "goods_id": "16",
                    "count": "1",
                    "size": null,
                    "color": null,
                    "evaluation": null,
                    "name": "五粮液52度500mL普五浓香型高度白酒",
                    "face_img": "https:\/\/img.alicdn.com\/imgextra\/i2\/726984974\/TB2L_fpaR6xQeBjSszgXXXGPFXa-726984974.jpg",
                    "price": "1089"
                }
            ]
        }
    }
}

[2019-03-29 08:35:59][DEBUG] POST https://tunnel.ws.qcloud.la/ws/push => [200] {
    "[请求]": {
        "data": "[{\"tunnelIds\":[\"e0c506b0-3ef3-4e35-8051-2ecb1b7fdc95\",\"5efd6dfd-97e3-408d-aa61-a0ae78ec8e3f\"],\"type\":\"message\",\"content\":\"{\\\"type\\\":\\\"delivery\\\",\\\"content\\\":{\\\"order_info\\\":{\\\"order\\\":{\\\"order_id\\\":\\\"1553818265bJtjK\\\",\\\"open_id\\\":\\\"omTXr4hIyW2RgQ3nzN_O8jeGb3wM\\\",\\\"address_id\\\":\\\"44\\\",\\\"timeStamp\\\":\\\"1553818265\\\",\\\"order_date\\\":\\\"2019-03-29 08:11:05\\\",\\\"pay_status\\\":\\\"OFFLINE\\\",\\\"logistics_status\\\":\\\"\\\",\\\"seller_act\\\":\\\"DELIVERY\\\",\\\"customer_act\\\":\\\"\\\",\\\"total_fee\\\":\\\"1089\\\",\\\"user_words\\\":\\\"\\\",\\\"nonceStr\\\":\\\"\\\",\\\"paySign\\\":\\\"\\\",\\\"package\\\":\\\"\\\",\\\"out_refund_no\\\":\\\"\\\",\\\"picker_id\\\":\\\"omTXr4hIyW2RgQ3nzN_O8jeGb3wM\\\",\\\"postman_id\\\":\\\"\\\",\\\"refund_reason\\\":\\\"\\\",\\\"refund_status\\\":\\\"\\\"},\\\"address\\\":{\\\"address_id\\\":\\\"44\\\",\\\"open_id\\\":\\\"omTXr4hIyW2RgQ3nzN_O8jeGb3wM\\\",\\\"province\\\":\\\"贵州省\\\",\\\"city\\\":\\\"毕节市\\\",\\\"county\\\":\\\"七星关区\\\",\\\"detail\\\":\\\"6栋1单元502\\\",\\\"name\\\":\\\"刘老师\\\",\\\"telphone\\\":\\\"13985877756\\\",\\\"default_address\\\":\\\"1\\\"},\\\"goods_list\\\":[{\\\"order_id\\\":\\\"1553818265bJtjK\\\",\\\"goods_id\\\":\\\"16\\\",\\\"count\\\":\\\"1\\\",\\\"size\\\":null,\\\"color\\\":null,\\\"evaluation\\\":null,\\\"name\\\":\\\"五粮液52度500mL普五浓香型高度白酒\\\",\\\"face_img\\\":\\\"https:\/\/img.alicdn.com\/imgextra\/i2\/726984974\/TB2L_fpaR6xQeBjSszgXXXGPFXa-726984974.jpg\\\",\\\"price\\\":\\\"1089\\\"}]}}}\"}]",
        "tcId": "c6bf5fdd57d8548da5d53245151cf0e7",
        "signature": "cf756832c3645c38e1096fd5b32de536c08958c1"
    },
    "[响应]": {
        "code": 0,
        "message": "OK",
        "data": {
            "invalidTunnelIds": [
                "5efd6dfd-97e3-408d-aa61-a0ae78ec8e3f"
            ]
        }
    },
    "[耗时]": "237ms"
}

[2019-03-29 08:36:06][DEBUG] TunnelService [broadcast] => {
    "tunnelIds": [
        "e0c506b0-3ef3-4e35-8051-2ecb1b7fdc95",
        "5efd6dfd-97e3-408d-aa61-a0ae78ec8e3f"
    ],
    "messageType": "delivery",
    "messageContent": {
        "order_info": {
            "order": {
                "order_id": "1553818272KI61p",
                "open_id": "omTXr4hIyW2RgQ3nzN_O8jeGb3wM",
                "address_id": "44",
                "timeStamp": "1553818272",
                "order_date": "2019-03-29 08:11:12",
                "pay_status": "OFFLINE",
                "logistics_status": "",
                "seller_act": "DELIVERY",
                "customer_act": "",
                "total_fee": "1008",
                "user_words": "",
                "nonceStr": "",
                "paySign": "",
                "package": "",
                "out_refund_no": "",
                "picker_id": "omTXr4hIyW2RgQ3nzN_O8jeGb3wM",
                "postman_id": "",
                "refund_reason": "",
                "refund_status": ""
            },
            "address": {
                "address_id": "44",
                "open_id": "omTXr4hIyW2RgQ3nzN_O8jeGb3wM",
                "province": "贵州省",
                "city": "毕节市",
                "county": "七星关区",
                "detail": "6栋1单元502",
                "name": "刘老师",
                "telphone": "13985877756",
                "default_address": "1"
            },
            "goods_list": [
                {
                    "order_id": "1553818272KI61p",
                    "goods_id": "17",
                    "count": "1",
                    "size": null,
                    "color": null,
                    "evaluation": null,
                    "name": "剑南春金剑南K6浓香型白酒52度500ml*6瓶整箱装酒席宴请",
                    "face_img": "https:\/\/img.alicdn.com\/imgextra\/i2\/725677994\/TB2vWoHbChlpuFjSspkXXa1ApXa_!!725677994.jpg",
                    "price": "1008"
                }
            ]
        }
    }
}

[2019-03-29 08:36:07][DEBUG] POST https://tunnel.ws.qcloud.la/ws/push => [200] {
    "[请求]": {
        "data": "[{\"tunnelIds\":[\"e0c506b0-3ef3-4e35-8051-2ecb1b7fdc95\",\"5efd6dfd-97e3-408d-aa61-a0ae78ec8e3f\"],\"type\":\"message\",\"content\":\"{\\\"type\\\":\\\"delivery\\\",\\\"content\\\":{\\\"order_info\\\":{\\\"order\\\":{\\\"order_id\\\":\\\"1553818272KI61p\\\",\\\"open_id\\\":\\\"omTXr4hIyW2RgQ3nzN_O8jeGb3wM\\\",\\\"address_id\\\":\\\"44\\\",\\\"timeStamp\\\":\\\"1553818272\\\",\\\"order_date\\\":\\\"2019-03-29 08:11:12\\\",\\\"pay_status\\\":\\\"OFFLINE\\\",\\\"logistics_status\\\":\\\"\\\",\\\"seller_act\\\":\\\"DELIVERY\\\",\\\"customer_act\\\":\\\"\\\",\\\"total_fee\\\":\\\"1008\\\",\\\"user_words\\\":\\\"\\\",\\\"nonceStr\\\":\\\"\\\",\\\"paySign\\\":\\\"\\\",\\\"package\\\":\\\"\\\",\\\"out_refund_no\\\":\\\"\\\",\\\"picker_id\\\":\\\"omTXr4hIyW2RgQ3nzN_O8jeGb3wM\\\",\\\"postman_id\\\":\\\"\\\",\\\"refund_reason\\\":\\\"\\\",\\\"refund_status\\\":\\\"\\\"},\\\"address\\\":{\\\"address_id\\\":\\\"44\\\",\\\"open_id\\\":\\\"omTXr4hIyW2RgQ3nzN_O8jeGb3wM\\\",\\\"province\\\":\\\"贵州省\\\",\\\"city\\\":\\\"毕节市\\\",\\\"county\\\":\\\"七星关区\\\",\\\"detail\\\":\\\"6栋1单元502\\\",\\\"name\\\":\\\"刘老师\\\",\\\"telphone\\\":\\\"13985877756\\\",\\\"default_address\\\":\\\"1\\\"},\\\"goods_list\\\":[{\\\"order_id\\\":\\\"1553818272KI61p\\\",\\\"goods_id\\\":\\\"17\\\",\\\"count\\\":\\\"1\\\",\\\"size\\\":null,\\\"color\\\":null,\\\"evaluation\\\":null,\\\"name\\\":\\\"剑南春金剑南K6浓香型白酒52度500ml*6瓶整箱装酒席宴请\\\",\\\"face_img\\\":\\\"https:\/\/img.alicdn.com\/imgextra\/i2\/725677994\/TB2vWoHbChlpuFjSspkXXa1ApXa_!!725677994.jpg\\\",\\\"price\\\":\\\"1008\\\"}]}}}\"}]",
        "tcId": "c6bf5fdd57d8548da5d53245151cf0e7",
        "signature": "32af7b13af8ed5bb91039bb47968df64467da07b"
    },
    "[响应]": {
        "code": 0,
        "message": "OK",
        "data": {
            "invalidTunnelIds": [
                "5efd6dfd-97e3-408d-aa61-a0ae78ec8e3f"
            ]
        }
    },
    "[耗时]": "249ms"
}

[2019-03-29 08:41:52][DEBUG] TunnelService [broadcast] => {
    "tunnelIds": [
        "e0c506b0-3ef3-4e35-8051-2ecb1b7fdc95",
        "5efd6dfd-97e3-408d-aa61-a0ae78ec8e3f"
    ],
    "messageType": "order",
    "messageContent": {
        "who": "system",
        "order_info": {
            "order": {
                "order_id": "1553820112Fd6lu",
                "open_id": "omTXr4hIyW2RgQ3nzN_O8jeGb3wM",
                "address_id": "44",
                "timeStamp": "1553820112",
                "order_date": "2019-03-29 08:41:52",
                "pay_status": "OFFLINE",
                "logistics_status": "",
                "seller_act": "WAIT_PICK",
                "customer_act": "",
                "total_fee": "2097",
                "user_words": "",
                "nonceStr": "",
                "paySign": "",
                "package": "",
                "out_refund_no": "",
                "picker_id": "",
                "postman_id": "",
                "refund_reason": "",
                "refund_status": ""
            },
            "address": {
                "address_id": "44",
                "open_id": "omTXr4hIyW2RgQ3nzN_O8jeGb3wM",
                "province": "贵州省",
                "city": "毕节市",
                "county": "七星关区",
                "detail": "6栋1单元502",
                "name": "刘老师",
                "telphone": "13985877756",
                "default_address": "1"
            },
            "goods_list": [
                {
                    "order_id": "1553820112Fd6lu",
                    "goods_id": "16",
                    "count": "1",
                    "size": null,
                    "color": null,
                    "evaluation": null,
                    "name": "五粮液52度500mL普五浓香型高度白酒",
                    "face_img": "https:\/\/img.alicdn.com\/imgextra\/i2\/726984974\/TB2L_fpaR6xQeBjSszgXXXGPFXa-726984974.jpg",
                    "price": "1089"
                },
                {
                    "order_id": "1553820112Fd6lu",
                    "goods_id": "17",
                    "count": "1",
                    "size": null,
                    "color": null,
                    "evaluation": null,
                    "name": "剑南春金剑南K6浓香型白酒52度500ml*6瓶整箱装酒席宴请",
                    "face_img": "https:\/\/img.alicdn.com\/imgextra\/i2\/725677994\/TB2vWoHbChlpuFjSspkXXa1ApXa_!!725677994.jpg",
                    "price": "1008"
                }
            ]
        }
    }
}

[2019-03-29 08:41:52][DEBUG] POST https://tunnel.ws.qcloud.la/ws/push => [200] {
    "[请求]": {
        "data": "[{\"tunnelIds\":[\"e0c506b0-3ef3-4e35-8051-2ecb1b7fdc95\",\"5efd6dfd-97e3-408d-aa61-a0ae78ec8e3f\"],\"type\":\"message\",\"content\":\"{\\\"type\\\":\\\"order\\\",\\\"content\\\":{\\\"who\\\":\\\"system\\\",\\\"order_info\\\":{\\\"order\\\":{\\\"order_id\\\":\\\"1553820112Fd6lu\\\",\\\"open_id\\\":\\\"omTXr4hIyW2RgQ3nzN_O8jeGb3wM\\\",\\\"address_id\\\":\\\"44\\\",\\\"timeStamp\\\":\\\"1553820112\\\",\\\"order_date\\\":\\\"2019-03-29 08:41:52\\\",\\\"pay_status\\\":\\\"OFFLINE\\\",\\\"logistics_status\\\":\\\"\\\",\\\"seller_act\\\":\\\"WAIT_PICK\\\",\\\"customer_act\\\":\\\"\\\",\\\"total_fee\\\":\\\"2097\\\",\\\"user_words\\\":\\\"\\\",\\\"nonceStr\\\":\\\"\\\",\\\"paySign\\\":\\\"\\\",\\\"package\\\":\\\"\\\",\\\"out_refund_no\\\":\\\"\\\",\\\"picker_id\\\":\\\"\\\",\\\"postman_id\\\":\\\"\\\",\\\"refund_reason\\\":\\\"\\\",\\\"refund_status\\\":\\\"\\\"},\\\"address\\\":{\\\"address_id\\\":\\\"44\\\",\\\"open_id\\\":\\\"omTXr4hIyW2RgQ3nzN_O8jeGb3wM\\\",\\\"province\\\":\\\"贵州省\\\",\\\"city\\\":\\\"毕节市\\\",\\\"county\\\":\\\"七星关区\\\",\\\"detail\\\":\\\"6栋1单元502\\\",\\\"name\\\":\\\"刘老师\\\",\\\"telphone\\\":\\\"13985877756\\\",\\\"default_address\\\":\\\"1\\\"},\\\"goods_list\\\":[{\\\"order_id\\\":\\\"1553820112Fd6lu\\\",\\\"goods_id\\\":\\\"16\\\",\\\"count\\\":\\\"1\\\",\\\"size\\\":null,\\\"color\\\":null,\\\"evaluation\\\":null,\\\"name\\\":\\\"五粮液52度500mL普五浓香型高度白酒\\\",\\\"face_img\\\":\\\"https:\/\/img.alicdn.com\/imgextra\/i2\/726984974\/TB2L_fpaR6xQeBjSszgXXXGPFXa-726984974.jpg\\\",\\\"price\\\":\\\"1089\\\"},{\\\"order_id\\\":\\\"1553820112Fd6lu\\\",\\\"goods_id\\\":\\\"17\\\",\\\"count\\\":\\\"1\\\",\\\"size\\\":null,\\\"color\\\":null,\\\"evaluation\\\":null,\\\"name\\\":\\\"剑南春金剑南K6浓香型白酒52度500ml*6瓶整箱装酒席宴请\\\",\\\"face_img\\\":\\\"https:\/\/img.alicdn.com\/imgextra\/i2\/725677994\/TB2vWoHbChlpuFjSspkXXa1ApXa_!!725677994.jpg\\\",\\\"price\\\":\\\"1008\\\"}]}}}\"}]",
        "tcId": "c6bf5fdd57d8548da5d53245151cf0e7",
        "signature": "ba090d382b6bcf272b37fab007094b13240bd277"
    },
    "[响应]": {
        "code": 0,
        "message": "OK",
        "data": {
            "invalidTunnelIds": [
                "5efd6dfd-97e3-408d-aa61-a0ae78ec8e3f",
                "e0c506b0-3ef3-4e35-8051-2ecb1b7fdc95"
            ]
        }
    },
    "[耗时]": "312ms"
}

[2019-03-29 10:18:09][DEBUG] POST https://tunnel.ws.qcloud.la/get/wsurl => [200] {
    "[请求]": {
        "data": "{\"receiveUrl\":\"http:\/\/58.87.119.233\/bjks\/index.php\",\"protocolType\":\"wss\"}",
        "tcId": "c6bf5fdd57d8548da5d53245151cf0e7",
        "tcKey": "sdfsdfsdfsdfjk",
        "signature": "695405bf0a692ebd533649be4114f591aa6e94c8"
    },
    "[响应]": {
        "code": 0,
        "message": "OK",
        "data": "{\"tunnelId\":\"20f20926-655a-405e-b6f4-b5260005b8af\",\"connectUrl\":\"wss:\/\/tunnel.ws.qcloud.la\/qcloud\/ws?tunnelId=20f20926-655a-405e-b6f4-b5260005b8af&tcId=c6bf5fdd57d8548da5d53245151cf0e7\"}",
        "dataEncode": "json",
        "signature": "33be5a31c8d532b9494d2390f4d79dc90acbc775"
    },
    "[耗时]": "314ms"
}

[2019-03-29 10:18:09][DEBUG] ITunnelHandler [onRequest] => {
    "tunnelId": "20f20926-655a-405e-b6f4-b5260005b8af"
}

[2019-03-29 13:12:07][DEBUG] POST https://tunnel.ws.qcloud.la/get/wsurl => [200] {
    "[请求]": {
        "data": "{\"receiveUrl\":\"http:\/\/58.87.119.233\/bjks\/index.php\",\"protocolType\":\"wss\"}",
        "tcId": "c6bf5fdd57d8548da5d53245151cf0e7",
        "tcKey": "sdfsdfsdfsdfjk",
        "signature": "695405bf0a692ebd533649be4114f591aa6e94c8"
    },
    "[响应]": {
        "code": 0,
        "message": "OK",
        "data": "{\"tunnelId\":\"6a5474ce-5083-42c8-a4df-342dd90f9ed9\",\"connectUrl\":\"wss:\/\/tunnel.ws.qcloud.la\/qcloud\/ws?tunnelId=6a5474ce-5083-42c8-a4df-342dd90f9ed9&tcId=c6bf5fdd57d8548da5d53245151cf0e7\"}",
        "dataEncode": "json",
        "signature": "c5fb88bd91a732dc71aade4821a0254aaa2ed56a"
    },
    "[耗时]": "303ms"
}

[2019-03-29 13:12:07][DEBUG] ITunnelHandler [onRequest] => {
    "tunnelId": "6a5474ce-5083-42c8-a4df-342dd90f9ed9"
}

[2019-03-29 13:13:05][DEBUG] TunnelService [broadcast] => {
    "tunnelIds": [
        "6a5474ce-5083-42c8-a4df-342dd90f9ed9",
        "5efd6dfd-97e3-408d-aa61-a0ae78ec8e3f"
    ],
    "messageType": "delivery",
    "messageContent": {
        "order_info": {
            "order": {
                "order_id": "1553818280mpGHf",
                "open_id": "omTXr4hIyW2RgQ3nzN_O8jeGb3wM",
                "address_id": "44",
                "timeStamp": "1553818280",
                "order_date": "2019-03-29 08:11:20",
                "pay_status": "OFFLINE",
                "logistics_status": "",
                "seller_act": "DELIVERY",
                "customer_act": "",
                "total_fee": "4",
                "user_words": "",
                "nonceStr": "",
                "paySign": "",
                "package": "",
                "out_refund_no": "",
                "picker_id": "omTXr4hIyW2RgQ3nzN_O8jeGb3wM",
                "postman_id": "",
                "refund_reason": "",
                "refund_status": ""
            },
            "address": {
                "address_id": "44",
                "open_id": "omTXr4hIyW2RgQ3nzN_O8jeGb3wM",
                "province": "贵州省",
                "city": "毕节市",
                "county": "七星关区",
                "detail": "6栋1单元502",
                "name": "刘老师",
                "telphone": "13985877756",
                "default_address": "1"
            },
            "goods_list": [
                {
                    "order_id": "1553818280mpGHf",
                    "goods_id": "9",
                    "count": "1",
                    "size": null,
                    "color": null,
                    "evaluation": null,
                    "name": "老坛桶装方便面",
                    "face_img": "https:\/\/gd1.alicdn.com\/imgextra\/i1\/2557876680\/TB2KQJ5xHuWBuNjSszgXXb8jVXa_!!2557876680.jpg",
                    "price": "4"
                }
            ]
        }
    }
}

[2019-03-29 13:13:05][DEBUG] POST https://tunnel.ws.qcloud.la/ws/push => [200] {
    "[请求]": {
        "data": "[{\"tunnelIds\":[\"6a5474ce-5083-42c8-a4df-342dd90f9ed9\",\"5efd6dfd-97e3-408d-aa61-a0ae78ec8e3f\"],\"type\":\"message\",\"content\":\"{\\\"type\\\":\\\"delivery\\\",\\\"content\\\":{\\\"order_info\\\":{\\\"order\\\":{\\\"order_id\\\":\\\"1553818280mpGHf\\\",\\\"open_id\\\":\\\"omTXr4hIyW2RgQ3nzN_O8jeGb3wM\\\",\\\"address_id\\\":\\\"44\\\",\\\"timeStamp\\\":\\\"1553818280\\\",\\\"order_date\\\":\\\"2019-03-29 08:11:20\\\",\\\"pay_status\\\":\\\"OFFLINE\\\",\\\"logistics_status\\\":\\\"\\\",\\\"seller_act\\\":\\\"DELIVERY\\\",\\\"customer_act\\\":\\\"\\\",\\\"total_fee\\\":\\\"4\\\",\\\"user_words\\\":\\\"\\\",\\\"nonceStr\\\":\\\"\\\",\\\"paySign\\\":\\\"\\\",\\\"package\\\":\\\"\\\",\\\"out_refund_no\\\":\\\"\\\",\\\"picker_id\\\":\\\"omTXr4hIyW2RgQ3nzN_O8jeGb3wM\\\",\\\"postman_id\\\":\\\"\\\",\\\"refund_reason\\\":\\\"\\\",\\\"refund_status\\\":\\\"\\\"},\\\"address\\\":{\\\"address_id\\\":\\\"44\\\",\\\"open_id\\\":\\\"omTXr4hIyW2RgQ3nzN_O8jeGb3wM\\\",\\\"province\\\":\\\"贵州省\\\",\\\"city\\\":\\\"毕节市\\\",\\\"county\\\":\\\"七星关区\\\",\\\"detail\\\":\\\"6栋1单元502\\\",\\\"name\\\":\\\"刘老师\\\",\\\"telphone\\\":\\\"13985877756\\\",\\\"default_address\\\":\\\"1\\\"},\\\"goods_list\\\":[{\\\"order_id\\\":\\\"1553818280mpGHf\\\",\\\"goods_id\\\":\\\"9\\\",\\\"count\\\":\\\"1\\\",\\\"size\\\":null,\\\"color\\\":null,\\\"evaluation\\\":null,\\\"name\\\":\\\"老坛桶装方便面\\\",\\\"face_img\\\":\\\"https:\/\/gd1.alicdn.com\/imgextra\/i1\/2557876680\/TB2KQJ5xHuWBuNjSszgXXb8jVXa_!!2557876680.jpg\\\",\\\"price\\\":\\\"4\\\"}]}}}\"}]",
        "tcId": "c6bf5fdd57d8548da5d53245151cf0e7",
        "signature": "2a751021400678114338bee0b6a5efe00060c024"
    },
    "[响应]": {
        "code": 0,
        "message": "OK",
        "data": {
            "invalidTunnelIds": [
                "5efd6dfd-97e3-408d-aa61-a0ae78ec8e3f"
            ]
        }
    },
    "[耗时]": "252ms"
}

[2019-03-29 13:42:59][DEBUG] POST https://tunnel.ws.qcloud.la/get/wsurl => [200] {
    "[请求]": {
        "data": "{\"receiveUrl\":\"http:\/\/58.87.119.233\/bjks\/index.php\",\"protocolType\":\"wss\"}",
        "tcId": "c6bf5fdd57d8548da5d53245151cf0e7",
        "tcKey": "sdfsdfsdfsdfjk",
        "signature": "695405bf0a692ebd533649be4114f591aa6e94c8"
    },
    "[响应]": {
        "code": 0,
        "message": "OK",
        "data": "{\"tunnelId\":\"24c001d0-3d76-4f3a-9c71-63479936922c\",\"connectUrl\":\"wss:\/\/tunnel.ws.qcloud.la\/qcloud\/ws?tunnelId=24c001d0-3d76-4f3a-9c71-63479936922c&tcId=c6bf5fdd57d8548da5d53245151cf0e7\"}",
        "dataEncode": "json",
        "signature": "6fce1d0e804884fdfe2c3cb9789d07ad7e2f370d"
    },
    "[耗时]": "294ms"
}

[2019-03-29 13:42:59][DEBUG] ITunnelHandler [onRequest] => {
    "tunnelId": "24c001d0-3d76-4f3a-9c71-63479936922c"
}

