[2019-03-09 12:03:40][DEBUG] POST https://tunnel.ws.qcloud.la/get/wsurl => [200] {
    "[请求]": {
        "data": "{\"receiveUrl\":\"http:\/\/58.87.119.233\/bjks\/index.php\",\"protocolType\":\"wss\"}",
        "tcId": "c6bf5fdd57d8548da5d53245151cf0e7",
        "tcKey": "sdfsdfsdfsdfjk",
        "signature": "695405bf0a692ebd533649be4114f591aa6e94c8"
    },
    "[响应]": {
        "code": 0,
        "message": "OK",
        "data": "{\"tunnelId\":\"02bfdc7e-7300-4377-99c5-84a9c651c4cc\",\"connectUrl\":\"wss:\/\/tunnel.ws.qcloud.la\/qcloud\/ws?tunnelId=02bfdc7e-7300-4377-99c5-84a9c651c4cc&tcId=c6bf5fdd57d8548da5d53245151cf0e7\"}",
        "dataEncode": "json",
        "signature": "f92b49871f164e905bbec3b096500d8e513056c2"
    },
    "[耗时]": "422ms"
}

[2019-03-09 12:03:40][DEBUG] ITunnelHandler [onRequest] => {
    "tunnelId": "02bfdc7e-7300-4377-99c5-84a9c651c4cc"
}

[2019-03-09 12:45:17][DEBUG] POST https://tunnel.ws.qcloud.la/get/wsurl => [200] {
    "[请求]": {
        "data": "{\"receiveUrl\":\"http:\/\/58.87.119.233\/bjks\/index.php\",\"protocolType\":\"wss\"}",
        "tcId": "c6bf5fdd57d8548da5d53245151cf0e7",
        "tcKey": "sdfsdfsdfsdfjk",
        "signature": "695405bf0a692ebd533649be4114f591aa6e94c8"
    },
    "[响应]": {
        "code": 0,
        "message": "OK",
        "data": "{\"tunnelId\":\"a7bab4eb-a659-4cc0-a07e-fdc806977f1c\",\"connectUrl\":\"wss:\/\/tunnel.ws.qcloud.la\/qcloud\/ws?tunnelId=a7bab4eb-a659-4cc0-a07e-fdc806977f1c&tcId=c6bf5fdd57d8548da5d53245151cf0e7\"}",
        "dataEncode": "json",
        "signature": "eb137f6fb425d9608bff7d4ab41224d9e2135231"
    },
    "[耗时]": "497ms"
}

[2019-03-09 12:45:17][DEBUG] ITunnelHandler [onRequest] => {
    "tunnelId": "a7bab4eb-a659-4cc0-a07e-fdc806977f1c"
}

[2019-03-09 18:43:59][DEBUG] POST https://tunnel.ws.qcloud.la/get/wsurl => [200] {
    "[请求]": {
        "data": "{\"receiveUrl\":\"http:\/\/58.87.119.233\/bjks\/index.php\",\"protocolType\":\"wss\"}",
        "tcId": "c6bf5fdd57d8548da5d53245151cf0e7",
        "tcKey": "sdfsdfsdfsdfjk",
        "signature": "695405bf0a692ebd533649be4114f591aa6e94c8"
    },
    "[响应]": {
        "code": 0,
        "message": "OK",
        "data": "{\"tunnelId\":\"5efd6dfd-97e3-408d-aa61-a0ae78ec8e3f\",\"connectUrl\":\"wss:\/\/tunnel.ws.qcloud.la\/qcloud\/ws?tunnelId=5efd6dfd-97e3-408d-aa61-a0ae78ec8e3f&tcId=c6bf5fdd57d8548da5d53245151cf0e7\"}",
        "dataEncode": "json",
        "signature": "720ac9fc7c9619a9f9bf404cb412f5474fe3ea2a"
    },
    "[耗时]": "294ms"
}

[2019-03-09 18:43:59][DEBUG] ITunnelHandler [onRequest] => {
    "tunnelId": "5efd6dfd-97e3-408d-aa61-a0ae78ec8e3f"
}

